0.001,14108
0.005,14107
0.006,14106
0.006,14105
0.006,14104
0.006,14103
0.006,14102
0.006,14101
0.006,14100
0.006,14099
0.006,14098
0.007,14097
0.007,14096
0.007,14095
0.007,14094
0.007,14093
0.007,14092
0.007,14091
0.007,14090
0.007,14089
0.007,14088
0.008,14087
0.008,14086
0.008,14085
0.008,14084
0.008,14083
0.008,14082
0.008,14081
0.008,14080
0.008,14079
0.008,14078
0.008,14077
0.009,14076
0.009,14075
0.009,14074
0.009,14073
0.009,14072
0.009,14071
0.009,14070
0.009,14069
0.009,14068
0.009,14067
0.010,14066
0.010,14065
0.010,14064
0.010,14063
0.010,14062
0.010,14061
0.010,14060
0.010,14059
0.010,14058
0.010,14057
0.010,14056
0.010,14055
0.011,14054
0.011,14053
0.011,14052
0.011,14051
0.011,14050
0.011,14049
0.011,14048
0.011,14047
0.011,14046
0.011,14045
0.011,14044
0.011,14043
0.012,14042
0.012,14041
0.012,14040
0.012,14039
0.012,14038
0.012,14037
0.012,14036
0.012,14035
0.012,14034
0.012,14033
0.012,14032
0.012,14031
0.012,14030
0.013,14029
0.013,14028
0.013,14027
0.013,14026
0.013,14025
0.013,14024
0.013,14023
0.013,14022
0.013,14021
0.013,14020
0.013,14019
0.013,14018
0.014,14017
0.014,14016
0.014,14015
0.014,14014
0.014,14013
0.014,14012
0.014,14011
0.014,14010
0.014,14009
0.014,14008
0.014,14007
0.014,14006
0.015,14005
0.015,14004
0.015,14003
0.015,14002
0.015,14001
0.015,14000
0.015,13999
0.015,13998
0.015,13997
0.015,13996
0.015,13995
0.015,13994
0.015,13993
0.015,13992
0.016,13991
0.016,13990
0.016,13989
0.016,13988
0.016,13987
0.016,13986
0.016,13985
0.016,13984
0.016,13983
0.016,13982
0.016,13981
0.016,13980
0.017,13979
0.017,13978
0.017,13977
0.017,13976
0.017,13975
0.017,13974
0.017,13973
0.017,13972
0.017,13971
0.017,13970
0.017,13969
0.017,13968
0.017,13967
0.017,13966
0.017,13965
0.018,13964
0.018,13963
0.018,13962
0.018,13961
0.018,13960
0.018,13959
0.018,13958
0.018,13957
0.018,13956
0.018,13955
0.018,13954
0.018,13953
0.018,13952
0.018,13951
0.018,13950
0.019,13949
0.019,13948
0.019,13947
0.019,13946
0.019,13945
0.019,13944
0.019,13943
0.019,13942
0.019,13941
0.019,13940
0.019,13939
0.019,13938
0.019,13937
0.019,13936
0.019,13935
0.019,13934
0.020,13933
0.020,13932
0.020,13931
0.020,13930
0.020,13929
0.020,13928
0.020,13927
0.020,13926
0.020,13925
0.020,13924
0.020,13923
0.020,13922
0.020,13921
0.020,13920
0.020,13919
0.020,13918
0.021,13917
0.021,13916
0.021,13915
0.021,13914
0.021,13913
0.021,13912
0.021,13911
0.021,13910
0.021,13909
0.021,13908
0.021,13907
0.021,13906
0.021,13905
0.021,13904
0.021,13903
0.022,13902
0.022,13901
0.022,13900
0.022,13899
0.022,13898
0.022,13897
0.022,13896
0.022,13895
0.022,13894
0.022,13893
0.022,13892
0.022,13891
0.022,13890
0.022,13889
0.022,13888
0.022,13887
0.022,13886
0.022,13885
0.023,13884
0.023,13883
0.023,13882
0.023,13881
0.023,13880
0.023,13879
0.023,13878
0.023,13877
0.023,13876
0.023,13875
0.023,13874
0.023,13873
0.023,13872
0.023,13871
0.023,13870
0.024,13869
0.024,13868
0.024,13867
0.024,13866
0.024,13865
0.024,13864
0.024,13863
0.024,13862
0.024,13861
0.024,13860
0.024,13859
0.024,13858
0.024,13857
0.024,13856
0.024,13855
0.024,13854
0.024,13853
0.024,13852
0.025,13851
0.025,13850
0.025,13849
0.025,13848
0.025,13847
0.025,13846
0.025,13845
0.025,13844
0.025,13843
0.025,13842
0.025,13841
0.025,13840
0.025,13839
0.025,13838
0.025,13837
0.025,13836
0.025,13835
0.025,13834
0.025,13833
0.025,13832
0.025,13831
0.025,13830
0.026,13829
0.026,13828
0.026,13827
0.026,13826
0.026,13825
0.026,13824
0.026,13823
0.026,13822
0.026,13821
0.026,13820
0.026,13819
0.026,13818
0.026,13817
0.026,13816
0.026,13815
0.026,13814
0.026,13813
0.026,13812
0.026,13811
0.026,13810
0.026,13809
0.026,13808
0.027,13807
0.027,13806
0.027,13805
0.027,13804
0.027,13803
0.027,13802
0.027,13801
0.027,13800
0.027,13799
0.027,13798
0.027,13797
0.027,13796
0.027,13795
0.027,13794
0.027,13793
0.027,13792
0.027,13791
0.027,13790
0.027,13789
0.027,13788
0.027,13787
0.028,13786
0.028,13785
0.028,13784
0.028,13783
0.028,13782
0.028,13781
0.028,13780
0.028,13779
0.028,13778
0.028,13777
0.028,13776
0.028,13775
0.028,13774
0.028,13773
0.028,13772
0.028,13771
0.028,13770
0.028,13769
0.028,13768
0.028,13767
0.029,13766
0.029,13765
0.029,13764
0.029,13763
0.029,13762
0.029,13761
0.029,13760
0.029,13759
0.029,13758
0.029,13757
0.029,13756
0.029,13755
0.029,13754
0.029,13753
0.029,13752
0.029,13751
0.029,13750
0.029,13749
0.029,13748
0.029,13747
0.029,13746
0.030,13745
0.030,13744
0.030,13743
0.030,13742
0.030,13741
0.030,13740
0.030,13739
0.030,13738
0.030,13737
0.030,13736
0.030,13735
0.030,13734
0.030,13733
0.030,13732
0.030,13731
0.030,13730
0.030,13729
0.030,13728
0.030,13727
0.031,13726
0.031,13725
0.031,13724
0.031,13723
0.031,13722
0.031,13721
0.031,13720
0.031,13719
0.031,13718
0.031,13717
0.031,13716
0.031,13715
0.031,13714
0.031,13713
0.031,13712
0.031,13711
0.031,13710
0.031,13709
0.031,13708
0.031,13707
0.031,13706
0.032,13705
0.032,13704
0.032,13703
0.032,13702
0.032,13701
0.032,13700
0.032,13699
0.032,13698
0.032,13697
0.032,13696
0.032,13695
0.032,13694
0.032,13693
0.032,13692
0.032,13691
0.032,13690
0.032,13689
0.032,13688
0.032,13687
0.032,13686
0.032,13685
0.032,13684
0.032,13683
0.032,13682
0.033,13681
0.033,13680
0.033,13679
0.033,13678
0.033,13677
0.033,13676
0.033,13675
0.033,13674
0.033,13673
0.033,13672
0.033,13671
0.033,13670
0.033,13669
0.033,13668
0.033,13667
0.033,13666
0.033,13665
0.033,13664
0.033,13663
0.033,13662
0.033,13661
0.033,13660
0.033,13659
0.033,13658
0.033,13657
0.034,13656
0.034,13655
0.034,13654
0.034,13653
0.034,13652
0.034,13651
0.034,13650
0.034,13649
0.034,13648
0.034,13647
0.034,13646
0.034,13645
0.034,13644
0.034,13643
0.034,13642
0.034,13641
0.034,13640
0.034,13639
0.034,13638
0.034,13637
0.034,13636
0.034,13635
0.034,13634
0.034,13633
0.034,13632
0.035,13631
0.035,13630
0.035,13629
0.035,13628
0.035,13627
0.035,13626
0.035,13625
0.035,13624
0.035,13623
0.035,13622
0.035,13621
0.035,13620
0.035,13619
0.035,13618
0.035,13617
0.035,13616
0.035,13615
0.035,13614
0.035,13613
0.035,13612
0.035,13611
0.035,13610
0.035,13609
0.035,13608
0.035,13607
0.036,13606
0.036,13605
0.036,13604
0.036,13603
0.036,13602
0.036,13601
0.036,13600
0.036,13599
0.036,13598
0.036,13597
0.036,13596
0.036,13595
0.036,13594
0.036,13593
0.036,13592
0.036,13591
0.036,13590
0.036,13589
0.036,13588
0.036,13587
0.036,13586
0.036,13585
0.036,13584
0.036,13583
0.036,13582
0.036,13581
0.036,13580
0.036,13579
0.036,13578
0.037,13577
0.037,13576
0.037,13575
0.037,13574
0.037,13573
0.037,13572
0.037,13571
0.037,13570
0.037,13569
0.037,13568
0.037,13567
0.037,13566
0.037,13565
0.037,13564
0.037,13563
0.037,13562
0.037,13561
0.037,13560
0.037,13559
0.037,13558
0.037,13557
0.037,13556
0.038,13555
0.038,13554
0.038,13553
0.038,13552
0.038,13551
0.038,13550
0.038,13549
0.038,13548
0.038,13547
0.038,13546
0.038,13545
0.038,13544
0.038,13543
0.038,13542
0.038,13541
0.038,13540
0.038,13539
0.038,13538
0.038,13537
0.038,13536
0.038,13535
0.038,13534
0.038,13533
0.038,13532
0.038,13531
0.038,13530
0.038,13529
0.038,13528
0.038,13527
0.038,13526
0.038,13525
0.038,13524
0.038,13523
0.038,13522
0.038,13521
0.038,13520
0.038,13519
0.039,13518
0.039,13517
0.039,13516
0.039,13515
0.039,13514
0.039,13513
0.039,13512
0.039,13511
0.039,13510
0.039,13509
0.039,13508
0.039,13507
0.039,13506
0.039,13505
0.039,13504
0.039,13503
0.039,13502
0.039,13501
0.039,13500
0.039,13499
0.039,13498
0.039,13497
0.039,13496
0.039,13495
0.039,13494
0.039,13493
0.039,13492
0.039,13491
0.039,13490
0.039,13489
0.039,13488
0.039,13487
0.039,13486
0.039,13485
0.039,13484
0.039,13483
0.039,13482
0.040,13481
0.040,13480
0.040,13479
0.040,13478
0.040,13477
0.040,13476
0.040,13475
0.040,13474
0.040,13473
0.040,13472
0.040,13471
0.040,13470
0.040,13469
0.040,13468
0.040,13467
0.040,13466
0.040,13465
0.040,13464
0.040,13463
0.040,13462
0.040,13461
0.040,13460
0.040,13459
0.040,13458
0.040,13457
0.040,13456
0.040,13455
0.040,13454
0.040,13453
0.040,13452
0.040,13451
0.040,13450
0.040,13449
0.040,13448
0.040,13447
0.040,13446
0.040,13445
0.040,13444
0.040,13443
0.040,13442
0.040,13441
0.040,13440
0.041,13439
0.041,13438
0.041,13437
0.041,13436
0.041,13435
0.041,13434
0.041,13433
0.041,13432
0.041,13431
0.041,13430
0.041,13429
0.041,13428
0.041,13427
0.041,13426
0.041,13425
0.041,13424
0.041,13423
0.041,13422
0.041,13421
0.041,13420
0.041,13419
0.041,13418
0.041,13417
0.041,13416
0.041,13415
0.041,13414
0.042,13413
0.042,13412
0.042,13411
0.042,13410
0.042,13409
0.042,13408
0.042,13407
0.042,13406
0.042,13405
0.042,13404
0.042,13403
0.042,13402
0.042,13401
0.042,13400
0.042,13399
0.042,13398
0.042,13397
0.042,13396
0.042,13395
0.042,13394
0.042,13393
0.042,13392
0.042,13391
0.042,13390
0.042,13389
0.042,13388
0.042,13387
0.042,13386
0.042,13385
0.042,13384
0.042,13383
0.042,13382
0.042,13381
0.042,13380
0.042,13379
0.042,13378
0.042,13377
0.042,13376
0.042,13375
0.042,13374
0.042,13373
0.042,13372
0.042,13371
0.043,13370
0.043,13369
0.043,13368
0.043,13367
0.043,13366
0.043,13365
0.043,13364
0.043,13363
0.043,13362
0.043,13361
0.043,13360
0.043,13359
0.043,13358
0.043,13357
0.043,13356
0.043,13355
0.043,13354
0.043,13353
0.043,13352
0.043,13351
0.043,13350
0.043,13349
0.043,13348
0.043,13347
0.043,13346
0.043,13345
0.043,13344
0.043,13343
0.043,13342
0.043,13341
0.043,13340
0.043,13339
0.043,13338
0.043,13337
0.043,13336
0.043,13335
0.043,13334
0.043,13333
0.043,13332
0.043,13331
0.043,13330
0.044,13329
0.044,13328
0.044,13327
0.044,13326
0.044,13325
0.044,13324
0.044,13323
0.044,13322
0.044,13321
0.044,13320
0.044,13319
0.044,13318
0.044,13317
0.044,13316
0.044,13315
0.044,13314
0.044,13313
0.044,13312
0.044,13311
0.044,13310
0.044,13309
0.044,13308
0.044,13307
0.044,13306
0.044,13305
0.044,13304
0.044,13303
0.044,13302
0.044,13301
0.044,13300
0.044,13299
0.044,13298
0.044,13297
0.044,13296
0.044,13295
0.044,13294
0.044,13293
0.044,13292
0.044,13291
0.044,13290
0.044,13289
0.044,13288
0.044,13287
0.045,13286
0.045,13285
0.045,13284
0.045,13283
0.045,13282
0.045,13281
0.045,13280
0.045,13279
0.045,13278
0.045,13277
0.045,13276
0.045,13275
0.045,13274
0.045,13273
0.045,13272
0.045,13271
0.045,13270
0.045,13269
0.045,13268
0.045,13267
0.045,13266
0.045,13265
0.045,13264
0.045,13263
0.045,13262
0.045,13261
0.045,13260
0.045,13259
0.045,13258
0.045,13257
0.045,13256
0.045,13255
0.045,13254
0.045,13253
0.045,13252
0.045,13251
0.045,13250
0.045,13249
0.045,13248
0.045,13247
0.045,13246
0.045,13245
0.045,13244
0.045,13243
0.045,13242
0.045,13241
0.046,13240
0.046,13239
0.046,13238
0.046,13237
0.046,13236
0.046,13235
0.046,13234
0.046,13233
0.046,13232
0.046,13231
0.046,13230
0.046,13229
0.046,13228
0.046,13227
0.046,13226
0.046,13225
0.046,13224
0.046,13223
0.046,13222
0.046,13221
0.046,13220
0.046,13219
0.046,13218
0.046,13217
0.046,13216
0.046,13215
0.046,13214
0.046,13213
0.046,13212
0.046,13211
0.046,13210
0.046,13209
0.046,13208
0.046,13207
0.046,13206
0.046,13205
0.046,13204
0.046,13203
0.046,13202
0.046,13201
0.046,13200
0.046,13199
0.046,13198
0.046,13197
0.046,13196
0.046,13195
0.046,13194
0.046,13193
0.046,13192
0.046,13191
0.046,13190
0.046,13189
0.046,13188
0.046,13187
0.047,13186
0.047,13185
0.047,13184
0.047,13183
0.047,13182
0.047,13181
0.047,13180
0.047,13179
0.047,13178
0.047,13177
0.047,13176
0.047,13175
0.047,13174
0.047,13173
0.047,13172
0.047,13171
0.047,13170
0.047,13169
0.047,13168
0.047,13167
0.047,13166
0.047,13165
0.047,13164
0.047,13163
0.047,13162
0.047,13161
0.047,13160
0.047,13159
0.047,13158
0.047,13157
0.047,13156
0.047,13155
0.047,13154
0.047,13153
0.047,13152
0.047,13151
0.047,13150
0.047,13149
0.047,13148
0.047,13147
0.047,13146
0.047,13145
0.047,13144
0.047,13143
0.047,13142
0.047,13141
0.047,13140
0.047,13139
0.047,13138
0.047,13137
0.047,13136
0.047,13135
0.047,13134
0.048,13133
0.048,13132
0.048,13131
0.048,13130
0.048,13129
0.048,13128
0.048,13127
0.048,13126
0.048,13125
0.048,13124
0.048,13123
0.048,13122
0.048,13121
0.048,13120
0.048,13119
0.048,13118
0.048,13117
0.048,13116
0.048,13115
0.048,13114
0.048,13113
0.048,13112
0.048,13111
0.048,13110
0.048,13109
0.048,13108
0.048,13107
0.048,13106
0.048,13105
0.048,13104
0.048,13103
0.048,13102
0.048,13101
0.048,13100
0.048,13099
0.048,13098
0.048,13097
0.048,13096
0.048,13095
0.048,13094
0.048,13093
0.048,13092
0.048,13091
0.048,13090
0.048,13089
0.048,13088
0.048,13087
0.048,13086
0.048,13085
0.048,13084
0.048,13083
0.049,13082
0.049,13081
0.049,13080
0.049,13079
0.049,13078
0.049,13077
0.049,13076
0.049,13075
0.049,13074
0.049,13073
0.049,13072
0.049,13071
0.049,13070
0.049,13069
0.049,13068
0.049,13067
0.049,13066
0.049,13065
0.049,13064
0.049,13063
0.049,13062
0.049,13061
0.049,13060
0.049,13059
0.049,13058
0.049,13057
0.049,13056
0.049,13055
0.049,13054
0.049,13053
0.049,13052
0.049,13051
0.049,13050
0.049,13049
0.049,13048
0.049,13047
0.049,13046
0.049,13045
0.049,13044
0.049,13043
0.049,13042
0.049,13041
0.049,13040
0.049,13039
0.049,13038
0.049,13037
0.049,13036
0.049,13035
0.049,13034
0.049,13033
0.049,13032
0.049,13031
0.049,13030
0.049,13029
0.049,13028
0.049,13027
0.049,13026
0.049,13025
0.049,13024
0.050,13023
0.050,13022
0.050,13021
0.050,13020
0.050,13019
0.050,13018
0.050,13017
0.050,13016
0.050,13015
0.050,13014
0.050,13013
0.050,13012
0.050,13011
0.050,13010
0.050,13009
0.050,13008
0.050,13007
0.050,13006
0.050,13005
0.050,13004
0.050,13003
0.050,13002
0.050,13001
0.050,13000
0.050,12999
0.050,12998
0.050,12997
0.050,12996
0.050,12995
0.050,12994
0.050,12993
0.050,12992
0.050,12991
0.050,12990
0.050,12989
0.050,12988
0.050,12987
0.050,12986
0.050,12985
0.050,12984
0.050,12983
0.050,12982
0.050,12981
0.050,12980
0.050,12979
0.050,12978
0.050,12977
0.050,12976
0.050,12975
0.050,12974
0.050,12973
0.050,12972
0.050,12971
0.050,12970
0.050,12969
0.050,12968
0.050,12967
0.050,12966
0.050,12965
0.050,12964
0.050,12963
0.050,12962
0.050,12961
0.050,12960
0.050,12959
0.050,12958
0.050,12957
0.050,12956
0.050,12955
0.050,12954
0.050,12953
0.050,12952
0.050,12951
0.050,12950
0.051,12949
0.051,12948
0.051,12947
0.051,12946
0.051,12945
0.051,12944
0.051,12943
0.051,12942
0.051,12941
0.051,12940
0.051,12939
0.051,12938
0.051,12937
0.051,12936
0.051,12935
0.051,12934
0.051,12933
0.051,12932
0.051,12931
0.051,12930
0.051,12929
0.051,12928
0.051,12927
0.051,12926
0.051,12925
0.051,12924
0.051,12923
0.051,12922
0.051,12921
0.051,12920
0.051,12919
0.051,12918
0.051,12917
0.051,12916
0.051,12915
0.051,12914
0.051,12913
0.051,12912
0.051,12911
0.051,12910
0.051,12909
0.051,12908
0.051,12907
0.051,12906
0.051,12905
0.051,12904
0.051,12903
0.051,12902
0.051,12901
0.051,12900
0.051,12899
0.051,12898
0.051,12897
0.051,12896
0.051,12895
0.051,12894
0.051,12893
0.051,12892
0.051,12891
0.051,12890
0.051,12889
0.051,12888
0.051,12887
0.051,12886
0.051,12885
0.051,12884
0.051,12883
0.051,12882
0.051,12881
0.051,12880
0.051,12879
0.051,12878
0.051,12877
0.051,12876
0.052,12875
0.052,12874
0.052,12873
0.052,12872
0.052,12871
0.052,12870
0.052,12869
0.052,12868
0.052,12867
0.052,12866
0.052,12865
0.052,12864
0.052,12863
0.052,12862
0.052,12861
0.052,12860
0.052,12859
0.052,12858
0.052,12857
0.052,12856
0.052,12855
0.052,12854
0.052,12853
0.052,12852
0.052,12851
0.052,12850
0.052,12849
0.052,12848
0.052,12847
0.052,12846
0.052,12845
0.052,12844
0.052,12843
0.052,12842
0.052,12841
0.052,12840
0.052,12839
0.052,12838
0.052,12837
0.052,12836
0.052,12835
0.052,12834
0.052,12833
0.052,12832
0.052,12831
0.052,12830
0.052,12829
0.052,12828
0.052,12827
0.052,12826
0.052,12825
0.052,12824
0.052,12823
0.052,12822
0.052,12821
0.052,12820
0.052,12819
0.052,12818
0.052,12817
0.052,12816
0.052,12815
0.052,12814
0.052,12813
0.052,12812
0.052,12811
0.052,12810
0.052,12809
0.052,12808
0.052,12807
0.052,12806
0.052,12805
0.052,12804
0.052,12803
0.052,12802
0.053,12801
0.053,12800
0.053,12799
0.053,12798
0.053,12797
0.053,12796
0.053,12795
0.053,12794
0.053,12793
0.053,12792
0.053,12791
0.053,12790
0.053,12789
0.053,12788
0.053,12787
0.053,12786
0.053,12785
0.053,12784
0.053,12783
0.053,12782
0.053,12781
0.053,12780
0.053,12779
0.053,12778
0.053,12777
0.053,12776
0.053,12775
0.053,12774
0.053,12773
0.053,12772
0.053,12771
0.053,12770
0.053,12769
0.053,12768
0.053,12767
0.053,12766
0.053,12765
0.053,12764
0.053,12763
0.053,12762
0.053,12761
0.053,12760
0.053,12759
0.053,12758
0.053,12757
0.053,12756
0.053,12755
0.053,12754
0.053,12753
0.053,12752
0.053,12751
0.053,12750
0.053,12749
0.053,12748
0.053,12747
0.053,12746
0.053,12745
0.053,12744
0.053,12743
0.054,12742
0.054,12741
0.054,12740
0.054,12739
0.054,12738
0.054,12737
0.054,12736
0.054,12735
0.054,12734
0.054,12733
0.054,12732
0.054,12731
0.054,12730
0.054,12729
0.054,12728
0.054,12727
0.054,12726
0.054,12725
0.054,12724
0.054,12723
0.054,12722
0.054,12721
0.054,12720
0.054,12719
0.054,12718
0.054,12717
0.054,12716
0.054,12715
0.054,12714
0.054,12713
0.054,12712
0.054,12711
0.054,12710
0.054,12709
0.054,12708
0.054,12707
0.054,12706
0.054,12705
0.054,12704
0.054,12703
0.054,12702
0.054,12701
0.054,12700
0.054,12699
0.054,12698
0.054,12697
0.054,12696
0.054,12695
0.054,12694
0.054,12693
0.054,12692
0.054,12691
0.054,12690
0.054,12689
0.054,12688
0.054,12687
0.054,12686
0.054,12685
0.054,12684
0.054,12683
0.054,12682
0.055,12681
0.055,12680
0.055,12679
0.055,12678
0.055,12677
0.055,12676
0.055,12675
0.055,12674
0.055,12673
0.055,12672
0.055,12671
0.055,12670
0.055,12669
0.055,12668
0.055,12667
0.055,12666
0.055,12665
0.055,12664
0.055,12663
0.055,12662
0.055,12661
0.055,12660
0.055,12659
0.055,12658
0.055,12657
0.055,12656
0.055,12655
0.055,12654
0.055,12653
0.055,12652
0.055,12651
0.055,12650
0.055,12649
0.055,12648
0.055,12647
0.055,12646
0.055,12645
0.055,12644
0.055,12643
0.055,12642
0.055,12641
0.055,12640
0.055,12639
0.055,12638
0.055,12637
0.055,12636
0.055,12635
0.055,12634
0.055,12633
0.055,12632
0.055,12631
0.055,12630
0.055,12629
0.055,12628
0.055,12627
0.055,12626
0.055,12625
0.055,12624
0.055,12623
0.055,12622
0.055,12621
0.055,12620
0.055,12619
0.055,12618
0.055,12617
0.055,12616
0.055,12615
0.055,12614
0.055,12613
0.055,12612
0.055,12611
0.055,12610
0.055,12609
0.055,12608
0.055,12607
0.055,12606
0.055,12605
0.055,12604
0.055,12603
0.055,12602
0.055,12601
0.055,12600
0.055,12599
0.055,12598
0.056,12597
0.056,12596
0.056,12595
0.056,12594
0.056,12593
0.056,12592
0.056,12591
0.056,12590
0.056,12589
0.056,12588
0.056,12587
0.056,12586
0.056,12585
0.056,12584
0.056,12583
0.056,12582
0.056,12581
0.056,12580
0.056,12579
0.056,12578
0.056,12577
0.056,12576
0.056,12575
0.056,12574
0.056,12573
0.056,12572
0.056,12571
0.056,12570
0.056,12569
0.056,12568
0.056,12567
0.056,12566
0.056,12565
0.056,12564
0.056,12563
0.056,12562
0.056,12561
0.056,12560
0.056,12559
0.056,12558
0.056,12557
0.056,12556
0.056,12555
0.056,12554
0.056,12553
0.056,12552
0.056,12551
0.056,12550
0.056,12549
0.056,12548
0.056,12547
0.056,12546
0.056,12545
0.056,12544
0.056,12543
0.056,12542
0.056,12541
0.056,12540
0.056,12539
0.056,12538
0.056,12537
0.056,12536
0.056,12535
0.056,12534
0.056,12533
0.056,12532
0.056,12531
0.056,12530
0.056,12529
0.056,12528
0.056,12527
0.056,12526
0.056,12525
0.056,12524
0.056,12523
0.056,12522
0.056,12521
0.056,12520
0.056,12519
0.056,12518
0.056,12517
0.056,12516
0.057,12515
0.057,12514
0.057,12513
0.057,12512
0.057,12511
0.057,12510
0.057,12509
0.057,12508
0.057,12507
0.057,12506
0.057,12505
0.057,12504
0.057,12503
0.057,12502
0.057,12501
0.057,12500
0.057,12499
0.057,12498
0.057,12497
0.057,12496
0.057,12495
0.057,12494
0.057,12493
0.057,12492
0.057,12491
0.057,12490
0.057,12489
0.057,12488
0.057,12487
0.057,12486
0.057,12485
0.057,12484
0.057,12483
0.057,12482
0.057,12481
0.057,12480
0.057,12479
0.057,12478
0.057,12477
0.057,12476
0.057,12475
0.057,12474
0.057,12473
0.057,12472
0.057,12471
0.057,12470
0.057,12469
0.057,12468
0.057,12467
0.057,12466
0.057,12465
0.057,12464
0.057,12463
0.057,12462
0.057,12461
0.057,12460
0.057,12459
0.057,12458
0.057,12457
0.057,12456
0.057,12455
0.057,12454
0.057,12453
0.057,12452
0.057,12451
0.057,12450
0.057,12449
0.057,12448
0.057,12447
0.057,12446
0.057,12445
0.057,12444
0.057,12443
0.057,12442
0.057,12441
0.057,12440
0.057,12439
0.057,12438
0.057,12437
0.057,12436
0.057,12435
0.057,12434
0.057,12433
0.057,12432
0.057,12431
0.057,12430
0.057,12429
0.057,12428
0.057,12427
0.057,12426
0.057,12425
0.057,12424
0.057,12423
0.057,12422
0.057,12421
0.057,12420
0.058,12419
0.058,12418
0.058,12417
0.058,12416
0.058,12415
0.058,12414
0.058,12413
0.058,12412
0.058,12411
0.058,12410
0.058,12409
0.058,12408
0.058,12407
0.058,12406
0.058,12405
0.058,12404
0.058,12403
0.058,12402
0.058,12401
0.058,12400
0.058,12399
0.058,12398
0.058,12397
0.058,12396
0.058,12395
0.058,12394
0.058,12393
0.058,12392
0.058,12391
0.058,12390
0.058,12389
0.058,12388
0.058,12387
0.058,12386
0.058,12385
0.058,12384
0.058,12383
0.058,12382
0.058,12381
0.058,12380
0.058,12379
0.058,12378
0.058,12377
0.058,12376
0.058,12375
0.058,12374
0.058,12373
0.058,12372
0.058,12371
0.058,12370
0.058,12369
0.058,12368
0.058,12367
0.058,12366
0.058,12365
0.058,12364
0.058,12363
0.058,12362
0.058,12361
0.058,12360
0.058,12359
0.058,12358
0.058,12357
0.058,12356
0.058,12355
0.058,12354
0.058,12353
0.058,12352
0.058,12351
0.058,12350
0.058,12349
0.058,12348
0.058,12347
0.058,12346
0.058,12345
0.058,12344
0.058,12343
0.058,12342
0.058,12341
0.058,12340
0.058,12339
0.058,12338
0.058,12337
0.058,12336
0.058,12335
0.058,12334
0.058,12333
0.058,12332
0.058,12331
0.059,12330
0.059,12329
0.059,12328
0.059,12327
0.059,12326
0.059,12325
0.059,12324
0.059,12323
0.059,12322
0.059,12321
0.059,12320
0.059,12319
0.059,12318
0.059,12317
0.059,12316
0.059,12315
0.059,12314
0.059,12313
0.059,12312
0.059,12311
0.059,12310
0.059,12309
0.059,12308
0.059,12307
0.059,12306
0.059,12305
0.059,12304
0.059,12303
0.059,12302
0.059,12301
0.059,12300
0.059,12299
0.059,12298
0.059,12297
0.059,12296
0.059,12295
0.059,12294
0.059,12293
0.059,12292
0.059,12291
0.059,12290
0.059,12289
0.059,12288
0.059,12287
0.059,12286
0.059,12285
0.059,12284
0.059,12283
0.059,12282
0.059,12281
0.059,12280
0.059,12279
0.059,12278
0.059,12277
0.059,12276
0.059,12275
0.059,12274
0.059,12273
0.059,12272
0.059,12271
0.059,12270
0.059,12269
0.059,12268
0.059,12267
0.059,12266
0.059,12265
0.059,12264
0.059,12263
0.059,12262
0.059,12261
0.059,12260
0.059,12259
0.059,12258
0.059,12257
0.059,12256
0.059,12255
0.059,12254
0.059,12253
0.059,12252
0.059,12251
0.059,12250
0.059,12249
0.059,12248
0.059,12247
0.059,12246
0.059,12245
0.059,12244
0.059,12243
0.059,12242
0.059,12241
0.059,12240
0.059,12239
0.059,12238
0.059,12237
0.059,12236
0.059,12235
0.059,12234
0.059,12233
0.059,12232
0.059,12231
0.059,12230
0.059,12229
0.059,12228
0.059,12227
0.059,12226
0.059,12225
0.059,12224
0.060,12223
0.060,12222
0.060,12221
0.060,12220
0.060,12219
0.060,12218
0.060,12217
0.060,12216
0.060,12215
0.060,12214
0.060,12213
0.060,12212
0.060,12211
0.060,12210
0.060,12209
0.060,12208
0.060,12207
0.060,12206
0.060,12205
0.060,12204
0.060,12203
0.060,12202
0.060,12201
0.060,12200
0.060,12199
0.060,12198
0.060,12197
0.060,12196
0.060,12195
0.060,12194
0.060,12193
0.060,12192
0.060,12191
0.060,12190
0.060,12189
0.060,12188
0.060,12187
0.060,12186
0.060,12185
0.060,12184
0.060,12183
0.060,12182
0.060,12181
0.060,12180
0.060,12179
0.060,12178
0.060,12177
0.060,12176
0.060,12175
0.060,12174
0.060,12173
0.060,12172
0.060,12171
0.060,12170
0.060,12169
0.060,12168
0.060,12167
0.060,12166
0.060,12165
0.060,12164
0.060,12163
0.060,12162
0.060,12161
0.060,12160
0.060,12159
0.060,12158
0.060,12157
0.060,12156
0.060,12155
0.060,12154
0.060,12153
0.060,12152
0.060,12151
0.060,12150
0.060,12149
0.060,12148
0.060,12147
0.060,12146
0.060,12145
0.060,12144
0.060,12143
0.060,12142
0.060,12141
0.060,12140
0.060,12139
0.060,12138
0.060,12137
0.060,12136
0.060,12135
0.060,12134
0.060,12133
0.060,12132
0.060,12131
0.060,12130
0.060,12129
0.060,12128
0.060,12127
0.060,12126
0.060,12125
0.060,12124
0.060,12123
0.060,12122
0.060,12121
0.060,12120
0.060,12119
0.060,12118
0.060,12117
0.061,12116
0.061,12115
0.061,12114
0.061,12113
0.061,12112
0.061,12111
0.061,12110
0.061,12109
0.061,12108
0.061,12107
0.061,12106
0.061,12105
0.061,12104
0.061,12103
0.061,12102
0.061,12101
0.061,12100
0.061,12099
0.061,12098
0.061,12097
0.061,12096
0.061,12095
0.061,12094
0.061,12093
0.061,12092
0.061,12091
0.061,12090
0.061,12089
0.061,12088
0.061,12087
0.061,12086
0.061,12085
0.061,12084
0.061,12083
0.061,12082
0.061,12081
0.061,12080
0.061,12079
0.061,12078
0.061,12077
0.061,12076
0.061,12075
0.061,12074
0.061,12073
0.061,12072
0.061,12071
0.061,12070
0.061,12069
0.061,12068
0.061,12067
0.061,12066
0.061,12065
0.061,12064
0.061,12063
0.061,12062
0.061,12061
0.061,12060
0.061,12059
0.061,12058
0.061,12057
0.061,12056
0.061,12055
0.061,12054
0.061,12053
0.061,12052
0.061,12051
0.061,12050
0.061,12049
0.061,12048
0.061,12047
0.061,12046
0.061,12045
0.061,12044
0.062,12043
0.062,12042
0.062,12041
0.062,12040
0.062,12039
0.062,12038
0.062,12037
0.062,12036
0.062,12035
0.062,12034
0.062,12033
0.062,12032
0.062,12031
0.062,12030
0.062,12029
0.062,12028
0.062,12027
0.062,12026
0.062,12025
0.062,12024
0.062,12023
0.062,12022
0.062,12021
0.062,12020
0.062,12019
0.062,12018
0.062,12017
0.062,12016
0.062,12015
0.062,12014
0.062,12013
0.062,12012
0.062,12011
0.062,12010
0.062,12009
0.062,12008
0.062,12007
0.062,12006
0.062,12005
0.062,12004
0.062,12003
0.062,12002
0.062,12001
0.062,12000
0.062,11999
0.062,11998
0.062,11997
0.062,11996
0.062,11995
0.062,11994
0.062,11993
0.062,11992
0.062,11991
0.062,11990
0.062,11989
0.062,11988
0.062,11987
0.062,11986
0.062,11985
0.062,11984
0.062,11983
0.062,11982
0.062,11981
0.062,11980
0.062,11979
0.062,11978
0.062,11977
0.062,11976
0.062,11975
0.062,11974
0.062,11973
0.062,11972
0.062,11971
0.062,11970
0.062,11969
0.062,11968
0.062,11967
0.062,11966
0.062,11965
0.062,11964
0.062,11963
0.062,11962
0.062,11961
0.062,11960
0.062,11959
0.062,11958
0.062,11957
0.062,11956
0.062,11955
0.062,11954
0.062,11953
0.062,11952
0.062,11951
0.062,11950
0.062,11949
0.062,11948
0.062,11947
0.062,11946
0.062,11945
0.062,11944
0.062,11943
0.062,11942
0.062,11941
0.062,11940
0.062,11939
0.062,11938
0.062,11937
0.062,11936
0.063,11935
0.063,11934
0.063,11933
0.063,11932
0.063,11931
0.063,11930
0.063,11929
0.063,11928
0.063,11927
0.063,11926
0.063,11925
0.063,11924
0.063,11923
0.063,11922
0.063,11921
0.063,11920
0.063,11919
0.063,11918
0.063,11917
0.063,11916
0.063,11915
0.063,11914
0.063,11913
0.063,11912
0.063,11911
0.063,11910
0.063,11909
0.063,11908
0.063,11907
0.063,11906
0.063,11905
0.063,11904
0.063,11903
0.063,11902
0.063,11901
0.063,11900
0.063,11899
0.063,11898
0.063,11897
0.063,11896
0.063,11895
0.063,11894
0.063,11893
0.063,11892
0.063,11891
0.063,11890
0.063,11889
0.063,11888
0.063,11887
0.063,11886
0.063,11885
0.063,11884
0.063,11883
0.063,11882
0.063,11881
0.063,11880
0.063,11879
0.063,11878
0.063,11877
0.063,11876
0.063,11875
0.063,11874
0.063,11873
0.063,11872
0.063,11871
0.063,11870
0.063,11869
0.063,11868
0.063,11867
0.063,11866
0.063,11865
0.063,11864
0.063,11863
0.063,11862
0.063,11861
0.063,11860
0.063,11859
0.063,11858
0.063,11857
0.063,11856
0.063,11855
0.063,11854
0.063,11853
0.063,11852
0.063,11851
0.063,11850
0.063,11849
0.063,11848
0.063,11847
0.063,11846
0.063,11845
0.063,11844
0.063,11843
0.063,11842
0.063,11841
0.063,11840
0.063,11839
0.063,11838
0.063,11837
0.063,11836
0.063,11835
0.063,11834
0.063,11833
0.063,11832
0.063,11831
0.063,11830
0.063,11829
0.063,11828
0.063,11827
0.063,11826
0.063,11825
0.063,11824
0.063,11823
0.063,11822
0.063,11821
0.063,11820
0.063,11819
0.063,11818
0.064,11817
0.064,11816
0.064,11815
0.064,11814
0.064,11813
0.064,11812
0.064,11811
0.064,11810
0.064,11809
0.064,11808
0.064,11807
0.064,11806
0.064,11805
0.064,11804
0.064,11803
0.064,11802
0.064,11801
0.064,11800
0.064,11799
0.064,11798
0.064,11797
0.064,11796
0.064,11795
0.064,11794
0.064,11793
0.064,11792
0.064,11791
0.064,11790
0.064,11789
0.064,11788
0.064,11787
0.064,11786
0.064,11785
0.064,11784
0.064,11783
0.064,11782
0.064,11781
0.064,11780
0.064,11779
0.064,11778
0.064,11777
0.064,11776
0.064,11775
0.064,11774
0.064,11773
0.064,11772
0.064,11771
0.064,11770
0.064,11769
0.064,11768
0.064,11767
0.064,11766
0.064,11765
0.064,11764
0.064,11763
0.064,11762
0.064,11761
0.064,11760
0.064,11759
0.064,11758
0.064,11757
0.064,11756
0.064,11755
0.064,11754
0.064,11753
0.064,11752
0.064,11751
0.064,11750
0.064,11749
0.064,11748
0.064,11747
0.064,11746
0.064,11745
0.064,11744
0.064,11743
0.064,11742
0.064,11741
0.064,11740
0.064,11739
0.064,11738
0.064,11737
0.064,11736
0.064,11735
0.064,11734
0.064,11733
0.064,11732
0.064,11731
0.064,11730
0.064,11729
0.064,11728
0.064,11727
0.064,11726
0.064,11725
0.064,11724
0.064,11723
0.064,11722
0.064,11721
0.064,11720
0.064,11719
0.064,11718
0.064,11717
0.064,11716
0.064,11715
0.064,11714
0.064,11713
0.064,11712
0.064,11711
0.064,11710
0.064,11709
0.064,11708
0.064,11707
0.064,11706
0.064,11705
0.064,11704
0.064,11703
0.064,11702
0.064,11701
0.065,11700
0.065,11699
0.065,11698
0.065,11697
0.065,11696
0.065,11695
0.065,11694
0.065,11693
0.065,11692
0.065,11691
0.065,11690
0.065,11689
0.065,11688
0.065,11687
0.065,11686
0.065,11685
0.065,11684
0.065,11683
0.065,11682
0.065,11681
0.065,11680
0.065,11679
0.065,11678
0.065,11677
0.065,11676
0.065,11675
0.065,11674
0.065,11673
0.065,11672
0.065,11671
0.065,11670
0.065,11669
0.065,11668
0.065,11667
0.065,11666
0.065,11665
0.065,11664
0.065,11663
0.065,11662
0.065,11661
0.065,11660
0.065,11659
0.065,11658
0.065,11657
0.065,11656
0.065,11655
0.065,11654
0.065,11653
0.065,11652
0.065,11651
0.065,11650
0.065,11649
0.065,11648
0.065,11647
0.065,11646
0.065,11645
0.065,11644
0.065,11643
0.065,11642
0.065,11641
0.065,11640
0.065,11639
0.065,11638
0.065,11637
0.065,11636
0.065,11635
0.065,11634
0.065,11633
0.065,11632
0.065,11631
0.065,11630
0.065,11629
0.065,11628
0.065,11627
0.065,11626
0.065,11625
0.065,11624
0.065,11623
0.065,11622
0.065,11621
0.065,11620
0.065,11619
0.065,11618
0.065,11617
0.065,11616
0.065,11615
0.065,11614
0.065,11613
0.065,11612
0.065,11611
0.065,11610
0.065,11609
0.065,11608
0.065,11607
0.065,11606
0.065,11605
0.065,11604
0.065,11603
0.065,11602
0.065,11601
0.065,11600
0.066,11599
0.066,11598
0.066,11597
0.066,11596
0.066,11595
0.066,11594
0.066,11593
0.066,11592
0.066,11591
0.066,11590
0.066,11589
0.066,11588
0.066,11587
0.066,11586
0.066,11585
0.066,11584
0.066,11583
0.066,11582
0.066,11581
0.066,11580
0.066,11579
0.066,11578
0.066,11577
0.066,11576
0.066,11575
0.066,11574
0.066,11573
0.066,11572
0.066,11571
0.066,11570
0.066,11569
0.066,11568
0.066,11567
0.066,11566
0.066,11565
0.066,11564
0.066,11563
0.066,11562
0.066,11561
0.066,11560
0.066,11559
0.066,11558
0.066,11557
0.066,11556
0.066,11555
0.066,11554
0.066,11553
0.066,11552
0.066,11551
0.066,11550
0.066,11549
0.066,11548
0.066,11547
0.066,11546
0.066,11545
0.066,11544
0.066,11543
0.066,11542
0.066,11541
0.066,11540
0.066,11539
0.066,11538
0.066,11537
0.066,11536
0.066,11535
0.066,11534
0.066,11533
0.066,11532
0.066,11531
0.066,11530
0.066,11529
0.066,11528
0.066,11527
0.066,11526
0.066,11525
0.066,11524
0.066,11523
0.066,11522
0.066,11521
0.066,11520
0.066,11519
0.066,11518
0.066,11517
0.066,11516
0.066,11515
0.066,11514
0.066,11513
0.066,11512
0.066,11511
0.066,11510
0.066,11509
0.066,11508
0.066,11507
0.066,11506
0.066,11505
0.066,11504
0.066,11503
0.066,11502
0.066,11501
0.066,11500
0.066,11499
0.066,11498
0.066,11497
0.067,11496
0.067,11495
0.067,11494
0.067,11493
0.067,11492
0.067,11491
0.067,11490
0.067,11489
0.067,11488
0.067,11487
0.067,11486
0.067,11485
0.067,11484
0.067,11483
0.067,11482
0.067,11481
0.067,11480
0.067,11479
0.067,11478
0.067,11477
0.067,11476
0.067,11475
0.067,11474
0.067,11473
0.067,11472
0.067,11471
0.067,11470
0.067,11469
0.067,11468
0.067,11467
0.067,11466
0.067,11465
0.067,11464
0.067,11463
0.067,11462
0.067,11461
0.067,11460
0.067,11459
0.067,11458
0.067,11457
0.067,11456
0.067,11455
0.067,11454
0.067,11453
0.067,11452
0.067,11451
0.067,11450
0.067,11449
0.067,11448
0.067,11447
0.067,11446
0.067,11445
0.067,11444
0.067,11443
0.067,11442
0.067,11441
0.067,11440
0.067,11439
0.067,11438
0.067,11437
0.067,11436
0.067,11435
0.067,11434
0.067,11433
0.067,11432
0.067,11431
0.067,11430
0.067,11429
0.067,11428
0.067,11427
0.067,11426
0.067,11425
0.067,11424
0.067,11423
0.067,11422
0.067,11421
0.067,11420
0.067,11419
0.067,11418
0.067,11417
0.067,11416
0.067,11415
0.067,11414
0.067,11413
0.067,11412
0.067,11411
0.067,11410
0.067,11409
0.067,11408
0.067,11407
0.067,11406
0.067,11405
0.067,11404
0.067,11403
0.067,11402
0.067,11401
0.067,11400
0.067,11399
0.067,11398
0.068,11397
0.068,11396
0.068,11395
0.068,11394
0.068,11393
0.068,11392
0.068,11391
0.068,11390
0.068,11389
0.068,11388
0.068,11387
0.068,11386
0.068,11385
0.068,11384
0.068,11383
0.068,11382
0.068,11381
0.068,11380
0.068,11379
0.068,11378
0.068,11377
0.068,11376
0.068,11375
0.068,11374
0.068,11373
0.068,11372
0.068,11371
0.068,11370
0.068,11369
0.068,11368
0.068,11367
0.068,11366
0.068,11365
0.068,11364
0.068,11363
0.068,11362
0.068,11361
0.068,11360
0.068,11359
0.068,11358
0.068,11357
0.068,11356
0.068,11355
0.068,11354
0.068,11353
0.068,11352
0.068,11351
0.068,11350
0.068,11349
0.068,11348
0.068,11347
0.068,11346
0.068,11345
0.068,11344
0.068,11343
0.068,11342
0.068,11341
0.068,11340
0.068,11339
0.068,11338
0.068,11337
0.068,11336
0.068,11335
0.068,11334
0.068,11333
0.068,11332
0.068,11331
0.068,11330
0.069,11329
0.069,11328
0.069,11327
0.069,11326
0.069,11325
0.069,11324
0.069,11323
0.069,11322
0.069,11321
0.069,11320
0.069,11319
0.069,11318
0.069,11317
0.069,11316
0.069,11315
0.069,11314
0.069,11313
0.069,11312
0.069,11311
0.069,11310
0.069,11309
0.069,11308
0.069,11307
0.069,11306
0.069,11305
0.069,11304
0.069,11303
0.069,11302
0.069,11301
0.069,11300
0.069,11299
0.069,11298
0.069,11297
0.069,11296
0.069,11295
0.069,11294
0.069,11293
0.069,11292
0.069,11291
0.069,11290
0.069,11289
0.069,11288
0.069,11287
0.069,11286
0.069,11285
0.069,11284
0.069,11283
0.069,11282
0.069,11281
0.069,11280
0.069,11279
0.069,11278
0.069,11277
0.069,11276
0.069,11275
0.069,11274
0.069,11273
0.069,11272
0.069,11271
0.069,11270
0.069,11269
0.069,11268
0.069,11267
0.069,11266
0.069,11265
0.069,11264
0.069,11263
0.069,11262
0.069,11261
0.069,11260
0.069,11259
0.069,11258
0.069,11257
0.069,11256
0.069,11255
0.069,11254
0.069,11253
0.069,11252
0.069,11251
0.069,11250
0.069,11249
0.069,11248
0.069,11247
0.069,11246
0.069,11245
0.069,11244
0.069,11243
0.069,11242
0.069,11241
0.069,11240
0.069,11239
0.069,11238
0.069,11237
0.069,11236
0.069,11235
0.069,11234
0.069,11233
0.069,11232
0.069,11231
0.069,11230
0.069,11229
0.069,11228
0.069,11227
0.069,11226
0.069,11225
0.069,11224
0.069,11223
0.069,11222
0.069,11221
0.070,11220
0.070,11219
0.070,11218
0.070,11217
0.070,11216
0.070,11215
0.070,11214
0.070,11213
0.070,11212
0.070,11211
0.070,11210
0.070,11209
0.070,11208
0.070,11207
0.070,11206
0.070,11205
0.070,11204
0.070,11203
0.070,11202
0.070,11201
0.070,11200
0.070,11199
0.070,11198
0.070,11197
0.070,11196
0.070,11195
0.070,11194
0.070,11193
0.070,11192
0.070,11191
0.070,11190
0.070,11189
0.070,11188
0.070,11187
0.070,11186
0.070,11185
0.070,11184
0.070,11183
0.070,11182
0.070,11181
0.070,11180
0.070,11179
0.070,11178
0.070,11177
0.070,11176
0.070,11175
0.070,11174
0.070,11173
0.070,11172
0.070,11171
0.070,11170
0.070,11169
0.070,11168
0.070,11167
0.070,11166
0.070,11165
0.070,11164
0.070,11163
0.070,11162
0.070,11161
0.070,11160
0.070,11159
0.070,11158
0.070,11157
0.070,11156
0.070,11155
0.070,11154
0.070,11153
0.070,11152
0.070,11151
0.070,11150
0.070,11149
0.070,11148
0.070,11147
0.070,11146
0.070,11145
0.070,11144
0.070,11143
0.070,11142
0.070,11141
0.070,11140
0.070,11139
0.070,11138
0.070,11137
0.070,11136
0.070,11135
0.071,11134
0.071,11133
0.071,11132
0.071,11131
0.071,11130
0.071,11129
0.071,11128
0.071,11127
0.071,11126
0.071,11125
0.071,11124
0.071,11123
0.071,11122
0.071,11121
0.071,11120
0.071,11119
0.071,11118
0.071,11117
0.071,11116
0.071,11115
0.071,11114
0.071,11113
0.071,11112
0.071,11111
0.071,11110
0.071,11109
0.071,11108
0.071,11107
0.071,11106
0.071,11105
0.071,11104
0.071,11103
0.071,11102
0.071,11101
0.071,11100
0.071,11099
0.071,11098
0.071,11097
0.071,11096
0.071,11095
0.071,11094
0.071,11093
0.071,11092
0.071,11091
0.071,11090
0.071,11089
0.071,11088
0.071,11087
0.071,11086
0.071,11085
0.071,11084
0.071,11083
0.071,11082
0.071,11081
0.071,11080
0.071,11079
0.071,11078
0.071,11077
0.071,11076
0.071,11075
0.071,11074
0.071,11073
0.071,11072
0.071,11071
0.071,11070
0.071,11069
0.071,11068
0.071,11067
0.071,11066
0.071,11065
0.071,11064
0.071,11063
0.071,11062
0.071,11061
0.071,11060
0.071,11059
0.071,11058
0.071,11057
0.071,11056
0.071,11055
0.071,11054
0.071,11053
0.071,11052
0.071,11051
0.071,11050
0.071,11049
0.071,11048
0.071,11047
0.071,11046
0.071,11045
0.071,11044
0.072,11043
0.072,11042
0.072,11041
0.072,11040
0.072,11039
0.072,11038
0.072,11037
0.072,11036
0.072,11035
0.072,11034
0.072,11033
0.072,11032
0.072,11031
0.072,11030
0.072,11029
0.072,11028
0.072,11027
0.072,11026
0.072,11025
0.072,11024
0.072,11023
0.072,11022
0.072,11021
0.072,11020
0.072,11019
0.072,11018
0.072,11017
0.072,11016
0.072,11015
0.072,11014
0.072,11013
0.072,11012
0.072,11011
0.072,11010
0.072,11009
0.072,11008
0.072,11007
0.072,11006
0.072,11005
0.072,11004
0.072,11003
0.072,11002
0.072,11001
0.072,11000
0.072,10999
0.072,10998
0.072,10997
0.072,10996
0.072,10995
0.072,10994
0.072,10993
0.072,10992
0.072,10991
0.072,10990
0.072,10989
0.072,10988
0.072,10987
0.072,10986
0.072,10985
0.072,10984
0.072,10983
0.072,10982
0.072,10981
0.072,10980
0.072,10979
0.072,10978
0.072,10977
0.072,10976
0.072,10975
0.072,10974
0.072,10973
0.072,10972
0.072,10971
0.072,10970
0.072,10969
0.072,10968
0.072,10967
0.072,10966
0.072,10965
0.072,10964
0.072,10963
0.072,10962
0.072,10961
0.072,10960
0.072,10959
0.072,10958
0.072,10957
0.072,10956
0.072,10955
0.072,10954
0.072,10953
0.072,10952
0.072,10951
0.072,10950
0.072,10949
0.072,10948
0.072,10947
0.072,10946
0.072,10945
0.073,10944
0.073,10943
0.073,10942
0.073,10941
0.073,10940
0.073,10939
0.073,10938
0.073,10937
0.073,10936
0.073,10935
0.073,10934
0.073,10933
0.073,10932
0.073,10931
0.073,10930
0.073,10929
0.073,10928
0.073,10927
0.073,10926
0.073,10925
0.073,10924
0.073,10923
0.073,10922
0.073,10921
0.073,10920
0.073,10919
0.073,10918
0.073,10917
0.073,10916
0.073,10915
0.073,10914
0.073,10913
0.073,10912
0.073,10911
0.073,10910
0.073,10909
0.073,10908
0.073,10907
0.073,10906
0.073,10905
0.073,10904
0.073,10903
0.073,10902
0.073,10901
0.073,10900
0.073,10899
0.073,10898
0.073,10897
0.073,10896
0.073,10895
0.073,10894
0.073,10893
0.073,10892
0.073,10891
0.073,10890
0.073,10889
0.073,10888
0.073,10887
0.073,10886
0.073,10885
0.073,10884
0.073,10883
0.073,10882
0.073,10881
0.073,10880
0.073,10879
0.073,10878
0.073,10877
0.073,10876
0.073,10875
0.073,10874
0.073,10873
0.073,10872
0.073,10871
0.073,10870
0.073,10869
0.073,10868
0.073,10867
0.073,10866
0.073,10865
0.073,10864
0.073,10863
0.073,10862
0.073,10861
0.073,10860
0.073,10859
0.073,10858
0.073,10857
0.073,10856
0.073,10855
0.073,10854
0.073,10853
0.073,10852
0.073,10851
0.073,10850
0.073,10849
0.073,10848
0.073,10847
0.073,10846
0.073,10845
0.073,10844
0.073,10843
0.073,10842
0.073,10841
0.073,10840
0.073,10839
0.073,10838
0.073,10837
0.074,10836
0.074,10835
0.074,10834
0.074,10833
0.074,10832
0.074,10831
0.074,10830
0.074,10829
0.074,10828
0.074,10827
0.074,10826
0.074,10825
0.074,10824
0.074,10823
0.074,10822
0.074,10821
0.074,10820
0.074,10819
0.074,10818
0.074,10817
0.074,10816
0.074,10815
0.074,10814
0.074,10813
0.074,10812
0.074,10811
0.074,10810
0.074,10809
0.074,10808
0.074,10807
0.074,10806
0.074,10805
0.074,10804
0.074,10803
0.074,10802
0.074,10801
0.074,10800
0.074,10799
0.074,10798
0.074,10797
0.074,10796
0.074,10795
0.074,10794
0.074,10793
0.074,10792
0.074,10791
0.074,10790
0.074,10789
0.074,10788
0.074,10787
0.074,10786
0.074,10785
0.074,10784
0.074,10783
0.074,10782
0.074,10781
0.074,10780
0.074,10779
0.074,10778
0.074,10777
0.074,10776
0.074,10775
0.074,10774
0.074,10773
0.074,10772
0.074,10771
0.074,10770
0.074,10769
0.074,10768
0.074,10767
0.074,10766
0.074,10765
0.074,10764
0.074,10763
0.074,10762
0.074,10761
0.074,10760
0.074,10759
0.074,10758
0.074,10757
0.074,10756
0.074,10755
0.074,10754
0.074,10753
0.074,10752
0.074,10751
0.074,10750
0.074,10749
0.074,10748
0.074,10747
0.074,10746
0.074,10745
0.074,10744
0.074,10743
0.074,10742
0.074,10741
0.074,10740
0.074,10739
0.074,10738
0.074,10737
0.074,10736
0.074,10735
0.074,10734
0.074,10733
0.074,10732
0.074,10731
0.074,10730
0.074,10729
0.074,10728
0.074,10727
0.074,10726
0.074,10725
0.074,10724
0.074,10723
0.074,10722
0.074,10721
0.074,10720
0.074,10719
0.075,10718
0.075,10717
0.075,10716
0.075,10715
0.075,10714
0.075,10713
0.075,10712
0.075,10711
0.075,10710
0.075,10709
0.075,10708
0.075,10707
0.075,10706
0.075,10705
0.075,10704
0.075,10703
0.075,10702
0.075,10701
0.075,10700
0.075,10699
0.075,10698
0.075,10697
0.075,10696
0.075,10695
0.075,10694
0.075,10693
0.075,10692
0.075,10691
0.075,10690
0.075,10689
0.075,10688
0.075,10687
0.075,10686
0.075,10685
0.075,10684
0.075,10683
0.075,10682
0.075,10681
0.075,10680
0.075,10679
0.075,10678
0.075,10677
0.075,10676
0.075,10675
0.075,10674
0.075,10673
0.075,10672
0.075,10671
0.075,10670
0.075,10669
0.075,10668
0.075,10667
0.075,10666
0.075,10665
0.075,10664
0.075,10663
0.075,10662
0.075,10661
0.075,10660
0.075,10659
0.075,10658
0.075,10657
0.075,10656
0.075,10655
0.075,10654
0.075,10653
0.075,10652
0.075,10651
0.075,10650
0.075,10649
0.075,10648
0.075,10647
0.075,10646
0.075,10645
0.076,10644
0.076,10643
0.076,10642
0.076,10641
0.076,10640
0.076,10639
0.076,10638
0.076,10637
0.076,10636
0.076,10635
0.076,10634
0.076,10633
0.076,10632
0.076,10631
0.076,10630
0.076,10629
0.076,10628
0.076,10627
0.076,10626
0.076,10625
0.076,10624
0.076,10623
0.076,10622
0.076,10621
0.076,10620
0.076,10619
0.076,10618
0.076,10617
0.076,10616
0.076,10615
0.076,10614
0.076,10613
0.076,10612
0.076,10611
0.076,10610
0.076,10609
0.076,10608
0.076,10607
0.076,10606
0.076,10605
0.076,10604
0.076,10603
0.076,10602
0.076,10601
0.076,10600
0.076,10599
0.076,10598
0.076,10597
0.076,10596
0.076,10595
0.076,10594
0.076,10593
0.076,10592
0.076,10591
0.076,10590
0.076,10589
0.076,10588
0.076,10587
0.076,10586
0.076,10585
0.076,10584
0.076,10583
0.076,10582
0.076,10581
0.076,10580
0.076,10579
0.076,10578
0.076,10577
0.076,10576
0.076,10575
0.076,10574
0.076,10573
0.076,10572
0.076,10571
0.076,10570
0.076,10569
0.076,10568
0.076,10567
0.076,10566
0.076,10565
0.076,10564
0.076,10563
0.076,10562
0.076,10561
0.076,10560
0.076,10559
0.076,10558
0.076,10557
0.076,10556
0.076,10555
0.076,10554
0.076,10553
0.076,10552
0.076,10551
0.076,10550
0.076,10549
0.076,10548
0.076,10547
0.076,10546
0.076,10545
0.076,10544
0.076,10543
0.076,10542
0.076,10541
0.076,10540
0.076,10539
0.076,10538
0.076,10537
0.076,10536
0.076,10535
0.076,10534
0.076,10533
0.076,10532
0.076,10531
0.076,10530
0.076,10529
0.076,10528
0.076,10527
0.076,10526
0.076,10525
0.076,10524
0.076,10523
0.076,10522
0.076,10521
0.076,10520
0.076,10519
0.076,10518
0.076,10517
0.076,10516
0.076,10515
0.076,10514
0.077,10513
0.077,10512
0.077,10511
0.077,10510
0.077,10509
0.077,10508
0.077,10507
0.077,10506
0.077,10505
0.077,10504
0.077,10503
0.077,10502
0.077,10501
0.077,10500
0.077,10499
0.077,10498
0.077,10497
0.077,10496
0.077,10495
0.077,10494
0.077,10493
0.077,10492
0.077,10491
0.077,10490
0.077,10489
0.077,10488
0.077,10487
0.077,10486
0.077,10485
0.077,10484
0.077,10483
0.077,10482
0.077,10481
0.077,10480
0.077,10479
0.077,10478
0.077,10477
0.077,10476
0.077,10475
0.077,10474
0.077,10473
0.077,10472
0.077,10471
0.077,10470
0.077,10469
0.077,10468
0.077,10467
0.077,10466
0.077,10465
0.077,10464
0.077,10463
0.077,10462
0.077,10461
0.077,10460
0.077,10459
0.077,10458
0.077,10457
0.077,10456
0.077,10455
0.077,10454
0.077,10453
0.077,10452
0.077,10451
0.077,10450
0.077,10449
0.077,10448
0.077,10447
0.077,10446
0.077,10445
0.077,10444
0.077,10443
0.077,10442
0.077,10441
0.077,10440
0.077,10439
0.077,10438
0.077,10437
0.077,10436
0.077,10435
0.077,10434
0.077,10433
0.077,10432
0.077,10431
0.077,10430
0.077,10429
0.077,10428
0.077,10427
0.077,10426
0.077,10425
0.077,10424
0.077,10423
0.077,10422
0.077,10421
0.077,10420
0.077,10419
0.077,10418
0.077,10417
0.077,10416
0.077,10415
0.077,10414
0.077,10413
0.077,10412
0.077,10411
0.077,10410
0.077,10409
0.077,10408
0.077,10407
0.077,10406
0.077,10405
0.077,10404
0.077,10403
0.077,10402
0.077,10401
0.077,10400
0.077,10399
0.077,10398
0.077,10397
0.077,10396
0.077,10395
0.078,10394
0.078,10393
0.078,10392
0.078,10391
0.078,10390
0.078,10389
0.078,10388
0.078,10387
0.078,10386
0.078,10385
0.078,10384
0.078,10383
0.078,10382
0.078,10381
0.078,10380
0.078,10379
0.078,10378
0.078,10377
0.078,10376
0.078,10375
0.078,10374
0.078,10373
0.078,10372
0.078,10371
0.078,10370
0.078,10369
0.078,10368
0.078,10367
0.078,10366
0.078,10365
0.078,10364
0.078,10363
0.078,10362
0.078,10361
0.078,10360
0.078,10359
0.078,10358
0.078,10357
0.078,10356
0.078,10355
0.078,10354
0.078,10353
0.078,10352
0.078,10351
0.078,10350
0.078,10349
0.078,10348
0.078,10347
0.078,10346
0.078,10345
0.078,10344
0.078,10343
0.078,10342
0.078,10341
0.078,10340
0.078,10339
0.078,10338
0.078,10337
0.078,10336
0.078,10335
0.078,10334
0.078,10333
0.078,10332
0.078,10331
0.078,10330
0.078,10329
0.078,10328
0.078,10327
0.078,10326
0.078,10325
0.078,10324
0.078,10323
0.078,10322
0.078,10321
0.078,10320
0.078,10319
0.078,10318
0.078,10317
0.078,10316
0.078,10315
0.078,10314
0.078,10313
0.078,10312
0.078,10311
0.078,10310
0.078,10309
0.078,10308
0.078,10307
0.078,10306
0.078,10305
0.078,10304
0.078,10303
0.078,10302
0.078,10301
0.078,10300
0.078,10299
0.078,10298
0.078,10297
0.078,10296
0.079,10295
0.079,10294
0.079,10293
0.079,10292
0.079,10291
0.079,10290
0.079,10289
0.079,10288
0.079,10287
0.079,10286
0.079,10285
0.079,10284
0.079,10283
0.079,10282
0.079,10281
0.079,10280
0.079,10279
0.079,10278
0.079,10277
0.079,10276
0.079,10275
0.079,10274
0.079,10273
0.079,10272
0.079,10271
0.079,10270
0.079,10269
0.079,10268
0.079,10267
0.079,10266
0.079,10265
0.079,10264
0.079,10263
0.079,10262
0.079,10261
0.079,10260
0.079,10259
0.079,10258
0.079,10257
0.079,10256
0.079,10255
0.079,10254
0.079,10253
0.079,10252
0.079,10251
0.079,10250
0.079,10249
0.079,10248
0.079,10247
0.079,10246
0.079,10245
0.079,10244
0.079,10243
0.079,10242
0.079,10241
0.079,10240
0.079,10239
0.079,10238
0.079,10237
0.079,10236
0.079,10235
0.079,10234
0.079,10233
0.079,10232
0.079,10231
0.079,10230
0.079,10229
0.079,10228
0.079,10227
0.079,10226
0.079,10225
0.079,10224
0.079,10223
0.079,10222
0.079,10221
0.079,10220
0.079,10219
0.079,10218
0.079,10217
0.079,10216
0.079,10215
0.079,10214
0.079,10213
0.079,10212
0.079,10211
0.079,10210
0.079,10209
0.079,10208
0.079,10207
0.079,10206
0.079,10205
0.079,10204
0.079,10203
0.079,10202
0.079,10201
0.079,10200
0.080,10199
0.080,10198
0.080,10197
0.080,10196
0.080,10195
0.080,10194
0.080,10193
0.080,10192
0.080,10191
0.080,10190
0.080,10189
0.080,10188
0.080,10187
0.080,10186
0.080,10185
0.080,10184
0.080,10183
0.080,10182
0.080,10181
0.080,10180
0.080,10179
0.080,10178
0.080,10177
0.080,10176
0.080,10175
0.080,10174
0.080,10173
0.080,10172
0.080,10171
0.080,10170
0.080,10169
0.080,10168
0.080,10167
0.080,10166
0.080,10165
0.080,10164
0.080,10163
0.080,10162
0.080,10161
0.080,10160
0.080,10159
0.080,10158
0.080,10157
0.080,10156
0.080,10155
0.080,10154
0.080,10153
0.080,10152
0.080,10151
0.080,10150
0.080,10149
0.080,10148
0.080,10147
0.080,10146
0.080,10145
0.080,10144
0.080,10143
0.080,10142
0.080,10141
0.080,10140
0.080,10139
0.080,10138
0.080,10137
0.080,10136
0.080,10135
0.080,10134
0.080,10133
0.080,10132
0.080,10131
0.080,10130
0.080,10129
0.080,10128
0.080,10127
0.080,10126
0.080,10125
0.080,10124
0.080,10123
0.080,10122
0.080,10121
0.080,10120
0.080,10119
0.080,10118
0.080,10117
0.080,10116
0.080,10115
0.080,10114
0.080,10113
0.080,10112
0.080,10111
0.080,10110
0.080,10109
0.080,10108
0.080,10107
0.080,10106
0.080,10105
0.080,10104
0.080,10103
0.080,10102
0.080,10101
0.081,10100
0.081,10099
0.081,10098
0.081,10097
0.081,10096
0.081,10095
0.081,10094
0.081,10093
0.081,10092
0.081,10091
0.081,10090
0.081,10089
0.081,10088
0.081,10087
0.081,10086
0.081,10085
0.081,10084
0.081,10083
0.081,10082
0.081,10081
0.081,10080
0.081,10079
0.081,10078
0.081,10077
0.081,10076
0.081,10075
0.081,10074
0.081,10073
0.081,10072
0.081,10071
0.081,10070
0.081,10069
0.081,10068
0.081,10067
0.081,10066
0.081,10065
0.081,10064
0.081,10063
0.081,10062
0.081,10061
0.081,10060
0.081,10059
0.081,10058
0.081,10057
0.081,10056
0.081,10055
0.081,10054
0.081,10053
0.081,10052
0.081,10051
0.081,10050
0.081,10049
0.081,10048
0.081,10047
0.081,10046
0.081,10045
0.081,10044
0.081,10043
0.081,10042
0.081,10041
0.081,10040
0.081,10039
0.081,10038
0.081,10037
0.081,10036
0.081,10035
0.081,10034
0.081,10033
0.081,10032
0.081,10031
0.081,10030
0.081,10029
0.081,10028
0.081,10027
0.081,10026
0.081,10025
0.081,10024
0.081,10023
0.081,10022
0.081,10021
0.081,10020
0.081,10019
0.081,10018
0.081,10017
0.081,10016
0.081,10015
0.081,10014
0.081,10013
