0.000,14108
0.003,14107
0.004,14106
0.004,14105
0.004,14104
0.004,14103
0.004,14102
0.004,14101
0.005,14100
0.005,14099
0.005,14098
0.005,14097
0.005,14096
0.005,14095
0.005,14094
0.005,14093
0.005,14092
0.005,14091
0.006,14090
0.006,14089
0.006,14088
0.006,14087
0.006,14086
0.006,14085
0.006,14084
0.006,14083
0.006,14082
0.006,14081
0.007,14080
0.007,14079
0.007,14078
0.007,14077
0.007,14076
0.007,14075
0.007,14074
0.007,14073
0.007,14072
0.007,14071
0.007,14070
0.007,14069
0.008,14068
0.008,14067
0.008,14066
0.008,14065
0.008,14064
0.008,14063
0.008,14062
0.008,14061
0.008,14060
0.008,14059
0.008,14058
0.008,14057
0.009,14056
0.009,14055
0.009,14054
0.009,14053
0.009,14052
0.009,14051
0.009,14050
0.009,14049
0.009,14048
0.009,14047
0.009,14046
0.009,14045
0.009,14044
0.009,14043
0.010,14042
0.010,14041
0.010,14040
0.010,14039
0.010,14038
0.010,14037
0.010,14036
0.010,14035
0.010,14034
0.010,14033
0.010,14032
0.010,14031
0.010,14030
0.010,14029
0.010,14028
0.010,14027
0.011,14026
0.011,14025
0.011,14024
0.011,14023
0.011,14022
0.011,14021
0.011,14020
0.011,14019
0.011,14018
0.011,14017
0.011,14016
0.011,14015
0.011,14014
0.011,14013
0.011,14012
0.012,14011
0.012,14010
0.012,14009
0.012,14008
0.012,14007
0.012,14006
0.012,14005
0.012,14004
0.012,14003
0.012,14002
0.012,14001
0.012,14000
0.012,13999
0.012,13998
0.012,13997
0.013,13996
0.013,13995
0.013,13994
0.013,13993
0.013,13992
0.013,13991
0.013,13990
0.013,13989
0.013,13988
0.013,13987
0.013,13986
0.013,13985
0.013,13984
0.013,13983
0.013,13982
0.013,13981
0.014,13980
0.014,13979
0.014,13978
0.014,13977
0.014,13976
0.014,13975
0.014,13974
0.014,13973
0.014,13972
0.014,13971
0.014,13970
0.014,13969
0.014,13968
0.015,13967
0.015,13966
0.015,13965
0.015,13964
0.015,13963
0.015,13962
0.015,13961
0.015,13960
0.015,13959
0.015,13958
0.015,13957
0.015,13956
0.015,13955
0.015,13954
0.015,13953
0.016,13952
0.016,13951
0.016,13950
0.016,13949
0.016,13948
0.016,13947
0.016,13946
0.016,13945
0.016,13944
0.016,13943
0.016,13942
0.016,13941
0.016,13940
0.016,13939
0.016,13938
0.016,13937
0.017,13936
0.017,13935
0.017,13934
0.017,13933
0.017,13932
0.017,13931
0.017,13930
0.017,13929
0.017,13928
0.017,13927
0.017,13926
0.017,13925
0.017,13924
0.017,13923
0.017,13922
0.017,13921
0.017,13920
0.018,13919
0.018,13918
0.018,13917
0.018,13916
0.018,13915
0.018,13914
0.018,13913
0.018,13912
0.018,13911
0.018,13910
0.018,13909
0.018,13908
0.018,13907
0.018,13906
0.018,13905
0.018,13904
0.018,13903
0.018,13902
0.019,13901
0.019,13900
0.019,13899
0.019,13898
0.019,13897
0.019,13896
0.019,13895
0.019,13894
0.019,13893
0.019,13892
0.019,13891
0.019,13890
0.019,13889
0.019,13888
0.019,13887
0.019,13886
0.019,13885
0.019,13884
0.020,13883
0.020,13882
0.020,13881
0.020,13880
0.020,13879
0.020,13878
0.020,13877
0.020,13876
0.020,13875
0.020,13874
0.020,13873
0.020,13872
0.020,13871
0.020,13870
0.020,13869
0.020,13868
0.020,13867
0.020,13866
0.020,13865
0.021,13864
0.021,13863
0.021,13862
0.021,13861
0.021,13860
0.021,13859
0.021,13858
0.021,13857
0.021,13856
0.021,13855
0.021,13854
0.021,13853
0.021,13852
0.021,13851
0.021,13850
0.021,13849
0.021,13848
0.021,13847
0.021,13846
0.021,13845
0.022,13844
0.022,13843
0.022,13842
0.022,13841
0.022,13840
0.022,13839
0.022,13838
0.022,13837
0.022,13836
0.022,13835
0.022,13834
0.022,13833
0.022,13832
0.022,13831
0.022,13830
0.022,13829
0.022,13828
0.022,13827
0.022,13826
0.023,13825
0.023,13824
0.023,13823
0.023,13822
0.023,13821
0.023,13820
0.023,13819
0.023,13818
0.023,13817
0.023,13816
0.023,13815
0.023,13814
0.023,13813
0.023,13812
0.023,13811
0.023,13810
0.023,13809
0.023,13808
0.024,13807
0.024,13806
0.024,13805
0.024,13804
0.024,13803
0.024,13802
0.024,13801
0.024,13800
0.024,13799
0.024,13798
0.024,13797
0.024,13796
0.024,13795
0.024,13794
0.024,13793
0.024,13792
0.024,13791
0.024,13790
0.024,13789
0.024,13788
0.024,13787
0.024,13786
0.025,13785
0.025,13784
0.025,13783
0.025,13782
0.025,13781
0.025,13780
0.025,13779
0.025,13778
0.025,13777
0.025,13776
0.025,13775
0.025,13774
0.025,13773
0.025,13772
0.025,13771
0.025,13770
0.025,13769
0.025,13768
0.025,13767
0.025,13766
0.025,13765
0.025,13764
0.025,13763
0.026,13762
0.026,13761
0.026,13760
0.026,13759
0.026,13758
0.026,13757
0.026,13756
0.026,13755
0.026,13754
0.026,13753
0.026,13752
0.026,13751
0.026,13750
0.026,13749
0.026,13748
0.026,13747
0.026,13746
0.026,13745
0.026,13744
0.026,13743
0.026,13742
0.027,13741
0.027,13740
0.027,13739
0.027,13738
0.027,13737
0.027,13736
0.027,13735
0.027,13734
0.027,13733
0.027,13732
0.027,13731
0.027,13730
0.027,13729
0.027,13728
0.027,13727
0.027,13726
0.027,13725
0.027,13724
0.027,13723
0.027,13722
0.027,13721
0.027,13720
0.027,13719
0.028,13718
0.028,13717
0.028,13716
0.028,13715
0.028,13714
0.028,13713
0.028,13712
0.028,13711
0.028,13710
0.028,13709
0.028,13708
0.028,13707
0.028,13706
0.028,13705
0.028,13704
0.028,13703
0.028,13702
0.028,13701
0.028,13700
0.028,13699
0.028,13698
0.028,13697
0.028,13696
0.028,13695
0.029,13694
0.029,13693
0.029,13692
0.029,13691
0.029,13690
0.029,13689
0.029,13688
0.029,13687
0.029,13686
0.029,13685
0.029,13684
0.029,13683
0.029,13682
0.029,13681
0.029,13680
0.029,13679
0.029,13678
0.029,13677
0.029,13676
0.029,13675
0.029,13674
0.029,13673
0.029,13672
0.029,13671
0.029,13670
0.029,13669
0.029,13668
0.030,13667
0.030,13666
0.030,13665
0.030,13664
0.030,13663
0.030,13662
0.030,13661
0.030,13660
0.030,13659
0.030,13658
0.030,13657
0.030,13656
0.030,13655
0.030,13654
0.030,13653
0.030,13652
0.030,13651
0.030,13650
0.030,13649
0.030,13648
0.030,13647
0.030,13646
0.030,13645
0.030,13644
0.030,13643
0.030,13642
0.030,13641
0.030,13640
0.030,13639
0.030,13638
0.031,13637
0.031,13636
0.031,13635
0.031,13634
0.031,13633
0.031,13632
0.031,13631
0.031,13630
0.031,13629
0.031,13628
0.031,13627
0.031,13626
0.031,13625
0.031,13624
0.031,13623
0.031,13622
0.031,13621
0.031,13620
0.031,13619
0.031,13618
0.031,13617
0.031,13616
0.031,13615
0.031,13614
0.031,13613
0.031,13612
0.031,13611
0.031,13610
0.031,13609
0.031,13608
0.031,13607
0.031,13606
0.031,13605
0.031,13604
0.031,13603
0.031,13602
0.031,13601
0.031,13600
0.031,13599
0.032,13598
0.032,13597
0.032,13596
0.032,13595
0.032,13594
0.032,13593
0.032,13592
0.032,13591
0.032,13590
0.032,13589
0.032,13588
0.032,13587
0.032,13586
0.032,13585
0.032,13584
0.032,13583
0.032,13582
0.032,13581
0.032,13580
0.032,13579
0.032,13578
0.032,13577
0.032,13576
0.032,13575
0.032,13574
0.032,13573
0.033,13572
0.033,13571
0.033,13570
0.033,13569
0.033,13568
0.033,13567
0.033,13566
0.033,13565
0.033,13564
0.033,13563
0.033,13562
0.033,13561
0.033,13560
0.033,13559
0.033,13558
0.033,13557
0.033,13556
0.033,13555
0.033,13554
0.033,13553
0.033,13552
0.033,13551
0.033,13550
0.033,13549
0.033,13548
0.033,13547
0.033,13546
0.033,13545
0.033,13544
0.033,13543
0.033,13542
0.033,13541
0.034,13540
0.034,13539
0.034,13538
0.034,13537
0.034,13536
0.034,13535
0.034,13534
0.034,13533
0.034,13532
0.034,13531
0.034,13530
0.034,13529
0.034,13528
0.034,13527
0.034,13526
0.034,13525
0.034,13524
0.034,13523
0.034,13522
0.034,13521
0.034,13520
0.034,13519
0.034,13518
0.034,13517
0.034,13516
0.034,13515
0.034,13514
0.034,13513
0.034,13512
0.034,13511
0.034,13510
0.034,13509
0.034,13508
0.034,13507
0.034,13506
0.034,13505
0.034,13504
0.035,13503
0.035,13502
0.035,13501
0.035,13500
0.035,13499
0.035,13498
0.035,13497
0.035,13496
0.035,13495
0.035,13494
0.035,13493
0.035,13492
0.035,13491
0.035,13490
0.035,13489
0.035,13488
0.035,13487
0.035,13486
0.035,13485
0.035,13484
0.035,13483
0.035,13482
0.035,13481
0.035,13480
0.035,13479
0.035,13478
0.035,13477
0.035,13476
0.035,13475
0.035,13474
0.035,13473
0.035,13472
0.035,13471
0.035,13470
0.035,13469
0.035,13468
0.035,13467
0.036,13466
0.036,13465
0.036,13464
0.036,13463
0.036,13462
0.036,13461
0.036,13460
0.036,13459
0.036,13458
0.036,13457
0.036,13456
0.036,13455
0.036,13454
0.036,13453
0.036,13452
0.036,13451
0.036,13450
0.036,13449
0.036,13448
0.036,13447
0.036,13446
0.036,13445
0.036,13444
0.036,13443
0.036,13442
0.036,13441
0.036,13440
0.036,13439
0.036,13438
0.036,13437
0.036,13436
0.036,13435
0.036,13434
0.036,13433
0.036,13432
0.036,13431
0.037,13430
0.037,13429
0.037,13428
0.037,13427
0.037,13426
0.037,13425
0.037,13424
0.037,13423
0.037,13422
0.037,13421
0.037,13420
0.037,13419
0.037,13418
0.037,13417
0.037,13416
0.037,13415
0.037,13414
0.037,13413
0.037,13412
0.037,13411
0.037,13410
0.037,13409
0.038,13408
0.038,13407
0.038,13406
0.038,13405
0.038,13404
0.038,13403
0.038,13402
0.038,13401
0.038,13400
0.038,13399
0.038,13398
0.038,13397
0.038,13396
0.038,13395
0.038,13394
0.038,13393
0.038,13392
0.038,13391
0.038,13390
0.038,13389
0.038,13388
0.038,13387
0.038,13386
0.038,13385
0.038,13384
0.038,13383
0.038,13382
0.038,13381
0.038,13380
0.038,13379
0.038,13378
0.038,13377
0.038,13376
0.038,13375
0.038,13374
0.038,13373
0.038,13372
0.038,13371
0.038,13370
0.038,13369
0.038,13368
0.038,13367
0.038,13366
0.038,13365
0.039,13364
0.039,13363
0.039,13362
0.039,13361
0.039,13360
0.039,13359
0.039,13358
0.039,13357
0.039,13356
0.039,13355
0.039,13354
0.039,13353
0.039,13352
0.039,13351
0.039,13350
0.039,13349
0.039,13348
0.039,13347
0.039,13346
0.039,13345
0.039,13344
0.039,13343
0.039,13342
0.039,13341
0.039,13340
0.039,13339
0.039,13338
0.039,13337
0.039,13336
0.039,13335
0.039,13334
0.039,13333
0.039,13332
0.039,13331
0.039,13330
0.039,13329
0.039,13328
0.039,13327
0.039,13326
0.039,13325
0.039,13324
0.039,13323
0.039,13322
0.040,13321
0.040,13320
0.040,13319
0.040,13318
0.040,13317
0.040,13316
0.040,13315
0.040,13314
0.040,13313
0.040,13312
0.040,13311
0.040,13310
0.040,13309
0.040,13308
0.040,13307
0.040,13306
0.040,13305
0.040,13304
0.040,13303
0.040,13302
0.040,13301
0.040,13300
0.040,13299
0.040,13298
0.040,13297
0.040,13296
0.040,13295
0.040,13294
0.040,13293
0.040,13292
0.040,13291
0.040,13290
0.040,13289
0.040,13288
0.040,13287
0.040,13286
0.040,13285
0.040,13284
0.040,13283
0.040,13282
0.040,13281
0.040,13280
0.040,13279
0.040,13278
0.040,13277
0.040,13276
0.040,13275
0.040,13274
0.040,13273
0.040,13272
0.040,13271
0.040,13270
0.040,13269
0.040,13268
0.040,13267
0.041,13266
0.041,13265
0.041,13264
0.041,13263
0.041,13262
0.041,13261
0.041,13260
0.041,13259
0.041,13258
0.041,13257
0.041,13256
0.041,13255
0.041,13254
0.041,13253
0.041,13252
0.041,13251
0.041,13250
0.041,13249
0.041,13248
0.041,13247
0.041,13246
0.041,13245
0.041,13244
0.041,13243
0.041,13242
0.041,13241
0.041,13240
0.041,13239
0.041,13238
0.041,13237
0.041,13236
0.041,13235
0.041,13234
0.041,13233
0.041,13232
0.041,13231
0.041,13230
0.041,13229
0.041,13228
0.041,13227
0.041,13226
0.041,13225
0.041,13224
0.041,13223
0.041,13222
0.041,13221
0.041,13220
0.041,13219
0.041,13218
0.041,13217
0.041,13216
0.041,13215
0.041,13214
0.041,13213
0.041,13212
0.041,13211
0.041,13210
0.041,13209
0.041,13208
0.041,13207
0.041,13206
0.042,13205
0.042,13204
0.042,13203
0.042,13202
0.042,13201
0.042,13200
0.042,13199
0.042,13198
0.042,13197
0.042,13196
0.042,13195
0.042,13194
0.042,13193
0.042,13192
0.042,13191
0.042,13190
0.042,13189
0.042,13188
0.042,13187
0.042,13186
0.042,13185
0.042,13184
0.042,13183
0.042,13182
0.042,13181
0.042,13180
0.042,13179
0.042,13178
0.042,13177
0.042,13176
0.042,13175
0.042,13174
0.042,13173
0.042,13172
0.042,13171
0.042,13170
0.042,13169
0.042,13168
0.042,13167
0.042,13166
0.042,13165
0.042,13164
0.042,13163
0.042,13162
0.042,13161
0.042,13160
0.042,13159
0.042,13158
0.042,13157
0.042,13156
0.042,13155
0.042,13154
0.042,13153
0.042,13152
0.042,13151
0.042,13150
0.042,13149
0.042,13148
0.042,13147
0.042,13146
0.043,13145
0.043,13144
0.043,13143
0.043,13142
0.043,13141
0.043,13140
0.043,13139
0.043,13138
0.043,13137
0.043,13136
0.043,13135
0.043,13134
0.043,13133
0.043,13132
0.043,13131
0.043,13130
0.043,13129
0.043,13128
0.043,13127
0.043,13126
0.043,13125
0.043,13124
0.043,13123
0.043,13122
0.043,13121
0.043,13120
0.043,13119
0.043,13118
0.043,13117
0.043,13116
0.043,13115
0.043,13114
0.043,13113
0.043,13112
0.043,13111
0.043,13110
0.043,13109
0.043,13108
0.043,13107
0.043,13106
0.043,13105
0.043,13104
0.043,13103
0.043,13102
0.043,13101
0.043,13100
0.043,13099
0.043,13098
0.043,13097
0.043,13096
0.043,13095
0.043,13094
0.043,13093
0.043,13092
0.043,13091
0.043,13090
0.043,13089
0.043,13088
0.043,13087
0.043,13086
0.043,13085
0.044,13084
0.044,13083
0.044,13082
0.044,13081
0.044,13080
0.044,13079
0.044,13078
0.044,13077
0.044,13076
0.044,13075
0.044,13074
0.044,13073
0.044,13072
0.044,13071
0.044,13070
0.044,13069
0.044,13068
0.044,13067
0.044,13066
0.044,13065
0.044,13064
0.044,13063
0.044,13062
0.044,13061
0.044,13060
0.044,13059
0.044,13058
0.044,13057
0.044,13056
0.044,13055
0.044,13054
0.044,13053
0.044,13052
0.044,13051
0.044,13050
0.044,13049
0.044,13048
0.044,13047
0.044,13046
0.044,13045
0.044,13044
0.044,13043
0.044,13042
0.044,13041
0.044,13040
0.044,13039
0.044,13038
0.044,13037
0.044,13036
0.044,13035
0.044,13034
0.044,13033
0.044,13032
0.044,13031
0.044,13030
0.044,13029
0.044,13028
0.044,13027
0.044,13026
0.044,13025
0.044,13024
0.044,13023
0.044,13022
0.044,13021
0.044,13020
0.044,13019
0.045,13018
0.045,13017
0.045,13016
0.045,13015
0.045,13014
0.045,13013
0.045,13012
0.045,13011
0.045,13010
0.045,13009
0.045,13008
0.045,13007
0.045,13006
0.045,13005
0.045,13004
0.045,13003
0.045,13002
0.045,13001
0.045,13000
0.045,12999
0.045,12998
0.045,12997
0.045,12996
0.045,12995
0.045,12994
0.045,12993
0.045,12992
0.045,12991
0.045,12990
0.045,12989
0.045,12988
0.045,12987
0.045,12986
0.045,12985
0.045,12984
0.045,12983
0.045,12982
0.045,12981
0.045,12980
0.045,12979
0.045,12978
0.045,12977
0.045,12976
0.045,12975
0.045,12974
0.045,12973
0.045,12972
0.045,12971
0.045,12970
0.045,12969
0.045,12968
0.045,12967
0.045,12966
0.045,12965
0.045,12964
0.045,12963
0.045,12962
0.045,12961
0.045,12960
0.045,12959
0.045,12958
0.045,12957
0.045,12956
0.045,12955
0.045,12954
0.045,12953
0.045,12952
0.045,12951
0.045,12950
0.045,12949
0.045,12948
0.045,12947
0.046,12946
0.046,12945
0.046,12944
0.046,12943
0.046,12942
0.046,12941
0.046,12940
0.046,12939
0.046,12938
0.046,12937
0.046,12936
0.046,12935
0.046,12934
0.046,12933
0.046,12932
0.046,12931
0.046,12930
0.046,12929
0.046,12928
0.046,12927
0.046,12926
0.046,12925
0.046,12924
0.046,12923
0.046,12922
0.046,12921
0.046,12920
0.046,12919
0.046,12918
0.046,12917
0.046,12916
0.046,12915
0.046,12914
0.046,12913
0.046,12912
0.046,12911
0.046,12910
0.046,12909
0.046,12908
0.046,12907
0.046,12906
0.046,12905
0.046,12904
0.046,12903
0.046,12902
0.046,12901
0.046,12900
0.046,12899
0.046,12898
0.046,12897
0.046,12896
0.046,12895
0.046,12894
0.046,12893
0.046,12892
0.046,12891
0.046,12890
0.046,12889
0.046,12888
0.046,12887
0.046,12886
0.046,12885
0.046,12884
0.046,12883
0.046,12882
0.046,12881
0.046,12880
0.046,12879
0.046,12878
0.046,12877
0.046,12876
0.046,12875
0.046,12874
0.046,12873
0.046,12872
0.046,12871
0.046,12870
0.047,12869
0.047,12868
0.047,12867
0.047,12866
0.047,12865
0.047,12864
0.047,12863
0.047,12862
0.047,12861
0.047,12860
0.047,12859
0.047,12858
0.047,12857
0.047,12856
0.047,12855
0.047,12854
0.047,12853
0.047,12852
0.047,12851
0.047,12850
0.047,12849
0.047,12848
0.047,12847
0.047,12846
0.047,12845
0.047,12844
0.047,12843
0.047,12842
0.047,12841
0.047,12840
0.047,12839
0.047,12838
0.047,12837
0.047,12836
0.047,12835
0.047,12834
0.047,12833
0.047,12832
0.047,12831
0.047,12830
0.047,12829
0.047,12828
0.047,12827
0.047,12826
0.047,12825
0.047,12824
0.047,12823
0.047,12822
0.047,12821
0.047,12820
0.047,12819
0.047,12818
0.047,12817
0.047,12816
0.047,12815
0.047,12814
0.047,12813
0.047,12812
0.047,12811
0.047,12810
0.047,12809
0.047,12808
0.047,12807
0.047,12806
0.047,12805
0.047,12804
0.047,12803
0.047,12802
0.047,12801
0.047,12800
0.047,12799
0.047,12798
0.047,12797
0.047,12796
0.047,12795
0.047,12794
0.047,12793
0.047,12792
0.047,12791
0.047,12790
0.047,12789
0.047,12788
0.047,12787
0.047,12786
0.047,12785
0.047,12784
0.047,12783
0.047,12782
0.048,12781
0.048,12780
0.048,12779
0.048,12778
0.048,12777
0.048,12776
0.048,12775
0.048,12774
0.048,12773
0.048,12772
0.048,12771
0.048,12770
0.048,12769
0.048,12768
0.048,12767
0.048,12766
0.048,12765
0.048,12764
0.048,12763
0.048,12762
0.048,12761
0.048,12760
0.048,12759
0.048,12758
0.048,12757
0.048,12756
0.048,12755
0.048,12754
0.048,12753
0.048,12752
0.048,12751
0.048,12750
0.048,12749
0.048,12748
0.048,12747
0.048,12746
0.048,12745
0.048,12744
0.048,12743
0.048,12742
0.048,12741
0.048,12740
0.048,12739
0.048,12738
0.048,12737
0.048,12736
0.048,12735
0.048,12734
0.049,12733
0.049,12732
0.049,12731
0.049,12730
0.049,12729
0.049,12728
0.049,12727
0.049,12726
0.049,12725
0.049,12724
0.049,12723
0.049,12722
0.049,12721
0.049,12720
0.049,12719
0.049,12718
0.049,12717
0.049,12716
0.049,12715
0.049,12714
0.049,12713
0.049,12712
0.049,12711
0.049,12710
0.049,12709
0.049,12708
0.049,12707
0.049,12706
0.049,12705
0.049,12704
0.049,12703
0.049,12702
0.049,12701
0.049,12700
0.049,12699
0.049,12698
0.049,12697
0.049,12696
0.049,12695
0.049,12694
0.049,12693
0.049,12692
0.049,12691
0.049,12690
0.049,12689
0.049,12688
0.049,12687
0.049,12686
0.049,12685
0.049,12684
0.049,12683
0.049,12682
0.049,12681
0.049,12680
0.049,12679
0.049,12678
0.049,12677
0.049,12676
0.049,12675
0.049,12674
0.049,12673
0.049,12672
0.049,12671
0.049,12670
0.049,12669
0.049,12668
0.049,12667
0.049,12666
0.049,12665
0.049,12664
0.049,12663
0.049,12662
0.049,12661
0.049,12660
0.049,12659
0.049,12658
0.049,12657
0.049,12656
0.049,12655
0.049,12654
0.050,12653
0.050,12652
0.050,12651
0.050,12650
0.050,12649
0.050,12648
0.050,12647
0.050,12646
0.050,12645
0.050,12644
0.050,12643
0.050,12642
0.050,12641
0.050,12640
0.050,12639
0.050,12638
0.050,12637
0.050,12636
0.050,12635
0.050,12634
0.050,12633
0.050,12632
0.050,12631
0.050,12630
0.050,12629
0.050,12628
0.050,12627
0.050,12626
0.050,12625
0.050,12624
0.050,12623
0.050,12622
0.050,12621
0.050,12620
0.050,12619
0.050,12618
0.050,12617
0.050,12616
0.050,12615
0.050,12614
0.050,12613
0.050,12612
0.050,12611
0.050,12610
0.050,12609
0.050,12608
0.050,12607
0.050,12606
0.050,12605
0.050,12604
0.050,12603
0.050,12602
0.050,12601
0.050,12600
0.050,12599
0.050,12598
0.050,12597
0.050,12596
0.050,12595
0.050,12594
0.050,12593
0.050,12592
0.050,12591
0.050,12590
0.050,12589
0.050,12588
0.050,12587
0.050,12586
0.050,12585
0.050,12584
0.050,12583
0.050,12582
0.050,12581
0.050,12580
0.050,12579
0.050,12578
0.050,12577
0.050,12576
0.050,12575
0.050,12574
0.050,12573
0.050,12572
0.050,12571
0.050,12570
0.050,12569
0.050,12568
0.050,12567
0.050,12566
0.050,12565
0.050,12564
0.050,12563
0.050,12562
0.051,12561
0.051,12560
0.051,12559
0.051,12558
0.051,12557
0.051,12556
0.051,12555
0.051,12554
0.051,12553
0.051,12552
0.051,12551
0.051,12550
0.051,12549
0.051,12548
0.051,12547
0.051,12546
0.051,12545
0.051,12544
0.051,12543
0.051,12542
0.051,12541
0.051,12540
0.051,12539
0.051,12538
0.051,12537
0.051,12536
0.051,12535
0.051,12534
0.051,12533
0.051,12532
0.051,12531
0.051,12530
0.051,12529
0.051,12528
0.051,12527
0.051,12526
0.051,12525
0.051,12524
0.051,12523
0.051,12522
0.051,12521
0.051,12520
0.051,12519
0.051,12518
0.051,12517
0.051,12516
0.051,12515
0.051,12514
0.051,12513
0.051,12512
0.051,12511
0.051,12510
0.051,12509
0.051,12508
0.051,12507
0.051,12506
0.051,12505
0.051,12504
0.051,12503
0.051,12502
0.051,12501
0.051,12500
0.051,12499
0.051,12498
0.051,12497
0.051,12496
0.051,12495
0.051,12494
0.051,12493
0.051,12492
0.051,12491
0.051,12490
0.051,12489
0.051,12488
0.051,12487
0.051,12486
0.051,12485
0.051,12484
0.051,12483
0.051,12482
0.051,12481
0.051,12480
0.051,12479
0.051,12478
0.051,12477
0.051,12476
0.051,12475
0.051,12474
0.052,12473
0.052,12472
0.052,12471
0.052,12470
0.052,12469
0.052,12468
0.052,12467
0.052,12466
0.052,12465
0.052,12464
0.052,12463
0.052,12462
0.052,12461
0.052,12460
0.052,12459
0.052,12458
0.052,12457
0.052,12456
0.052,12455
0.052,12454
0.052,12453
0.052,12452
0.052,12451
0.052,12450
0.052,12449
0.052,12448
0.052,12447
0.052,12446
0.052,12445
0.052,12444
0.052,12443
0.052,12442
0.052,12441
0.052,12440
0.052,12439
0.052,12438
0.052,12437
0.052,12436
0.052,12435
0.052,12434
0.052,12433
0.052,12432
0.052,12431
0.052,12430
0.052,12429
0.052,12428
0.052,12427
0.052,12426
0.052,12425
0.052,12424
0.052,12423
0.052,12422
0.052,12421
0.052,12420
0.052,12419
0.052,12418
0.052,12417
0.052,12416
0.052,12415
0.052,12414
0.052,12413
0.052,12412
0.052,12411
0.052,12410
0.052,12409
0.052,12408
0.052,12407
0.052,12406
0.052,12405
0.052,12404
0.052,12403
0.052,12402
0.052,12401
0.052,12400
0.052,12399
0.052,12398
0.052,12397
0.052,12396
0.052,12395
0.052,12394
0.052,12393
0.052,12392
0.052,12391
0.052,12390
0.052,12389
0.052,12388
0.052,12387
0.052,12386
0.053,12385
0.053,12384
0.053,12383
0.053,12382
0.053,12381
0.053,12380
0.053,12379
0.053,12378
0.053,12377
0.053,12376
0.053,12375
0.053,12374
0.053,12373
0.053,12372
0.053,12371
0.053,12370
0.053,12369
0.053,12368
0.053,12367
0.053,12366
0.053,12365
0.053,12364
0.053,12363
0.053,12362
0.053,12361
0.053,12360
0.053,12359
0.053,12358
0.053,12357
0.053,12356
0.053,12355
0.053,12354
0.053,12353
0.053,12352
0.053,12351
0.053,12350
0.053,12349
0.053,12348
0.053,12347
0.053,12346
0.053,12345
0.053,12344
0.053,12343
0.053,12342
0.053,12341
0.053,12340
0.053,12339
0.053,12338
0.053,12337
0.053,12336
0.053,12335
0.053,12334
0.053,12333
0.053,12332
0.053,12331
0.053,12330
0.053,12329
0.053,12328
0.053,12327
0.053,12326
0.053,12325
0.053,12324
0.053,12323
0.053,12322
0.053,12321
0.053,12320
0.053,12319
0.053,12318
0.053,12317
0.053,12316
0.053,12315
0.053,12314
0.053,12313
0.053,12312
0.053,12311
0.053,12310
0.053,12309
0.053,12308
0.053,12307
0.053,12306
0.053,12305
0.053,12304
0.053,12303
0.053,12302
0.053,12301
0.053,12300
0.053,12299
0.054,12298
0.054,12297
0.054,12296
0.054,12295
0.054,12294
0.054,12293
0.054,12292
0.054,12291
0.054,12290
0.054,12289
0.054,12288
0.054,12287
0.054,12286
0.054,12285
0.054,12284
0.054,12283
0.054,12282
0.054,12281
0.054,12280
0.054,12279
0.054,12278
0.054,12277
0.054,12276
0.054,12275
0.054,12274
0.054,12273
0.054,12272
0.054,12271
0.054,12270
0.054,12269
0.054,12268
0.054,12267
0.054,12266
0.054,12265
0.054,12264
0.054,12263
0.054,12262
0.054,12261
0.054,12260
0.054,12259
0.054,12258
0.054,12257
0.054,12256
0.054,12255
0.054,12254
0.054,12253
0.054,12252
0.054,12251
0.054,12250
0.054,12249
0.054,12248
0.054,12247
0.054,12246
0.054,12245
0.054,12244
0.054,12243
0.054,12242
0.054,12241
0.054,12240
0.054,12239
0.054,12238
0.054,12237
0.054,12236
0.054,12235
0.054,12234
0.054,12233
0.054,12232
0.054,12231
0.054,12230
0.054,12229
0.054,12228
0.054,12227
0.054,12226
0.054,12225
0.054,12224
0.054,12223
0.054,12222
0.054,12221
0.054,12220
0.054,12219
0.054,12218
0.054,12217
0.054,12216
0.054,12215
0.055,12214
0.055,12213
0.055,12212
0.055,12211
0.055,12210
0.055,12209
0.055,12208
0.055,12207
0.055,12206
0.055,12205
0.055,12204
0.055,12203
0.055,12202
0.055,12201
0.055,12200
0.055,12199
0.055,12198
0.055,12197
0.055,12196
0.055,12195
0.055,12194
0.055,12193
0.055,12192
0.055,12191
0.055,12190
0.055,12189
0.055,12188
0.055,12187
0.055,12186
0.055,12185
0.055,12184
0.055,12183
0.055,12182
0.055,12181
0.055,12180
0.055,12179
0.055,12178
0.055,12177
0.055,12176
0.055,12175
0.055,12174
0.055,12173
0.055,12172
0.055,12171
0.055,12170
0.055,12169
0.055,12168
0.055,12167
0.055,12166
0.055,12165
0.055,12164
0.055,12163
0.055,12162
0.055,12161
0.055,12160
0.055,12159
0.055,12158
0.055,12157
0.055,12156
0.055,12155
0.055,12154
0.055,12153
0.055,12152
0.055,12151
0.055,12150
0.055,12149
0.055,12148
0.055,12147
0.055,12146
0.055,12145
0.055,12144
0.055,12143
0.055,12142
0.055,12141
0.055,12140
0.055,12139
0.055,12138
0.055,12137
0.055,12136
0.055,12135
0.055,12134
0.055,12133
0.055,12132
0.055,12131
0.055,12130
0.055,12129
0.055,12128
0.055,12127
0.055,12126
0.055,12125
0.055,12124
0.056,12123
0.056,12122
0.056,12121
0.056,12120
0.056,12119
0.056,12118
0.056,12117
0.056,12116
0.056,12115
0.056,12114
0.056,12113
0.056,12112
0.056,12111
0.056,12110
0.056,12109
0.056,12108
0.056,12107
0.056,12106
0.056,12105
0.056,12104
0.056,12103
0.056,12102
0.056,12101
0.056,12100
0.056,12099
0.056,12098
0.056,12097
0.056,12096
0.056,12095
0.056,12094
0.056,12093
0.056,12092
0.056,12091
0.056,12090
0.056,12089
0.056,12088
0.056,12087
0.056,12086
0.056,12085
0.056,12084
0.056,12083
0.056,12082
0.056,12081
0.056,12080
0.056,12079
0.056,12078
0.056,12077
0.056,12076
0.056,12075
0.056,12074
0.056,12073
0.056,12072
0.056,12071
0.056,12070
0.056,12069
0.056,12068
0.056,12067
0.056,12066
0.056,12065
0.056,12064
0.056,12063
0.056,12062
0.056,12061
0.057,12060
0.057,12059
0.057,12058
0.057,12057
0.057,12056
0.057,12055
0.057,12054
0.057,12053
0.057,12052
0.057,12051
0.057,12050
0.057,12049
0.057,12048
0.057,12047
0.057,12046
0.057,12045
0.057,12044
0.057,12043
0.057,12042
0.057,12041
0.057,12040
0.057,12039
0.057,12038
0.057,12037
0.057,12036
0.057,12035
0.057,12034
0.057,12033
0.057,12032
0.057,12031
0.057,12030
0.057,12029
0.057,12028
0.057,12027
0.057,12026
0.057,12025
0.057,12024
0.057,12023
0.057,12022
0.057,12021
0.057,12020
0.057,12019
0.057,12018
0.057,12017
0.057,12016
0.057,12015
0.057,12014
0.057,12013
0.057,12012
0.057,12011
0.057,12010
0.057,12009
0.057,12008
0.057,12007
0.057,12006
0.057,12005
0.057,12004
0.057,12003
0.057,12002
0.057,12001
0.057,12000
0.057,11999
0.057,11998
0.057,11997
0.057,11996
0.057,11995
0.057,11994
0.057,11993
0.057,11992
0.057,11991
0.057,11990
0.057,11989
0.057,11988
0.057,11987
0.057,11986
0.058,11985
0.058,11984
0.058,11983
0.058,11982
0.058,11981
0.058,11980
0.058,11979
0.058,11978
0.058,11977
0.058,11976
0.058,11975
0.058,11974
0.058,11973
0.058,11972
0.058,11971
0.058,11970
0.058,11969
0.058,11968
0.058,11967
0.058,11966
0.058,11965
0.058,11964
0.058,11963
0.058,11962
0.058,11961
0.058,11960
0.058,11959
0.058,11958
0.058,11957
0.058,11956
0.058,11955
0.058,11954
0.058,11953
0.058,11952
0.058,11951
0.058,11950
0.058,11949
0.058,11948
0.058,11947
0.058,11946
0.058,11945
0.058,11944
0.058,11943
0.058,11942
0.058,11941
0.058,11940
0.058,11939
0.058,11938
0.058,11937
0.058,11936
0.058,11935
0.058,11934
0.058,11933
0.058,11932
0.058,11931
0.058,11930
0.058,11929
0.058,11928
0.058,11927
0.058,11926
0.058,11925
0.058,11924
0.058,11923
0.058,11922
0.058,11921
0.058,11920
0.058,11919
0.058,11918
0.058,11917
0.058,11916
0.058,11915
0.058,11914
0.058,11913
0.058,11912
0.058,11911
0.058,11910
0.058,11909
0.058,11908
0.058,11907
0.058,11906
0.058,11905
0.058,11904
0.058,11903
0.058,11902
0.058,11901
0.058,11900
0.058,11899
0.058,11898
0.058,11897
0.058,11896
0.058,11895
0.058,11894
0.058,11893
0.058,11892
0.058,11891
0.058,11890
0.059,11889
0.059,11888
0.059,11887
0.059,11886
0.059,11885
0.059,11884
0.059,11883
0.059,11882
0.059,11881
0.059,11880
0.059,11879
0.059,11878
0.059,11877
0.059,11876
0.059,11875
0.059,11874
0.059,11873
0.059,11872
0.059,11871
0.059,11870
0.059,11869
0.059,11868
0.059,11867
0.059,11866
0.059,11865
0.059,11864
0.059,11863
0.059,11862
0.059,11861
0.059,11860
0.059,11859
0.059,11858
0.059,11857
0.059,11856
0.059,11855
0.059,11854
0.059,11853
0.059,11852
0.059,11851
0.059,11850
0.059,11849
0.059,11848
0.059,11847
0.059,11846
0.059,11845
0.059,11844
0.059,11843
0.059,11842
0.059,11841
0.059,11840
0.059,11839
0.059,11838
0.059,11837
0.059,11836
0.059,11835
0.059,11834
0.059,11833
0.059,11832
0.059,11831
0.059,11830
0.059,11829
0.059,11828
0.059,11827
0.059,11826
0.059,11825
0.059,11824
0.059,11823
0.059,11822
0.059,11821
0.059,11820
0.059,11819
0.059,11818
0.059,11817
0.059,11816
0.059,11815
0.059,11814
0.059,11813
0.059,11812
0.059,11811
0.059,11810
0.059,11809
0.059,11808
0.059,11807
0.059,11806
0.059,11805
0.059,11804
0.059,11803
0.060,11802
0.060,11801
0.060,11800
0.060,11799
0.060,11798
0.060,11797
0.060,11796
0.060,11795
0.060,11794
0.060,11793
0.060,11792
0.060,11791
0.060,11790
0.060,11789
0.060,11788
0.060,11787
0.060,11786
0.060,11785
0.060,11784
0.060,11783
0.060,11782
0.060,11781
0.060,11780
0.060,11779
0.060,11778
0.060,11777
0.060,11776
0.060,11775
0.060,11774
0.060,11773
0.060,11772
0.060,11771
0.060,11770
0.060,11769
0.060,11768
0.060,11767
0.060,11766
0.060,11765
0.060,11764
0.060,11763
0.060,11762
0.060,11761
0.060,11760
0.060,11759
0.060,11758
0.060,11757
0.060,11756
0.060,11755
0.060,11754
0.060,11753
0.060,11752
0.060,11751
0.060,11750
0.060,11749
0.060,11748
0.060,11747
0.060,11746
0.060,11745
0.060,11744
0.060,11743
0.060,11742
0.060,11741
0.060,11740
0.060,11739
0.060,11738
0.060,11737
0.060,11736
0.060,11735
0.060,11734
0.060,11733
0.060,11732
0.060,11731
0.060,11730
0.060,11729
0.060,11728
0.060,11727
0.060,11726
0.060,11725
0.060,11724
0.060,11723
0.060,11722
0.060,11721
0.060,11720
0.060,11719
0.060,11718
0.060,11717
0.060,11716
0.060,11715
0.060,11714
0.061,11713
0.061,11712
0.061,11711
0.061,11710
0.061,11709
0.061,11708
0.061,11707
0.061,11706
0.061,11705
0.061,11704
0.061,11703
0.061,11702
0.061,11701
0.061,11700
0.061,11699
0.061,11698
0.061,11697
0.061,11696
0.061,11695
0.061,11694
0.061,11693
0.061,11692
0.061,11691
0.061,11690
0.061,11689
0.061,11688
0.061,11687
0.061,11686
0.061,11685
0.061,11684
0.061,11683
0.061,11682
0.061,11681
0.061,11680
0.061,11679
0.061,11678
0.061,11677
0.061,11676
0.061,11675
0.061,11674
0.061,11673
0.061,11672
0.061,11671
0.061,11670
0.061,11669
0.061,11668
0.061,11667
0.061,11666
0.061,11665
0.061,11664
0.061,11663
0.061,11662
0.061,11661
0.061,11660
0.061,11659
0.061,11658
0.061,11657
0.061,11656
0.061,11655
0.061,11654
0.061,11653
0.061,11652
0.061,11651
0.061,11650
0.061,11649
0.061,11648
0.061,11647
0.061,11646
0.061,11645
0.061,11644
0.061,11643
0.061,11642
0.061,11641
0.061,11640
0.061,11639
0.061,11638
0.061,11637
0.061,11636
0.061,11635
0.061,11634
0.061,11633
0.061,11632
0.061,11631
0.061,11630
0.061,11629
0.061,11628
0.061,11627
0.061,11626
0.061,11625
0.061,11624
0.062,11623
0.062,11622
0.062,11621
0.062,11620
0.062,11619
0.062,11618
0.062,11617
0.062,11616
0.062,11615
0.062,11614
0.062,11613
0.062,11612
0.062,11611
0.062,11610
0.062,11609
0.062,11608
0.062,11607
0.062,11606
0.062,11605
0.062,11604
0.062,11603
0.062,11602
0.062,11601
0.062,11600
0.062,11599
0.062,11598
0.062,11597
0.062,11596
0.062,11595
0.062,11594
0.062,11593
0.062,11592
0.062,11591
0.062,11590
0.062,11589
0.062,11588
0.062,11587
0.062,11586
0.062,11585
0.062,11584
0.062,11583
0.062,11582
0.062,11581
0.062,11580
0.062,11579
0.062,11578
0.062,11577
0.062,11576
0.062,11575
0.062,11574
0.062,11573
0.062,11572
0.062,11571
0.062,11570
0.062,11569
0.062,11568
0.062,11567
0.062,11566
0.062,11565
0.062,11564
0.062,11563
0.062,11562
0.062,11561
0.062,11560
0.062,11559
0.062,11558
0.062,11557
0.062,11556
0.062,11555
0.062,11554
0.062,11553
0.062,11552
0.062,11551
0.062,11550
0.062,11549
0.062,11548
0.062,11547
0.062,11546
0.062,11545
0.062,11544
0.062,11543
0.062,11542
0.062,11541
0.062,11540
0.062,11539
0.062,11538
0.062,11537
0.062,11536
0.062,11535
0.062,11534
0.062,11533
0.062,11532
0.062,11531
0.062,11530
0.063,11529
0.063,11528
0.063,11527
0.063,11526
0.063,11525
0.063,11524
0.063,11523
0.063,11522
0.063,11521
0.063,11520
0.063,11519
0.063,11518
0.063,11517
0.063,11516
0.063,11515
0.063,11514
0.063,11513
0.063,11512
0.063,11511
0.063,11510
0.063,11509
0.063,11508
0.063,11507
0.063,11506
0.063,11505
0.063,11504
0.063,11503
0.063,11502
0.063,11501
0.063,11500
0.063,11499
0.063,11498
0.063,11497
0.063,11496
0.063,11495
0.063,11494
0.063,11493
0.063,11492
0.063,11491
0.063,11490
0.063,11489
0.063,11488
0.063,11487
0.063,11486
0.063,11485
0.063,11484
0.063,11483
0.063,11482
0.063,11481
0.063,11480
0.063,11479
0.063,11478
0.063,11477
0.063,11476
0.063,11475
0.063,11474
0.063,11473
0.063,11472
0.063,11471
0.063,11470
0.063,11469
0.063,11468
0.063,11467
0.063,11466
0.063,11465
0.063,11464
0.063,11463
0.063,11462
0.063,11461
0.063,11460
0.063,11459
0.063,11458
0.063,11457
0.063,11456
0.063,11455
0.063,11454
0.063,11453
0.063,11452
0.063,11451
0.063,11450
0.063,11449
0.063,11448
0.063,11447
0.063,11446
0.064,11445
0.064,11444
0.064,11443
0.064,11442
0.064,11441
0.064,11440
0.064,11439
0.064,11438
0.064,11437
0.064,11436
0.064,11435
0.064,11434
0.064,11433
0.064,11432
0.064,11431
0.064,11430
0.064,11429
0.064,11428
0.064,11427
0.064,11426
0.064,11425
0.064,11424
0.064,11423
0.064,11422
0.064,11421
0.064,11420
0.064,11419
0.064,11418
0.064,11417
0.064,11416
0.064,11415
0.064,11414
0.064,11413
0.064,11412
0.064,11411
0.064,11410
0.064,11409
0.064,11408
0.064,11407
0.064,11406
0.064,11405
0.064,11404
0.064,11403
0.064,11402
0.064,11401
0.064,11400
0.064,11399
0.064,11398
0.064,11397
0.064,11396
0.064,11395
0.064,11394
0.064,11393
0.064,11392
0.064,11391
0.064,11390
0.064,11389
0.064,11388
0.064,11387
0.064,11386
0.064,11385
0.064,11384
0.064,11383
0.064,11382
0.064,11381
0.064,11380
0.064,11379
0.064,11378
0.065,11377
0.065,11376
0.065,11375
0.065,11374
0.065,11373
0.065,11372
0.065,11371
0.065,11370
0.065,11369
0.065,11368
0.065,11367
0.065,11366
0.065,11365
0.065,11364
0.065,11363
0.065,11362
0.065,11361
0.065,11360
0.065,11359
0.065,11358
0.065,11357
0.065,11356
0.065,11355
0.065,11354
0.065,11353
0.065,11352
0.065,11351
0.065,11350
0.065,11349
0.065,11348
0.065,11347
0.065,11346
0.065,11345
0.065,11344
0.065,11343
0.065,11342
0.065,11341
0.065,11340
0.065,11339
0.065,11338
0.065,11337
0.065,11336
0.065,11335
0.065,11334
0.065,11333
0.065,11332
0.065,11331
0.065,11330
0.065,11329
0.065,11328
0.065,11327
0.065,11326
0.065,11325
0.065,11324
0.065,11323
0.065,11322
0.065,11321
0.065,11320
0.065,11319
0.065,11318
0.065,11317
0.065,11316
0.065,11315
0.065,11314
0.065,11313
0.065,11312
0.065,11311
0.065,11310
0.065,11309
0.065,11308
0.065,11307
0.065,11306
0.065,11305
0.065,11304
0.065,11303
0.065,11302
0.065,11301
0.065,11300
0.065,11299
0.065,11298
0.065,11297
0.065,11296
0.065,11295
0.065,11294
0.065,11293
0.065,11292
0.066,11291
0.066,11290
0.066,11289
0.066,11288
0.066,11287
0.066,11286
0.066,11285
0.066,11284
0.066,11283
0.066,11282
0.066,11281
0.066,11280
0.066,11279
0.066,11278
0.066,11277
0.066,11276
0.066,11275
0.066,11274
0.066,11273
0.066,11272
0.066,11271
0.066,11270
0.066,11269
0.066,11268
0.066,11267
0.066,11266
0.066,11265
0.066,11264
0.066,11263
0.066,11262
0.066,11261
0.066,11260
0.066,11259
0.066,11258
0.066,11257
0.066,11256
0.066,11255
0.066,11254
0.066,11253
0.066,11252
0.066,11251
0.066,11250
0.066,11249
0.066,11248
0.066,11247
0.066,11246
0.066,11245
0.066,11244
0.066,11243
0.066,11242
0.066,11241
0.066,11240
0.066,11239
0.066,11238
0.066,11237
0.066,11236
0.066,11235
0.066,11234
0.066,11233
0.066,11232
0.066,11231
0.066,11230
0.066,11229
0.066,11228
0.066,11227
0.066,11226
0.066,11225
0.066,11224
0.066,11223
0.066,11222
0.066,11221
0.066,11220
0.066,11219
0.066,11218
0.066,11217
0.066,11216
0.066,11215
0.066,11214
0.066,11213
0.066,11212
0.066,11211
0.066,11210
0.066,11209
0.066,11208
0.066,11207
0.066,11206
0.066,11205
0.066,11204
0.066,11203
0.066,11202
0.066,11201
0.066,11200
0.066,11199
0.066,11198
0.066,11197
0.066,11196
0.066,11195
0.066,11194
0.066,11193
0.066,11192
0.066,11191
0.066,11190
0.066,11189
0.066,11188
0.066,11187
0.066,11186
0.066,11185
0.066,11184
0.066,11183
0.066,11182
0.066,11181
0.066,11180
0.066,11179
0.066,11178
0.066,11177
0.066,11176
0.066,11175
0.066,11174
0.066,11173
0.066,11172
0.066,11171
0.066,11170
0.066,11169
0.066,11168
0.066,11167
0.066,11166
0.066,11165
0.066,11164
0.066,11163
0.066,11162
0.066,11161
0.066,11160
0.066,11159
0.066,11158
0.066,11157
0.066,11156
0.066,11155
0.066,11154
0.066,11153
0.066,11152
0.066,11151
0.066,11150
0.066,11149
0.066,11148
0.066,11147
0.066,11146
0.066,11145
0.066,11144
0.066,11143
0.066,11142
0.066,11141
0.066,11140
0.066,11139
0.066,11138
0.066,11137
0.066,11136
0.066,11135
0.066,11134
0.066,11133
0.067,11132
0.067,11131
0.067,11130
0.067,11129
0.067,11128
0.067,11127
0.067,11126
0.067,11125
0.067,11124
0.067,11123
0.067,11122
0.067,11121
0.067,11120
0.067,11119
0.067,11118
0.067,11117
0.067,11116
0.067,11115
0.067,11114
0.067,11113
0.067,11112
0.067,11111
0.067,11110
0.067,11109
0.067,11108
0.067,11107
0.067,11106
0.067,11105
0.067,11104
0.067,11103
0.067,11102
0.067,11101
0.067,11100
0.067,11099
0.067,11098
0.067,11097
0.067,11096
0.067,11095
0.067,11094
0.067,11093
0.067,11092
0.067,11091
0.067,11090
0.067,11089
0.067,11088
0.067,11087
0.067,11086
0.067,11085
0.067,11084
0.067,11083
0.067,11082
0.067,11081
0.067,11080
0.067,11079
0.067,11078
0.067,11077
0.067,11076
0.067,11075
0.067,11074
0.067,11073
0.067,11072
0.067,11071
0.067,11070
0.067,11069
0.067,11068
0.067,11067
0.067,11066
0.067,11065
0.067,11064
0.067,11063
0.067,11062
0.067,11061
0.067,11060
0.067,11059
0.067,11058
0.067,11057
0.067,11056
0.067,11055
0.067,11054
0.067,11053
0.067,11052
0.067,11051
0.067,11050
0.067,11049
0.067,11048
0.067,11047
0.067,11046
0.067,11045
0.067,11044
0.067,11043
0.067,11042
0.067,11041
0.067,11040
0.067,11039
0.067,11038
0.067,11037
0.067,11036
0.067,11035
0.067,11034
0.067,11033
0.068,11032
0.068,11031
0.068,11030
0.068,11029
0.068,11028
0.068,11027
0.068,11026
0.068,11025
0.068,11024
0.068,11023
0.068,11022
0.068,11021
0.068,11020
0.068,11019
0.068,11018
0.068,11017
0.068,11016
0.068,11015
0.068,11014
0.068,11013
0.068,11012
0.068,11011
0.068,11010
0.068,11009
0.068,11008
0.068,11007
0.068,11006
0.068,11005
0.068,11004
0.068,11003
0.068,11002
0.068,11001
0.068,11000
0.068,10999
0.068,10998
0.068,10997
0.068,10996
0.068,10995
0.068,10994
0.068,10993
0.068,10992
0.068,10991
0.068,10990
0.068,10989
0.068,10988
0.068,10987
0.068,10986
0.068,10985
0.068,10984
0.068,10983
0.068,10982
0.068,10981
0.068,10980
0.068,10979
0.068,10978
0.068,10977
0.068,10976
0.068,10975
0.068,10974
0.068,10973
0.068,10972
0.068,10971
0.068,10970
0.068,10969
0.068,10968
0.068,10967
0.068,10966
0.068,10965
0.068,10964
0.068,10963
0.068,10962
0.068,10961
0.068,10960
0.068,10959
0.068,10958
0.068,10957
0.068,10956
0.068,10955
0.068,10954
0.068,10953
0.068,10952
0.068,10951
0.068,10950
0.068,10949
0.068,10948
0.068,10947
0.068,10946
0.068,10945
0.068,10944
0.069,10943
0.069,10942
0.069,10941
0.069,10940
0.069,10939
0.069,10938
0.069,10937
0.069,10936
0.069,10935
0.069,10934
0.069,10933
0.069,10932
0.069,10931
0.069,10930
0.069,10929
0.069,10928
0.069,10927
0.069,10926
0.069,10925
0.069,10924
0.069,10923
0.069,10922
0.069,10921
0.069,10920
0.069,10919
0.069,10918
0.069,10917
0.069,10916
0.069,10915
0.069,10914
0.069,10913
0.069,10912
0.069,10911
0.069,10910
0.069,10909
0.069,10908
0.069,10907
0.069,10906
0.069,10905
0.069,10904
0.069,10903
0.069,10902
0.069,10901
0.069,10900
0.069,10899
0.069,10898
0.069,10897
0.069,10896
0.069,10895
0.069,10894
0.069,10893
0.069,10892
0.069,10891
0.069,10890
0.069,10889
0.069,10888
0.069,10887
0.069,10886
0.069,10885
0.069,10884
0.069,10883
0.069,10882
0.069,10881
0.069,10880
0.069,10879
0.069,10878
0.069,10877
0.069,10876
0.069,10875
0.069,10874
0.069,10873
0.069,10872
0.069,10871
0.069,10870
0.069,10869
0.069,10868
0.069,10867
0.069,10866
0.069,10865
0.069,10864
0.069,10863
0.069,10862
0.069,10861
0.069,10860
0.069,10859
0.069,10858
0.069,10857
0.069,10856
0.069,10855
0.069,10854
0.069,10853
0.069,10852
0.069,10851
0.069,10850
0.069,10849
0.069,10848
0.069,10847
0.069,10846
0.069,10845
0.069,10844
0.069,10843
0.069,10842
0.069,10841
0.069,10840
0.069,10839
0.069,10838
0.070,10837
0.070,10836
0.070,10835
0.070,10834
0.070,10833
0.070,10832
0.070,10831
0.070,10830
0.070,10829
0.070,10828
0.070,10827
0.070,10826
0.070,10825
0.070,10824
0.070,10823
0.070,10822
0.070,10821
0.070,10820
0.070,10819
0.070,10818
0.070,10817
0.070,10816
0.070,10815
0.070,10814
0.070,10813
0.070,10812
0.070,10811
0.070,10810
0.070,10809
0.070,10808
0.070,10807
0.070,10806
0.070,10805
0.070,10804
0.070,10803
0.070,10802
0.070,10801
0.070,10800
0.070,10799
0.070,10798
0.070,10797
0.070,10796
0.070,10795
0.070,10794
0.070,10793
0.070,10792
0.070,10791
0.070,10790
0.070,10789
0.070,10788
0.070,10787
0.070,10786
0.070,10785
0.070,10784
0.070,10783
0.070,10782
0.070,10781
0.070,10780
0.070,10779
0.070,10778
0.070,10777
0.070,10776
0.070,10775
0.070,10774
0.070,10773
0.070,10772
0.070,10771
0.070,10770
0.070,10769
0.070,10768
0.070,10767
0.070,10766
0.070,10765
0.070,10764
0.070,10763
0.070,10762
0.070,10761
0.070,10760
0.070,10759
0.070,10758
0.070,10757
0.070,10756
0.070,10755
0.070,10754
0.070,10753
0.070,10752
0.070,10751
0.070,10750
0.070,10749
0.070,10748
0.070,10747
0.070,10746
0.070,10745
0.070,10744
0.070,10743
0.070,10742
0.070,10741
0.070,10740
0.070,10739
0.070,10738
0.070,10737
0.070,10736
0.070,10735
0.070,10734
0.070,10733
0.070,10732
0.070,10731
0.070,10730
0.070,10729
0.070,10728
0.070,10727
0.070,10726
0.070,10725
0.070,10724
0.070,10723
0.070,10722
0.070,10721
0.070,10720
0.070,10719
0.070,10718
0.070,10717
0.070,10716
0.070,10715
0.070,10714
0.070,10713
0.070,10712
0.070,10711
0.071,10710
0.071,10709
0.071,10708
0.071,10707
0.071,10706
0.071,10705
0.071,10704
0.071,10703
0.071,10702
0.071,10701
0.071,10700
0.071,10699
0.071,10698
0.071,10697
0.071,10696
0.071,10695
0.071,10694
0.071,10693
0.071,10692
0.071,10691
0.071,10690
0.071,10689
0.071,10688
0.071,10687
0.071,10686
0.071,10685
0.071,10684
0.071,10683
0.071,10682
0.071,10681
0.071,10680
0.071,10679
0.071,10678
0.071,10677
0.071,10676
0.071,10675
0.071,10674
0.071,10673
0.071,10672
0.071,10671
0.071,10670
0.071,10669
0.071,10668
0.071,10667
0.071,10666
0.071,10665
0.071,10664
0.071,10663
0.071,10662
0.071,10661
0.071,10660
0.071,10659
0.071,10658
0.071,10657
0.071,10656
0.071,10655
0.071,10654
0.071,10653
0.071,10652
0.071,10651
0.071,10650
0.071,10649
0.071,10648
0.071,10647
0.071,10646
0.071,10645
0.071,10644
0.071,10643
0.071,10642
0.071,10641
0.071,10640
0.071,10639
0.071,10638
0.071,10637
0.071,10636
0.071,10635
0.071,10634
0.071,10633
0.071,10632
0.071,10631
0.071,10630
0.071,10629
0.071,10628
0.071,10627
0.071,10626
0.072,10625
0.072,10624
0.072,10623
0.072,10622
0.072,10621
0.072,10620
0.072,10619
0.072,10618
0.072,10617
0.072,10616
0.072,10615
0.072,10614
0.072,10613
0.072,10612
0.072,10611
0.072,10610
0.072,10609
0.072,10608
0.072,10607
0.072,10606
0.072,10605
0.072,10604
0.072,10603
0.072,10602
0.072,10601
0.072,10600
0.072,10599
0.072,10598
0.072,10597
0.072,10596
0.072,10595
0.072,10594
0.072,10593
0.072,10592
0.072,10591
0.072,10590
0.072,10589
0.072,10588
0.072,10587
0.072,10586
0.072,10585
0.072,10584
0.072,10583
0.072,10582
0.072,10581
0.072,10580
0.072,10579
0.072,10578
0.072,10577
0.072,10576
0.072,10575
0.072,10574
0.072,10573
0.072,10572
0.072,10571
0.072,10570
0.072,10569
0.072,10568
0.072,10567
0.072,10566
0.072,10565
0.072,10564
0.072,10563
0.072,10562
0.072,10561
0.072,10560
0.072,10559
0.072,10558
0.072,10557
0.072,10556
0.072,10555
0.072,10554
0.072,10553
0.072,10552
0.072,10551
0.072,10550
0.072,10549
0.072,10548
0.072,10547
0.072,10546
0.072,10545
0.072,10544
0.072,10543
0.072,10542
0.072,10541
0.072,10540
0.072,10539
0.072,10538
0.072,10537
0.072,10536
0.072,10535
0.072,10534
0.072,10533
0.072,10532
0.072,10531
0.072,10530
0.072,10529
0.072,10528
0.072,10527
0.072,10526
0.072,10525
0.072,10524
0.072,10523
0.072,10522
0.072,10521
0.072,10520
0.072,10519
0.072,10518
0.072,10517
0.072,10516
0.072,10515
0.072,10514
0.072,10513
0.072,10512
0.072,10511
0.072,10510
0.072,10509
0.072,10508
0.072,10507
0.072,10506
0.072,10505
0.072,10504
0.072,10503
0.072,10502
0.072,10501
0.072,10500
0.072,10499
0.072,10498
0.072,10497
0.072,10496
0.072,10495
0.072,10494
0.072,10493
0.072,10492
0.072,10491
0.072,10490
0.072,10489
0.072,10488
0.072,10487
0.072,10486
0.072,10485
0.072,10484
0.072,10483
0.072,10482
0.072,10481
0.072,10480
0.072,10479
0.072,10478
0.072,10477
0.072,10476
0.072,10475
0.072,10474
0.072,10473
0.072,10472
0.072,10471
0.072,10470
0.072,10469
0.072,10468
0.072,10467
0.072,10466
0.072,10465
0.072,10464
0.072,10463
0.072,10462
0.072,10461
0.073,10460
0.073,10459
0.073,10458
0.073,10457
0.073,10456
0.073,10455
0.073,10454
0.073,10453
0.073,10452
0.073,10451
0.073,10450
0.073,10449
0.073,10448
0.073,10447
0.073,10446
0.073,10445
0.073,10444
0.073,10443
0.073,10442
0.073,10441
0.073,10440
0.073,10439
0.073,10438
0.073,10437
0.073,10436
0.073,10435
0.073,10434
0.073,10433
0.073,10432
0.073,10431
0.073,10430
0.073,10429
0.073,10428
0.073,10427
0.073,10426
0.073,10425
0.073,10424
0.073,10423
0.073,10422
0.073,10421
0.073,10420
0.073,10419
0.073,10418
0.073,10417
0.073,10416
0.073,10415
0.073,10414
0.073,10413
0.073,10412
0.073,10411
0.073,10410
0.073,10409
0.073,10408
0.073,10407
0.073,10406
0.073,10405
0.073,10404
0.073,10403
0.073,10402
0.073,10401
0.073,10400
0.073,10399
0.073,10398
0.073,10397
0.073,10396
0.073,10395
0.073,10394
0.073,10393
0.073,10392
0.073,10391
0.073,10390
0.073,10389
0.073,10388
0.073,10387
0.073,10386
0.073,10385
0.073,10384
0.073,10383
0.073,10382
0.073,10381
0.073,10380
0.073,10379
0.073,10378
0.073,10377
0.073,10376
0.073,10375
0.073,10374
0.073,10373
0.073,10372
0.073,10371
0.073,10370
0.073,10369
0.073,10368
0.073,10367
0.073,10366
0.073,10365
0.073,10364
0.073,10363
0.073,10362
0.073,10361
0.073,10360
0.073,10359
0.073,10358
0.073,10357
0.073,10356
0.073,10355
0.073,10354
0.073,10353
0.073,10352
0.073,10351
0.073,10350
0.073,10349
0.073,10348
0.073,10347
0.073,10346
0.073,10345
0.073,10344
0.073,10343
0.073,10342
0.073,10341
0.073,10340
0.073,10339
0.073,10338
0.073,10337
0.073,10336
0.073,10335
0.073,10334
0.073,10333
0.073,10332
0.073,10331
0.073,10330
0.073,10329
0.073,10328
0.073,10327
0.073,10326
0.073,10325
0.073,10324
0.073,10323
0.073,10322
0.073,10321
0.073,10320
0.073,10319
0.073,10318
0.073,10317
0.073,10316
0.073,10315
0.073,10314
0.073,10313
0.073,10312
0.073,10311
0.073,10310
0.073,10309
0.073,10308
0.073,10307
0.073,10306
0.073,10305
0.073,10304
0.073,10303
0.073,10302
0.073,10301
0.073,10300
0.073,10299
0.073,10298
0.073,10297
0.073,10296
0.073,10295
0.073,10294
0.073,10293
0.073,10292
0.073,10291
0.073,10290
0.073,10289
0.073,10288
0.073,10287
0.073,10286
0.073,10285
0.073,10284
0.073,10283
0.073,10282
0.073,10281
0.073,10280
0.073,10279
0.073,10278
0.073,10277
0.073,10276
0.073,10275
0.074,10274
0.074,10273
0.074,10272
0.074,10271
0.074,10270
0.074,10269
0.074,10268
0.074,10267
0.074,10266
0.074,10265
0.074,10264
0.074,10263
0.074,10262
0.074,10261
0.074,10260
0.074,10259
0.074,10258
0.074,10257
0.074,10256
0.074,10255
0.074,10254
0.074,10253
0.074,10252
0.074,10251
0.074,10250
0.074,10249
0.074,10248
0.074,10247
0.074,10246
0.074,10245
0.074,10244
0.074,10243
0.074,10242
0.074,10241
0.074,10240
0.074,10239
0.074,10238
0.074,10237
0.074,10236
0.074,10235
0.074,10234
0.074,10233
0.074,10232
0.074,10231
0.074,10230
0.074,10229
0.074,10228
0.074,10227
0.074,10226
0.074,10225
0.074,10224
0.074,10223
0.074,10222
0.074,10221
0.074,10220
0.074,10219
0.074,10218
0.074,10217
0.074,10216
0.074,10215
0.074,10214
0.074,10213
0.074,10212
0.074,10211
0.074,10210
0.074,10209
0.074,10208
0.074,10207
0.074,10206
0.074,10205
0.074,10204
0.074,10203
0.074,10202
0.074,10201
0.074,10200
0.074,10199
0.074,10198
0.074,10197
0.074,10196
0.074,10195
0.074,10194
0.074,10193
0.074,10192
0.074,10191
0.074,10190
0.074,10189
0.074,10188
0.074,10187
0.074,10186
0.074,10185
0.074,10184
0.074,10183
0.074,10182
0.074,10181
0.074,10180
0.074,10179
0.074,10178
0.074,10177
0.074,10176
0.074,10175
0.074,10174
0.074,10173
0.074,10172
0.074,10171
0.074,10170
0.074,10169
0.074,10168
0.074,10167
0.074,10166
0.074,10165
0.074,10164
0.074,10163
0.074,10162
0.074,10161
0.074,10160
0.074,10159
0.074,10158
0.074,10157
0.074,10156
0.074,10155
0.074,10154
0.074,10153
0.074,10152
0.074,10151
0.074,10150
0.074,10149
0.074,10148
0.074,10147
0.074,10146
0.074,10145
0.074,10144
0.074,10143
0.074,10142
0.074,10141
0.074,10140
0.074,10139
0.074,10138
0.074,10137
0.074,10136
0.074,10135
0.074,10134
0.074,10133
0.074,10132
0.074,10131
0.074,10130
0.074,10129
0.074,10128
0.074,10127
0.074,10126
0.074,10125
0.074,10124
0.074,10123
0.074,10122
0.074,10121
0.074,10120
0.074,10119
0.074,10118
0.074,10117
0.074,10116
0.074,10115
0.074,10114
0.074,10113
0.074,10112
0.074,10111
0.074,10110
0.074,10109
0.074,10108
0.074,10107
0.074,10106
0.074,10105
0.074,10104
0.074,10103
0.074,10102
0.074,10101
0.074,10100
0.074,10099
0.074,10098
0.074,10097
0.074,10096
0.074,10095
0.074,10094
0.074,10093
0.074,10092
0.074,10091
0.075,10090
0.075,10089
0.075,10088
0.075,10087
0.075,10086
0.075,10085
0.075,10084
0.075,10083
0.075,10082
0.075,10081
0.075,10080
0.075,10079
0.075,10078
0.075,10077
0.075,10076
0.075,10075
0.075,10074
0.075,10073
0.075,10072
0.075,10071
0.075,10070
0.075,10069
0.075,10068
0.075,10067
0.075,10066
0.075,10065
0.075,10064
0.075,10063
0.075,10062
0.075,10061
0.075,10060
0.075,10059
0.075,10058
0.075,10057
0.075,10056
0.075,10055
0.075,10054
0.075,10053
0.075,10052
0.075,10051
0.075,10050
0.075,10049
0.075,10048
0.075,10047
0.075,10046
0.075,10045
0.075,10044
0.075,10043
0.075,10042
0.075,10041
0.075,10040
0.075,10039
0.075,10038
0.075,10037
0.075,10036
0.075,10035
0.075,10034
0.075,10033
0.075,10032
0.075,10031
0.075,10030
0.075,10029
0.075,10028
0.075,10027
0.075,10026
0.075,10025
0.075,10024
0.075,10023
0.075,10022
0.075,10021
0.075,10020
0.075,10019
0.075,10018
0.075,10017
0.075,10016
0.075,10015
0.075,10014
0.075,10013
0.075,10012
0.075,10011
0.075,10010
0.075,10009
0.075,10008
0.075,10007
0.075,10006
0.075,10005
0.075,10004
0.075,10003
0.075,10002
0.076,10001
0.076,10000
0.076,9999
0.076,9998
0.076,9997
0.076,9996
0.076,9995
0.076,9994
0.076,9993
0.076,9992
0.076,9991
0.076,9990
0.076,9989
0.076,9988
0.076,9987
0.076,9986
0.076,9985
0.076,9984
0.076,9983
0.076,9982
0.076,9981
0.076,9980
0.076,9979
0.076,9978
0.076,9977
0.076,9976
0.076,9975
0.076,9974
0.076,9973
0.076,9972
0.076,9971
0.076,9970
0.076,9969
0.076,9968
0.076,9967
0.076,9966
0.076,9965
0.076,9964
0.076,9963
0.076,9962
0.076,9961
0.076,9960
0.076,9959
0.076,9958
0.076,9957
0.076,9956
0.076,9955
0.076,9954
0.076,9953
0.076,9952
0.076,9951
0.076,9950
0.076,9949
0.076,9948
0.076,9947
0.076,9946
0.076,9945
0.076,9944
0.076,9943
0.076,9942
0.076,9941
0.076,9940
0.076,9939
0.076,9938
0.076,9937
0.076,9936
0.076,9935
0.076,9934
0.076,9933
0.076,9932
0.076,9931
0.076,9930
0.076,9929
0.076,9928
0.076,9927
0.076,9926
0.076,9925
0.076,9924
0.076,9923
0.076,9922
0.076,9921
0.076,9920
0.076,9919
0.076,9918
0.076,9917
0.077,9916
0.077,9915
0.077,9914
0.077,9913
0.077,9912
0.077,9911
0.077,9910
0.077,9909
0.077,9908
0.077,9907
0.077,9906
0.077,9905
0.077,9904
0.077,9903
0.077,9902
0.077,9901
0.077,9900
0.077,9899
0.077,9898
0.077,9897
0.077,9896
0.077,9895
0.077,9894
0.077,9893
0.077,9892
0.077,9891
0.077,9890
0.077,9889
0.077,9888
0.077,9887
0.077,9886
0.077,9885
0.077,9884
0.077,9883
0.077,9882
0.077,9881
0.077,9880
0.077,9879
0.077,9878
0.077,9877
0.077,9876
0.077,9875
0.077,9874
0.077,9873
0.077,9872
0.077,9871
0.077,9870
0.077,9869
0.077,9868
0.077,9867
0.077,9866
0.077,9865
0.077,9864
0.077,9863
0.077,9862
0.077,9861
0.077,9860
0.077,9859
0.077,9858
0.077,9857
0.077,9856
0.077,9855
0.077,9854
0.077,9853
0.077,9852
0.077,9851
0.077,9850
0.077,9849
0.077,9848
0.078,9847
0.078,9846
0.078,9845
0.078,9844
0.078,9843
0.078,9842
0.078,9841
0.078,9840
0.078,9839
0.078,9838
0.078,9837
0.078,9836
0.078,9835
0.078,9834
0.078,9833
0.078,9832
0.078,9831
0.078,9830
0.078,9829
0.078,9828
0.078,9827
0.078,9826
0.078,9825
0.078,9824
0.078,9823
0.078,9822
0.078,9821
0.078,9820
0.078,9819
0.078,9818
0.078,9817
0.078,9816
0.078,9815
0.078,9814
0.078,9813
0.078,9812
0.078,9811
0.078,9810
0.078,9809
0.078,9808
0.078,9807
0.078,9806
0.078,9805
0.078,9804
0.078,9803
0.078,9802
0.078,9801
0.078,9800
0.078,9799
0.078,9798
0.078,9797
0.078,9796
0.078,9795
0.078,9794
0.078,9793
0.078,9792
0.078,9791
0.078,9790
0.078,9789
0.078,9788
0.078,9787
0.078,9786
0.078,9785
0.078,9784
0.078,9783
0.078,9782
0.078,9781
0.078,9780
0.078,9779
0.078,9778
0.078,9777
0.078,9776
0.078,9775
0.078,9774
0.078,9773
0.078,9772
0.079,9771
0.079,9770
0.079,9769
0.079,9768
0.079,9767
0.079,9766
0.079,9765
0.079,9764
0.079,9763
0.079,9762
0.079,9761
0.079,9760
0.079,9759
0.079,9758
0.079,9757
0.079,9756
0.079,9755
0.079,9754
0.079,9753
0.079,9752
0.079,9751
0.079,9750
0.079,9749
0.079,9748
0.079,9747
0.079,9746
0.079,9745
0.079,9744
0.079,9743
0.079,9742
0.079,9741
0.079,9740
0.079,9739
0.079,9738
0.079,9737
0.079,9736
0.079,9735
0.079,9734
0.079,9733
0.079,9732
0.079,9731
0.079,9730
0.079,9729
0.079,9728
0.079,9727
0.079,9726
0.079,9725
0.079,9724
0.079,9723
0.079,9722
0.079,9721
0.079,9720
0.079,9719
0.079,9718
0.079,9717
0.079,9716
0.079,9715
0.079,9714
0.079,9713
0.079,9712
0.079,9711
0.079,9710
0.079,9709
0.079,9708
0.079,9707
0.079,9706
0.079,9705
0.079,9704
0.079,9703
0.079,9702
0.079,9701
0.079,9700
0.079,9699
0.079,9698
0.079,9697
0.079,9696
0.079,9695
0.079,9694
0.079,9693
0.079,9692
0.079,9691
0.079,9690
0.079,9689
0.079,9688
0.079,9687
0.079,9686
0.079,9685
0.079,9684
0.079,9683
0.079,9682
0.079,9681
0.079,9680
0.079,9679
0.079,9678
0.079,9677
0.079,9676
0.079,9675
0.079,9674
0.079,9673
0.079,9672
0.079,9671
0.079,9670
0.079,9669
0.079,9668
0.079,9667
0.079,9666
0.079,9665
0.079,9664
0.079,9663
0.079,9662
0.079,9661
0.079,9660
0.080,9659
0.080,9658
0.080,9657
0.080,9656
0.080,9655
0.080,9654
0.080,9653
0.080,9652
0.080,9651
0.080,9650
0.080,9649
0.080,9648
0.080,9647
0.080,9646
0.080,9645
0.080,9644
0.080,9643
0.080,9642
0.080,9641
0.080,9640
0.080,9639
0.080,9638
0.080,9637
0.080,9636
0.080,9635
0.080,9634
0.080,9633
0.080,9632
0.080,9631
0.080,9630
0.080,9629
0.080,9628
0.080,9627
0.080,9626
0.080,9625
0.080,9624
0.080,9623
0.080,9622
0.080,9621
0.080,9620
0.080,9619
0.080,9618
0.080,9617
0.080,9616
0.080,9615
0.080,9614
0.080,9613
0.080,9612
0.080,9611
0.080,9610
0.080,9609
0.080,9608
0.080,9607
0.080,9606
0.080,9605
0.080,9604
0.080,9603
0.080,9602
0.080,9601
0.080,9600
0.080,9599
0.080,9598
0.080,9597
0.080,9596
0.080,9595
0.080,9594
0.080,9593
0.080,9592
0.080,9591
0.080,9590
0.080,9589
0.080,9588
0.080,9587
0.080,9586
0.080,9585
0.080,9584
0.080,9583
0.080,9582
0.080,9581
0.080,9580
0.080,9579
0.080,9578
0.080,9577
0.080,9576
0.080,9575
0.080,9574
0.080,9573
0.080,9572
0.080,9571
0.080,9570
0.080,9569
0.080,9568
0.080,9567
0.080,9566
0.080,9565
0.080,9564
0.080,9563
0.080,9562
0.080,9561
0.080,9560
0.080,9559
0.080,9558
0.081,9557
0.081,9556
0.081,9555
0.081,9554
0.081,9553
0.081,9552
0.081,9551
0.081,9550
0.081,9549
0.081,9548
0.081,9547
0.081,9546
0.081,9545
0.081,9544
0.081,9543
0.081,9542
0.081,9541
0.081,9540
0.081,9539
0.081,9538
0.081,9537
0.081,9536
0.081,9535
0.081,9534
0.081,9533
0.081,9532
0.081,9531
0.081,9530
0.081,9529
0.081,9528
0.081,9527
0.081,9526
0.081,9525
0.081,9524
0.081,9523
0.081,9522
0.081,9521
0.081,9520
0.081,9519
0.082,9518
0.082,9517
0.082,9516
0.082,9515
0.082,9514
0.082,9513
0.082,9512
0.082,9511
0.082,9510
0.082,9509
0.082,9508
0.082,9507
0.082,9506
0.082,9505
0.082,9504
0.082,9503
0.082,9502
0.082,9501
0.082,9500
0.082,9499
0.082,9498
0.082,9497
0.082,9496
0.082,9495
0.082,9494
0.083,9493
0.083,9492
0.083,9491
0.083,9490
0.083,9489
0.083,9488
0.083,9487
0.083,9486
0.083,9485
0.083,9484
0.083,9483
0.083,9482
0.083,9481
0.083,9480
0.083,9479
0.083,9478
0.083,9477
0.083,9476
0.083,9475
0.083,9474
0.083,9473
0.083,9472
0.083,9471
0.083,9470
0.083,9469
0.083,9468
0.083,9467
0.083,9466
0.083,9465
0.083,9464
0.083,9463
0.083,9462
0.083,9461
0.083,9460
0.083,9459
0.083,9458
0.083,9457
0.083,9456
0.083,9455
0.083,9454
0.083,9453
0.083,9452
0.083,9451
0.083,9450
0.083,9449
0.083,9448
0.083,9447
0.083,9446
0.083,9445
0.083,9444
0.083,9443
0.083,9442
0.083,9441
0.083,9440
0.083,9439
0.083,9438
0.083,9437
0.083,9436
0.083,9435
0.083,9434
0.083,9433
0.083,9432
0.083,9431
0.083,9430
0.083,9429
0.083,9428
0.083,9427
0.083,9426
0.083,9425
0.083,9424
0.084,9423
0.084,9422
0.084,9421
0.084,9420
0.084,9419
0.084,9418
0.084,9417
0.084,9416
0.084,9415
0.084,9414
0.084,9413
0.084,9412
0.084,9411
0.084,9410
0.084,9409
0.084,9408
0.084,9407
0.084,9406
0.084,9405
0.084,9404
0.084,9403
0.084,9402
0.084,9401
0.084,9400
0.084,9399
0.084,9398
0.084,9397
0.084,9396
0.084,9395
0.084,9394
0.084,9393
0.084,9392
0.084,9391
0.084,9390
0.084,9389
0.084,9388
0.084,9387
0.084,9386
0.084,9385
0.084,9384
0.084,9383
0.084,9382
0.084,9381
0.084,9380
0.084,9379
0.084,9378
0.084,9377
0.084,9376
0.084,9375
0.084,9374
0.084,9373
0.084,9372
0.084,9371
0.084,9370
0.084,9369
0.084,9368
0.084,9367
0.084,9366
0.084,9365
0.084,9364
0.084,9363
0.084,9362
0.084,9361
0.084,9360
0.084,9359
0.084,9358
0.084,9357
0.084,9356
0.084,9355
0.084,9354
0.084,9353
0.084,9352
0.084,9351
0.084,9350
0.084,9349
0.084,9348
0.084,9347
0.084,9346
0.084,9345
0.085,9344
0.085,9343
0.085,9342
0.085,9341
0.085,9340
0.085,9339
0.085,9338
0.085,9337
0.085,9336
0.085,9335
0.085,9334
0.085,9333
0.085,9332
0.085,9331
0.085,9330
0.085,9329
0.085,9328
0.085,9327
0.085,9326
0.085,9325
0.085,9324
0.085,9323
0.085,9322
0.085,9321
0.085,9320
0.085,9319
0.085,9318
0.085,9317
0.085,9316
0.085,9315
0.085,9314
0.085,9313
0.085,9312
0.085,9311
0.085,9310
0.085,9309
0.085,9308
0.085,9307
0.085,9306
0.085,9305
0.085,9304
0.085,9303
0.085,9302
0.085,9301
0.085,9300
0.085,9299
0.085,9298
0.085,9297
0.085,9296
0.085,9295
0.085,9294
0.085,9293
0.085,9292
0.085,9291
0.085,9290
0.085,9289
0.085,9288
0.085,9287
0.086,9286
0.086,9285
0.086,9284
0.086,9283
0.086,9282
0.086,9281
0.086,9280
0.086,9279
0.086,9278
0.086,9277
0.086,9276
0.086,9275
0.086,9274
0.086,9273
0.086,9272
0.086,9271
0.086,9270
0.086,9269
0.086,9268
0.086,9267
0.086,9266
0.086,9265
0.086,9264
0.086,9263
0.086,9262
0.086,9261
0.086,9260
0.086,9259
0.086,9258
0.086,9257
0.086,9256
0.086,9255
0.086,9254
0.086,9253
0.086,9252
0.086,9251
0.086,9250
0.086,9249
0.086,9248
0.086,9247
0.086,9246
0.086,9245
0.086,9244
0.086,9243
0.086,9242
0.086,9241
0.086,9240
0.086,9239
0.086,9238
0.086,9237
0.086,9236
0.086,9235
0.086,9234
0.086,9233
0.086,9232
0.086,9231
0.087,9230
0.087,9229
0.087,9228
0.087,9227
0.087,9226
0.087,9225
0.087,9224
0.087,9223
0.087,9222
0.087,9221
0.087,9220
0.087,9219
0.087,9218
0.087,9217
0.087,9216
0.087,9215
0.087,9214
0.087,9213
0.087,9212
0.087,9211
0.087,9210
0.087,9209
0.087,9208
0.087,9207
0.087,9206
0.088,9205
0.091,9204
0.091,9203
0.091,9202
0.091,9201
0.091,9200
0.091,9199
0.091,9198
0.091,9197
0.091,9196
0.091,9195
0.091,9194
0.091,9193
0.091,9192
0.091,9191
0.091,9190
0.091,9189
0.091,9188
0.091,9187
0.091,9186
0.091,9185
0.091,9184
0.091,9183
0.091,9182
0.091,9181
0.091,9180
0.091,9179
0.091,9178
0.099,9177
0.099,9176
0.099,9175
0.099,9174
0.099,9173
0.099,9172
0.099,9171
0.100,9170
0.100,9169
0.100,9168
0.100,9167
0.100,9166
0.100,9165
0.100,9164
0.100,9163
0.100,9162
0.100,9161
0.100,9160
0.100,9159
0.100,9158
0.100,9157
0.100,9156
0.100,9155
0.100,9154
0.100,9153
0.105,9152
0.105,9151
0.105,9150
0.105,9149
0.105,9148
0.105,9147
0.105,9146
0.105,9145
0.105,9144
0.105,9143
0.105,9142
0.105,9141
0.105,9140
0.105,9139
0.105,9138
0.105,9137
0.105,9136
0.105,9135
0.105,9134
0.105,9133
0.105,9132
0.105,9131
0.105,9130
0.105,9129
0.105,9128
0.105,9127
0.105,9126
0.105,9125
0.105,9124
0.105,9123
0.105,9122
0.105,9121
0.105,9120
0.105,9119
0.105,9118
0.105,9117
0.105,9116
0.105,9115
0.105,9114
0.105,9113
0.105,9112
0.105,9111
0.105,9110
0.105,9109
0.105,9108
0.106,9107
0.106,9106
0.106,9105
0.106,9104
0.106,9103
0.106,9102
0.106,9101
0.106,9100
0.106,9099
0.106,9098
0.106,9097
0.106,9096
0.106,9095
0.106,9094
0.106,9093
0.106,9092
0.106,9091
0.106,9090
0.106,9089
0.106,9088
0.106,9087
0.106,9086
0.106,9085
0.106,9084
0.106,9083
0.106,9082
0.106,9081
0.113,9080
0.113,9079
0.113,9078
0.113,9077
0.113,9076
0.113,9075
0.113,9074
0.113,9073
0.113,9072
0.113,9071
0.113,9070
0.113,9069
0.113,9068
0.113,9067
0.113,9066
0.113,9065
0.113,9064
0.113,9063
0.113,9062
0.113,9061
0.113,9060
0.113,9059
0.113,9058
0.113,9057
0.113,9056
0.113,9055
0.113,9054
0.114,9053
0.926,9052
0.926,9051
0.926,9050
0.926,9049
0.926,9048
0.926,9047
0.926,9046
0.926,9045
0.926,9044
0.926,9043
0.926,9042
0.926,9041
0.926,9040
0.926,9039
1.648,9038
1.648,9037
1.648,9036
1.648,9035
1.648,9034
1.648,9033
1.648,9032
1.648,9031
1.720,9030
1.720,9029
1.720,9028
1.720,9027
1.720,9026
1.720,9025
1.720,9024
1.720,9023
1.720,9022
1.720,9021
1.720,9020
1.720,9019
1.720,9018
1.720,9017
1.720,9016
1.720,9015
2.043,9014
2.043,9013
2.043,9012
2.043,9011
2.043,9010
2.187,9009
2.187,9008
2.187,9007
2.187,9006
2.187,9005
2.187,9004
2.187,9003
2.187,9002
2.187,9001
2.187,9000
2.187,8999
2.187,8998
2.187,8997
2.187,8996
2.187,8995
2.187,8994
2.187,8993
2.187,8992
2.187,8991
3.313,8990
3.313,8989
3.313,8988
3.313,8987
3.313,8986
3.313,8985
3.313,8984
3.313,8983
3.313,8982
3.313,8981
3.313,8980
4.033,8979
4.033,8978
4.033,8977
4.321,8976
4.321,8975
4.321,8974
4.321,8973
4.321,8972
4.322,8971
4.322,8970
4.322,8969
4.322,8968
4.322,8967
4.322,8966
4.322,8965
4.650,8964
4.650,8963
4.650,8962
4.650,8961
4.650,8960
4.650,8959
4.831,8958
4.831,8957
4.831,8956
4.831,8955
4.896,8954
4.896,8953
4.896,8952
4.896,8951
4.896,8950
4.896,8949
4.896,8948
4.896,8947
4.896,8946
4.896,8945
4.896,8944
4.896,8943
4.896,8942
4.896,8941
4.896,8940
4.896,8939
4.896,8938
4.896,8937
4.896,8936
4.896,8935
5.086,8934
5.086,8933
5.086,8932
5.086,8931
5.086,8930
5.086,8929
5.086,8928
5.086,8927
5.086,8926
5.086,8925
5.086,8924
5.086,8923
5.086,8922
5.086,8921
5.086,8920
5.086,8919
5.231,8918
5.231,8917
5.232,8916
5.232,8915
5.232,8914
5.232,8913
5.232,8912
5.232,8911
5.232,8910
5.232,8909
5.232,8908
5.232,8907
5.232,8906
5.232,8905
5.232,8904
5.232,8903
5.232,8902
5.232,8901
5.232,8900
5.232,8899
5.233,8898
5.233,8897
5.233,8896
5.233,8895
5.233,8894
5.233,8893
5.233,8892
5.233,8891
5.233,8890
5.233,8889
5.233,8888
5.662,8887
5.662,8886
5.662,8885
5.826,8884
5.826,8883
5.826,8882
5.826,8881
5.826,8880
5.826,8879
5.826,8878
5.826,8877
5.826,8876
5.826,8875
5.826,8874
5.826,8873
5.826,8872
5.826,8871
5.826,8870
5.826,8869
5.826,8868
5.826,8867
5.826,8866
5.913,8865
5.913,8864
5.913,8863
5.913,8862
5.913,8861
5.913,8860
5.913,8859
5.913,8858
5.913,8857
5.913,8856
5.913,8855
5.913,8854
5.913,8853
5.913,8852
5.913,8851
6.040,8850
6.040,8849
6.040,8848
6.040,8847
6.040,8846
6.040,8845
6.041,8844
6.041,8843
6.041,8842
6.041,8841
6.041,8840
6.135,8839
6.135,8838
6.135,8837
6.135,8836
6.135,8835
6.135,8834
6.135,8833
6.135,8832
6.135,8831
6.135,8830
6.135,8829
6.135,8828
6.135,8827
6.135,8826
6.203,8825
6.203,8824
6.203,8823
6.203,8822
6.203,8821
6.203,8820
6.203,8819
6.203,8818
6.203,8817
6.203,8816
6.203,8815
6.203,8814
6.203,8813
6.203,8812
6.423,8811
6.423,8810
6.423,8809
6.423,8808
6.423,8807
6.484,8806
6.484,8805
6.484,8804
6.484,8803
6.492,8802
6.492,8801
6.492,8800
6.492,8799
6.492,8798
6.492,8797
6.492,8796
6.492,8795
6.492,8794
6.492,8793
6.492,8792
6.492,8791
6.492,8790
6.492,8789
6.492,8788
6.492,8787
6.492,8786
6.492,8785
6.492,8784
6.492,8783
6.492,8782
6.543,8781
6.543,8780
6.543,8779
6.543,8778
6.543,8777
6.543,8776
6.543,8775
6.543,8774
6.543,8773
6.543,8772
6.543,8771
6.543,8770
6.543,8769
6.543,8768
6.543,8767
6.543,8766
6.543,8765
6.543,8764
6.543,8763
6.543,8762
6.543,8761
6.544,8760
6.692,8759
6.692,8758
6.692,8757
6.692,8756
6.692,8755
6.692,8754
6.692,8753
6.692,8752
6.692,8751
6.692,8750
6.692,8749
6.692,8748
6.692,8747
6.692,8746
6.692,8745
6.692,8744
6.692,8743
6.692,8742
6.692,8741
6.692,8740
6.692,8739
6.692,8738
6.692,8737
6.692,8736
6.692,8735
6.692,8734
6.692,8733
6.692,8732
6.692,8731
6.692,8730
6.692,8729
6.694,8728
6.694,8727
6.694,8726
6.694,8725
6.694,8724
6.694,8723
6.694,8722
6.694,8721
6.694,8720
6.694,8719
6.694,8718
6.694,8717
6.694,8716
6.694,8715
6.694,8714
6.694,8713
6.694,8712
6.694,8711
6.694,8710
6.694,8709
6.694,8708
6.694,8707
6.694,8706
6.694,8705
6.694,8704
6.694,8703
6.694,8702
6.694,8701
6.694,8700
6.694,8699
6.694,8698
6.694,8697
6.694,8696
6.695,8695
6.695,8694
6.695,8693
6.695,8692
6.695,8691
6.695,8690
6.695,8689
6.695,8688
6.695,8687
6.695,8686
6.695,8685
6.695,8684
6.695,8683
6.695,8682
6.695,8681
6.695,8680
6.695,8679
6.695,8678
6.695,8677
6.695,8676
6.695,8675
6.695,8674
6.695,8673
6.695,8672
6.695,8671
6.695,8670
6.942,8669
6.942,8668
6.942,8667
6.942,8666
6.942,8665
6.942,8664
6.942,8663
6.942,8662
6.942,8661
6.942,8660
6.942,8659
6.942,8658
6.942,8657
6.942,8656
6.942,8655
6.942,8654
6.942,8653
6.942,8652
6.942,8651
6.942,8650
6.942,8649
6.942,8648
6.942,8647
6.942,8646
6.942,8645
6.942,8644
6.942,8643
6.942,8642
6.942,8641
6.942,8640
6.942,8639
6.942,8638
6.942,8637
6.942,8636
6.942,8635
6.942,8634
6.942,8633
6.942,8632
6.942,8631
6.942,8630
6.942,8629
6.942,8628
6.942,8627
6.942,8626
6.942,8625
6.942,8624
6.942,8623
6.942,8622
6.942,8621
6.942,8620
6.942,8619
6.942,8618
6.942,8617
6.942,8616
6.942,8615
6.943,8614
6.943,8613
7.302,8612
7.302,8611
7.302,8610
7.302,8609
7.302,8608
7.302,8607
7.302,8606
7.302,8605
7.302,8604
7.302,8603
7.302,8602
7.302,8601
7.302,8600
7.302,8599
7.304,8598
7.304,8597
7.304,8596
7.304,8595
7.304,8594
7.304,8593
7.304,8592
7.304,8591
7.304,8590
7.304,8589
7.304,8588
7.304,8587
7.304,8586
7.304,8585
7.304,8584
7.304,8583
7.345,8582
7.345,8581
7.345,8580
7.345,8579
7.345,8578
7.345,8577
7.345,8576
7.345,8575
7.345,8574
7.345,8573
7.345,8572
7.345,8571
7.345,8570
7.345,8569
7.345,8568
7.345,8567
7.345,8566
7.379,8565
7.379,8564
7.380,8563
7.380,8562
7.380,8561
7.380,8560
7.380,8559
7.380,8558
7.380,8557
7.380,8556
7.380,8555
7.380,8554
7.380,8553
7.380,8552
7.395,8551
7.395,8550
7.395,8549
7.395,8548
7.395,8547
7.395,8546
7.395,8545
7.395,8544
7.395,8543
7.395,8542
7.395,8541
7.395,8540
7.395,8539
7.395,8538
7.395,8537
7.395,8536
7.395,8535
7.395,8534
7.395,8533
7.395,8532
7.395,8531
7.395,8530
7.395,8529
7.395,8528
7.395,8527
7.395,8526
7.395,8525
7.395,8524
7.396,8523
7.396,8522
7.396,8521
7.396,8520
7.396,8519
7.396,8518
7.396,8517
7.513,8516
7.513,8515
7.513,8514
7.513,8513
7.513,8512
7.513,8511
7.513,8510
7.513,8509
7.513,8508
7.513,8507
7.513,8506
7.513,8505
7.513,8504
7.513,8503
7.513,8502
7.513,8501
7.513,8500
7.513,8499
7.513,8498
7.513,8497
7.513,8496
7.513,8495
7.616,8494
7.616,8493
7.616,8492
7.616,8491
7.616,8490
7.616,8489
7.616,8488
7.616,8487
7.616,8486
7.616,8485
7.616,8484
7.616,8483
7.616,8482
7.616,8481
7.616,8480
7.616,8479
7.616,8478
7.616,8477
7.616,8476
7.616,8475
7.616,8474
7.616,8473
7.616,8472
7.616,8471
7.616,8470
7.616,8469
7.616,8468
7.653,8467
7.653,8466
7.653,8465
7.658,8464
7.658,8463
7.658,8462
7.658,8461
7.658,8460
7.658,8459
7.658,8458
7.658,8457
7.658,8456
7.658,8455
7.658,8454
7.658,8453
7.658,8452
7.658,8451
7.658,8450
7.658,8449
7.658,8448
7.658,8447
7.658,8446
7.658,8445
7.658,8444
7.658,8443
7.658,8442
7.658,8441
7.754,8440
7.754,8439
7.754,8438
7.754,8437
7.754,8436
7.754,8435
7.754,8434
7.754,8433
7.754,8432
7.754,8431
7.754,8430
7.754,8429
7.754,8428
7.754,8427
7.754,8426
7.754,8425
7.754,8424
7.754,8423
7.754,8422
7.754,8421
7.754,8420
7.793,8419
7.793,8418
7.803,8417
7.803,8416
7.803,8415
7.803,8414
7.803,8413
7.803,8412
7.803,8411
7.803,8410
7.803,8409
7.803,8408
7.803,8407
7.803,8406
7.803,8405
7.803,8404
7.803,8403
7.803,8402
7.803,8401
7.803,8400
7.803,8399
7.803,8398
7.803,8397
7.870,8396
7.870,8395
7.870,8394
7.870,8393
7.876,8392
7.876,8391
7.876,8390
7.876,8389
7.876,8388
7.876,8387
7.876,8386
7.877,8385
7.877,8384
7.877,8383
7.877,8382
7.877,8381
7.877,8380
7.877,8379
7.877,8378
7.877,8377
7.877,8376
7.877,8375
7.877,8374
7.877,8373
7.877,8372
7.877,8371
7.877,8370
7.877,8369
7.877,8368
7.877,8367
7.877,8366
7.877,8365
7.877,8364
7.877,8363
7.877,8362
7.877,8361
7.877,8360
7.877,8359
7.877,8358
7.877,8357
7.877,8356
7.877,8355
7.878,8354
7.878,8353
7.878,8352
7.878,8351
7.878,8350
7.974,8349
7.974,8348
7.974,8347
7.974,8346
8.011,8345
8.011,8344
8.011,8343
8.011,8342
8.011,8341
8.011,8340
8.011,8339
8.011,8338
8.011,8337
8.011,8336
8.024,8335
8.024,8334
8.024,8333
8.024,8332
8.024,8331
8.024,8330
8.024,8329
8.024,8328
8.024,8327
8.024,8326
8.024,8325
8.024,8324
8.024,8323
8.024,8322
8.024,8321
8.024,8320
8.024,8319
8.024,8318
8.024,8317
8.024,8316
8.024,8315
8.024,8314
8.024,8313
8.024,8312
8.024,8311
8.024,8310
8.024,8309
8.024,8308
8.024,8307
8.037,8306
8.037,8305
8.037,8304
8.037,8303
8.042,8302
8.042,8301
8.042,8300
8.042,8299
8.042,8298
8.042,8297
8.042,8296
8.042,8295
8.042,8294
8.042,8293
8.042,8292
8.042,8291
8.052,8290
8.052,8289
8.052,8288
8.052,8287
8.052,8286
8.052,8285
8.052,8284
8.052,8283
8.052,8282
8.052,8281
8.093,8280
8.093,8279
8.093,8278
8.093,8277
8.093,8276
8.093,8275
8.093,8274
8.093,8273
8.093,8272
8.093,8271
8.093,8270
8.093,8269
8.093,8268
8.093,8267
8.093,8266
8.093,8265
8.093,8264
8.093,8263
8.093,8262
8.093,8261
8.093,8260
8.093,8259
8.093,8258
8.093,8257
8.093,8256
8.093,8255
8.093,8254
8.093,8253
8.093,8252
8.093,8251
8.093,8250
8.093,8249
8.093,8248
8.093,8247
8.093,8246
8.093,8245
8.093,8244
8.093,8243
8.093,8242
8.093,8241
8.093,8240
8.093,8239
8.093,8238
8.093,8237
8.093,8236
8.093,8235
8.093,8234
8.093,8233
8.093,8232
8.093,8231
8.093,8230
8.093,8229
8.093,8228
8.093,8227
8.093,8226
8.093,8225
8.093,8224
8.093,8223
8.093,8222
8.093,8221
8.093,8220
8.093,8219
8.093,8218
8.093,8217
8.093,8216
8.094,8215
8.095,8214
8.095,8213
8.095,8212
8.192,8211
8.192,8210
8.192,8209
8.192,8208
8.192,8207
8.192,8206
8.192,8205
8.192,8204
8.192,8203
8.192,8202
8.192,8201
8.192,8200
8.192,8199
8.192,8198
8.192,8197
8.192,8196
8.192,8195
8.192,8194
8.192,8193
8.268,8192
8.268,8191
8.268,8190
8.268,8189
8.268,8188
8.268,8187
8.268,8186
8.268,8185
8.269,8184
8.269,8183
8.269,8182
8.269,8181
8.269,8180
8.269,8179
8.269,8178
8.269,8177
8.269,8176
8.269,8175
8.269,8174
8.269,8173
8.269,8172
8.269,8171
8.269,8170
8.310,8169
8.313,8168
8.354,8167
8.354,8166
8.354,8165
8.354,8164
8.354,8163
8.354,8162
8.354,8161
8.354,8160
8.354,8159
8.354,8158
8.354,8157
8.354,8156
8.354,8155
8.354,8154
8.354,8153
8.354,8152
8.354,8151
8.354,8150
8.354,8149
8.373,8148
8.373,8147
8.373,8146
8.373,8145
8.373,8144
8.373,8143
8.373,8142
8.373,8141
8.373,8140
8.373,8139
8.373,8138
8.373,8137
8.373,8136
8.373,8135
8.373,8134
8.373,8133
8.373,8132
8.373,8131
8.373,8130
8.373,8129
8.373,8128
8.373,8127
8.373,8126
8.374,8125
8.374,8124
8.374,8123
8.374,8122
8.374,8121
8.374,8120
8.374,8119
8.374,8118
8.374,8117
8.374,8116
8.374,8115
8.374,8114
8.374,8113
8.374,8112
8.374,8111
8.375,8110
8.375,8109
8.375,8108
8.375,8107
8.375,8106
8.375,8105
8.375,8104
8.375,8103
8.375,8102
8.375,8101
8.395,8100
8.395,8099
8.395,8098
8.395,8097
8.395,8096
8.395,8095
8.395,8094
8.396,8093
8.396,8092
8.396,8091
8.396,8090
8.396,8089
8.396,8088
8.396,8087
8.396,8086
8.396,8085
8.396,8084
8.396,8083
8.396,8082
8.396,8081
8.396,8080
8.396,8079
8.396,8078
8.396,8077
8.396,8076
8.396,8075
8.396,8074
8.396,8073
8.396,8072
8.396,8071
8.396,8070
8.396,8069
8.396,8068
8.396,8067
8.464,8066
8.465,8065
8.465,8064
8.465,8063
8.465,8062
8.465,8061
8.465,8060
8.465,8059
8.474,8058
8.474,8057
8.474,8056
8.474,8055
8.479,8054
8.479,8053
8.479,8052
8.479,8051
8.479,8050
8.479,8049
8.479,8048
8.490,8047
8.490,8046
8.490,8045
8.490,8044
8.490,8043
8.490,8042
8.490,8041
8.490,8040
8.490,8039
8.490,8038
8.490,8037
8.490,8036
8.490,8035
8.512,8034
8.512,8033
8.512,8032
8.512,8031
8.512,8030
8.512,8029
8.512,8028
8.512,8027
8.512,8026
8.512,8025
8.512,8024
8.512,8023
8.512,8022
8.512,8021
8.512,8020
8.512,8019
8.512,8018
8.512,8017
8.512,8016
8.512,8015
8.512,8014
8.512,8013
8.512,8012
8.512,8011
8.512,8010
8.512,8009
8.512,8008
8.512,8007
8.512,8006
8.512,8005
8.512,8004
8.555,8003
8.555,8002
8.555,8001
8.555,8000
8.555,7999
8.555,7998
8.555,7997
8.555,7996
8.555,7995
8.555,7994
8.555,7993
8.555,7992
8.555,7991
8.555,7990
8.555,7989
8.555,7988
8.555,7987
8.599,7986
8.599,7985
8.599,7984
8.599,7983
8.599,7982
8.599,7981
8.599,7980
8.620,7979
8.620,7978
8.620,7977
8.620,7976
8.620,7975
8.620,7974
8.620,7973
8.620,7972
8.620,7971
8.621,7970
8.621,7969
8.621,7968
8.621,7967
8.621,7966
8.621,7965
8.621,7964
8.621,7963
8.621,7962
8.621,7961
8.621,7960
8.622,7959
8.622,7958
8.631,7957
8.631,7956
8.631,7955
8.631,7954
8.631,7953
8.631,7952
8.631,7951
8.631,7950
8.631,7949
8.631,7948
8.631,7947
8.631,7946
8.631,7945
8.631,7944
8.654,7943
8.654,7942
8.654,7941
8.677,7940
8.677,7939
8.677,7938
8.677,7937
8.677,7936
8.677,7935
8.677,7934
8.677,7933
8.677,7932
8.677,7931
8.677,7930
8.677,7929
8.677,7928
8.677,7927
8.677,7926
8.677,7925
8.677,7924
8.677,7923
8.677,7922
8.677,7921
8.677,7920
8.677,7919
8.677,7918
8.677,7917
8.677,7916
8.677,7915
8.677,7914
8.677,7913
8.677,7912
8.677,7911
8.677,7910
8.677,7909
8.682,7908
8.682,7907
8.682,7906
8.682,7905
8.682,7904
8.682,7903
8.682,7902
8.682,7901
8.682,7900
8.682,7899
8.682,7898
8.682,7897
8.682,7896
8.682,7895
8.682,7894
8.682,7893
8.683,7892
8.683,7891
8.683,7890
8.683,7889
8.683,7888
8.683,7887
8.683,7886
8.683,7885
8.683,7884
8.683,7883
8.683,7882
8.683,7881
8.683,7880
8.683,7879
8.683,7878
8.683,7877
8.683,7876
8.683,7875
8.739,7874
8.739,7873
8.739,7872
8.739,7871
8.739,7870
8.739,7869
8.739,7868
8.744,7867
8.744,7866
8.744,7865
8.744,7864
8.744,7863
8.744,7862
8.744,7861
8.744,7860
8.760,7859
8.760,7858
8.760,7857
8.760,7856
8.760,7855
8.760,7854
8.760,7853
8.760,7852
8.760,7851
8.760,7850
8.777,7849
8.777,7848
8.777,7847
8.777,7846
8.777,7845
8.777,7844
8.777,7843
8.777,7842
8.777,7841
8.777,7840
8.777,7839
8.777,7838
8.777,7837
8.777,7836
8.777,7835
8.777,7834
8.777,7833
8.777,7832
8.777,7831
8.777,7830
8.777,7829
8.779,7828
8.779,7827
8.779,7826
8.779,7825
8.797,7824
8.797,7823
8.797,7822
8.797,7821
8.797,7820
8.797,7819
8.797,7818
8.797,7817
8.797,7816
8.797,7815
8.797,7814
8.797,7813
8.797,7812
8.797,7811
8.802,7810
8.802,7809
8.802,7808
8.802,7807
8.802,7806
8.802,7805
8.802,7804
8.802,7803
8.802,7802
8.802,7801
8.802,7800
8.802,7799
8.802,7798
8.802,7797
8.802,7796
8.802,7795
8.802,7794
8.802,7793
8.802,7792
8.803,7791
8.831,7790
8.831,7789
8.831,7788
8.831,7787
8.831,7786
8.831,7785
8.831,7784
8.831,7783
8.831,7782
8.831,7781
8.831,7780
8.831,7779
8.831,7778
8.831,7777
8.831,7776
8.831,7775
8.831,7774
8.831,7773
8.831,7772
8.831,7771
8.831,7770
8.840,7769
8.840,7768
8.840,7767
8.840,7766
8.840,7765
8.840,7764
8.840,7763
8.840,7762
8.840,7761
8.840,7760
8.840,7759
8.840,7758
8.840,7757
8.840,7756
8.840,7755
8.840,7754
8.840,7753
8.840,7752
8.840,7751
8.840,7750
8.840,7749
8.840,7748
8.840,7747
8.840,7746
8.840,7745
8.840,7744
8.840,7743
8.955,7742
8.955,7741
8.955,7740
8.955,7739
8.955,7738
8.955,7737
8.955,7736
8.955,7735
8.955,7734
8.955,7733
8.955,7732
8.955,7731
8.955,7730
8.955,7729
8.955,7728
8.955,7727
8.955,7726
8.955,7725
8.955,7724
8.955,7723
8.955,7722
8.955,7721
8.955,7720
8.955,7719
8.955,7718
8.955,7717
8.955,7716
8.955,7715
8.955,7714
8.955,7713
8.955,7712
8.955,7711
8.955,7710
8.955,7709
8.955,7708
8.957,7707
8.957,7706
8.957,7705
8.957,7704
8.957,7703
8.957,7702
8.957,7701
8.957,7700
9.005,7699
9.005,7698
9.005,7697
9.005,7696
9.005,7695
9.005,7694
9.005,7693
9.005,7692
9.005,7691
9.005,7690
9.005,7689
9.005,7688
9.005,7687
9.005,7686
9.028,7685
9.028,7684
9.028,7683
9.035,7682
9.035,7681
9.035,7680
9.035,7679
9.035,7678
9.036,7677
9.036,7676
9.036,7675
9.036,7674
9.036,7673
9.036,7672
9.036,7671
9.036,7670
9.036,7669
9.036,7668
9.046,7667
9.046,7666
9.046,7665
9.046,7664
9.046,7663
9.046,7662
9.046,7661
9.046,7660
9.046,7659
9.046,7658
9.046,7657
9.046,7656
9.046,7655
9.046,7654
9.047,7653
9.047,7652
9.048,7651
9.048,7650
9.048,7649
9.048,7648
9.048,7647
9.048,7646
9.048,7645
9.048,7644
9.050,7643
9.050,7642
9.050,7641
9.050,7640
9.050,7639
9.050,7638
9.050,7637
9.050,7636
9.050,7635
9.050,7634
9.053,7633
9.053,7632
9.053,7631
9.053,7630
9.053,7629
9.053,7628
9.053,7627
9.053,7626
9.053,7625
9.053,7624
9.053,7623
9.053,7622
9.053,7621
9.053,7620
9.053,7619
9.053,7618
9.053,7617
9.053,7616
9.053,7615
9.053,7614
9.053,7613
9.053,7612
9.053,7611
9.053,7610
9.053,7609
9.053,7608
9.096,7607
9.097,7606
9.097,7605
9.097,7604
9.097,7603
9.097,7602
9.097,7601
9.097,7600
9.097,7599
9.097,7598
9.097,7597
9.097,7596
9.097,7595
9.097,7594
9.107,7593
9.107,7592
9.107,7591
9.107,7590
9.107,7589
9.107,7588
9.107,7587
9.108,7586
9.108,7585
9.108,7584
9.108,7583
9.108,7582
9.122,7581
9.122,7580
9.122,7579
9.122,7578
9.122,7577
9.122,7576
9.122,7575
9.162,7574
9.162,7573
9.162,7572
9.162,7571
9.162,7570
9.162,7569
9.170,7568
9.170,7567
9.170,7566
9.170,7565
9.170,7564
9.171,7563
9.171,7562
9.171,7561
9.171,7560
9.171,7559
9.171,7558
9.171,7557
9.171,7556
9.171,7555
9.171,7554
9.171,7553
9.174,7552
9.174,7551
9.174,7550
9.174,7549
9.174,7548
9.174,7547
9.174,7546
9.174,7545
9.174,7544
9.174,7543
9.222,7542
9.222,7541
9.222,7540
9.222,7539
9.222,7538
9.222,7537
9.222,7536
9.222,7535
9.222,7534
9.222,7533
9.222,7532
9.222,7531
9.222,7530
9.222,7529
9.222,7528
9.222,7527
9.222,7526
9.222,7525
9.222,7524
9.222,7523
9.222,7522
9.222,7521
9.222,7520
9.223,7519
9.248,7518
9.248,7517
9.248,7516
9.248,7515
9.248,7514
9.248,7513
9.248,7512
9.248,7511
9.248,7510
9.248,7509
9.248,7508
9.248,7507
9.248,7506
9.248,7505
9.248,7504
9.248,7503
9.248,7502
9.248,7501
9.248,7500
9.248,7499
9.248,7498
9.248,7497
9.248,7496
9.250,7495
9.250,7494
9.250,7493
9.250,7492
9.250,7491
9.250,7490
9.250,7489
9.250,7488
9.250,7487
9.250,7486
9.250,7485
9.250,7484
9.250,7483
9.250,7482
9.250,7481
9.250,7480
9.250,7479
9.250,7478
9.250,7477
9.250,7476
9.251,7475
9.251,7474
9.251,7473
9.251,7472
9.251,7471
9.251,7470
9.251,7469
9.251,7468
9.251,7467
9.251,7466
9.251,7465
9.251,7464
9.251,7463
9.251,7462
9.251,7461
9.251,7460
9.251,7459
9.251,7458
9.251,7457
9.251,7456
9.251,7455
9.251,7454
9.251,7453
9.251,7452
9.251,7451
9.251,7450
9.251,7449
9.251,7448
9.251,7447
9.251,7446
9.251,7445
9.251,7444
9.251,7443
9.251,7442
9.251,7441
9.251,7440
9.251,7439
9.251,7438
9.251,7437
9.251,7436
9.251,7435
9.251,7434
9.251,7433
9.251,7432
9.251,7431
9.251,7430
9.251,7429
9.251,7428
9.318,7427
9.318,7426
9.318,7425
9.318,7424
9.318,7423
9.318,7422
9.318,7421
9.318,7420
9.318,7419
9.318,7418
9.318,7417
9.318,7416
9.318,7415
9.326,7414
9.331,7413
9.339,7412
9.339,7411
9.339,7410
9.339,7409
9.339,7408
9.339,7407
9.339,7406
9.339,7405
9.339,7404
9.339,7403
9.339,7402
9.339,7401
9.339,7400
9.339,7399
9.339,7398
9.339,7397
9.339,7396
9.339,7395
9.339,7394
9.339,7393
9.339,7392
9.339,7391
9.339,7390
9.339,7389
9.339,7388
9.339,7387
9.339,7386
9.339,7385
9.339,7384
9.339,7383
9.339,7382
9.339,7381
9.340,7380
9.340,7379
9.340,7378
9.340,7377
9.340,7376
9.340,7375
9.340,7374
9.340,7373
9.340,7372
9.340,7371
9.340,7370
9.366,7369
9.366,7368
9.366,7367
9.366,7366
9.366,7365
9.366,7364
9.366,7363
9.366,7362
9.366,7361
9.366,7360
9.403,7359
9.403,7358
9.403,7357
9.403,7356
9.403,7355
9.403,7354
9.403,7353
9.403,7352
9.403,7351
9.403,7350
9.403,7349
9.403,7348
9.403,7347
9.403,7346
9.428,7345
9.428,7344
9.428,7343
9.428,7342
9.428,7341
9.428,7340
9.440,7339
9.440,7338
9.440,7337
9.440,7336
9.440,7335
9.442,7334
9.443,7333
9.443,7332
9.443,7331
9.443,7330
9.443,7329
9.443,7328
9.443,7327
9.443,7326
9.459,7325
9.459,7324
9.459,7323
9.459,7322
9.459,7321
9.459,7320
9.459,7319
9.459,7318
9.459,7317
9.459,7316
9.459,7315
9.459,7314
9.459,7313
9.459,7312
9.459,7311
9.459,7310
9.459,7309
9.459,7308
9.459,7307
9.459,7306
9.459,7305
9.459,7304
9.459,7303
9.459,7302
9.459,7301
9.459,7300
9.459,7299
9.459,7298
9.459,7297
9.459,7296
9.459,7295
9.459,7294
9.460,7293
9.460,7292
9.460,7291
9.460,7290
9.460,7289
9.460,7288
9.460,7287
9.460,7286
9.460,7285
9.460,7284
9.460,7283
9.460,7282
9.460,7281
9.460,7280
9.460,7279
9.460,7278
9.460,7277
9.460,7276
9.460,7275
9.460,7274
9.460,7273
9.460,7272
9.484,7271
9.484,7270
9.484,7269
9.484,7268
9.484,7267
9.484,7266
9.484,7265
9.484,7264
9.510,7263
9.510,7262
9.510,7261
9.510,7260
9.531,7259
9.531,7258
9.531,7257
9.531,7256
9.531,7255
9.532,7254
9.533,7253
9.533,7252
9.533,7251
9.533,7250
9.533,7249
9.533,7248
9.533,7247
9.533,7246
9.533,7245
9.533,7244
9.533,7243
9.533,7242
9.533,7241
9.533,7240
9.533,7239
9.533,7238
9.533,7237
9.533,7236
9.533,7235
9.534,7234
9.534,7233
9.534,7232
9.534,7231
9.548,7230
9.548,7229
9.548,7228
9.548,7227
9.548,7226
9.548,7225
9.548,7224
9.548,7223
9.548,7222
9.549,7221
9.549,7220
9.549,7219
9.549,7218
9.549,7217
9.549,7216
9.549,7215
9.549,7214
9.549,7213
9.549,7212
9.549,7211
9.549,7210
9.549,7209
9.598,7208
9.598,7207
9.598,7206
9.599,7205
9.599,7204
9.599,7203
9.599,7202
9.599,7201
9.600,7200
9.600,7199
9.600,7198
9.600,7197
9.600,7196
9.600,7195
9.600,7194
9.600,7193
9.600,7192
9.600,7191
9.600,7190
9.635,7189
9.635,7188
9.635,7187
9.635,7186
9.636,7185
9.636,7184
9.636,7183
9.636,7182
9.636,7181
9.636,7180
9.636,7179
9.636,7178
9.636,7177
9.636,7176
9.636,7175
9.636,7174
9.636,7173
9.636,7172
9.638,7171
9.643,7170
9.643,7169
9.643,7168
9.643,7167
9.643,7166
9.643,7165
9.643,7164
9.643,7163
9.643,7162
9.643,7161
9.643,7160
9.643,7159
9.644,7158
9.645,7157
9.645,7156
9.646,7155
9.646,7154
9.646,7153
9.646,7152
9.646,7151
9.646,7150
9.646,7149
9.646,7148
9.646,7147
9.646,7146
9.646,7145
9.646,7144
9.646,7143
9.646,7142
9.646,7141
9.646,7140
9.646,7139
9.646,7138
9.646,7137
9.646,7136
9.646,7135
9.646,7134
9.646,7133
9.646,7132
9.646,7131
9.646,7130
9.646,7129
9.646,7128
9.646,7127
9.646,7126
9.646,7125
9.647,7124
9.706,7123
9.706,7122
9.706,7121
9.706,7120
9.706,7119
9.706,7118
9.706,7117
9.706,7116
9.706,7115
9.706,7114
9.706,7113
9.707,7112
9.707,7111
9.707,7110
9.707,7109
9.707,7108
9.707,7107
9.707,7106
9.707,7105
9.707,7104
9.707,7103
9.707,7102
9.707,7101
9.707,7100
9.707,7099
9.707,7098
9.707,7097
9.707,7096
9.707,7095
9.707,7094
9.707,7093
9.707,7092
9.707,7091
9.707,7090
9.707,7089
9.707,7088
9.707,7087
9.707,7086
9.707,7085
9.707,7084
9.707,7083
9.707,7082
9.707,7081
9.707,7080
9.707,7079
9.707,7078
9.707,7077
9.707,7076
9.707,7075
9.707,7074
9.707,7073
9.707,7072
9.707,7071
9.707,7070
9.707,7069
9.707,7068
9.707,7067
9.707,7066
9.707,7065
9.707,7064
9.707,7063
9.707,7062
9.707,7061
9.707,7060
9.707,7059
9.707,7058
9.707,7057
9.707,7056
9.707,7055
9.707,7054
9.707,7053
9.707,7052
9.707,7051
9.707,7050
9.715,7049
9.715,7048
9.715,7047
9.715,7046
9.715,7045
9.715,7044
9.715,7043
9.715,7042
9.725,7041
9.725,7040
9.725,7039
9.752,7038
9.752,7037
9.752,7036
9.752,70