0.001,14108
0.005,14107
0.006,14106
0.006,14105
0.006,14104
0.006,14103
0.006,14102
0.006,14101
0.006,14100
0.006,14099
0.007,14098
0.007,14097
0.007,14096
0.007,14095
0.007,14094
0.007,14093
0.007,14092
0.007,14091
0.007,14090
0.008,14089
0.008,14088
0.008,14087
0.008,14086
0.008,14085
0.008,14084
0.008,14083
0.008,14082
0.008,14081
0.008,14080
0.009,14079
0.009,14078
0.009,14077
0.009,14076
0.009,14075
0.009,14074
0.009,14073
0.009,14072
0.009,14071
0.009,14070
0.009,14069
0.010,14068
0.010,14067
0.010,14066
0.010,14065
0.010,14064
0.010,14063
0.010,14062
0.010,14061
0.010,14060
0.010,14059
0.010,14058
0.011,14057
0.011,14056
0.011,14055
0.011,14054
0.011,14053
0.011,14052
0.011,14051
0.011,14050
0.011,14049
0.011,14048
0.011,14047
0.011,14046
0.011,14045
0.012,14044
0.012,14043
0.012,14042
0.012,14041
0.012,14040
0.012,14039
0.012,14038
0.012,14037
0.012,14036
0.012,14035
0.012,14034
0.012,14033
0.013,14032
0.013,14031
0.013,14030
0.013,14029
0.013,14028
0.013,14027
0.013,14026
0.013,14025
0.013,14024
0.013,14023
0.013,14022
0.013,14021
0.014,14020
0.014,14019
0.014,14018
0.014,14017
0.014,14016
0.014,14015
0.014,14014
0.014,14013
0.014,14012
0.014,14011
0.014,14010
0.014,14009
0.015,14008
0.015,14007
0.015,14006
0.015,14005
0.015,14004
0.015,14003
0.015,14002
0.015,14001
0.015,14000
0.015,13999
0.015,13998
0.015,13997
0.016,13996
0.016,13995
0.016,13994
0.016,13993
0.016,13992
0.016,13991
0.016,13990
0.016,13989
0.016,13988
0.016,13987
0.016,13986
0.016,13985
0.016,13984
0.016,13983
0.017,13982
0.017,13981
0.017,13980
0.017,13979
0.017,13978
0.017,13977
0.017,13976
0.017,13975
0.017,13974
0.017,13973
0.017,13972
0.017,13971
0.018,13970
0.018,13969
0.018,13968
0.018,13967
0.018,13966
0.018,13965
0.018,13964
0.018,13963
0.018,13962
0.018,13961
0.018,13960
0.018,13959
0.018,13958
0.019,13957
0.019,13956
0.019,13955
0.019,13954
0.019,13953
0.019,13952
0.019,13951
0.019,13950
0.019,13949
0.019,13948
0.019,13947
0.019,13946
0.019,13945
0.020,13944
0.020,13943
0.020,13942
0.020,13941
0.020,13940
0.020,13939
0.020,13938
0.020,13937
0.020,13936
0.020,13935
0.020,13934
0.020,13933
0.020,13932
0.020,13931
0.020,13930
0.021,13929
0.021,13928
0.021,13927
0.021,13926
0.021,13925
0.021,13924
0.021,13923
0.021,13922
0.021,13921
0.021,13920
0.021,13919
0.021,13918
0.021,13917
0.022,13916
0.022,13915
0.022,13914
0.022,13913
0.022,13912
0.022,13911
0.022,13910
0.022,13909
0.022,13908
0.022,13907
0.022,13906
0.022,13905
0.022,13904
0.022,13903
0.022,13902
0.023,13901
0.023,13900
0.023,13899
0.023,13898
0.023,13897
0.023,13896
0.023,13895
0.023,13894
0.023,13893
0.023,13892
0.023,13891
0.023,13890
0.023,13889
0.024,13888
0.024,13887
0.024,13886
0.024,13885
0.024,13884
0.024,13883
0.024,13882
0.024,13881
0.024,13880
0.024,13879
0.024,13878
0.024,13877
0.024,13876
0.024,13875
0.024,13874
0.024,13873
0.024,13872
0.024,13871
0.025,13870
0.025,13869
0.025,13868
0.025,13867
0.025,13866
0.025,13865
0.025,13864
0.025,13863
0.025,13862
0.025,13861
0.025,13860
0.025,13859
0.025,13858
0.025,13857
0.025,13856
0.025,13855
0.026,13854
0.026,13853
0.026,13852
0.026,13851
0.026,13850
0.026,13849
0.026,13848
0.026,13847
0.026,13846
0.026,13845
0.026,13844
0.026,13843
0.026,13842
0.026,13841
0.026,13840
0.026,13839
0.026,13838
0.026,13837
0.026,13836
0.027,13835
0.027,13834
0.027,13833
0.027,13832
0.027,13831
0.027,13830
0.027,13829
0.027,13828
0.027,13827
0.027,13826
0.027,13825
0.027,13824
0.027,13823
0.027,13822
0.027,13821
0.027,13820
0.027,13819
0.027,13818
0.027,13817
0.027,13816
0.027,13815
0.027,13814
0.028,13813
0.028,13812
0.028,13811
0.028,13810
0.028,13809
0.028,13808
0.028,13807
0.028,13806
0.028,13805
0.028,13804
0.028,13803
0.028,13802
0.028,13801
0.028,13800
0.028,13799
0.028,13798
0.028,13797
0.028,13796
0.028,13795
0.028,13794
0.028,13793
0.028,13792
0.029,13791
0.029,13790
0.029,13789
0.029,13788
0.029,13787
0.029,13786
0.029,13785
0.029,13784
0.029,13783
0.029,13782
0.029,13781
0.029,13780
0.029,13779
0.029,13778
0.029,13777
0.029,13776
0.029,13775
0.029,13774
0.029,13773
0.029,13772
0.029,13771
0.029,13770
0.029,13769
0.030,13768
0.030,13767
0.030,13766
0.030,13765
0.030,13764
0.030,13763
0.030,13762
0.030,13761
0.030,13760
0.030,13759
0.030,13758
0.030,13757
0.030,13756
0.030,13755
0.030,13754
0.030,13753
0.030,13752
0.030,13751
0.030,13750
0.030,13749
0.030,13748
0.031,13747
0.031,13746
0.031,13745
0.031,13744
0.031,13743
0.031,13742
0.031,13741
0.031,13740
0.031,13739
0.031,13738
0.031,13737
0.031,13736
0.031,13735
0.031,13734
0.031,13733
0.031,13732
0.031,13731
0.031,13730
0.031,13729
0.031,13728
0.031,13727
0.032,13726
0.032,13725
0.032,13724
0.032,13723
0.032,13722
0.032,13721
0.032,13720
0.032,13719
0.032,13718
0.032,13717
0.032,13716
0.032,13715
0.032,13714
0.032,13713
0.032,13712
0.032,13711
0.032,13710
0.032,13709
0.032,13708
0.032,13707
0.032,13706
0.032,13705
0.032,13704
0.032,13703
0.033,13702
0.033,13701
0.033,13700
0.033,13699
0.033,13698
0.033,13697
0.033,13696
0.033,13695
0.033,13694
0.033,13693
0.033,13692
0.033,13691
0.033,13690
0.033,13689
0.033,13688
0.033,13687
0.033,13686
0.033,13685
0.033,13684
0.033,13683
0.033,13682
0.033,13681
0.034,13680
0.034,13679
0.034,13678
0.034,13677
0.034,13676
0.034,13675
0.034,13674
0.034,13673
0.034,13672
0.034,13671
0.034,13670
0.034,13669
0.034,13668
0.034,13667
0.034,13666
0.034,13665
0.034,13664
0.034,13663
0.034,13662
0.034,13661
0.034,13660
0.034,13659
0.034,13658
0.034,13657
0.034,13656
0.035,13655
0.035,13654
0.035,13653
0.035,13652
0.035,13651
0.035,13650
0.035,13649
0.035,13648
0.035,13647
0.035,13646
0.035,13645
0.035,13644
0.035,13643
0.035,13642
0.035,13641
0.035,13640
0.035,13639
0.035,13638
0.035,13637
0.035,13636
0.035,13635
0.035,13634
0.035,13633
0.035,13632
0.035,13631
0.036,13630
0.036,13629
0.036,13628
0.036,13627
0.036,13626
0.036,13625
0.036,13624
0.036,13623
0.036,13622
0.036,13621
0.036,13620
0.036,13619
0.036,13618
0.036,13617
0.036,13616
0.036,13615
0.036,13614
0.036,13613
0.036,13612
0.036,13611
0.036,13610
0.036,13609
0.036,13608
0.036,13607
0.036,13606
0.036,13605
0.037,13604
0.037,13603
0.037,13602
0.037,13601
0.037,13600
0.037,13599
0.037,13598
0.037,13597
0.037,13596
0.037,13595
0.037,13594
0.037,13593
0.037,13592
0.037,13591
0.037,13590
0.037,13589
0.037,13588
0.037,13587
0.037,13586
0.037,13585
0.037,13584
0.037,13583
0.037,13582
0.037,13581
0.037,13580
0.037,13579
0.037,13578
0.037,13577
0.038,13576
0.038,13575
0.038,13574
0.038,13573
0.038,13572
0.038,13571
0.038,13570
0.038,13569
0.038,13568
0.038,13567
0.038,13566
0.038,13565
0.038,13564
0.038,13563
0.038,13562
0.038,13561
0.038,13560
0.038,13559
0.038,13558
0.038,13557
0.038,13556
0.038,13555
0.038,13554
0.038,13553
0.038,13552
0.038,13551
0.038,13550
0.038,13549
0.038,13548
0.039,13547
0.039,13546
0.039,13545
0.039,13544
0.039,13543
0.039,13542
0.039,13541
0.039,13540
0.039,13539
0.039,13538
0.039,13537
0.039,13536
0.039,13535
0.039,13534
0.039,13533
0.039,13532
0.039,13531
0.039,13530
0.039,13529
0.039,13528
0.039,13527
0.039,13526
0.039,13525
0.039,13524
0.039,13523
0.039,13522
0.039,13521
0.039,13520
0.039,13519
0.040,13518
0.040,13517
0.040,13516
0.040,13515
0.040,13514
0.040,13513
0.040,13512
0.040,13511
0.040,13510
0.040,13509
0.040,13508
0.040,13507
0.040,13506
0.040,13505
0.040,13504
0.040,13503
0.040,13502
0.040,13501
0.040,13500
0.040,13499
0.040,13498
0.040,13497
0.040,13496
0.040,13495
0.040,13494
0.040,13493
0.040,13492
0.040,13491
0.040,13490
0.040,13489
0.041,13488
0.041,13487
0.041,13486
0.041,13485
0.041,13484
0.041,13483
0.041,13482
0.041,13481
0.041,13480
0.042,13479
0.042,13478
0.042,13477
0.042,13476
0.042,13475
0.042,13474
0.042,13473
0.042,13472
0.042,13471
0.042,13470
0.042,13469
0.042,13468
0.042,13467
0.042,13466
0.042,13465
0.042,13464
0.042,13463
0.042,13462
0.042,13461
0.042,13460
0.042,13459
0.042,13458
0.042,13457
0.042,13456
0.042,13455
0.042,13454
0.042,13453
0.042,13452
0.042,13451
0.042,13450
0.042,13449
0.042,13448
0.042,13447
0.043,13446
0.043,13445
0.043,13444
0.043,13443
0.043,13442
0.043,13441
0.043,13440
0.043,13439
0.043,13438
0.043,13437
0.043,13436
0.043,13435
0.043,13434
0.043,13433
0.043,13432
0.043,13431
0.043,13430
0.043,13429
0.043,13428
0.043,13427
0.043,13426
0.043,13425
0.044,13424
0.044,13423
0.044,13422
0.044,13421
0.044,13420
0.044,13419
0.044,13418
0.044,13417
0.044,13416
0.044,13415
0.044,13414
0.044,13413
0.044,13412
0.044,13411
0.044,13410
0.044,13409
0.044,13408
0.044,13407
0.044,13406
0.044,13405
0.044,13404
0.044,13403
0.044,13402
0.044,13401
0.044,13400
0.044,13399
0.044,13398
0.044,13397
0.044,13396
0.044,13395
0.044,13394
0.044,13393
0.044,13392
0.044,13391
0.044,13390
0.045,13389
0.045,13388
0.045,13387
0.045,13386
0.045,13385
0.045,13384
0.045,13383
0.045,13382
0.045,13381
0.045,13380
0.045,13379
0.045,13378
0.045,13377
0.045,13376
0.045,13375
0.045,13374
0.045,13373
0.045,13372
0.045,13371
0.045,13370
0.045,13369
0.045,13368
0.045,13367
0.045,13366
0.045,13365
0.045,13364
0.045,13363
0.045,13362
0.045,13361
0.045,13360
0.045,13359
0.045,13358
0.045,13357
0.045,13356
0.045,13355
0.045,13354
0.045,13353
0.045,13352
0.045,13351
0.045,13350
0.045,13349
0.045,13348
0.045,13347
0.046,13346
0.046,13345
0.046,13344
0.046,13343
0.046,13342
0.046,13341
0.046,13340
0.046,13339
0.046,13338
0.046,13337
0.046,13336
0.046,13335
0.046,13334
0.046,13333
0.046,13332
0.046,13331
0.046,13330
0.046,13329
0.046,13328
0.046,13327
0.046,13326
0.046,13325
0.046,13324
0.046,13323
0.046,13322
0.046,13321
0.046,13320
0.046,13319
0.046,13318
0.046,13317
0.046,13316
0.046,13315
0.046,13314
0.046,13313
0.046,13312
0.046,13311
0.046,13310
0.047,13309
0.047,13308
0.047,13307
0.047,13306
0.047,13305
0.047,13304
0.047,13303
0.047,13302
0.047,13301
0.047,13300
0.047,13299
0.047,13298
0.047,13297
0.047,13296
0.047,13295
0.047,13294
0.047,13293
0.047,13292
0.047,13291
0.047,13290
0.047,13289
0.047,13288
0.047,13287
0.047,13286
0.047,13285
0.047,13284
0.047,13283
0.047,13282
0.047,13281
0.047,13280
0.047,13279
0.047,13278
0.047,13277
0.047,13276
0.047,13275
0.047,13274
0.047,13273
0.047,13272
0.047,13271
0.047,13270
0.047,13269
0.047,13268
0.047,13267
0.047,13266
0.047,13265
0.047,13264
0.047,13263
0.047,13262
0.047,13261
0.047,13260
0.047,13259
0.047,13258
0.047,13257
0.047,13256
0.047,13255
0.047,13254
0.047,13253
0.047,13252
0.047,13251
0.048,13250
0.048,13249
0.048,13248
0.048,13247
0.048,13246
0.048,13245
0.048,13244
0.048,13243
0.048,13242
0.048,13241
0.048,13240
0.048,13239
0.048,13238
0.048,13237
0.048,13236
0.048,13235
0.048,13234
0.048,13233
0.048,13232
0.048,13231
0.048,13230
0.048,13229
0.048,13228
0.048,13227
0.048,13226
0.048,13225
0.048,13224
0.048,13223
0.048,13222
0.048,13221
0.048,13220
0.048,13219
0.048,13218
0.048,13217
0.048,13216
0.048,13215
0.048,13214
0.048,13213
0.048,13212
0.048,13211
0.048,13210
0.048,13209
0.048,13208
0.048,13207
0.048,13206
0.048,13205
0.048,13204
0.048,13203
0.048,13202
0.048,13201
0.048,13200
0.048,13199
0.048,13198
0.048,13197
0.048,13196
0.048,13195
0.048,13194
0.048,13193
0.048,13192
0.048,13191
0.048,13190
0.048,13189
0.049,13188
0.049,13187
0.049,13186
0.049,13185
0.049,13184
0.049,13183
0.049,13182
0.049,13181
0.049,13180
0.049,13179
0.049,13178
0.049,13177
0.049,13176
0.049,13175
0.049,13174
0.049,13173
0.049,13172
0.049,13171
0.049,13170
0.049,13169
0.049,13168
0.049,13167
0.049,13166
0.049,13165
0.049,13164
0.049,13163
0.049,13162
0.049,13161
0.049,13160
0.049,13159
0.049,13158
0.049,13157
0.049,13156
0.049,13155
0.049,13154
0.049,13153
0.049,13152
0.049,13151
0.049,13150
0.049,13149
0.049,13148
0.049,13147
0.049,13146
0.049,13145
0.049,13144
0.049,13143
0.049,13142
0.049,13141
0.049,13140
0.049,13139
0.049,13138
0.049,13137
0.049,13136
0.049,13135
0.049,13134
0.049,13133
0.049,13132
0.049,13131
0.049,13130
0.049,13129
0.049,13128
0.049,13127
0.049,13126
0.049,13125
0.050,13124
0.050,13123
0.050,13122
0.050,13121
0.050,13120
0.050,13119
0.050,13118
0.050,13117
0.050,13116
0.050,13115
0.050,13114
0.050,13113
0.050,13112
0.050,13111
0.050,13110
0.050,13109
0.050,13108
0.050,13107
0.050,13106
0.050,13105
0.050,13104
0.050,13103
0.050,13102
0.050,13101
0.050,13100
0.050,13099
0.050,13098
0.050,13097
0.050,13096
0.050,13095
0.050,13094
0.050,13093
0.050,13092
0.050,13091
0.050,13090
0.050,13089
0.050,13088
0.050,13087
0.050,13086
0.050,13085
0.050,13084
0.050,13083
0.050,13082
0.050,13081
0.050,13080
0.050,13079
0.050,13078
0.050,13077
0.050,13076
0.050,13075
0.050,13074
0.050,13073
0.050,13072
0.050,13071
0.050,13070
0.050,13069
0.050,13068
0.050,13067
0.050,13066
0.050,13065
0.050,13064
0.050,13063
0.050,13062
0.050,13061
0.050,13060
0.050,13059
0.050,13058
0.050,13057
0.050,13056
0.050,13055
0.050,13054
0.050,13053
0.050,13052
0.050,13051
0.051,13050
0.051,13049
0.051,13048
0.051,13047
0.051,13046
0.051,13045
0.051,13044
0.051,13043
0.051,13042
0.051,13041
0.051,13040
0.051,13039
0.051,13038
0.051,13037
0.051,13036
0.051,13035
0.051,13034
0.051,13033
0.051,13032
0.051,13031
0.051,13030
0.051,13029
0.051,13028
0.051,13027
0.051,13026
0.051,13025
0.051,13024
0.051,13023
0.051,13022
0.051,13021
0.051,13020
0.051,13019
0.051,13018
0.051,13017
0.051,13016
0.051,13015
0.051,13014
0.051,13013
0.051,13012
0.051,13011
0.051,13010
0.051,13009
0.051,13008
0.051,13007
0.051,13006
0.051,13005
0.051,13004
0.051,13003
0.051,13002
0.051,13001
0.051,13000
0.051,12999
0.051,12998
0.051,12997
0.051,12996
0.051,12995
0.051,12994
0.051,12993
0.051,12992
0.051,12991
0.051,12990
0.051,12989
0.051,12988
0.051,12987
0.051,12986
0.051,12985
0.051,12984
0.051,12983
0.051,12982
0.051,12981
0.051,12980
0.051,12979
0.051,12978
0.051,12977
0.051,12976
0.051,12975
0.051,12974
0.051,12973
0.051,12972
0.051,12971
0.051,12970
0.051,12969
0.052,12968
0.052,12967
0.052,12966
0.052,12965
0.052,12964
0.052,12963
0.052,12962
0.052,12961
0.052,12960
0.052,12959
0.052,12958
0.052,12957
0.052,12956
0.052,12955
0.052,12954
0.052,12953
0.052,12952
0.052,12951
0.052,12950
0.052,12949
0.052,12948
0.052,12947
0.052,12946
0.052,12945
0.052,12944
0.052,12943
0.052,12942
0.052,12941
0.052,12940
0.052,12939
0.052,12938
0.052,12937
0.052,12936
0.052,12935
0.052,12934
0.052,12933
0.052,12932
0.052,12931
0.052,12930
0.052,12929
0.052,12928
0.052,12927
0.052,12926
0.052,12925
0.052,12924
0.052,12923
0.052,12922
0.052,12921
0.052,12920
0.052,12919
0.052,12918
0.052,12917
0.052,12916
0.052,12915
0.052,12914
0.052,12913
0.052,12912
0.052,12911
0.052,12910
0.052,12909
0.052,12908
0.052,12907
0.052,12906
0.052,12905
0.052,12904
0.052,12903
0.052,12902
0.052,12901
0.052,12900
0.052,12899
0.052,12898
0.052,12897
0.052,12896
0.052,12895
0.052,12894
0.052,12893
0.052,12892
0.052,12891
0.052,12890
0.052,12889
0.052,12888
0.052,12887
0.052,12886
0.052,12885
0.052,12884
0.052,12883
0.053,12882
0.053,12881
0.053,12880
0.053,12879
0.053,12878
0.053,12877
0.053,12876
0.053,12875
0.053,12874
0.053,12873
0.053,12872
0.053,12871
0.053,12870
0.053,12869
0.053,12868
0.053,12867
0.053,12866
0.053,12865
0.053,12864
0.053,12863
0.053,12862
0.053,12861
0.053,12860
0.053,12859
0.053,12858
0.053,12857
0.053,12856
0.053,12855
0.053,12854
0.053,12853
0.053,12852
0.053,12851
0.053,12850
0.053,12849
0.053,12848
0.053,12847
0.053,12846
0.053,12845
0.053,12844
0.053,12843
0.053,12842
0.053,12841
0.053,12840
0.053,12839
0.053,12838
0.053,12837
0.053,12836
0.053,12835
0.053,12834
0.053,12833
0.053,12832
0.053,12831
0.053,12830
0.053,12829
0.053,12828
0.053,12827
0.053,12826
0.053,12825
0.053,12824
0.053,12823
0.053,12822
0.053,12821
0.053,12820
0.053,12819
0.053,12818
0.053,12817
0.053,12816
0.053,12815
0.053,12814
0.053,12813
0.053,12812
0.053,12811
0.053,12810
0.053,12809
0.053,12808
0.053,12807
0.053,12806
0.053,12805
0.054,12804
0.054,12803
0.054,12802
0.054,12801
0.054,12800
0.054,12799
0.054,12798
0.054,12797
0.054,12796
0.054,12795
0.054,12794
0.054,12793
0.054,12792
0.054,12791
0.054,12790
0.054,12789
0.054,12788
0.054,12787
0.054,12786
0.054,12785
0.054,12784
0.054,12783
0.054,12782
0.054,12781
0.054,12780
0.054,12779
0.054,12778
0.054,12777
0.054,12776
0.054,12775
0.054,12774
0.054,12773
0.054,12772
0.054,12771
0.054,12770
0.054,12769
0.054,12768
0.054,12767
0.054,12766
0.054,12765
0.054,12764
0.054,12763
0.054,12762
0.054,12761
0.054,12760
0.054,12759
0.054,12758
0.054,12757
0.054,12756
0.054,12755
0.054,12754
0.054,12753
0.054,12752
0.054,12751
0.054,12750
0.054,12749
0.054,12748
0.054,12747
0.054,12746
0.054,12745
0.054,12744
0.054,12743
0.055,12742
0.055,12741
0.055,12740
0.055,12739
0.055,12738
0.055,12737
0.055,12736
0.055,12735
0.055,12734
0.055,12733
0.055,12732
0.055,12731
0.055,12730
0.055,12729
0.055,12728
0.055,12727
0.055,12726
0.055,12725
0.055,12724
0.055,12723
0.055,12722
0.055,12721
0.055,12720
0.055,12719
0.055,12718
0.055,12717
0.055,12716
0.055,12715
0.055,12714
0.055,12713
0.055,12712
0.055,12711
0.055,12710
0.055,12709
0.055,12708
0.055,12707
0.055,12706
0.055,12705
0.055,12704
0.055,12703
0.055,12702
0.055,12701
0.055,12700
0.055,12699
0.055,12698
0.055,12697
0.055,12696
0.055,12695
0.055,12694
0.055,12693
0.055,12692
0.055,12691
0.055,12690
0.055,12689
0.055,12688
0.056,12687
0.056,12686
0.056,12685
0.056,12684
0.056,12683
0.056,12682
0.056,12681
0.056,12680
0.056,12679
0.056,12678
0.056,12677
0.056,12676
0.056,12675
0.056,12674
0.056,12673
0.056,12672
0.056,12671
0.056,12670
0.056,12669
0.056,12668
0.056,12667
0.056,12666
0.056,12665
0.056,12664
0.056,12663
0.056,12662
0.056,12661
0.056,12660
0.056,12659
0.056,12658
0.056,12657
0.056,12656
0.056,12655
0.056,12654
0.056,12653
0.056,12652
0.056,12651
0.056,12650
0.056,12649
0.056,12648
0.056,12647
0.056,12646
0.056,12645
0.056,12644
0.056,12643
0.056,12642
0.056,12641
0.056,12640
0.056,12639
0.056,12638
0.056,12637
0.056,12636
0.056,12635
0.056,12634
0.056,12633
0.056,12632
0.056,12631
0.056,12630
0.056,12629
0.056,12628
0.056,12627
0.056,12626
0.056,12625
0.056,12624
0.056,12623
0.056,12622
0.056,12621
0.056,12620
0.056,12619
0.056,12618
0.056,12617
0.056,12616
0.056,12615
0.056,12614
0.056,12613
0.056,12612
0.056,12611
0.056,12610
0.056,12609
0.056,12608
0.056,12607
0.056,12606
0.056,12605
0.056,12604
0.057,12603
0.057,12602
0.057,12601
0.057,12600
0.057,12599
0.057,12598
0.057,12597
0.057,12596
0.057,12595
0.057,12594
0.057,12593
0.057,12592
0.057,12591
0.057,12590
0.057,12589
0.057,12588
0.057,12587
0.057,12586
0.057,12585
0.057,12584
0.057,12583
0.057,12582
0.057,12581
0.057,12580
0.057,12579
0.057,12578
0.057,12577
0.057,12576
0.057,12575
0.057,12574
0.057,12573
0.057,12572
0.057,12571
0.057,12570
0.057,12569
0.057,12568
0.057,12567
0.057,12566
0.057,12565
0.057,12564
0.057,12563
0.057,12562
0.057,12561
0.057,12560
0.057,12559
0.057,12558
0.057,12557
0.057,12556
0.057,12555
0.057,12554
0.057,12553
0.057,12552
0.057,12551
0.057,12550
0.057,12549
0.057,12548
0.057,12547
0.057,12546
0.057,12545
0.057,12544
0.057,12543
0.057,12542
0.057,12541
0.057,12540
0.057,12539
0.057,12538
0.057,12537
0.057,12536
0.057,12535
0.057,12534
0.057,12533
0.057,12532
0.057,12531
0.057,12530
0.057,12529
0.057,12528
0.057,12527
0.057,12526
0.057,12525
0.058,12524
0.058,12523
0.058,12522
0.058,12521
0.058,12520
0.058,12519
0.058,12518
0.058,12517
0.058,12516
0.058,12515
0.058,12514
0.058,12513
0.058,12512
0.058,12511
0.058,12510
0.058,12509
0.058,12508
0.058,12507
0.058,12506
0.058,12505
0.058,12504
0.058,12503
0.058,12502
0.058,12501
0.058,12500
0.058,12499
0.058,12498
0.058,12497
0.058,12496
0.058,12495
0.058,12494
0.058,12493
0.058,12492
0.058,12491
0.058,12490
0.058,12489
0.058,12488
0.058,12487
0.058,12486
0.058,12485
0.058,12484
0.058,12483
0.058,12482
0.058,12481
0.058,12480
0.058,12479
0.058,12478
0.058,12477
0.058,12476
0.058,12475
0.058,12474
0.058,12473
0.058,12472
0.058,12471
0.058,12470
0.058,12469
0.058,12468
0.058,12467
0.058,12466
0.058,12465
0.058,12464
0.058,12463
0.058,12462
0.058,12461
0.058,12460
0.058,12459
0.058,12458
0.058,12457
0.058,12456
0.058,12455
0.058,12454
0.058,12453
0.058,12452
0.058,12451
0.058,12450
0.058,12449
0.058,12448
0.058,12447
0.058,12446
0.058,12445
0.058,12444
0.059,12443
0.059,12442
0.059,12441
0.059,12440
0.059,12439
0.059,12438
0.059,12437
0.059,12436
0.059,12435
0.059,12434
0.059,12433
0.059,12432
0.059,12431
0.059,12430
0.059,12429
0.059,12428
0.059,12427
0.059,12426
0.059,12425
0.059,12424
0.059,12423
0.059,12422
0.059,12421
0.059,12420
0.059,12419
0.059,12418
0.059,12417
0.059,12416
0.059,12415
0.059,12414
0.059,12413
0.059,12412
0.059,12411
0.059,12410
0.059,12409
0.059,12408
0.059,12407
0.059,12406
0.059,12405
0.059,12404
0.059,12403
0.059,12402
0.059,12401
0.059,12400
0.059,12399
0.059,12398
0.059,12397
0.059,12396
0.059,12395
0.059,12394
0.059,12393
0.059,12392
0.059,12391
0.059,12390
0.059,12389
0.059,12388
0.059,12387
0.059,12386
0.059,12385
0.059,12384
0.059,12383
0.059,12382
0.059,12381
0.059,12380
0.059,12379
0.059,12378
0.059,12377
0.059,12376
0.059,12375
0.059,12374
0.059,12373
0.059,12372
0.059,12371
0.059,12370
0.059,12369
0.059,12368
0.059,12367
0.059,12366
0.059,12365
0.059,12364
0.059,12363
0.060,12362
0.060,12361
0.060,12360
0.060,12359
0.060,12358
0.060,12357
0.060,12356
0.060,12355
0.060,12354
0.060,12353
0.060,12352
0.060,12351
0.060,12350
0.060,12349
0.060,12348
0.060,12347
0.060,12346
0.060,12345
0.060,12344
0.060,12343
0.060,12342
0.060,12341
0.060,12340
0.060,12339
0.060,12338
0.060,12337
0.060,12336
0.060,12335
0.060,12334
0.060,12333
0.060,12332
0.060,12331
0.060,12330
0.060,12329
0.060,12328
0.060,12327
0.060,12326
0.060,12325
0.060,12324
0.060,12323
0.060,12322
0.060,12321
0.060,12320
0.060,12319
0.060,12318
0.060,12317
0.060,12316
0.060,12315
0.060,12314
0.060,12313
0.060,12312
0.060,12311
0.060,12310
0.060,12309
0.060,12308
0.060,12307
0.060,12306
0.060,12305
0.060,12304
0.060,12303
0.060,12302
0.060,12301
0.060,12300
0.060,12299
0.060,12298
0.060,12297
0.060,12296
0.060,12295
0.060,12294
0.060,12293
0.060,12292
0.060,12291
0.060,12290
0.060,12289
0.060,12288
0.060,12287
0.060,12286
0.060,12285
0.060,12284
0.060,12283
0.060,12282
0.060,12281
0.060,12280
0.060,12279
0.060,12278
0.060,12277
0.060,12276
0.060,12275
0.060,12274
0.060,12273
0.060,12272
0.061,12271
0.061,12270
0.061,12269
0.061,12268
0.061,12267
0.061,12266
0.061,12265
0.061,12264
0.061,12263
0.061,12262
0.061,12261
0.061,12260
0.061,12259
0.061,12258
0.061,12257
0.061,12256
0.061,12255
0.061,12254
0.061,12253
0.061,12252
0.061,12251
0.061,12250
0.061,12249
0.061,12248
0.061,12247
0.061,12246
0.061,12245
0.061,12244
0.061,12243
0.061,12242
0.061,12241
0.061,12240
0.061,12239
0.061,12238
0.061,12237
0.061,12236
0.061,12235
0.061,12234
0.061,12233
0.061,12232
0.061,12231
0.061,12230
0.061,12229
0.061,12228
0.061,12227
0.061,12226
0.061,12225
0.061,12224
0.061,12223
0.061,12222
0.061,12221
0.061,12220
0.061,12219
0.061,12218
0.061,12217
0.061,12216
0.061,12215
0.061,12214
0.061,12213
0.061,12212
0.061,12211
0.061,12210
0.061,12209
0.061,12208
0.061,12207
0.061,12206
0.061,12205
0.061,12204
0.061,12203
0.061,12202
0.061,12201
0.061,12200
0.061,12199
0.061,12198
0.061,12197
0.061,12196
0.061,12195
0.061,12194
0.061,12193
0.061,12192
0.061,12191
0.061,12190
0.061,12189
0.061,12188
0.061,12187
0.061,12186
0.061,12185
0.061,12184
0.061,12183
0.061,12182
0.061,12181
0.061,12180
0.062,12179
0.062,12178
0.062,12177
0.062,12176
0.062,12175
0.062,12174
0.062,12173
0.062,12172
0.062,12171
0.062,12170
0.062,12169
0.062,12168
0.062,12167
0.062,12166
0.062,12165
0.062,12164
0.062,12163
0.062,12162
0.062,12161
0.062,12160
0.062,12159
0.062,12158
0.062,12157
0.062,12156
0.062,12155
0.062,12154
0.062,12153
0.062,12152
0.062,12151
0.062,12150
0.062,12149
0.062,12148
0.062,12147
0.062,12146
0.062,12145
0.062,12144
0.062,12143
0.062,12142
0.062,12141
0.062,12140
0.062,12139
0.062,12138
0.062,12137
0.062,12136
0.062,12135
0.062,12134
0.062,12133
0.062,12132
0.062,12131
0.062,12130
0.062,12129
0.062,12128
0.062,12127
0.062,12126
0.062,12125
0.062,12124
0.062,12123
0.062,12122
0.062,12121
0.062,12120
0.062,12119
0.062,12118
0.062,12117
0.062,12116
0.062,12115
0.062,12114
0.062,12113
0.062,12112
0.062,12111
0.062,12110
0.062,12109
0.062,12108
0.062,12107
0.062,12106
0.062,12105
0.062,12104
0.062,12103
0.062,12102
0.062,12101
0.062,12100
0.062,12099
0.062,12098
0.062,12097
0.062,12096
0.062,12095
0.062,12094
0.062,12093
0.062,12092
0.062,12091
0.062,12090
0.062,12089
0.062,12088
0.062,12087
0.062,12086
0.062,12085
0.062,12084
0.062,12083
0.062,12082
0.062,12081
0.062,12080
0.062,12079
0.063,12078
0.063,12077
0.063,12076
0.063,12075
0.063,12074
0.063,12073
0.063,12072
0.063,12071
0.063,12070
0.063,12069
0.063,12068
0.063,12067
0.063,12066
0.063,12065
0.063,12064
0.063,12063
0.063,12062
0.063,12061
0.063,12060
0.063,12059
0.063,12058
0.063,12057
0.063,12056
0.063,12055
0.063,12054
0.063,12053
0.063,12052
0.063,12051
0.063,12050
0.063,12049
0.063,12048
0.063,12047
0.063,12046
0.063,12045
0.063,12044
0.063,12043
0.063,12042
0.063,12041
0.063,12040
0.063,12039
0.063,12038
0.063,12037
0.063,12036
0.063,12035
0.063,12034
0.063,12033
0.063,12032
0.063,12031
0.063,12030
0.063,12029
0.063,12028
0.063,12027
0.063,12026
0.063,12025
0.063,12024
0.063,12023
0.063,12022
0.063,12021
0.064,12020
0.064,12019
0.064,12018
0.064,12017
0.064,12016
0.064,12015
0.064,12014
0.064,12013
0.064,12012
0.064,12011
0.064,12010
0.064,12009
0.064,12008
0.064,12007
0.064,12006
0.064,12005
0.064,12004
0.064,12003
0.064,12002
0.064,12001
0.064,12000
0.064,11999
0.064,11998
0.064,11997
0.064,11996
0.064,11995
0.064,11994
0.064,11993
0.064,11992
0.064,11991
0.064,11990
0.064,11989
0.064,11988
0.064,11987
0.064,11986
0.064,11985
0.064,11984
0.064,11983
0.064,11982
0.064,11981
0.064,11980
0.064,11979
0.064,11978
0.064,11977
0.064,11976
0.064,11975
0.064,11974
0.064,11973
0.064,11972
0.064,11971
0.064,11970
0.064,11969
0.064,11968
0.064,11967
0.064,11966
0.064,11965
0.064,11964
0.064,11963
0.064,11962
0.064,11961
0.064,11960
0.064,11959
0.064,11958
0.064,11957
0.064,11956
0.064,11955
0.064,11954
0.064,11953
0.064,11952
0.064,11951
0.064,11950
0.064,11949
0.064,11948
0.064,11947
0.064,11946
0.064,11945
0.064,11944
0.064,11943
0.064,11942
0.064,11941
0.064,11940
0.064,11939
0.064,11938
0.064,11937
0.064,11936
0.064,11935
0.064,11934
0.064,11933
0.064,11932
0.064,11931
0.064,11930
0.064,11929
0.064,11928
0.064,11927
0.064,11926
0.064,11925
0.064,11924
0.064,11923
0.064,11922
0.064,11921
0.064,11920
0.064,11919
0.064,11918
0.064,11917
0.064,11916
0.064,11915
0.064,11914
0.064,11913
0.064,11912
0.065,11911
0.065,11910
0.065,11909
0.065,11908
0.065,11907
0.065,11906
0.065,11905
0.065,11904
0.065,11903
0.065,11902
0.065,11901
0.065,11900
0.065,11899
0.065,11898
0.065,11897
0.065,11896
0.065,11895
0.065,11894
0.065,11893
0.065,11892
0.065,11891
0.065,11890
0.065,11889
0.065,11888
0.065,11887
0.065,11886
0.065,11885
0.065,11884
0.065,11883
0.065,11882
0.065,11881
0.065,11880
0.065,11879
0.065,11878
0.065,11877
0.065,11876
0.065,11875
0.065,11874
0.065,11873
0.065,11872
0.065,11871
0.065,11870
0.065,11869
0.065,11868
0.065,11867
0.065,11866
0.065,11865
0.065,11864
0.065,11863
0.065,11862
0.065,11861
0.065,11860
0.065,11859
0.065,11858
0.065,11857
0.065,11856
0.065,11855
0.065,11854
0.065,11853
0.065,11852
0.065,11851
0.065,11850
0.065,11849
0.065,11848
0.065,11847
0.065,11846
0.065,11845
0.065,11844
0.065,11843
0.065,11842
0.065,11841
0.065,11840
0.065,11839
0.065,11838
0.065,11837
0.065,11836
0.065,11835
0.065,11834
0.065,11833
0.065,11832
0.065,11831
0.065,11830
0.065,11829
0.065,11828
0.065,11827
0.065,11826
0.065,11825
0.065,11824
0.065,11823
0.065,11822
0.065,11821
0.065,11820
0.065,11819
0.065,11818
0.065,11817
0.065,11816
0.065,11815
0.065,11814
0.065,11813
0.065,11812
0.065,11811
0.065,11810
0.065,11809
0.065,11808
0.065,11807
0.066,11806
0.066,11805
0.066,11804
0.066,11803
0.066,11802
0.066,11801
0.066,11800
0.066,11799
0.066,11798
0.066,11797
0.066,11796
0.066,11795
0.066,11794
0.066,11793
0.066,11792
0.066,11791
0.066,11790
0.066,11789
0.066,11788
0.066,11787
0.066,11786
0.066,11785
0.066,11784
0.066,11783
0.066,11782
0.066,11781
0.066,11780
0.066,11779
0.066,11778
0.066,11777
0.066,11776
0.066,11775
0.066,11774
0.066,11773
0.066,11772
0.066,11771
0.066,11770
0.066,11769
0.066,11768
0.066,11767
0.066,11766
0.066,11765
0.066,11764
0.066,11763
0.066,11762
0.066,11761
0.066,11760
0.066,11759
0.066,11758
0.066,11757
0.066,11756
0.066,11755
0.066,11754
0.066,11753
0.066,11752
0.066,11751
0.066,11750
0.066,11749
0.066,11748
0.066,11747
0.066,11746
0.066,11745
0.066,11744
0.066,11743
0.066,11742
0.066,11741
0.066,11740
0.066,11739
0.066,11738
0.066,11737
0.066,11736
0.066,11735
0.066,11734
0.066,11733
0.066,11732
0.066,11731
0.066,11730
0.066,11729
0.066,11728
0.066,11727
0.066,11726
0.066,11725
0.066,11724
0.066,11723
0.066,11722
0.066,11721
0.066,11720
0.066,11719
0.066,11718
0.066,11717
0.066,11716
0.066,11715
0.066,11714
0.066,11713
0.066,11712
0.066,11711
0.066,11710
0.067,11709
0.067,11708
0.067,11707
0.067,11706
0.067,11705
0.067,11704
0.067,11703
0.067,11702
0.067,11701
0.067,11700
0.067,11699
0.067,11698
0.067,11697
0.067,11696
0.067,11695
0.067,11694
0.067,11693
0.067,11692
0.067,11691
0.067,11690
0.067,11689
0.067,11688
0.067,11687
0.067,11686
0.067,11685
0.067,11684
0.067,11683
0.067,11682
0.067,11681
0.067,11680
0.067,11679
0.067,11678
0.067,11677
0.067,11676
0.067,11675
0.067,11674
0.067,11673
0.067,11672
0.067,11671
0.067,11670
0.067,11669
0.067,11668
0.067,11667
0.067,11666
0.067,11665
0.067,11664
0.067,11663
0.067,11662
0.067,11661
0.067,11660
0.067,11659
0.067,11658
0.067,11657
0.067,11656
0.067,11655
0.067,11654
0.067,11653
0.067,11652
0.067,11651
0.067,11650
0.067,11649
0.067,11648
0.067,11647
0.067,11646
0.067,11645
0.067,11644
0.067,11643
0.067,11642
0.067,11641
0.067,11640
0.067,11639
0.067,11638
0.067,11637
0.067,11636
0.067,11635
0.067,11634
0.067,11633
0.067,11632
0.067,11631
0.067,11630
0.067,11629
0.067,11628
0.067,11627
0.067,11626
0.067,11625
0.067,11624
0.067,11623
0.067,11622
0.067,11621
0.067,11620
0.067,11619
0.067,11618
0.067,11617
0.067,11616
0.067,11615
0.067,11614
0.067,11613
0.068,11612
0.068,11611
0.068,11610
0.068,11609
0.068,11608
0.068,11607
0.068,11606
0.068,11605
0.068,11604
0.068,11603
0.068,11602
0.068,11601
0.068,11600
0.068,11599
0.068,11598
0.068,11597
0.068,11596
0.068,11595
0.068,11594
0.068,11593
0.068,11592
0.068,11591
0.068,11590
0.068,11589
0.068,11588
0.068,11587
0.068,11586
0.068,11585
0.068,11584
0.068,11583
0.068,11582
0.068,11581
0.068,11580
0.068,11579
0.068,11578
0.068,11577
0.068,11576
0.068,11575
0.068,11574
0.068,11573
0.068,11572
0.068,11571
0.068,11570
0.068,11569
0.068,11568
0.068,11567
0.068,11566
0.068,11565
0.068,11564
0.068,11563
0.068,11562
0.068,11561
0.068,11560
0.068,11559
0.068,11558
0.068,11557
0.068,11556
0.068,11555
0.068,11554
0.068,11553
0.068,11552
0.068,11551
0.068,11550
0.068,11549
0.068,11548
0.068,11547
0.068,11546
0.068,11545
0.068,11544
0.068,11543
0.068,11542
0.068,11541
0.068,11540
0.068,11539
0.068,11538
0.068,11537
0.068,11536
0.068,11535
0.068,11534
0.068,11533
0.068,11532
0.068,11531
0.068,11530
0.068,11529
0.068,11528
0.068,11527
0.068,11526
0.068,11525
0.068,11524
0.068,11523
0.068,11522
0.068,11521
0.069,11520
0.069,11519
0.069,11518
0.069,11517
0.069,11516
0.069,11515
0.069,11514
0.069,11513
0.069,11512
0.069,11511
0.069,11510
0.069,11509
0.069,11508
0.069,11507
0.069,11506
0.069,11505
0.069,11504
0.069,11503
0.069,11502
0.069,11501
0.069,11500
0.069,11499
0.069,11498
0.069,11497
0.069,11496
0.069,11495
0.069,11494
0.069,11493
0.069,11492
0.069,11491
0.069,11490
0.069,11489
0.069,11488
0.069,11487
0.069,11486
0.069,11485
0.069,11484
0.069,11483
0.069,11482
0.069,11481
0.069,11480
0.069,11479
0.069,11478
0.069,11477
0.069,11476
0.069,11475
0.069,11474
0.069,11473
0.069,11472
0.069,11471
0.069,11470
0.069,11469
0.069,11468
0.069,11467
0.069,11466
0.069,11465
0.069,11464
0.069,11463
0.069,11462
0.069,11461
0.069,11460
0.069,11459
0.069,11458
0.069,11457
0.069,11456
0.069,11455
0.069,11454
0.069,11453
0.069,11452
0.069,11451
0.069,11450
0.069,11449
0.069,11448
0.069,11447
0.069,11446
0.069,11445
0.069,11444
0.069,11443
0.069,11442
0.069,11441
0.069,11440
0.069,11439
0.069,11438
0.069,11437
0.069,11436
0.069,11435
0.069,11434
0.069,11433
0.069,11432
0.069,11431
0.069,11430
0.069,11429
0.069,11428
0.069,11427
0.069,11426
0.069,11425
0.069,11424
0.070,11423
0.070,11422
0.070,11421
0.070,11420
0.070,11419
0.070,11418
0.070,11417
0.070,11416
0.070,11415
0.070,11414
0.070,11413
0.070,11412
0.070,11411
0.070,11410
0.070,11409
0.070,11408
0.070,11407
0.070,11406
0.070,11405
0.070,11404
0.070,11403
0.070,11402
0.070,11401
0.070,11400
0.070,11399
0.070,11398
0.070,11397
0.070,11396
0.070,11395
0.070,11394
0.070,11393
0.070,11392
0.070,11391
0.070,11390
0.070,11389
0.070,11388
0.070,11387
0.070,11386
0.070,11385
0.070,11384
0.070,11383
0.070,11382
0.070,11381
0.070,11380
0.070,11379
0.070,11378
0.070,11377
0.070,11376
0.070,11375
0.070,11374
0.070,11373
0.070,11372
0.070,11371
0.070,11370
0.070,11369
0.070,11368
0.070,11367
0.070,11366
0.071,11365
0.071,11364
0.071,11363
0.071,11362
0.071,11361
0.071,11360
0.071,11359
0.071,11358
0.071,11357
0.071,11356
0.071,11355
0.071,11354
0.071,11353
0.071,11352
0.071,11351
0.071,11350
0.071,11349
0.071,11348
0.071,11347
0.071,11346
0.071,11345
0.071,11344
0.071,11343
0.071,11342
0.071,11341
0.071,11340
0.071,11339
0.071,11338
0.071,11337
0.071,11336
0.071,11335
0.071,11334
0.071,11333
0.071,11332
0.071,11331
0.071,11330
0.071,11329
0.071,11328
0.071,11327
0.071,11326
0.071,11325
0.071,11324
0.071,11323
0.071,11322
0.071,11321
0.071,11320
0.071,11319
0.071,11318
0.071,11317
0.071,11316
0.071,11315
0.071,11314
0.071,11313
0.071,11312
0.071,11311
0.071,11310
0.071,11309
0.071,11308
0.071,11307
0.071,11306
0.071,11305
0.071,11304
0.071,11303
0.071,11302
0.071,11301
0.071,11300
0.071,11299
0.071,11298
0.071,11297
0.071,11296
0.071,11295
0.071,11294
0.071,11293
0.071,11292
0.071,11291
0.071,11290
0.071,11289
0.071,11288
0.071,11287
0.071,11286
0.071,11285
0.071,11284
0.071,11283
0.071,11282
0.071,11281
0.071,11280
0.071,11279
0.071,11278
0.071,11277
0.071,11276
0.072,11275
0.072,11274
0.072,11273
0.072,11272
0.072,11271
0.072,11270
0.072,11269
0.072,11268
0.072,11267
0.072,11266
0.072,11265
0.072,11264
0.072,11263
0.072,11262
0.072,11261
0.072,11260
0.072,11259
0.072,11258
0.072,11257
0.072,11256
0.072,11255
0.072,11254
0.072,11253
0.072,11252
0.072,11251
0.072,11250
0.072,11249
0.072,11248
0.072,11247
0.072,11246
0.072,11245
0.072,11244
0.072,11243
0.072,11242
0.072,11241
0.072,11240
0.072,11239
0.072,11238
0.072,11237
0.072,11236
0.072,11235
0.072,11234
0.072,11233
0.072,11232
0.072,11231
0.072,11230
0.072,11229
0.072,11228
0.072,11227
0.072,11226
0.072,11225
0.072,11224
0.072,11223
0.072,11222
0.072,11221
0.072,11220
0.072,11219
0.072,11218
0.072,11217
0.072,11216
0.072,11215
0.072,11214
0.072,11213
0.072,11212
0.072,11211
0.072,11210
0.072,11209
0.072,11208
0.072,11207
0.072,11206
0.072,11205
0.072,11204
0.072,11203
0.072,11202
0.072,11201
0.072,11200
0.072,11199
0.072,11198
0.072,11197
0.072,11196
0.072,11195
0.072,11194
0.072,11193
0.072,11192
0.072,11191
0.072,11190
0.072,11189
0.072,11188
0.072,11187
0.072,11186
0.072,11185
0.072,11184
0.072,11183
0.072,11182
0.072,11181
0.072,11180
0.073,11179
0.073,11178
0.073,11177
0.073,11176
0.073,11175
0.073,11174
0.073,11173
0.073,11172
0.073,11171
0.073,11170
0.073,11169
0.073,11168
0.073,11167
0.073,11166
0.073,11165
0.073,11164
0.073,11163
0.073,11162
0.073,11161
0.073,11160
0.073,11159
0.073,11158
0.073,11157
0.073,11156
0.073,11155
0.073,11154
0.073,11153
0.073,11152
0.073,11151
0.073,11150
0.073,11149
0.073,11148
0.073,11147
0.073,11146
0.073,11145
0.073,11144
0.073,11143
0.073,11142
0.073,11141
0.073,11140
0.073,11139
0.073,11138
0.073,11137
0.073,11136
0.073,11135
0.073,11134
0.073,11133
0.073,11132
0.073,11131
0.073,11130
0.073,11129
0.073,11128
0.073,11127
0.073,11126
0.073,11125
0.073,11124
0.073,11123
0.073,11122
0.073,11121
0.073,11120
0.073,11119
0.073,11118
0.073,11117
0.073,11116
0.073,11115
0.073,11114
0.073,11113
0.073,11112
0.073,11111
0.073,11110
0.073,11109
0.073,11108
0.073,11107
0.073,11106
0.073,11105
0.073,11104
0.073,11103
0.073,11102
0.073,11101
0.073,11100
0.073,11099
0.073,11098
0.073,11097
0.073,11096
0.073,11095
0.073,11094
0.073,11093
0.073,11092
0.073,11091
0.073,11090
0.074,11089
0.074,11088
0.074,11087
0.074,11086
0.074,11085
0.074,11084
0.074,11083
0.074,11082
0.074,11081
0.074,11080
0.074,11079
0.074,11078
0.074,11077
0.074,11076
0.074,11075
0.074,11074
0.074,11073
0.074,11072
0.074,11071
0.074,11070
0.074,11069
0.074,11068
0.074,11067
0.074,11066
0.074,11065
0.074,11064
0.074,11063
0.074,11062
0.074,11061
0.074,11060
0.074,11059
0.074,11058
0.074,11057
0.074,11056
0.074,11055
0.074,11054
0.074,11053
0.074,11052
0.074,11051
0.074,11050
0.074,11049
0.074,11048
0.076,11047
0.076,11046
0.076,11045
0.076,11044
0.076,11043
0.076,11042
0.076,11041
0.076,11040
0.076,11039
0.076,11038
0.077,11037
0.077,11036
0.077,11035
0.077,11034
0.077,11033
0.077,11032
0.077,11031
0.077,11030
0.077,11029
0.077,11028
0.077,11027
0.077,11026
0.077,11025
0.077,11024
0.077,11023
0.077,11022
0.077,11021
0.077,11020
0.077,11019
0.077,11018
0.077,11017
0.077,11016
0.077,11015
0.077,11014
0.077,11013
0.077,11012
0.077,11011
0.077,11010
0.077,11009
0.077,11008
0.077,11007
0.077,11006
0.077,11005
0.077,11004
0.077,11003
0.077,11002
0.077,11001
0.077,11000
0.077,10999
0.077,10998
0.077,10997
0.077,10996
0.077,10995
0.077,10994
0.077,10993
0.077,10992
0.077,10991
0.077,10990
0.077,10989
0.077,10988
0.077,10987
0.077,10986
0.077,10985
0.077,10984
0.077,10983
0.077,10982
0.077,10981
0.077,10980
0.077,10979
0.077,10978
0.077,10977
0.077,10976
0.077,10975
0.077,10974
0.077,10973
0.077,10972
0.077,10971
0.077,10970
0.077,10969
0.077,10968
0.077,10967
0.077,10966
0.077,10965
0.077,10964
0.077,10963
0.077,10962
0.077,10961
0.077,10960
0.077,10959
0.077,10958
0.077,10957
0.077,10956
0.077,10955
0.077,10954
0.077,10953
0.077,10952
0.077,10951
0.077,10950
0.077,10949
0.077,10948
0.078,10947
0.078,10946
0.078,10945
0.078,10944
0.078,10943
0.078,10942
0.078,10941
0.078,10940
0.078,10939
0.078,10938
0.078,10937
0.078,10936
0.078,10935
0.078,10934
0.078,10933
0.078,10932
0.078,10931
0.078,10930
0.078,10929
0.078,10928
0.078,10927
0.078,10926
0.078,10925
0.078,10924
0.078,10923
0.078,10922
0.078,10921
0.078,10920
0.078,10919
0.078,10918
0.078,10917
0.078,10916
0.078,10915
0.078,10914
0.078,10913
0.078,10912
0.078,10911
0.078,10910
0.078,10909
0.078,10908
0.078,10907
0.078,10906
0.078,10905
0.078,10904
0.078,10903
0.078,10902
0.078,10901
0.078,10900
0.078,10899
0.078,10898
0.078,10897
0.078,10896
0.078,10895
0.078,10894
0.078,10893
0.078,10892
0.078,10891
0.078,10890
0.078,10889
0.078,10888
0.078,10887
0.078,10886
0.078,10885
0.078,10884
0.078,10883
0.078,10882
0.078,10881
0.078,10880
0.078,10879
0.078,10878
0.079,10877
0.079,10876
0.079,10875
0.079,10874
0.079,10873
0.079,10872
0.079,10871
0.079,10870
0.079,10869
0.079,10868
0.079,10867
0.079,10866
0.079,10865
0.079,10864
0.079,10863
0.079,10862
0.079,10861
0.079,10860
0.079,10859
0.079,10858
0.079,10857
0.079,10856
0.079,10855
0.079,10854
0.079,10853
0.079,10852
0.079,10851
0.079,10850
0.079,10849
0.079,10848
0.079,10847
0.079,10846
0.079,10845
0.079,10844
0.079,10843
0.079,10842
0.079,10841
0.079,10840
0.079,10839
0.079,10838
0.079,10837
0.079,10836
0.079,10835
0.079,10834
0.079,10833
0.079,10832
0.079,10831
0.079,10830
0.079,10829
0.079,10828
0.079,10827
0.079,10826
0.079,10825
0.079,10824
0.079,10823
0.079,10822
0.079,10821
0.079,10820
0.079,10819
0.079,10818
0.079,10817
0.079,10816
0.079,10815
0.079,10814
0.079,10813
0.079,10812
0.079,10811
0.079,10810
0.079,10809
0.079,10808
0.079,10807
0.079,10806
0.079,10805
0.079,10804
0.079,10803
0.079,10802
0.079,10801
0.079,10800
0.079,10799
0.079,10798
0.079,10797
0.079,10796
0.079,10795
0.079,10794
0.079,10793
0.079,10792
0.079,10791
0.079,10790
0.079,10789
0.079,10788
0.079,10787
0.079,10786
0.079,10785
0.079,10784
0.079,10783
0.079,10782
0.079,10781
0.079,10780
0.079,10779
0.079,10778
0.080,10777
0.080,10776
0.080,10775
0.080,10774
0.080,10773
0.080,10772
0.080,10771
0.080,10770
0.080,10769
0.080,10768
0.080,10767
0.080,10766
0.080,10765
0.080,10764
0.080,10763
0.080,10762
0.080,10761
0.080,10760
0.080,10759
0.080,10758
0.080,10757
0.080,10756
0.080,10755
0.080,10754
0.080,10753
0.080,10752
0.080,10751
0.080,10750
0.080,10749
0.080,10748
0.080,10747
0.080,10746
0.080,10745
0.080,10744
0.080,10743
0.080,10742
0.080,10741
0.080,10740
0.080,10739
0.080,10738
0.080,10737
0.080,10736
0.080,10735
0.080,10734
0.080,10733
0.080,10732
0.080,10731
0.080,10730
0.080,10729
0.080,10728
0.080,10727
0.080,10726
0.080,10725
0.080,10724
0.080,10723
0.080,10722
0.080,10721
0.080,10720
0.080,10719
0.080,10718
0.080,10717
0.080,10716
0.080,10715
0.080,10714
0.080,10713
0.080,10712
0.080,10711
0.080,10710
0.080,10709
0.080,10708
0.080,10707
0.080,10706
0.080,10705
0.080,10704
0.080,10703
0.080,10702
0.080,10701
0.080,10700
0.080,10699
0.080,10698
0.080,10697
0.080,10696
0.080,10695
0.081,10694
0.081,10693
0.081,10692
0.081,10691
0.081,10690
0.081,10689
0.081,10688
0.081,10687
0.081,10686
0.081,10685
0.081,10684
0.081,10683
0.081,10682
0.081,10681
0.081,10680
0.081,10679
0.081,10678
0.081,10677
0.081,10676
0.081,10675
0.081,10674
0.081,10673
0.081,10672
0.081,10671
0.081,10670
0.081,10669
0.081,10668
0.081,10667
0.081,10666
0.081,10665
0.081,10664
0.081,10663
0.081,10662
0.081,10661
0.081,10660
0.081,10659
0.081,10658
0.081,10657
0.081,10656
0.081,10655
0.081,10654
0.081,10653
0.081,10652
0.081,10651
0.081,10650
0.081,10649
0.081,10648
0.081,10647
0.081,10646
0.081,10645
0.081,10644
0.081,10643
0.081,10642
0.081,10641
0.081,10640
0.081,10639
0.081,10638
0.081,10637
0.081,10636
0.081,10635
0.081,10634
0.081,10633
0.081,10632
0.081,10631
0.081,10630
0.081,10629
0.081,10628
0.081,10627
0.081,10626
0.081,10625
0.081,10624
0.081,10623
0.081,10622
0.081,10621
0.081,10620
0.081,10619
0.081,10618
0.082,10617
0.082,10616
0.082,10615
0.082,10614
0.082,10613
0.082,10612
0.082,10611
0.082,10610
0.082,10609
0.082,10608
0.082,10607
0.082,10606
0.082,10605
0.082,10604
0.082,10603
0.082,10602
0.082,10601
0.082,10600
0.082,10599
0.082,10598
0.082,10597
0.082,10596
0.082,10595
0.082,10594
0.082,10593
0.082,10592
0.082,10591
0.082,10590
0.082,10589
0.082,10588
0.082,10587
0.082,10586
0.082,10585
0.082,10584
0.082,10583
0.082,10582
0.082,10581
0.082,10580
0.082,10579
0.082,10578
0.082,10577
0.082,10576
0.082,10575
0.082,10574
0.082,10573
0.082,10572
0.082,10571
0.082,10570
0.082,10569
0.082,10568
0.082,10567
0.082,10566
0.082,10565
0.082,10564
0.082,10563
0.082,10562
0.082,10561
0.082,10560
0.082,10559
0.082,10558
0.082,10557
0.082,10556
0.082,10555
0.082,10554
0.082,10553
0.082,10552
0.082,10551
0.082,10550
0.082,10549
0.082,10548
0.082,10547
0.082,10546
0.082,10545
0.082,10544
0.082,10543
0.082,10542
0.082,10541
0.082,10540
0.082,10539
0.082,10538
0.082,10537
0.082,10536
0.082,10535
0.082,10534
0.082,10533
0.082,10532
0.082,10531
0.082,10530
0.082,10529
0.082,10528
0.082,10527
0.082,10526
0.082,10525
0.082,10524
0.082,10523
0.082,10522
0.082,10521
0.082,10520
0.082,10519
0.082,10518
0.082,10517
0.082,10516
0.082,10515
0.082,10514
0.082,10513
0.082,10512
0.082,10511
0.082,10510
0.082,10509
0.082,10508
0.082,10507
0.082,10506
0.083,10505
0.083,10504
0.083,10503
0.083,10502
0.083,10501
0.083,10500
0.083,10499
0.083,10498
0.083,10497
0.083,10496
0.083,10495
0.083,10494
0.083,10493
0.083,10492
0.083,10491
0.083,10490
0.083,10489
0.083,10488
0.083,10487
0.083,10486
0.083,10485
0.083,10484
0.083,10483
0.083,10482
0.083,10481
0.083,10480
0.083,10479
0.083,10478
0.083,10477
0.083,10476
0.083,10475
0.083,10474
0.083,10473
0.083,10472
0.083,10471
0.083,10470
0.083,10469
0.083,10468
0.083,10467
0.083,10466
0.083,10465
0.083,10464
0.083,10463
0.083,10462
0.083,10461
0.083,10460
0.083,10459
0.083,10458
0.083,10457
0.083,10456
0.083,10455
0.083,10454
0.083,10453
0.083,10452
0.083,10451
0.083,10450
0.083,10449
0.083,10448
0.083,10447
0.083,10446
0.083,10445
0.083,10444
0.083,10443
0.083,10442
0.083,10441
0.083,10440
0.083,10439
0.083,10438
0.083,10437
0.083,10436
0.083,10435
0.083,10434
0.083,10433
0.083,10432
0.083,10431
0.083,10430
0.083,10429
0.083,10428
0.083,10427
0.083,10426
0.083,10425
0.083,10424
0.083,10423
0.083,10422
0.083,10421
0.083,10420
0.083,10419
0.083,10418
0.083,10417
0.083,10416
0.083,10415
0.083,10414
0.083,10413
0.083,10412
0.083,10411
0.083,10410
0.083,10409
0.083,10408
0.083,10407
0.083,10406
0.083,10405
0.083,10404
0.083,10403
0.083,10402
0.084,10401
0.084,10400
0.084,10399
0.084,10398
0.084,10397
0.084,10396
0.084,10395
0.084,10394
0.084,10393
0.084,10392
0.084,10391
0.084,10390
0.084,10389
0.084,10388
0.084,10387
0.084,10386
0.084,10385
0.084,10384
0.084,10383
0.084,10382
0.084,10381
0.084,10380
0.084,10379
0.084,10378
0.084,10377
0.084,10376
0.084,10375
0.084,10374
0.084,10373
0.084,10372
0.084,10371
0.084,10370
0.084,10369
0.084,10368
0.084,10367
0.084,10366
0.084,10365
0.084,10364
0.084,10363
0.084,10362
0.084,10361
0.084,10360
0.084,10359
0.084,10358
0.084,10357
0.084,10356
0.084,10355
0.084,10354
0.084,10353
0.084,10352
0.084,10351
0.084,10350
0.084,10349
0.084,10348
0.084,10347
0.084,10346
0.084,10345
0.084,10344
0.084,10343
0.084,10342
0.084,10341
0.084,10340
0.084,10339
0.084,10338
0.084,10337
0.084,10336
0.084,10335
0.084,10334
0.084,10333
0.084,10332
0.084,10331
0.084,10330
0.084,10329
0.084,10328
0.084,10327
0.084,10326
0.084,10325
0.084,10324
0.084,10323
0.084,10322
0.084,10321
0.084,10320
0.084,10319
0.084,10318
0.084,10317
0.084,10316
0.084,10315
0.084,10314
0.084,10313
0.084,10312
0.084,10311
0.084,10310
0.084,10309
0.084,10308
0.084,10307
0.084,10306
0.084,10305
0.084,10304
0.084,10303
0.084,10302
0.084,10301
0.084,10300
0.085,10299
0.085,10298
0.085,10297
0.085,10296
0.085,10295
0.085,10294
0.085,10293
0.085,10292
0.085,10291
0.085,10290
0.085,10289
0.085,10288
0.085,10287
0.085,10286
0.085,10285
0.085,10284
0.085,10283
0.085,10282
0.085,10281
0.085,10280
0.085,10279
0.085,10278
0.085,10277
0.085,10276
0.085,10275
0.085,10274
0.085,10273
0.085,10272
0.085,10271
0.085,10270
0.085,10269
0.085,10268
0.085,10267
0.085,10266
0.085,10265
0.085,10264
0.085,10263
0.085,10262
0.085,10261
0.085,10260
0.085,10259
0.085,10258
0.085,10257
0.085,10256
0.085,10255
0.085,10254
0.085,10253
0.085,10252
0.085,10251
0.085,10250
0.085,10249
0.085,10248
0.085,10247
0.085,10246
0.085,10245
0.085,10244
0.085,10243
0.085,10242
0.085,10241
0.085,10240
0.085,10239
0.085,10238
0.085,10237
0.085,10236
0.085,10235
0.085,10234
0.085,10233
0.085,10232
0.085,10231
0.085,10230
0.085,10229
0.085,10228
0.085,10227
0.085,10226
0.085,10225
0.085,10224
0.085,10223
0.085,10222
0.085,10221
0.085,10220
0.085,10219
0.085,10218
0.085,10217
0.085,10216
0.085,10215
0.085,10214
0.085,10213
0.085,10212
0.085,10211
0.085,10210
0.085,10209
0.085,10208
0.085,10207
0.085,10206
0.085,10205
0.085,10204
0.085,10203
0.085,10202
0.085,10201
0.085,10200
0.085,10199
0.085,10198
0.085,10197
0.085,10196
0.085,10195
0.086,10194
0.086,10193
0.086,10192
0.086,10191
0.086,10190
0.086,10189
0.086,10188
0.086,10187
0.086,10186
0.086,10185
0.086,10184
0.086,10183
0.086,10182
0.086,10181
0.086,10180
0.086,10179
0.086,10178
0.086,10177
0.086,10176
0.086,10175
0.086,10174
0.086,10173
0.086,10172
0.086,10171
0.086,10170
0.086,10169
0.086,10168
0.086,10167
0.086,10166
0.086,10165
0.086,10164
0.086,10163
0.086,10162
0.086,10161
0.086,10160
0.086,10159
0.086,10158
0.086,10157
0.086,10156
0.086,10155
0.086,10154
0.086,10153
0.086,10152
0.086,10151
0.086,10150
0.086,10149
0.086,10148
0.086,10147
0.086,10146
0.086,10145
0.086,10144
0.086,10143
0.086,10142
0.086,10141
0.086,10140
0.086,10139
0.086,10138
0.086,10137
0.086,10136
0.086,10135
0.086,10134
0.086,10133
0.086,10132
0.086,10131
0.086,10130
0.086,10129
0.086,10128
0.086,10127
0.086,10126
0.086,10125
0.086,10124
0.086,10123
0.086,10122
0.086,10121
0.086,10120
0.086,10119
0.086,10118
0.086,10117
0.086,10116
0.086,10115
0.086,10114
0.086,10113
0.086,10112
0.087,10111
0.087,10110
0.087,10109
0.087,10108
0.087,10107
0.087,10106
0.087,10105
0.087,10104
0.087,10103
0.087,10102
0.087,10101
0.087,10100
0.087,10099
0.087,10098
0.087,10097
0.087,10096
0.087,10095
0.087,10094
0.087,10093
0.087,10092
0.087,10091
0.087,10090
0.087,10089
0.087,10088
0.087,10087
0.087,10086
0.087,10085
0.087,10084
0.087,10083
0.087,10082
0.087,10081
0.087,10080
0.087,10079
0.087,10078
0.087,10077
0.087,10076
0.087,10075
0.087,10074
0.087,10073
0.087,10072
0.087,10071
0.087,10070
0.087,10069
0.087,10068
0.087,10067
0.087,10066
0.087,10065
0.087,10064
0.087,10063
0.087,10062
0.087,10061
0.087,10060
0.087,10059
0.087,10058
0.087,10057
0.087,10056
0.087,10055
0.087,10054
0.087,10053
0.087,10052
0.087,10051
0.087,10050
0.087,10049
0.087,10048
0.087,10047
0.087,10046
0.087,10045
0.087,10044
0.087,10043
0.087,10042
0.087,10041
0.087,10040
0.087,10039
0.087,10038
0.087,10037
0.087,10036
0.087,10035
0.087,10034
0.087,10033
0.087,10032
0.087,10031
0.087,10030
0.087,10029
0.087,10028
0.087,10027
0.087,10026
0.088,10025
0.088,10024
0.088,10023
0.088,10022
0.088,10021
0.088,10020
0.088,10019
0.088,10018
0.088,10017
0.088,10016
0.088,10015
0.088,10014
0.088,10013
