0.001,14108
0.005,14107
0.005,14106
0.006,14105
0.006,14104
0.006,14103
0.006,14102
0.006,14101
0.006,14100
0.006,14099
0.006,14098
0.006,14097
0.007,14096
0.007,14095
0.007,14094
0.007,14093
0.007,14092
0.007,14091
0.007,14090
0.007,14089
0.007,14088
0.007,14087
0.008,14086
0.008,14085
0.008,14084
0.008,14083
0.008,14082
0.008,14081
0.008,14080
0.008,14079
0.008,14078
0.008,14077
0.008,14076
0.009,14075
0.009,14074
0.009,14073
0.009,14072
0.009,14071
0.009,14070
0.009,14069
0.009,14068
0.009,14067
0.009,14066
0.009,14065
0.010,14064
0.010,14063
0.010,14062
0.010,14061
0.010,14060
0.010,14059
0.010,14058
0.010,14057
0.010,14056
0.010,14055
0.010,14054
0.010,14053
0.011,14052
0.011,14051
0.011,14050
0.011,14049
0.011,14048
0.011,14047
0.011,14046
0.011,14045
0.011,14044
0.011,14043
0.011,14042
0.011,14041
0.012,14040
0.012,14039
0.012,14038
0.012,14037
0.012,14036
0.012,14035
0.012,14034
0.012,14033
0.012,14032
0.012,14031
0.012,14030
0.012,14029
0.012,14028
0.013,14027
0.013,14026
0.013,14025
0.013,14024
0.013,14023
0.013,14022
0.013,14021
0.013,14020
0.013,14019
0.013,14018
0.013,14017
0.013,14016
0.013,14015
0.013,14014
0.014,14013
0.014,14012
0.014,14011
0.014,14010
0.014,14009
0.014,14008
0.014,14007
0.014,14006
0.014,14005
0.014,14004
0.014,14003
0.014,14002
0.014,14001
0.015,14000
0.015,13999
0.015,13998
0.015,13997
0.015,13996
0.015,13995
0.015,13994
0.015,13993
0.015,13992
0.015,13991
0.015,13990
0.015,13989
0.015,13988
0.015,13987
0.015,13986
0.016,13985
0.016,13984
0.016,13983
0.016,13982
0.016,13981
0.016,13980
0.016,13979
0.016,13978
0.016,13977
0.016,13976
0.016,13975
0.016,13974
0.016,13973
0.016,13972
0.017,13971
0.017,13970
0.017,13969
0.017,13968
0.017,13967
0.017,13966
0.017,13965
0.017,13964
0.017,13963
0.017,13962
0.017,13961
0.017,13960
0.017,13959
0.017,13958
0.017,13957
0.018,13956
0.018,13955
0.018,13954
0.018,13953
0.018,13952
0.018,13951
0.018,13950
0.018,13949
0.018,13948
0.018,13947
0.018,13946
0.018,13945
0.018,13944
0.018,13943
0.018,13942
0.018,13941
0.018,13940
0.018,13939
0.018,13938
0.019,13937
0.019,13936
0.019,13935
0.019,13934
0.019,13933
0.019,13932
0.019,13931
0.019,13930
0.019,13929
0.019,13928
0.019,13927
0.019,13926
0.019,13925
0.019,13924
0.019,13923
0.019,13922
0.019,13921
0.019,13920
0.020,13919
0.020,13918
0.020,13917
0.020,13916
0.020,13915
0.020,13914
0.020,13913
0.020,13912
0.020,13911
0.020,13910
0.020,13909
0.020,13908
0.020,13907
0.020,13906
0.020,13905
0.020,13904
0.020,13903
0.020,13902
0.020,13901
0.021,13900
0.021,13899
0.021,13898
0.021,13897
0.021,13896
0.021,13895
0.021,13894
0.021,13893
0.021,13892
0.021,13891
0.021,13890
0.021,13889
0.021,13888
0.021,13887
0.021,13886
0.021,13885
0.022,13884
0.022,13883
0.022,13882
0.022,13881
0.022,13880
0.022,13879
0.022,13878
0.022,13877
0.022,13876
0.022,13875
0.022,13874
0.022,13873
0.022,13872
0.022,13871
0.022,13870
0.022,13869
0.022,13868
0.022,13867
0.022,13866
0.022,13865
0.022,13864
0.022,13863
0.023,13862
0.023,13861
0.023,13860
0.023,13859
0.023,13858
0.023,13857
0.023,13856
0.023,13855
0.023,13854
0.023,13853
0.023,13852
0.023,13851
0.023,13850
0.024,13849
0.024,13848
0.024,13847
0.024,13846
0.024,13845
0.024,13844
0.024,13843
0.024,13842
0.024,13841
0.024,13840
0.024,13839
0.024,13838
0.024,13837
0.024,13836
0.024,13835
0.024,13834
0.024,13833
0.024,13832
0.024,13831
0.024,13830
0.024,13829
0.024,13828
0.024,13827
0.024,13826
0.024,13825
0.025,13824
0.025,13823
0.025,13822
0.025,13821
0.025,13820
0.025,13819
0.025,13818
0.025,13817
0.025,13816
0.025,13815
0.025,13814
0.025,13813
0.025,13812
0.025,13811
0.025,13810
0.025,13809
0.025,13808
0.025,13807
0.025,13806
0.025,13805
0.025,13804
0.025,13803
0.025,13802
0.025,13801
0.026,13800
0.026,13799
0.026,13798
0.026,13797
0.026,13796
0.026,13795
0.026,13794
0.026,13793
0.026,13792
0.026,13791
0.026,13790
0.026,13789
0.026,13788
0.026,13787
0.026,13786
0.026,13785
0.026,13784
0.026,13783
0.026,13782
0.026,13781
0.026,13780
0.026,13779
0.026,13778
0.026,13777
0.026,13776
0.026,13775
0.026,13774
0.027,13773
0.027,13772
0.027,13771
0.027,13770
0.027,13769
0.027,13768
0.027,13767
0.027,13766
0.027,13765
0.027,13764
0.027,13763
0.027,13762
0.027,13761
0.027,13760
0.027,13759
0.027,13758
0.027,13757
0.027,13756
0.027,13755
0.027,13754
0.027,13753
0.027,13752
0.027,13751
0.027,13750
0.027,13749
0.027,13748
0.027,13747
0.028,13746
0.028,13745
0.028,13744
0.028,13743
0.028,13742
0.028,13741
0.028,13740
0.028,13739
0.028,13738
0.028,13737
0.028,13736
0.028,13735
0.028,13734
0.028,13733
0.028,13732
0.028,13731
0.028,13730
0.028,13729
0.028,13728
0.028,13727
0.028,13726
0.028,13725
0.028,13724
0.028,13723
0.028,13722
0.029,13721
0.029,13720
0.029,13719
0.029,13718
0.029,13717
0.029,13716
0.029,13715
0.029,13714
0.029,13713
0.029,13712
0.029,13711
0.029,13710
0.029,13709
0.029,13708
0.029,13707
0.029,13706
0.029,13705
0.029,13704
0.029,13703
0.029,13702
0.029,13701
0.029,13700
0.029,13699
0.029,13698
0.029,13697
0.029,13696
0.030,13695
0.030,13694
0.030,13693
0.030,13692
0.030,13691
0.030,13690
0.030,13689
0.030,13688
0.030,13687
0.030,13686
0.030,13685
0.030,13684
0.030,13683
0.030,13682
0.030,13681
0.030,13680
0.030,13679
0.030,13678
0.030,13677
0.030,13676
0.030,13675
0.030,13674
0.030,13673
0.030,13672
0.030,13671
0.030,13670
0.031,13669
0.031,13668
0.031,13667
0.031,13666
0.031,13665
0.031,13664
0.031,13663
0.031,13662
0.031,13661
0.031,13660
0.031,13659
0.031,13658
0.031,13657
0.031,13656
0.031,13655
0.031,13654
0.031,13653
0.031,13652
0.031,13651
0.031,13650
0.031,13649
0.031,13648
0.031,13647
0.031,13646
0.031,13645
0.031,13644
0.031,13643
0.031,13642
0.032,13641
0.032,13640
0.032,13639
0.032,13638
0.032,13637
0.032,13636
0.032,13635
0.032,13634
0.032,13633
0.032,13632
0.032,13631
0.032,13630
0.032,13629
0.032,13628
0.032,13627
0.032,13626
0.032,13625
0.032,13624
0.032,13623
0.032,13622
0.032,13621
0.032,13620
0.032,13619
0.032,13618
0.032,13617
0.032,13616
0.032,13615
0.032,13614
0.033,13613
0.033,13612
0.033,13611
0.033,13610
0.033,13609
0.033,13608
0.033,13607
0.033,13606
0.033,13605
0.033,13604
0.033,13603
0.033,13602
0.033,13601
0.033,13600
0.033,13599
0.033,13598
0.033,13597
0.033,13596
0.033,13595
0.033,13594
0.033,13593
0.033,13592
0.033,13591
0.033,13590
0.033,13589
0.033,13588
0.033,13587
0.033,13586
0.034,13585
0.034,13584
0.034,13583
0.034,13582
0.034,13581
0.034,13580
0.034,13579
0.034,13578
0.034,13577
0.034,13576
0.034,13575
0.034,13574
0.034,13573
0.034,13572
0.034,13571
0.034,13570
0.034,13569
0.034,13568
0.034,13567
0.034,13566
0.034,13565
0.034,13564
0.034,13563
0.034,13562
0.034,13561
0.034,13560
0.034,13559
0.034,13558
0.034,13557
0.034,13556
0.035,13555
0.035,13554
0.035,13553
0.035,13552
0.035,13551
0.035,13550
0.035,13549
0.035,13548
0.035,13547
0.035,13546
0.035,13545
0.035,13544
0.035,13543
0.035,13542
0.035,13541
0.035,13540
0.035,13539
0.035,13538
0.035,13537
0.035,13536
0.035,13535
0.035,13534
0.035,13533
0.035,13532
0.035,13531
0.035,13530
0.035,13529
0.035,13528
0.035,13527
0.035,13526
0.035,13525
0.036,13524
0.036,13523
0.036,13522
0.036,13521
0.036,13520
0.036,13519
0.036,13518
0.036,13517
0.036,13516
0.036,13515
0.036,13514
0.036,13513
0.036,13512
0.036,13511
0.036,13510
0.036,13509
0.036,13508
0.036,13507
0.036,13506
0.036,13505
0.036,13504
0.036,13503
0.036,13502
0.036,13501
0.036,13500
0.036,13499
0.036,13498
0.036,13497
0.036,13496
0.036,13495
0.037,13494
0.037,13493
0.037,13492
0.037,13491
0.037,13490
0.037,13489
0.037,13488
0.037,13487
0.037,13486
0.037,13485
0.037,13484
0.037,13483
0.037,13482
0.037,13481
0.037,13480
0.037,13479
0.037,13478
0.037,13477
0.037,13476
0.037,13475
0.037,13474
0.037,13473
0.037,13472
0.037,13471
0.037,13470
0.037,13469
0.037,13468
0.037,13467
0.037,13466
0.037,13465
0.037,13464
0.037,13463
0.037,13462
0.037,13461
0.037,13460
0.038,13459
0.038,13458
0.038,13457
0.038,13456
0.038,13455
0.038,13454
0.038,13453
0.038,13452
0.038,13451
0.038,13450
0.038,13449
0.038,13448
0.038,13447
0.038,13446
0.038,13445
0.038,13444
0.038,13443
0.038,13442
0.038,13441
0.038,13440
0.038,13439
0.038,13438
0.038,13437
0.038,13436
0.038,13435
0.038,13434
0.038,13433
0.038,13432
0.038,13431
0.038,13430
0.038,13429
0.038,13428
0.038,13427
0.038,13426
0.039,13425
0.039,13424
0.039,13423
0.039,13422
0.039,13421
0.039,13420
0.039,13419
0.039,13418
0.039,13417
0.039,13416
0.039,13415
0.039,13414
0.039,13413
0.039,13412
0.039,13411
0.039,13410
0.039,13409
0.039,13408
0.039,13407
0.039,13406
0.039,13405
0.039,13404
0.039,13403
0.039,13402
0.040,13401
0.040,13400
0.040,13399
0.040,13398
0.040,13397
0.040,13396
0.040,13395
0.040,13394
0.040,13393
0.040,13392
0.040,13391
0.040,13390
0.040,13389
0.040,13388
0.040,13387
0.040,13386
0.040,13385
0.040,13384
0.040,13383
0.040,13382
0.040,13381
0.040,13380
0.040,13379
0.040,13378
0.040,13377
0.040,13376
0.040,13375
0.040,13374
0.040,13373
0.040,13372
0.040,13371
0.040,13370
0.040,13369
0.040,13368
0.041,13367
0.041,13366
0.041,13365
0.041,13364
0.041,13363
0.041,13362
0.041,13361
0.041,13360
0.041,13359
0.041,13358
0.041,13357
0.041,13356
0.041,13355
0.041,13354
0.041,13353
0.041,13352
0.041,13351
0.041,13350
0.041,13349
0.041,13348
0.041,13347
0.041,13346
0.041,13345
0.041,13344
0.041,13343
0.041,13342
0.041,13341
0.041,13340
0.041,13339
0.042,13338
0.042,13337
0.042,13336
0.042,13335
0.042,13334
0.042,13333
0.042,13332
0.042,13331
0.042,13330
0.042,13329
0.042,13328
0.042,13327
0.042,13326
0.042,13325
0.042,13324
0.042,13323
0.042,13322
0.042,13321
0.042,13320
0.042,13319
0.042,13318
0.042,13317
0.042,13316
0.042,13315
0.042,13314
0.042,13313
0.042,13312
0.042,13311
0.042,13310
0.042,13309
0.042,13308
0.042,13307
0.042,13306
0.042,13305
0.042,13304
0.042,13303
0.042,13302
0.042,13301
0.043,13300
0.043,13299
0.043,13298
0.043,13297
0.043,13296
0.043,13295
0.043,13294
0.043,13293
0.043,13292
0.043,13291
0.043,13290
0.043,13289
0.043,13288
0.043,13287
0.043,13286
0.043,13285
0.043,13284
0.043,13283
0.043,13282
0.043,13281
0.043,13280
0.043,13279
0.043,13278
0.043,13277
0.043,13276
0.043,13275
0.043,13274
0.043,13273
0.043,13272
0.043,13271
0.043,13270
0.043,13269
0.043,13268
0.043,13267
0.043,13266
0.043,13265
0.043,13264
0.043,13263
0.043,13262
0.043,13261
0.044,13260
0.044,13259
0.044,13258
0.044,13257
0.044,13256
0.044,13255
0.044,13254
0.044,13253
0.044,13252
0.044,13251
0.044,13250
0.044,13249
0.044,13248
0.044,13247
0.044,13246
0.044,13245
0.044,13244
0.044,13243
0.044,13242
0.044,13241
0.044,13240
0.044,13239
0.044,13238
0.044,13237
0.044,13236
0.044,13235
0.044,13234
0.044,13233
0.044,13232
0.044,13231
0.044,13230
0.044,13229
0.044,13228
0.044,13227
0.044,13226
0.044,13225
0.044,13224
0.044,13223
0.045,13222
0.045,13221
0.045,13220
0.045,13219
0.045,13218
0.045,13217
0.045,13216
0.045,13215
0.045,13214
0.045,13213
0.045,13212
0.045,13211
0.045,13210
0.045,13209
0.045,13208
0.045,13207
0.045,13206
0.045,13205
0.045,13204
0.045,13203
0.045,13202
0.045,13201
0.045,13200
0.045,13199
0.045,13198
0.045,13197
0.045,13196
0.045,13195
0.045,13194
0.045,13193
0.045,13192
0.045,13191
0.045,13190
0.045,13189
0.045,13188
0.045,13187
0.045,13186
0.045,13185
0.045,13184
0.045,13183
0.045,13182
0.045,13181
0.046,13180
0.046,13179
0.046,13178
0.046,13177
0.046,13176
0.046,13175
0.046,13174
0.046,13173
0.046,13172
0.046,13171
0.046,13170
0.046,13169
0.046,13168
0.046,13167
0.046,13166
0.046,13165
0.046,13164
0.046,13163
0.046,13162
0.046,13161
0.046,13160
0.046,13159
0.046,13158
0.046,13157
0.046,13156
0.046,13155
0.046,13154
0.046,13153
0.046,13152
0.046,13151
0.046,13150
0.046,13149
0.046,13148
0.046,13147
0.046,13146
0.046,13145
0.046,13144
0.046,13143
0.046,13142
0.046,13141
0.046,13140
0.046,13139
0.046,13138
0.047,13137
0.047,13136
0.047,13135
0.047,13134
0.047,13133
0.047,13132
0.047,13131
0.047,13130
0.047,13129
0.047,13128
0.047,13127
0.047,13126
0.047,13125
0.047,13124
0.047,13123
0.047,13122
0.047,13121
0.047,13120
0.047,13119
0.047,13118
0.047,13117
0.047,13116
0.047,13115
0.047,13114
0.047,13113
0.047,13112
0.047,13111
0.047,13110
0.047,13109
0.047,13108
0.047,13107
0.047,13106
0.047,13105
0.047,13104
0.047,13103
0.047,13102
0.047,13101
0.047,13100
0.047,13099
0.047,13098
0.047,13097
0.048,13096
0.048,13095
0.048,13094
0.048,13093
0.048,13092
0.048,13091
0.048,13090
0.048,13089
0.048,13088
0.048,13087
0.048,13086
0.048,13085
0.048,13084
0.048,13083
0.048,13082
0.048,13081
0.048,13080
0.048,13079
0.048,13078
0.048,13077
0.048,13076
0.048,13075
0.048,13074
0.048,13073
0.048,13072
0.048,13071
0.048,13070
0.048,13069
0.048,13068
0.048,13067
0.048,13066
0.048,13065
0.048,13064
0.048,13063
0.048,13062
0.048,13061
0.048,13060
0.048,13059
0.048,13058
0.048,13057
0.048,13056
0.048,13055
0.048,13054
0.048,13053
0.048,13052
0.048,13051
0.048,13050
0.048,13049
0.048,13048
0.048,13047
0.048,13046
0.048,13045
0.049,13044
0.049,13043
0.049,13042
0.049,13041
0.049,13040
0.049,13039
0.049,13038
0.049,13037
0.049,13036
0.049,13035
0.049,13034
0.049,13033
0.049,13032
0.049,13031
0.049,13030
0.049,13029
0.049,13028
0.049,13027
0.049,13026
0.049,13025
0.049,13024
0.049,13023
0.049,13022
0.049,13021
0.049,13020
0.049,13019
0.049,13018
0.049,13017
0.049,13016
0.049,13015
0.049,13014
0.049,13013
0.049,13012
0.049,13011
0.049,13010
0.049,13009
0.049,13008
0.049,13007
0.049,13006
0.049,13005
0.049,13004
0.049,13003
0.049,13002
0.049,13001
0.049,13000
0.049,12999
0.049,12998
0.049,12997
0.049,12996
0.049,12995
0.049,12994
0.049,12993
0.049,12992
0.049,12991
0.049,12990
0.049,12989
0.049,12988
0.049,12987
0.049,12986
0.049,12985
0.050,12984
0.050,12983
0.050,12982
0.050,12981
0.050,12980
0.050,12979
0.050,12978
0.050,12977
0.050,12976
0.050,12975
0.050,12974
0.050,12973
0.050,12972
0.050,12971
0.050,12970
0.050,12969
0.050,12968
0.050,12967
0.050,12966
0.050,12965
0.050,12964
0.050,12963
0.050,12962
0.050,12961
0.050,12960
0.050,12959
0.050,12958
0.050,12957
0.050,12956
0.050,12955
0.050,12954
0.050,12953
0.050,12952
0.050,12951
0.050,12950
0.050,12949
0.050,12948
0.050,12947
0.050,12946
0.050,12945
0.050,12944
0.050,12943
0.050,12942
0.050,12941
0.050,12940
0.050,12939
0.050,12938
0.050,12937
0.050,12936
0.050,12935
0.050,12934
0.050,12933
0.050,12932
0.050,12931
0.050,12930
0.050,12929
0.050,12928
0.050,12927
0.050,12926
0.050,12925
0.051,12924
0.051,12923
0.051,12922
0.051,12921
0.051,12920
0.051,12919
0.051,12918
0.051,12917
0.051,12916
0.051,12915
0.051,12914
0.051,12913
0.051,12912
0.051,12911
0.051,12910
0.051,12909
0.051,12908
0.051,12907
0.051,12906
0.051,12905
0.051,12904
0.051,12903
0.051,12902
0.051,12901
0.051,12900
0.051,12899
0.051,12898
0.051,12897
0.051,12896
0.051,12895
0.051,12894
0.051,12893
0.051,12892
0.051,12891
0.051,12890
0.051,12889
0.051,12888
0.051,12887
0.051,12886
0.051,12885
0.051,12884
0.051,12883
0.051,12882
0.051,12881
0.051,12880
0.051,12879
0.051,12878
0.051,12877
0.051,12876
0.051,12875
0.051,12874
0.051,12873
0.051,12872
0.051,12871
0.051,12870
0.052,12869
0.052,12868
0.052,12867
0.052,12866
0.052,12865
0.052,12864
0.052,12863
0.052,12862
0.052,12861
0.052,12860
0.052,12859
0.052,12858
0.052,12857
0.052,12856
0.052,12855
0.052,12854
0.052,12853
0.052,12852
0.052,12851
0.052,12850
0.052,12849
0.052,12848
0.052,12847
0.052,12846
0.052,12845
0.052,12844
0.052,12843
0.052,12842
0.052,12841
0.052,12840
0.052,12839
0.052,12838
0.052,12837
0.052,12836
0.052,12835
0.052,12834
0.052,12833
0.052,12832
0.052,12831
0.052,12830
0.052,12829
0.052,12828
0.052,12827
0.052,12826
0.052,12825
0.052,12824
0.052,12823
0.052,12822
0.052,12821
0.052,12820
0.052,12819
0.052,12818
0.052,12817
0.052,12816
0.052,12815
0.052,12814
0.052,12813
0.052,12812
0.052,12811
0.053,12810
0.053,12809
0.053,12808
0.053,12807
0.053,12806
0.053,12805
0.053,12804
0.053,12803
0.053,12802
0.053,12801
0.053,12800
0.053,12799
0.053,12798
0.053,12797
0.053,12796
0.053,12795
0.053,12794
0.053,12793
0.053,12792
0.053,12791
0.053,12790
0.053,12789
0.053,12788
0.053,12787
0.053,12786
0.053,12785
0.053,12784
0.053,12783
0.053,12782
0.053,12781
0.053,12780
0.053,12779
0.053,12778
0.053,12777
0.053,12776
0.053,12775
0.053,12774
0.053,12773
0.053,12772
0.053,12771
0.053,12770
0.053,12769
0.053,12768
0.053,12767
0.053,12766
0.053,12765
0.053,12764
0.053,12763
0.053,12762
0.053,12761
0.053,12760
0.053,12759
0.053,12758
0.053,12757
0.053,12756
0.053,12755
0.053,12754
0.053,12753
0.053,12752
0.053,12751
0.053,12750
0.053,12749
0.053,12748
0.053,12747
0.053,12746
0.053,12745
0.053,12744
0.054,12743
0.054,12742
0.054,12741
0.054,12740
0.054,12739
0.054,12738
0.054,12737
0.054,12736
0.054,12735
0.054,12734
0.054,12733
0.054,12732
0.054,12731
0.054,12730
0.054,12729
0.054,12728
0.054,12727
0.054,12726
0.054,12725
0.054,12724
0.054,12723
0.054,12722
0.054,12721
0.054,12720
0.054,12719
0.054,12718
0.054,12717
0.054,12716
0.054,12715
0.054,12714
0.054,12713
0.055,12712
0.055,12711
0.055,12710
0.055,12709
0.055,12708
0.055,12707
0.055,12706
0.055,12705
0.055,12704
0.055,12703
0.055,12702
0.055,12701
0.055,12700
0.055,12699
0.055,12698
0.055,12697
0.055,12696
0.055,12695
0.055,12694
0.055,12693
0.055,12692
0.055,12691
0.055,12690
0.055,12689
0.055,12688
0.055,12687
0.055,12686
0.055,12685
0.055,12684
0.055,12683
0.055,12682
0.055,12681
0.055,12680
0.055,12679
0.055,12678
0.055,12677
0.055,12676
0.055,12675
0.055,12674
0.055,12673
0.055,12672
0.055,12671
0.055,12670
0.055,12669
0.055,12668
0.055,12667
0.055,12666
0.055,12665
0.055,12664
0.055,12663
0.055,12662
0.055,12661
0.055,12660
0.055,12659
0.055,12658
0.055,12657
0.055,12656
0.055,12655
0.055,12654
0.055,12653
0.055,12652
0.055,12651
0.055,12650
0.056,12649
0.056,12648
0.056,12647
0.056,12646
0.056,12645
0.056,12644
0.056,12643
0.056,12642
0.056,12641
0.056,12640
0.056,12639
0.056,12638
0.056,12637
0.056,12636
0.056,12635
0.056,12634
0.056,12633
0.056,12632
0.056,12631
0.056,12630
0.056,12629
0.056,12628
0.056,12627
0.056,12626
0.056,12625
0.056,12624
0.056,12623
0.056,12622
0.056,12621
0.056,12620
0.056,12619
0.056,12618
0.056,12617
0.056,12616
0.056,12615
0.056,12614
0.056,12613
0.056,12612
0.056,12611
0.056,12610
0.056,12609
0.056,12608
0.056,12607
0.056,12606
0.056,12605
0.056,12604
0.056,12603
0.056,12602
0.056,12601
0.056,12600
0.056,12599
0.056,12598
0.056,12597
0.056,12596
0.056,12595
0.056,12594
0.056,12593
0.056,12592
0.056,12591
0.056,12590
0.056,12589
0.056,12588
0.056,12587
0.056,12586
0.056,12585
0.056,12584
0.056,12583
0.056,12582
0.056,12581
0.056,12580
0.056,12579
0.056,12578
0.056,12577
0.056,12576
0.056,12575
0.056,12574
0.056,12573
0.056,12572
0.056,12571
0.057,12570
0.057,12569
0.057,12568
0.057,12567
0.057,12566
0.057,12565
0.057,12564
0.057,12563
0.057,12562
0.057,12561
0.057,12560
0.057,12559
0.057,12558
0.057,12557
0.057,12556
0.057,12555
0.057,12554
0.057,12553
0.057,12552
0.057,12551
0.057,12550
0.057,12549
0.057,12548
0.057,12547
0.057,12546
0.057,12545
0.057,12544
0.057,12543
0.057,12542
0.057,12541
0.057,12540
0.057,12539
0.057,12538
0.057,12537
0.057,12536
0.057,12535
0.057,12534
0.057,12533
0.057,12532
0.057,12531
0.057,12530
0.057,12529
0.057,12528
0.057,12527
0.057,12526
0.057,12525
0.057,12524
0.057,12523
0.057,12522
0.057,12521
0.057,12520
0.057,12519
0.057,12518
0.057,12517
0.057,12516
0.057,12515
0.057,12514
0.057,12513
0.057,12512
0.057,12511
0.057,12510
0.057,12509
0.057,12508
0.057,12507
0.057,12506
0.057,12505
0.057,12504
0.057,12503
0.057,12502
0.057,12501
0.057,12500
0.057,12499
0.057,12498
0.057,12497
0.057,12496
0.057,12495
0.057,12494
0.057,12493
0.057,12492
0.058,12491
0.058,12490
0.058,12489
0.058,12488
0.058,12487
0.058,12486
0.058,12485
0.058,12484
0.058,12483
0.058,12482
0.058,12481
0.058,12480
0.058,12479
0.058,12478
0.058,12477
0.058,12476
0.058,12475
0.058,12474
0.058,12473
0.058,12472
0.058,12471
0.058,12470
0.058,12469
0.058,12468
0.058,12467
0.058,12466
0.058,12465
0.058,12464
0.058,12463
0.058,12462
0.058,12461
0.058,12460
0.058,12459
0.058,12458
0.058,12457
0.058,12456
0.058,12455
0.058,12454
0.058,12453
0.058,12452
0.058,12451
0.058,12450
0.058,12449
0.058,12448
0.058,12447
0.058,12446
0.058,12445
0.058,12444
0.058,12443
0.058,12442
0.058,12441
0.058,12440
0.058,12439
0.058,12438
0.058,12437
0.058,12436
0.058,12435
0.058,12434
0.058,12433
0.058,12432
0.058,12431
0.058,12430
0.058,12429
0.058,12428
0.058,12427
0.058,12426
0.058,12425
0.058,12424
0.058,12423
0.059,12422
0.059,12421
0.059,12420
0.059,12419
0.059,12418
0.059,12417
0.059,12416
0.059,12415
0.059,12414
0.059,12413
0.059,12412
0.059,12411
0.059,12410
0.059,12409
0.059,12408
0.059,12407
0.059,12406
0.059,12405
0.059,12404
0.059,12403
0.059,12402
0.059,12401
0.059,12400
0.059,12399
0.059,12398
0.059,12397
0.059,12396
0.059,12395
0.059,12394
0.059,12393
0.059,12392
0.059,12391
0.059,12390
0.059,12389
0.059,12388
0.059,12387
0.059,12386
0.059,12385
0.059,12384
0.059,12383
0.059,12382
0.059,12381
0.059,12380
0.059,12379
0.059,12378
0.059,12377
0.059,12376
0.059,12375
0.059,12374
0.059,12373
0.059,12372
0.059,12371
0.059,12370
0.059,12369
0.059,12368
0.059,12367
0.059,12366
0.059,12365
0.059,12364
0.059,12363
0.059,12362
0.060,12361
0.060,12360
0.060,12359
0.060,12358
0.060,12357
0.060,12356
0.060,12355
0.060,12354
0.060,12353
0.060,12352
0.060,12351
0.060,12350
0.060,12349
0.060,12348
0.060,12347
0.060,12346
0.060,12345
0.060,12344
0.060,12343
0.060,12342
0.060,12341
0.060,12340
0.060,12339
0.060,12338
0.060,12337
0.060,12336
0.060,12335
0.060,12334
0.060,12333
0.060,12332
0.060,12331
0.060,12330
0.060,12329
0.060,12328
0.060,12327
0.060,12326
0.060,12325
0.060,12324
0.060,12323
0.060,12322
0.060,12321
0.060,12320
0.060,12319
0.060,12318
0.060,12317
0.060,12316
0.060,12315
0.060,12314
0.060,12313
0.060,12312
0.060,12311
0.060,12310
0.060,12309
0.060,12308
0.060,12307
0.060,12306
0.060,12305
0.060,12304
0.060,12303
0.060,12302
0.060,12301
0.060,12300
0.060,12299
0.060,12298
0.060,12297
0.060,12296
0.060,12295
0.060,12294
0.060,12293
0.060,12292
0.061,12291
0.061,12290
0.061,12289
0.061,12288
0.061,12287
0.061,12286
0.061,12285
0.061,12284
0.061,12283
0.061,12282
0.061,12281
0.061,12280
0.061,12279
0.061,12278
0.061,12277
0.061,12276
0.061,12275
0.061,12274
0.061,12273
0.061,12272
0.061,12271
0.061,12270
0.061,12269
0.061,12268
0.061,12267
0.061,12266
0.061,12265
0.061,12264
0.061,12263
0.061,12262
0.061,12261
0.061,12260
0.061,12259
0.061,12258
0.061,12257
0.061,12256
0.061,12255
0.061,12254
0.061,12253
0.061,12252
0.061,12251
0.061,12250
0.061,12249
0.061,12248
0.061,12247
0.061,12246
0.061,12245
0.061,12244
0.061,12243
0.061,12242
0.061,12241
0.061,12240
0.061,12239
0.061,12238
0.061,12237
0.061,12236
0.061,12235
0.061,12234
0.061,12233
0.061,12232
0.061,12231
0.061,12230
0.061,12229
0.061,12228
0.061,12227
0.061,12226
0.061,12225
0.061,12224
0.061,12223
0.061,12222
0.061,12221
0.061,12220
0.061,12219
0.061,12218
0.061,12217
0.061,12216
0.061,12215
0.061,12214
0.061,12213
0.061,12212
0.061,12211
0.061,12210
0.061,12209
0.061,12208
0.061,12207
0.062,12206
0.062,12205
0.062,12204
0.062,12203
0.062,12202
0.062,12201
0.062,12200
0.062,12199
0.062,12198
0.062,12197
0.062,12196
0.062,12195
0.062,12194
0.062,12193
0.062,12192
0.062,12191
0.062,12190
0.062,12189
0.062,12188
0.062,12187
0.062,12186
0.062,12185
0.062,12184
0.062,12183
0.062,12182
0.062,12181
0.062,12180
0.062,12179
0.062,12178
0.062,12177
0.062,12176
0.062,12175
0.062,12174
0.062,12173
0.062,12172
0.062,12171
0.062,12170
0.062,12169
0.062,12168
0.062,12167
0.062,12166
0.062,12165
0.062,12164
0.062,12163
0.062,12162
0.062,12161
0.062,12160
0.062,12159
0.062,12158
0.062,12157
0.062,12156
0.062,12155
0.062,12154
0.062,12153
0.062,12152
0.062,12151
0.062,12150
0.062,12149
0.062,12148
0.062,12147
0.062,12146
0.062,12145
0.062,12144
0.062,12143
0.062,12142
0.062,12141
0.062,12140
0.062,12139
0.062,12138
0.062,12137
0.062,12136
0.062,12135
0.062,12134
0.062,12133
0.062,12132
0.062,12131
0.062,12130
0.062,12129
0.062,12128
0.062,12127
0.062,12126
0.062,12125
0.062,12124
0.062,12123
0.062,12122
0.062,12121
0.062,12120
0.062,12119
0.062,12118
0.062,12117
0.063,12116
0.063,12115
0.063,12114
0.063,12113
0.063,12112
0.063,12111
0.063,12110
0.063,12109
0.063,12108
0.063,12107
0.063,12106
0.063,12105
0.063,12104
0.063,12103
0.063,12102
0.063,12101
0.063,12100
0.063,12099
0.063,12098
0.063,12097
0.063,12096
0.063,12095
0.063,12094
0.063,12093
0.063,12092
0.063,12091
0.063,12090
0.063,12089
0.063,12088
0.063,12087
0.063,12086
0.063,12085
0.063,12084
0.063,12083
0.063,12082
0.063,12081
0.063,12080
0.063,12079
0.063,12078
0.063,12077
0.063,12076
0.063,12075
0.063,12074
0.063,12073
0.063,12072
0.063,12071
0.063,12070
0.063,12069
0.063,12068
0.063,12067
0.063,12066
0.063,12065
0.063,12064
0.063,12063
0.063,12062
0.063,12061
0.063,12060
0.063,12059
0.063,12058
0.063,12057
0.063,12056
0.064,12055
0.064,12054
0.064,12053
0.064,12052
0.064,12051
0.064,12050
0.064,12049
0.064,12048
0.064,12047
0.064,12046
0.064,12045
0.064,12044
0.064,12043
0.064,12042
0.064,12041
0.064,12040
0.064,12039
0.064,12038
0.064,12037
0.064,12036
0.064,12035
0.064,12034
0.064,12033
0.064,12032
0.064,12031
0.064,12030
0.064,12029
0.064,12028
0.064,12027
0.064,12026
0.064,12025
0.064,12024
0.064,12023
0.064,12022
0.064,12021
0.064,12020
0.064,12019
0.064,12018
0.064,12017
0.064,12016
0.064,12015
0.064,12014
0.064,12013
0.064,12012
0.064,12011
0.064,12010
0.064,12009
0.064,12008
0.064,12007
0.064,12006
0.064,12005
0.064,12004
0.064,12003
0.064,12002
0.064,12001
0.064,12000
0.064,11999
0.064,11998
0.064,11997
0.064,11996
0.064,11995
0.064,11994
0.064,11993
0.064,11992
0.064,11991
0.064,11990
0.064,11989
0.064,11988
0.064,11987
0.064,11986
0.064,11985
0.064,11984
0.064,11983
0.064,11982
0.064,11981
0.064,11980
0.064,11979
0.064,11978
0.064,11977
0.064,11976
0.064,11975
0.064,11974
0.064,11973
0.064,11972
0.064,11971
0.064,11970
0.064,11969
0.064,11968
0.064,11967
0.064,11966
0.064,11965
0.065,11964
0.065,11963
0.065,11962
0.065,11961
0.065,11960
0.065,11959
0.065,11958
0.065,11957
0.065,11956
0.065,11955
0.065,11954
0.065,11953
0.065,11952
0.065,11951
0.065,11950
0.065,11949
0.065,11948
0.065,11947
0.065,11946
0.065,11945
0.065,11944
0.065,11943
0.065,11942
0.065,11941
0.065,11940
0.065,11939
0.065,11938
0.065,11937
0.065,11936
0.065,11935
0.065,11934
0.065,11933
0.065,11932
0.065,11931
0.065,11930
0.065,11929
0.065,11928
0.065,11927
0.065,11926
0.065,11925
0.065,11924
0.065,11923
0.065,11922
0.065,11921
0.065,11920
0.065,11919
0.065,11918
0.065,11917
0.065,11916
0.065,11915
0.065,11914
0.065,11913
0.065,11912
0.065,11911
0.065,11910
0.065,11909
0.065,11908
0.065,11907
0.065,11906
0.065,11905
0.065,11904
0.065,11903
0.065,11902
0.065,11901
0.065,11900
0.065,11899
0.065,11898
0.065,11897
0.065,11896
0.065,11895
0.065,11894
0.065,11893
0.065,11892
0.065,11891
0.065,11890
0.065,11889
0.065,11888
0.065,11887
0.065,11886
0.065,11885
0.065,11884
0.065,11883
0.065,11882
0.065,11881
0.065,11880
0.065,11879
0.065,11878
0.065,11877
0.065,11876
0.065,11875
0.065,11874
0.065,11873
0.065,11872
0.065,11871
0.065,11870
0.065,11869
0.065,11868
0.065,11867
0.065,11866
0.065,11865
0.065,11864
0.065,11863
0.065,11862
0.065,11861
0.065,11860
0.065,11859
0.065,11858
0.065,11857
0.065,11856
0.065,11855
0.066,11854
0.066,11853
0.066,11852
0.066,11851
0.066,11850
0.066,11849
0.066,11848
0.066,11847
0.066,11846
0.066,11845
0.066,11844
0.066,11843
0.066,11842
0.066,11841
0.066,11840
0.066,11839
0.066,11838
0.066,11837
0.066,11836
0.066,11835
0.066,11834
0.066,11833
0.066,11832
0.066,11831
0.066,11830
0.066,11829
0.066,11828
0.066,11827
0.066,11826
0.066,11825
0.066,11824
0.066,11823
0.066,11822
0.066,11821
0.066,11820
0.066,11819
0.066,11818
0.066,11817
0.066,11816
0.066,11815
0.066,11814
0.066,11813
0.066,11812
0.066,11811
0.066,11810
0.066,11809
0.066,11808
0.066,11807
0.066,11806
0.066,11805
0.066,11804
0.066,11803
0.066,11802
0.066,11801
0.066,11800
0.066,11799
0.066,11798
0.066,11797
0.066,11796
0.066,11795
0.066,11794
0.066,11793
0.066,11792
0.066,11791
0.066,11790
0.066,11789
0.066,11788
0.066,11787
0.066,11786
0.066,11785
0.066,11784
0.066,11783
0.066,11782
0.066,11781
0.066,11780
0.066,11779
0.066,11778
0.066,11777
0.066,11776
0.066,11775
0.066,11774
0.066,11773
0.066,11772
0.066,11771
0.066,11770
0.066,11769
0.066,11768
0.066,11767
0.066,11766
0.066,11765
0.066,11764
0.066,11763
0.066,11762
0.066,11761
0.066,11760
0.066,11759
0.066,11758
0.066,11757
0.066,11756
0.066,11755
0.067,11754
0.067,11753
0.067,11752
0.067,11751
0.067,11750
0.067,11749
0.067,11748
0.067,11747
0.067,11746
0.067,11745
0.067,11744
0.067,11743
0.067,11742
0.067,11741
0.067,11740
0.067,11739
0.067,11738
0.067,11737
0.067,11736
0.067,11735
0.067,11734
0.067,11733
0.067,11732
0.067,11731
0.067,11730
0.067,11729
0.067,11728
0.067,11727
0.067,11726
0.067,11725
0.067,11724
0.067,11723
0.067,11722
0.067,11721
0.067,11720
0.067,11719
0.067,11718
0.067,11717
0.067,11716
0.067,11715
0.067,11714
0.067,11713
0.067,11712
0.067,11711
0.067,11710
0.067,11709
0.067,11708
0.067,11707
0.067,11706
0.067,11705
0.067,11704
0.067,11703
0.067,11702
0.067,11701
0.067,11700
0.067,11699
0.067,11698
0.067,11697
0.067,11696
0.067,11695
0.067,11694
0.067,11693
0.067,11692
0.067,11691
0.067,11690
0.067,11689
0.067,11688
0.067,11687
0.067,11686
0.067,11685
0.067,11684
0.067,11683
0.067,11682
0.067,11681
0.067,11680
0.067,11679
0.067,11678
0.067,11677
0.067,11676
0.067,11675
0.067,11674
0.067,11673
0.067,11672
0.067,11671
0.067,11670
0.067,11669
0.067,11668
0.067,11667
0.067,11666
0.067,11665
0.067,11664
0.067,11663
0.068,11662
0.068,11661
0.068,11660
0.068,11659
0.068,11658
0.068,11657
0.068,11656
0.068,11655
0.068,11654
0.068,11653
0.068,11652
0.068,11651
0.068,11650
0.068,11649
0.068,11648
0.068,11647
0.068,11646
0.068,11645
0.068,11644
0.068,11643
0.068,11642
0.068,11641
0.068,11640
0.068,11639
0.068,11638
0.068,11637
0.068,11636
0.068,11635
0.068,11634
0.068,11633
0.068,11632
0.068,11631
0.068,11630
0.068,11629
0.068,11628
0.068,11627
0.068,11626
0.068,11625
0.068,11624
0.068,11623
0.068,11622
0.068,11621
0.068,11620
0.068,11619
0.068,11618
0.068,11617
0.068,11616
0.068,11615
0.068,11614
0.068,11613
0.068,11612
0.068,11611
0.068,11610
0.068,11609
0.068,11608
0.068,11607
0.068,11606
0.068,11605
0.068,11604
0.068,11603
0.068,11602
0.068,11601
0.068,11600
0.068,11599
0.068,11598
0.068,11597
0.068,11596
0.068,11595
0.068,11594
0.068,11593
0.068,11592
0.068,11591
0.068,11590
0.068,11589
0.068,11588
0.068,11587
0.068,11586
0.068,11585
0.068,11584
0.068,11583
0.068,11582
0.068,11581
0.068,11580
0.068,11579
0.068,11578
0.068,11577
0.068,11576
0.068,11575
0.068,11574
0.068,11573
0.068,11572
0.069,11571
0.069,11570
0.069,11569
0.069,11568
0.069,11567
0.069,11566
0.069,11565
0.069,11564
0.069,11563
0.069,11562
0.069,11561
0.069,11560
0.069,11559
0.069,11558
0.069,11557
0.069,11556
0.069,11555
0.069,11554
0.069,11553
0.069,11552
0.069,11551
0.069,11550
0.069,11549
0.069,11548
0.069,11547
0.069,11546
0.069,11545
0.069,11544
0.069,11543
0.069,11542
0.069,11541
0.069,11540
0.069,11539
0.069,11538
0.069,11537
0.069,11536
0.069,11535
0.069,11534
0.069,11533
0.069,11532
0.069,11531
0.069,11530
0.069,11529
0.069,11528
0.069,11527
0.069,11526
0.069,11525
0.069,11524
0.069,11523
0.069,11522
0.069,11521
0.069,11520
0.069,11519
0.069,11518
0.069,11517
0.069,11516
0.069,11515
0.069,11514
0.069,11513
0.069,11512
0.069,11511
0.069,11510
0.069,11509
0.069,11508
0.069,11507
0.069,11506
0.069,11505
0.069,11504
0.069,11503
0.069,11502
0.069,11501
0.069,11500
0.069,11499
0.069,11498
0.069,11497
0.069,11496
0.069,11495
0.069,11494
0.069,11493
0.069,11492
0.069,11491
0.069,11490
0.069,11489
0.069,11488
0.069,11487
0.069,11486
0.069,11485
0.069,11484
0.069,11483
0.069,11482
0.069,11481
0.069,11480
0.069,11479
0.069,11478
0.069,11477
0.069,11476
0.069,11475
0.069,11474
0.069,11473
0.069,11472
0.069,11471
0.069,11470
0.069,11469
0.069,11468
0.070,11467
0.070,11466
0.070,11465
0.070,11464
0.070,11463
0.070,11462
0.070,11461
0.070,11460
0.070,11459
0.070,11458
0.070,11457
0.070,11456
0.070,11455
0.070,11454
0.070,11453
0.070,11452
0.070,11451
0.070,11450
0.070,11449
0.070,11448
0.070,11447
0.070,11446
0.070,11445
0.070,11444
0.070,11443
0.070,11442
0.070,11441
0.070,11440
0.070,11439
0.070,11438
0.070,11437
0.070,11436
0.070,11435
0.070,11434
0.070,11433
0.070,11432
0.070,11431
0.070,11430
0.070,11429
0.070,11428
0.070,11427
0.070,11426
0.070,11425
0.070,11424
0.070,11423
0.070,11422
0.070,11421
0.070,11420
0.070,11419
0.070,11418
0.070,11417
0.070,11416
0.070,11415
0.070,11414
0.070,11413
0.070,11412
0.070,11411
0.070,11410
0.070,11409
0.070,11408
0.070,11407
0.070,11406
0.070,11405
0.070,11404
0.070,11403
0.070,11402
0.070,11401
0.070,11400
0.070,11399
0.070,11398
0.070,11397
0.070,11396
0.070,11395
0.070,11394
0.070,11393
0.070,11392
0.070,11391
0.070,11390
0.070,11389
0.070,11388
0.070,11387
0.070,11386
0.070,11385
0.070,11384
0.070,11383
0.070,11382
0.070,11381
0.070,11380
0.070,11379
0.070,11378
0.071,11377
0.071,11376
0.071,11375
0.071,11374
0.071,11373
0.071,11372
0.071,11371
0.071,11370
0.071,11369
0.071,11368
0.071,11367
0.071,11366
0.071,11365
0.071,11364
0.071,11363
0.071,11362
0.071,11361
0.071,11360
0.071,11359
0.071,11358
0.071,11357
0.071,11356
0.071,11355
0.071,11354
0.071,11353
0.071,11352
0.071,11351
0.071,11350
0.071,11349
0.071,11348
0.071,11347
0.071,11346
0.071,11345
0.071,11344
0.071,11343
0.071,11342
0.071,11341
0.071,11340
0.071,11339
0.071,11338
0.071,11337
0.071,11336
0.071,11335
0.071,11334
0.071,11333
0.071,11332
0.071,11331
0.071,11330
0.071,11329
0.071,11328
0.071,11327
0.071,11326
0.071,11325
0.071,11324
0.071,11323
0.071,11322
0.071,11321
0.071,11320
0.071,11319
0.071,11318
0.071,11317
0.071,11316
0.071,11315
0.071,11314
0.071,11313
0.071,11312
0.071,11311
0.071,11310
0.071,11309
0.071,11308
0.071,11307
0.071,11306
0.071,11305
0.071,11304
0.071,11303
0.072,11302
0.072,11301
0.072,11300
0.072,11299
0.072,11298
0.072,11297
0.072,11296
0.072,11295
0.072,11294
0.072,11293
0.072,11292
0.072,11291
0.072,11290
0.072,11289
0.072,11288
0.072,11287
0.072,11286
0.072,11285
0.072,11284
0.072,11283
0.072,11282
0.072,11281
0.072,11280
0.072,11279
0.072,11278
0.072,11277
0.072,11276
0.072,11275
0.072,11274
0.072,11273
0.072,11272
0.072,11271
0.072,11270
0.072,11269
0.072,11268
0.072,11267
0.072,11266
0.072,11265
0.072,11264
0.072,11263
0.072,11262
0.072,11261
0.072,11260
0.072,11259
0.072,11258
0.072,11257
0.072,11256
0.072,11255
0.072,11254
0.072,11253
0.072,11252
0.072,11251
0.072,11250
0.072,11249
0.072,11248
0.072,11247
0.072,11246
0.072,11245
0.072,11244
0.072,11243
0.072,11242
0.072,11241
0.072,11240
0.072,11239
0.072,11238
0.072,11237
0.072,11236
0.072,11235
0.072,11234
0.072,11233
0.072,11232
0.072,11231
0.072,11230
0.072,11229
0.072,11228
0.072,11227
0.072,11226
0.072,11225
0.072,11224
0.072,11223
0.072,11222
0.072,11221
0.072,11220
0.072,11219
0.072,11218
0.072,11217
0.072,11216
0.072,11215
0.072,11214
0.072,11213
0.072,11212
0.072,11211
0.072,11210
0.072,11209
0.072,11208
0.072,11207
0.072,11206
0.072,11205
0.072,11204
0.072,11203
0.072,11202
0.072,11201
0.072,11200
0.072,11199
0.072,11198
0.072,11197
0.073,11196
0.073,11195
0.073,11194
0.073,11193
0.073,11192
0.073,11191
0.073,11190
0.073,11189
0.073,11188
0.073,11187
0.073,11186
0.073,11185
0.073,11184
0.073,11183
0.073,11182
0.073,11181
0.073,11180
0.073,11179
0.073,11178
0.073,11177
0.073,11176
0.073,11175
0.073,11174
0.073,11173
0.073,11172
0.073,11171
0.073,11170
0.073,11169
0.073,11168
0.073,11167
0.073,11166
0.073,11165
0.073,11164
0.073,11163
0.073,11162
0.073,11161
0.073,11160
0.073,11159
0.073,11158
0.073,11157
0.073,11156
0.073,11155
0.073,11154
0.073,11153
0.073,11152
0.073,11151
0.073,11150
0.073,11149
0.073,11148
0.073,11147
0.073,11146
0.073,11145
0.073,11144
0.073,11143
0.073,11142
0.073,11141
0.073,11140
0.073,11139
0.073,11138
0.073,11137
0.073,11136
0.073,11135
0.073,11134
0.073,11133
0.073,11132
0.073,11131
0.073,11130
0.073,11129
0.073,11128
0.073,11127
0.073,11126
0.073,11125
0.073,11124
0.073,11123
0.073,11122
0.073,11121
0.073,11120
0.073,11119
0.073,11118
0.073,11117
0.073,11116
0.073,11115
0.073,11114
0.073,11113
0.073,11112
0.073,11111
0.073,11110
0.073,11109
0.073,11108
0.073,11107
0.073,11106
0.073,11105
0.073,11104
0.073,11103
0.073,11102
0.073,11101
0.073,11100
0.073,11099
0.073,11098
0.073,11097
0.073,11096
0.073,11095
0.074,11094
0.074,11093
0.074,11092
0.074,11091
0.074,11090
0.074,11089
0.074,11088
0.074,11087
0.074,11086
0.074,11085
0.074,11084
0.074,11083
0.074,11082
0.074,11081
0.074,11080
0.074,11079
0.074,11078
0.074,11077
0.074,11076
0.074,11075
0.074,11074
0.074,11073
0.074,11072
0.074,11071
0.074,11070
0.074,11069
0.074,11068
0.074,11067
0.074,11066
0.074,11065
0.074,11064
0.074,11063
0.074,11062
0.074,11061
0.074,11060
0.074,11059
0.074,11058
0.074,11057
0.074,11056
0.074,11055
0.074,11054
0.074,11053
0.074,11052
0.074,11051
0.074,11050
0.074,11049
0.074,11048
0.074,11047
0.074,11046
0.074,11045
0.074,11044
0.074,11043
0.074,11042
0.074,11041
0.074,11040
0.074,11039
0.074,11038
0.074,11037
0.074,11036
0.074,11035
0.074,11034
0.074,11033
0.074,11032
0.074,11031
0.074,11030
0.074,11029
0.074,11028
0.074,11027
0.074,11026
0.074,11025
0.074,11024
0.074,11023
0.074,11022
0.074,11021
0.074,11020
0.074,11019
0.074,11018
0.074,11017
0.074,11016
0.074,11015
0.074,11014
0.074,11013
0.074,11012
0.074,11011
0.074,11010
0.074,11009
0.074,11008
0.074,11007
0.074,11006
0.074,11005
0.074,11004
0.074,11003
0.074,11002
0.074,11001
0.074,11000
0.074,10999
0.074,10998
0.075,10997
0.075,10996
0.075,10995
0.075,10994
0.075,10993
0.075,10992
0.075,10991
0.075,10990
0.075,10989
0.075,10988
0.075,10987
0.075,10986
0.075,10985
0.075,10984
0.075,10983
0.075,10982
0.075,10981
0.075,10980
0.075,10979
0.075,10978
0.075,10977
0.075,10976
0.075,10975
0.075,10974
0.075,10973
0.075,10972
0.075,10971
0.075,10970
0.075,10969
0.075,10968
0.075,10967
0.075,10966
0.075,10965
0.075,10964
0.075,10963
0.075,10962
0.075,10961
0.075,10960
0.075,10959
0.075,10958
0.075,10957
0.075,10956
0.075,10955
0.075,10954
0.075,10953
0.075,10952
0.075,10951
0.075,10950
0.075,10949
0.075,10948
0.075,10947
0.075,10946
0.075,10945
0.075,10944
0.075,10943
0.075,10942
0.075,10941
0.075,10940
0.075,10939
0.075,10938
0.075,10937
0.075,10936
0.075,10935
0.075,10934
0.075,10933
0.075,10932
0.075,10931
0.075,10930
0.075,10929
0.075,10928
0.075,10927
0.075,10926
0.075,10925
0.075,10924
0.075,10923
0.075,10922
0.075,10921
0.075,10920
0.075,10919
0.075,10918
0.075,10917
0.075,10916
0.075,10915
0.075,10914
0.075,10913
0.075,10912
0.075,10911
0.075,10910
0.075,10909
0.075,10908
0.075,10907
0.075,10906
0.075,10905
0.075,10904
0.075,10903
0.075,10902
0.075,10901
0.075,10900
0.075,10899
0.075,10898
0.075,10897
0.075,10896
0.076,10895
0.076,10894
0.076,10893
0.076,10892
0.076,10891
0.076,10890
0.076,10889
0.076,10888
0.076,10887
0.076,10886
0.076,10885
0.076,10884
0.076,10883
0.076,10882
0.076,10881
0.076,10880
0.076,10879
0.076,10878
0.076,10877
0.076,10876
0.076,10875
0.076,10874
0.076,10873
0.076,10872
0.076,10871
0.076,10870
0.076,10869
0.076,10868
0.076,10867
0.076,10866
0.076,10865
0.076,10864
0.076,10863
0.076,10862
0.076,10861
0.076,10860
0.076,10859
0.076,10858
0.076,10857
0.076,10856
0.076,10855
0.076,10854
0.076,10853
0.076,10852
0.076,10851
0.076,10850
0.076,10849
0.076,10848
0.076,10847
0.076,10846
0.076,10845
0.076,10844
0.076,10843
0.076,10842
0.076,10841
0.076,10840
0.076,10839
0.076,10838
0.076,10837
0.076,10836
0.076,10835
0.076,10834
0.076,10833
0.076,10832
0.076,10831
0.076,10830
0.076,10829
0.076,10828
0.076,10827
0.076,10826
0.076,10825
0.076,10824
0.076,10823
0.076,10822
0.076,10821
0.076,10820
0.076,10819
0.076,10818
0.076,10817
0.076,10816
0.076,10815
0.076,10814
0.076,10813
0.076,10812
0.076,10811
0.076,10810
0.076,10809
0.076,10808
0.076,10807
0.076,10806
0.076,10805
0.076,10804
0.076,10803
0.076,10802
0.076,10801
0.076,10800
0.076,10799
0.076,10798
0.076,10797
0.076,10796
0.076,10795
0.077,10794
0.077,10793
0.077,10792
0.077,10791
0.077,10790
0.077,10789
0.077,10788
0.077,10787
0.077,10786
0.077,10785
0.077,10784
0.077,10783
0.077,10782
0.077,10781
0.077,10780
0.077,10779
0.077,10778
0.077,10777
0.077,10776
0.077,10775
0.077,10774
0.077,10773
0.077,10772
0.077,10771
0.077,10770
0.077,10769
0.077,10768
0.077,10767
0.077,10766
0.077,10765
0.077,10764
0.077,10763
0.077,10762
0.077,10761
0.077,10760
0.077,10759
0.077,10758
0.077,10757
0.077,10756
0.077,10755
0.077,10754
0.077,10753
0.077,10752
0.077,10751
0.077,10750
0.077,10749
0.077,10748
0.077,10747
0.077,10746
0.077,10745
0.077,10744
0.077,10743
0.077,10742
0.077,10741
0.077,10740
0.077,10739
0.077,10738
0.077,10737
0.077,10736
0.077,10735
0.077,10734
0.077,10733
0.077,10732
0.077,10731
0.077,10730
0.077,10729
0.077,10728
0.077,10727
0.077,10726
0.077,10725
0.077,10724
0.077,10723
0.077,10722
0.077,10721
0.077,10720
0.077,10719
0.077,10718
0.077,10717
0.077,10716
0.077,10715
0.077,10714
0.077,10713
0.077,10712
0.077,10711
0.077,10710
0.077,10709
0.077,10708
0.077,10707
0.077,10706
0.077,10705
0.077,10704
0.077,10703
0.077,10702
0.077,10701
0.077,10700
0.077,10699
0.077,10698
0.077,10697
0.077,10696
0.077,10695
0.078,10694
0.078,10693
0.078,10692
0.078,10691
0.078,10690
0.078,10689
0.078,10688
0.078,10687
0.078,10686
0.078,10685
0.078,10684
0.078,10683
0.078,10682
0.078,10681
0.078,10680
0.078,10679
0.078,10678
0.078,10677
0.078,10676
0.078,10675
0.078,10674
0.078,10673
0.078,10672
0.078,10671
0.078,10670
0.078,10669
0.078,10668
0.078,10667
0.078,10666
0.078,10665
0.078,10664
0.078,10663
0.078,10662
0.078,10661
0.078,10660
0.078,10659
0.078,10658
0.078,10657
0.078,10656
0.078,10655
0.078,10654
0.078,10653
0.078,10652
0.078,10651
0.078,10650
0.078,10649
0.078,10648
0.078,10647
0.078,10646
0.078,10645
0.078,10644
0.078,10643
0.078,10642
0.078,10641
0.078,10640
0.078,10639
0.079,10638
0.079,10637
0.079,10636
0.079,10635
0.079,10634
0.079,10633
0.079,10632
0.079,10631
0.079,10630
0.079,10629
0.079,10628
0.079,10627
0.079,10626
0.079,10625
0.079,10624
0.079,10623
0.079,10622
0.079,10621
0.079,10620
0.079,10619
0.079,10618
0.079,10617
0.079,10616
0.079,10615
0.079,10614
0.079,10613
0.079,10612
0.079,10611
0.079,10610
0.079,10609
0.079,10608
0.079,10607
0.079,10606
0.079,10605
0.079,10604
0.079,10603
0.079,10602
0.079,10601
0.079,10600
0.079,10599
0.079,10598
0.079,10597
0.079,10596
0.079,10595
0.079,10594
0.079,10593
0.079,10592
0.079,10591
0.079,10590
0.079,10589
0.079,10588
0.079,10587
0.079,10586
0.079,10585
0.079,10584
0.079,10583
0.079,10582
0.079,10581
0.079,10580
0.079,10579
0.079,10578
0.079,10577
0.079,10576
0.079,10575
0.079,10574
0.079,10573
0.079,10572
0.079,10571
0.079,10570
0.079,10569
0.079,10568
0.079,10567
0.079,10566
0.079,10565
0.079,10564
0.079,10563
0.079,10562
0.079,10561
0.079,10560
0.079,10559
0.079,10558
0.079,10557
0.079,10556
0.079,10555
0.079,10554
0.079,10553
0.079,10552
0.080,10551
0.080,10550
0.080,10549
0.080,10548
0.080,10547
0.080,10546
0.080,10545
0.080,10544
0.080,10543
0.080,10542
0.080,10541
0.080,10540
0.080,10539
0.080,10538
0.080,10537
0.080,10536
0.080,10535
0.080,10534
0.080,10533
0.080,10532
0.080,10531
0.080,10530
0.080,10529
0.080,10528
0.080,10527
0.080,10526
0.080,10525
0.080,10524
0.080,10523
0.080,10522
0.080,10521
0.080,10520
0.080,10519
0.080,10518
0.080,10517
0.080,10516
0.080,10515
0.080,10514
0.080,10513
0.080,10512
0.080,10511
0.080,10510
0.080,10509
0.080,10508
0.080,10507
0.080,10506
0.080,10505
0.080,10504
0.080,10503
0.080,10502
0.080,10501
0.080,10500
0.080,10499
0.080,10498
0.080,10497
0.080,10496
0.080,10495
0.080,10494
0.080,10493
0.080,10492
0.080,10491
0.080,10490
0.080,10489
0.080,10488
0.080,10487
0.080,10486
0.080,10485
0.080,10484
0.080,10483
0.080,10482
0.080,10481
0.080,10480
0.080,10479
0.080,10478
0.080,10477
0.080,10476
0.080,10475
0.080,10474
0.080,10473
0.080,10472
0.080,10471
0.080,10470
0.080,10469
0.080,10468
0.080,10467
0.080,10466
0.080,10465
0.080,10464
0.080,10463
0.080,10462
0.080,10461
0.080,10460
0.080,10459
0.080,10458
0.080,10457
0.080,10456
0.080,10455
0.080,10454
0.080,10453
0.080,10452
0.080,10451
0.080,10450
0.080,10449
0.080,10448
0.080,10447
0.081,10446
0.081,10445
0.081,10444
0.081,10443
0.081,10442
0.081,10441
0.081,10440
0.081,10439
0.081,10438
0.081,10437
0.081,10436
0.081,10435
0.081,10434
0.081,10433
0.081,10432
0.081,10431
0.081,10430
0.081,10429
0.081,10428
0.081,10427
0.081,10426
0.081,10425
0.081,10424
0.081,10423
0.081,10422
0.081,10421
0.081,10420
0.081,10419
0.081,10418
0.081,10417
0.081,10416
0.081,10415
0.081,10414
0.081,10413
0.081,10412
0.081,10411
0.081,10410
0.081,10409
0.081,10408
0.081,10407
0.081,10406
0.081,10405
0.081,10404
0.081,10403
0.081,10402
0.081,10401
0.081,10400
0.081,10399
0.081,10398
0.081,10397
0.081,10396
0.081,10395
0.081,10394
0.081,10393
0.081,10392
0.081,10391
0.081,10390
0.081,10389
0.081,10388
0.081,10387
0.081,10386
0.081,10385
0.081,10384
0.081,10383
0.081,10382
0.081,10381
0.081,10380
0.081,10379
0.081,10378
0.081,10377
0.081,10376
0.081,10375
0.081,10374
0.081,10373
0.081,10372
0.081,10371
0.081,10370
0.081,10369
0.081,10368
0.081,10367
0.081,10366
0.081,10365
0.081,10364
0.081,10363
0.081,10362
0.081,10361
0.081,10360
0.081,10359
0.081,10358
0.081,10357
0.081,10356
0.081,10355
0.081,10354
0.081,10353
0.082,10352
0.082,10351
0.082,10350
0.082,10349
0.082,10348
0.082,10347
0.082,10346
0.082,10345
0.082,10344
0.082,10343
0.082,10342
0.082,10341
0.082,10340
0.082,10339
0.082,10338
0.082,10337
0.082,10336
0.082,10335
0.082,10334
0.082,10333
0.082,10332
0.082,10331
0.082,10330
0.082,10329
0.082,10328
0.082,10327
0.082,10326
0.082,10325
0.082,10324
0.082,10323
0.082,10322
0.082,10321
0.082,10320
0.082,10319
0.082,10318
0.082,10317
0.082,10316
0.082,10315
0.082,10314
0.082,10313
0.082,10312
0.082,10311
0.082,10310
0.082,10309
0.082,10308
0.082,10307
0.082,10306
0.082,10305
0.082,10304
0.082,10303
0.082,10302
0.082,10301
0.082,10300
0.082,10299
0.082,10298
0.082,10297
0.082,10296
0.082,10295
0.082,10294
0.082,10293
0.082,10292
0.082,10291
0.082,10290
0.082,10289
0.082,10288
0.082,10287
0.082,10286
0.082,10285
0.082,10284
0.082,10283
0.082,10282
0.082,10281
0.082,10280
0.082,10279
0.082,10278
0.082,10277
0.082,10276
0.082,10275
0.082,10274
0.082,10273
0.082,10272
0.082,10271
0.082,10270
0.082,10269
0.082,10268
0.082,10267
0.082,10266
0.082,10265
0.082,10264
0.082,10263
0.082,10262
0.082,10261
0.082,10260
0.082,10259
0.083,10258
0.083,10257
0.083,10256
0.083,10255
0.083,10254
0.083,10253
0.083,10252
0.083,10251
0.083,10250
0.083,10249
0.083,10248
0.083,10247
0.083,10246
0.083,10245
0.083,10244
0.083,10243
0.083,10242
0.083,10241
0.083,10240
0.083,10239
0.083,10238
0.083,10237
0.083,10236
0.083,10235
0.083,10234
0.083,10233
0.083,10232
0.083,10231
0.083,10230
0.083,10229
0.083,10228
0.083,10227
0.083,10226
0.083,10225
0.083,10224
0.083,10223
0.083,10222
0.083,10221
0.083,10220
0.083,10219
0.083,10218
0.083,10217
0.083,10216
0.083,10215
0.083,10214
0.083,10213
0.083,10212
0.083,10211
0.083,10210
0.083,10209
0.083,10208
0.083,10207
0.083,10206
0.083,10205
0.083,10204
0.083,10203
0.083,10202
0.083,10201
0.083,10200
0.083,10199
0.083,10198
0.083,10197
0.083,10196
0.083,10195
0.083,10194
0.083,10193
0.083,10192
0.083,10191
0.083,10190
0.083,10189
0.083,10188
0.083,10187
0.083,10186
0.083,10185
0.083,10184
0.083,10183
0.083,10182
0.083,10181
0.083,10180
0.083,10179
0.083,10178
0.083,10177
0.083,10176
0.083,10175
0.083,10174
0.083,10173
0.084,10172
0.084,10171
0.084,10170
0.084,10169
0.084,10168
0.084,10167
0.084,10166
0.084,10165
0.084,10164
0.084,10163
0.084,10162
0.084,10161
0.084,10160
0.084,10159
0.084,10158
0.084,10157
0.084,10156
0.084,10155
0.084,10154
0.084,10153
0.084,10152
0.084,10151
0.084,10150
0.084,10149
0.084,10148
0.084,10147
0.084,10146
0.084,10145
0.084,10144
0.084,10143
0.084,10142
0.084,10141
0.084,10140
0.084,10139
0.084,10138
0.084,10137
0.084,10136
0.084,10135
0.084,10134
0.084,10133
0.084,10132
0.084,10131
0.084,10130
0.084,10129
0.084,10128
0.084,10127
0.084,10126
0.084,10125
0.084,10124
0.084,10123
0.084,10122
0.084,10121
0.084,10120
0.084,10119
0.084,10118
0.084,10117
0.084,10116
0.084,10115
0.084,10114
0.084,10113
0.084,10112
0.084,10111
0.084,10110
0.084,10109
0.084,10108
0.084,10107
0.084,10106
0.084,10105
0.084,10104
0.084,10103
0.084,10102
0.084,10101
0.084,10100
0.084,10099
0.084,10098
0.084,10097
0.084,10096
0.084,10095
0.084,10094
0.084,10093
0.084,10092
0.084,10091
0.084,10090
0.084,10089
0.084,10088
0.085,10087
0.085,10086
0.085,10085
0.085,10084
0.085,10083
0.085,10082
0.085,10081
0.085,10080
0.085,10079
0.085,10078
0.085,10077
0.085,10076
0.085,10075
0.085,10074
0.085,10073
0.085,10072
0.085,10071
0.085,10070
0.085,10069
0.085,10068
0.085,10067
0.085,10066
0.085,10065
0.085,10064
0.085,10063
0.085,10062
0.085,10061
0.085,10060
0.085,10059
0.085,10058
0.085,10057
0.085,10056
0.085,10055
0.085,10054
0.085,10053
0.085,10052
0.085,10051
0.085,10050
0.085,10049
0.085,10048
0.085,10047
0.085,10046
0.085,10045
0.085,10044
0.085,10043
0.085,10042
0.085,10041
0.085,10040
0.085,10039
0.085,10038
0.085,10037
0.085,10036
0.085,10035
0.085,10034
0.085,10033
0.085,10032
0.085,10031
0.085,10030
0.085,10029
0.085,10028
0.085,10027
0.085,10026
0.085,10025
0.085,10024
0.085,10023
0.085,10022
0.085,10021
0.085,10020
0.085,10019
0.085,10018
0.085,10017
0.085,10016
0.085,10015
0.085,10014
0.085,10013
