0.001,14108
0.005,14107
0.005,14106
0.005,14105
0.005,14104
0.005,14103
0.006,14102
0.006,14101
0.006,14100
0.006,14099
0.006,14098
0.006,14097
0.006,14096
0.006,14095
0.006,14094
0.007,14093
0.007,14092
0.007,14091
0.007,14090
0.007,14089
0.007,14088
0.007,14087
0.007,14086
0.007,14085
0.007,14084
0.007,14083
0.008,14082
0.008,14081
0.008,14080
0.008,14079
0.008,14078
0.008,14077
0.008,14076
0.008,14075
0.008,14074
0.008,14073
0.008,14072
0.008,14071
0.009,14070
0.009,14069
0.009,14068
0.009,14067
0.009,14066
0.009,14065
0.009,14064
0.009,14063
0.009,14062
0.009,14061
0.009,14060
0.009,14059
0.010,14058
0.010,14057
0.010,14056
0.010,14055
0.010,14054
0.010,14053
0.010,14052
0.010,14051
0.010,14050
0.010,14049
0.010,14048
0.010,14047
0.010,14046
0.011,14045
0.011,14044
0.011,14043
0.011,14042
0.011,14041
0.011,14040
0.011,14039
0.011,14038
0.011,14037
0.011,14036
0.011,14035
0.011,14034
0.011,14033
0.012,14032
0.012,14031
0.012,14030
0.012,14029
0.012,14028
0.012,14027
0.012,14026
0.012,14025
0.012,14024
0.012,14023
0.012,14022
0.012,14021
0.012,14020
0.013,14019
0.013,14018
0.013,14017
0.013,14016
0.013,14015
0.013,14014
0.013,14013
0.013,14012
0.013,14011
0.013,14010
0.013,14009
0.013,14008
0.013,14007
0.014,14006
0.014,14005
0.014,14004
0.014,14003
0.014,14002
0.014,14001
0.014,14000
0.014,13999
0.014,13998
0.014,13997
0.014,13996
0.014,13995
0.014,13994
0.014,13993
0.015,13992
0.015,13991
0.015,13990
0.015,13989
0.015,13988
0.015,13987
0.015,13986
0.015,13985
0.015,13984
0.015,13983
0.015,13982
0.015,13981
0.015,13980
0.016,13979
0.016,13978
0.016,13977
0.016,13976
0.016,13975
0.016,13974
0.016,13973
0.016,13972
0.016,13971
0.016,13970
0.016,13969
0.016,13968
0.016,13967
0.016,13966
0.016,13965
0.016,13964
0.017,13963
0.017,13962
0.017,13961
0.017,13960
0.017,13959
0.017,13958
0.017,13957
0.017,13956
0.017,13955
0.017,13954
0.017,13953
0.017,13952
0.017,13951
0.017,13950
0.017,13949
0.017,13948
0.018,13947
0.018,13946
0.018,13945
0.018,13944
0.018,13943
0.018,13942
0.018,13941
0.018,13940
0.018,13939
0.018,13938
0.018,13937
0.018,13936
0.018,13935
0.019,13934
0.019,13933
0.019,13932
0.019,13931
0.019,13930
0.019,13929
0.019,13928
0.019,13927
0.019,13926
0.019,13925
0.019,13924
0.019,13923
0.019,13922
0.019,13921
0.019,13920
0.019,13919
0.019,13918
0.020,13917
0.020,13916
0.020,13915
0.020,13914
0.020,13913
0.020,13912
0.020,13911
0.020,13910
0.020,13909
0.020,13908
0.020,13907
0.020,13906
0.020,13905
0.020,13904
0.020,13903
0.020,13902
0.021,13901
0.021,13900
0.021,13899
0.021,13898
0.021,13897
0.021,13896
0.021,13895
0.021,13894
0.021,13893
0.021,13892
0.021,13891
0.021,13890
0.021,13889
0.021,13888
0.021,13887
0.021,13886
0.021,13885
0.022,13884
0.022,13883
0.022,13882
0.022,13881
0.022,13880
0.022,13879
0.022,13878
0.022,13877
0.022,13876
0.022,13875
0.022,13874
0.022,13873
0.022,13872
0.022,13871
0.022,13870
0.022,13869
0.022,13868
0.022,13867
0.023,13866
0.023,13865
0.023,13864
0.023,13863
0.023,13862
0.023,13861
0.023,13860
0.023,13859
0.023,13858
0.023,13857
0.023,13856
0.023,13855
0.023,13854
0.023,13853
0.024,13852
0.024,13851
0.024,13850
0.024,13849
0.024,13848
0.024,13847
0.024,13846
0.024,13845
0.024,13844
0.024,13843
0.024,13842
0.024,13841
0.024,13840
0.024,13839
0.024,13838
0.024,13837
0.024,13836
0.024,13835
0.024,13834
0.024,13833
0.024,13832
0.024,13831
0.025,13830
0.025,13829
0.025,13828
0.025,13827
0.025,13826
0.025,13825
0.025,13824
0.025,13823
0.025,13822
0.025,13821
0.025,13820
0.025,13819
0.025,13818
0.025,13817
0.025,13816
0.025,13815
0.025,13814
0.025,13813
0.025,13812
0.025,13811
0.025,13810
0.025,13809
0.026,13808
0.026,13807
0.026,13806
0.026,13805
0.026,13804
0.026,13803
0.026,13802
0.026,13801
0.026,13800
0.026,13799
0.026,13798
0.026,13797
0.026,13796
0.026,13795
0.026,13794
0.026,13793
0.026,13792
0.026,13791
0.026,13790
0.026,13789
0.026,13788
0.027,13787
0.027,13786
0.027,13785
0.027,13784
0.027,13783
0.027,13782
0.027,13781
0.027,13780
0.027,13779
0.027,13778
0.027,13777
0.027,13776
0.027,13775
0.027,13774
0.027,13773
0.027,13772
0.027,13771
0.027,13770
0.027,13769
0.027,13768
0.027,13767
0.028,13766
0.028,13765
0.028,13764
0.028,13763
0.028,13762
0.028,13761
0.028,13760
0.028,13759
0.028,13758
0.028,13757
0.028,13756
0.028,13755
0.028,13754
0.028,13753
0.028,13752
0.028,13751
0.028,13750
0.028,13749
0.028,13748
0.028,13747
0.029,13746
0.029,13745
0.029,13744
0.029,13743
0.029,13742
0.029,13741
0.029,13740
0.029,13739
0.029,13738
0.029,13737
0.029,13736
0.029,13735
0.029,13734
0.029,13733
0.029,13732
0.029,13731
0.029,13730
0.029,13729
0.029,13728
0.029,13727
0.029,13726
0.029,13725
0.030,13724
0.030,13723
0.030,13722
0.030,13721
0.030,13720
0.030,13719
0.030,13718
0.030,13717
0.030,13716
0.030,13715
0.030,13714
0.030,13713
0.030,13712
0.030,13711
0.030,13710
0.030,13709
0.030,13708
0.030,13707
0.030,13706
0.030,13705
0.030,13704
0.030,13703
0.031,13702
0.031,13701
0.031,13700
0.031,13699
0.031,13698
0.031,13697
0.031,13696
0.031,13695
0.031,13694
0.031,13693
0.031,13692
0.031,13691
0.031,13690
0.031,13689
0.031,13688
0.031,13687
0.031,13686
0.031,13685
0.031,13684
0.031,13683
0.031,13682
0.031,13681
0.031,13680
0.031,13679
0.032,13678
0.032,13677
0.032,13676
0.032,13675
0.032,13674
0.032,13673
0.032,13672
0.032,13671
0.032,13670
0.032,13669
0.032,13668
0.032,13667
0.032,13666
0.032,13665
0.032,13664
0.032,13663
0.032,13662
0.032,13661
0.032,13660
0.032,13659
0.032,13658
0.032,13657
0.032,13656
0.033,13655
0.033,13654
0.033,13653
0.033,13652
0.033,13651
0.033,13650
0.033,13649
0.033,13648
0.033,13647
0.033,13646
0.033,13645
0.033,13644
0.033,13643
0.033,13642
0.033,13641
0.033,13640
0.033,13639
0.033,13638
0.033,13637
0.033,13636
0.033,13635
0.033,13634
0.033,13633
0.033,13632
0.034,13631
0.034,13630
0.034,13629
0.034,13628
0.034,13627
0.034,13626
0.034,13625
0.034,13624
0.034,13623
0.034,13622
0.034,13621
0.034,13620
0.034,13619
0.034,13618
0.034,13617
0.034,13616
0.034,13615
0.034,13614
0.034,13613
0.034,13612
0.034,13611
0.034,13610
0.034,13609
0.035,13608
0.035,13607
0.035,13606
0.035,13605
0.035,13604
0.035,13603
0.035,13602
0.035,13601
0.035,13600
0.035,13599
0.035,13598
0.035,13597
0.035,13596
0.035,13595
0.035,13594
0.035,13593
0.035,13592
0.035,13591
0.035,13590
0.035,13589
0.035,13588
0.035,13587
0.035,13586
0.035,13585
0.035,13584
0.036,13583
0.036,13582
0.036,13581
0.036,13580
0.036,13579
0.036,13578
0.036,13577
0.036,13576
0.036,13575
0.036,13574
0.036,13573
0.036,13572
0.036,13571
0.036,13570
0.036,13569
0.036,13568
0.036,13567
0.036,13566
0.036,13565
0.036,13564
0.036,13563
0.036,13562
0.036,13561
0.036,13560
0.036,13559
0.036,13558
0.037,13557
0.037,13556
0.037,13555
0.037,13554
0.037,13553
0.037,13552
0.037,13551
0.037,13550
0.037,13549
0.037,13548
0.037,13547
0.037,13546
0.037,13545
0.037,13544
0.037,13543
0.037,13542
0.037,13541
0.037,13540
0.037,13539
0.037,13538
0.037,13537
0.037,13536
0.037,13535
0.037,13534
0.037,13533
0.037,13532
0.037,13531
0.037,13530
0.037,13529
0.037,13528
0.037,13527
0.038,13526
0.038,13525
0.038,13524
0.038,13523
0.038,13522
0.038,13521
0.038,13520
0.038,13519
0.038,13518
0.038,13517
0.038,13516
0.038,13515
0.038,13514
0.038,13513
0.038,13512
0.038,13511
0.038,13510
0.038,13509
0.038,13508
0.038,13507
0.038,13506
0.038,13505
0.038,13504
0.038,13503
0.038,13502
0.038,13501
0.038,13500
0.038,13499
0.038,13498
0.038,13497
0.039,13496
0.039,13495
0.039,13494
0.039,13493
0.039,13492
0.039,13491
0.039,13490
0.039,13489
0.039,13488
0.039,13487
0.039,13486
0.039,13485
0.039,13484
0.039,13483
0.039,13482
0.039,13481
0.039,13480
0.039,13479
0.039,13478
0.039,13477
0.039,13476
0.039,13475
0.039,13474
0.039,13473
0.039,13472
0.039,13471
0.039,13470
0.039,13469
0.039,13468
0.039,13467
0.039,13466
0.039,13465
0.039,13464
0.039,13463
0.040,13462
0.040,13461
0.040,13460
0.040,13459
0.040,13458
0.040,13457
0.040,13456
0.040,13455
0.040,13454
0.040,13453
0.040,13452
0.040,13451
0.040,13450
0.040,13449
0.040,13448
0.040,13447
0.040,13446
0.040,13445
0.040,13444
0.040,13443
0.040,13442
0.040,13441
0.040,13440
0.040,13439
0.040,13438
0.040,13437
0.040,13436
0.040,13435
0.040,13434
0.040,13433
0.040,13432
0.040,13431
0.040,13430
0.040,13429
0.040,13428
0.040,13427
0.040,13426
0.041,13425
0.041,13424
0.041,13423
0.041,13422
0.041,13421
0.041,13420
0.041,13419
0.041,13418
0.041,13417
0.041,13416
0.041,13415
0.041,13414
0.041,13413
0.041,13412
0.041,13411
0.041,13410
0.041,13409
0.041,13408
0.041,13407
0.041,13406
0.041,13405
0.041,13404
0.041,13403
0.042,13402
0.042,13401
0.042,13400
0.042,13399
0.042,13398
0.042,13397
0.042,13396
0.042,13395
0.042,13394
0.042,13393
0.042,13392
0.042,13391
0.042,13390
0.042,13389
0.042,13388
0.042,13387
0.042,13386
0.042,13385
0.042,13384
0.042,13383
0.042,13382
0.042,13381
0.042,13380
0.042,13379
0.042,13378
0.042,13377
0.042,13376
0.042,13375
0.042,13374
0.042,13373
0.042,13372
0.042,13371
0.042,13370
0.042,13369
0.042,13368
0.042,13367
0.042,13366
0.042,13365
0.042,13364
0.042,13363
0.042,13362
0.042,13361
0.042,13360
0.042,13359
0.042,13358
0.043,13357
0.043,13356
0.043,13355
0.043,13354
0.043,13353
0.043,13352
0.043,13351
0.043,13350
0.043,13349
0.043,13348
0.043,13347
0.043,13346
0.043,13345
0.043,13344
0.043,13343
0.043,13342
0.043,13341
0.043,13340
0.043,13339
0.043,13338
0.043,13337
0.043,13336
0.043,13335
0.043,13334
0.043,13333
0.043,13332
0.043,13331
0.043,13330
0.043,13329
0.043,13328
0.043,13327
0.043,13326
0.043,13325
0.043,13324
0.043,13323
0.043,13322
0.043,13321
0.043,13320
0.043,13319
0.043,13318
0.043,13317
0.043,13316
0.043,13315
0.043,13314
0.043,13313
0.043,13312
0.044,13311
0.044,13310
0.044,13309
0.044,13308
0.044,13307
0.044,13306
0.044,13305
0.044,13304
0.044,13303
0.044,13302
0.044,13301
0.044,13300
0.044,13299
0.044,13298
0.044,13297
0.044,13296
0.044,13295
0.044,13294
0.044,13293
0.044,13292
0.044,13291
0.044,13290
0.044,13289
0.044,13288
0.044,13287
0.044,13286
0.044,13285
0.044,13284
0.044,13283
0.044,13282
0.044,13281
0.044,13280
0.044,13279
0.044,13278
0.044,13277
0.044,13276
0.044,13275
0.044,13274
0.044,13273
0.044,13272
0.044,13271
0.044,13270
0.044,13269
0.044,13268
0.044,13267
0.044,13266
0.044,13265
0.045,13264
0.045,13263
0.045,13262
0.045,13261
0.045,13260
0.045,13259
0.045,13258
0.045,13257
0.045,13256
0.045,13255
0.045,13254
0.045,13253
0.045,13252
0.045,13251
0.045,13250
0.045,13249
0.045,13248
0.045,13247
0.045,13246
0.045,13245
0.045,13244
0.045,13243
0.045,13242
0.045,13241
0.045,13240
0.045,13239
0.045,13238
0.045,13237
0.045,13236
0.045,13235
0.045,13234
0.045,13233
0.045,13232
0.045,13231
0.045,13230
0.045,13229
0.045,13228
0.045,13227
0.045,13226
0.045,13225
0.045,13224
0.045,13223
0.045,13222
0.045,13221
0.045,13220
0.045,13219
0.045,13218
0.046,13217
0.046,13216
0.046,13215
0.046,13214
0.046,13213
0.046,13212
0.046,13211
0.046,13210
0.046,13209
0.046,13208
0.046,13207
0.046,13206
0.046,13205
0.046,13204
0.046,13203
0.046,13202
0.046,13201
0.046,13200
0.046,13199
0.046,13198
0.046,13197
0.046,13196
0.046,13195
0.046,13194
0.046,13193
0.046,13192
0.046,13191
0.046,13190
0.046,13189
0.046,13188
0.046,13187
0.046,13186
0.046,13185
0.046,13184
0.046,13183
0.046,13182
0.046,13181
0.046,13180
0.046,13179
0.046,13178
0.046,13177
0.046,13176
0.046,13175
0.046,13174
0.046,13173
0.046,13172
0.046,13171
0.047,13170
0.047,13169
0.047,13168
0.047,13167
0.047,13166
0.047,13165
0.047,13164
0.047,13163
0.047,13162
0.047,13161
0.047,13160
0.047,13159
0.047,13158
0.047,13157
0.047,13156
0.047,13155
0.047,13154
0.047,13153
0.047,13152
0.047,13151
0.047,13150
0.047,13149
0.047,13148
0.047,13147
0.047,13146
0.047,13145
0.047,13144
0.047,13143
0.047,13142
0.047,13141
0.047,13140
0.047,13139
0.047,13138
0.047,13137
0.047,13136
0.047,13135
0.047,13134
0.047,13133
0.047,13132
0.047,13131
0.047,13130
0.047,13129
0.047,13128
0.047,13127
0.047,13126
0.047,13125
0.047,13124
0.047,13123
0.047,13122
0.047,13121
0.047,13120
0.048,13119
0.048,13118
0.048,13117
0.048,13116
0.048,13115
0.048,13114
0.048,13113
0.048,13112
0.048,13111
0.048,13110
0.048,13109
0.048,13108
0.048,13107
0.048,13106
0.048,13105
0.048,13104
0.048,13103
0.048,13102
0.048,13101
0.048,13100
0.048,13099
0.048,13098
0.048,13097
0.048,13096
0.048,13095
0.048,13094
0.048,13093
0.048,13092
0.048,13091
0.048,13090
0.048,13089
0.048,13088
0.048,13087
0.048,13086
0.048,13085
0.048,13084
0.048,13083
0.048,13082
0.048,13081
0.048,13080
0.048,13079
0.048,13078
0.048,13077
0.048,13076
0.048,13075
0.048,13074
0.048,13073
0.048,13072
0.049,13071
0.049,13070
0.049,13069
0.049,13068
0.049,13067
0.049,13066
0.049,13065
0.049,13064
0.049,13063
0.049,13062
0.049,13061
0.049,13060
0.049,13059
0.049,13058
0.049,13057
0.049,13056
0.049,13055
0.049,13054
0.049,13053
0.049,13052
0.049,13051
0.049,13050
0.049,13049
0.049,13048
0.049,13047
0.049,13046
0.049,13045
0.049,13044
0.049,13043
0.049,13042
0.049,13041
0.049,13040
0.049,13039
0.049,13038
0.049,13037
0.049,13036
0.049,13035
0.049,13034
0.049,13033
0.049,13032
0.049,13031
0.049,13030
0.049,13029
0.049,13028
0.049,13027
0.049,13026
0.049,13025
0.049,13024
0.049,13023
0.049,13022
0.049,13021
0.049,13020
0.049,13019
0.049,13018
0.050,13017
0.050,13016
0.050,13015
0.050,13014
0.050,13013
0.050,13012
0.050,13011
0.050,13010
0.050,13009
0.050,13008
0.050,13007
0.050,13006
0.050,13005
0.050,13004
0.050,13003
0.050,13002
0.050,13001
0.050,13000
0.050,12999
0.050,12998
0.050,12997
0.050,12996
0.050,12995
0.050,12994
0.050,12993
0.050,12992
0.050,12991
0.050,12990
0.050,12989
0.050,12988
0.050,12987
0.050,12986
0.050,12985
0.050,12984
0.050,12983
0.050,12982
0.050,12981
0.050,12980
0.050,12979
0.050,12978
0.050,12977
0.050,12976
0.050,12975
0.050,12974
0.050,12973
0.050,12972
0.050,12971
0.050,12970
0.050,12969
0.050,12968
0.050,12967
0.050,12966
0.051,12965
0.051,12964
0.051,12963
0.051,12962
0.051,12961
0.051,12960
0.051,12959
0.051,12958
0.051,12957
0.051,12956
0.051,12955
0.051,12954
0.051,12953
0.051,12952
0.051,12951
0.051,12950
0.051,12949
0.051,12948
0.051,12947
0.051,12946
0.051,12945
0.051,12944
0.051,12943
0.051,12942
0.051,12941
0.051,12940
0.051,12939
0.051,12938
0.051,12937
0.051,12936
0.051,12935
0.051,12934
0.051,12933
0.051,12932
0.051,12931
0.051,12930
0.051,12929
0.051,12928
0.051,12927
0.051,12926
0.051,12925
0.051,12924
0.051,12923
0.051,12922
0.051,12921
0.051,12920
0.052,12919
0.052,12918
0.052,12917
0.052,12916
0.052,12915
0.052,12914
0.052,12913
0.052,12912
0.052,12911
0.052,12910
0.052,12909
0.052,12908
0.052,12907
0.052,12906
0.052,12905
0.052,12904
0.052,12903
0.052,12902
0.052,12901
0.052,12900
0.052,12899
0.052,12898
0.052,12897
0.052,12896
0.052,12895
0.052,12894
0.052,12893
0.052,12892
0.052,12891
0.052,12890
0.052,12889
0.052,12888
0.052,12887
0.052,12886
0.052,12885
0.052,12884
0.052,12883
0.052,12882
0.052,12881
0.052,12880
0.052,12879
0.052,12878
0.052,12877
0.052,12876
0.052,12875
0.052,12874
0.052,12873
0.052,12872
0.052,12871
0.052,12870
0.052,12869
0.052,12868
0.052,12867
0.052,12866
0.052,12865
0.052,12864
0.052,12863
0.052,12862
0.052,12861
0.052,12860
0.052,12859
0.052,12858
0.052,12857
0.053,12856
0.053,12855
0.053,12854
0.053,12853
0.053,12852
0.053,12851
0.053,12850
0.053,12849
0.053,12848
0.053,12847
0.053,12846
0.053,12845
0.053,12844
0.053,12843
0.053,12842
0.053,12841
0.053,12840
0.053,12839
0.053,12838
0.053,12837
0.053,12836
0.053,12835
0.053,12834
0.053,12833
0.053,12832
0.053,12831
0.053,12830
0.053,12829
0.053,12828
0.053,12827
0.053,12826
0.053,12825
0.053,12824
0.053,12823
0.053,12822
0.053,12821
0.053,12820
0.053,12819
0.053,12818
0.053,12817
0.053,12816
0.053,12815
0.053,12814
0.053,12813
0.053,12812
0.053,12811
0.053,12810
0.053,12809
0.053,12808
0.053,12807
0.053,12806
0.053,12805
0.053,12804
0.053,12803
0.053,12802
0.053,12801
0.053,12800
0.053,12799
0.053,12798
0.053,12797
0.053,12796
0.053,12795
0.053,12794
0.053,12793
0.054,12792
0.054,12791
0.054,12790
0.054,12789
0.054,12788
0.054,12787
0.054,12786
0.054,12785
0.054,12784
0.054,12783
0.054,12782
0.054,12781
0.054,12780
0.054,12779
0.054,12778
0.054,12777
0.054,12776
0.054,12775
0.054,12774
0.054,12773
0.054,12772
0.054,12771
0.054,12770
0.054,12769
0.054,12768
0.054,12767
0.054,12766
0.054,12765
0.054,12764
0.054,12763
0.054,12762
0.054,12761
0.054,12760
0.054,12759
0.054,12758
0.054,12757
0.054,12756
0.054,12755
0.054,12754
0.054,12753
0.054,12752
0.054,12751
0.054,12750
0.054,12749
0.054,12748
0.054,12747
0.054,12746
0.054,12745
0.054,12744
0.054,12743
0.055,12742
0.055,12741
0.055,12740
0.055,12739
0.055,12738
0.055,12737
0.055,12736
0.055,12735
0.055,12734
0.055,12733
0.055,12732
0.055,12731
0.055,12730
0.055,12729
0.055,12728
0.055,12727
0.055,12726
0.055,12725
0.055,12724
0.055,12723
0.055,12722
0.055,12721
0.055,12720
0.055,12719
0.055,12718
0.055,12717
0.055,12716
0.055,12715
0.055,12714
0.055,12713
0.055,12712
0.055,12711
0.055,12710
0.055,12709
0.055,12708
0.055,12707
0.055,12706
0.055,12705
0.055,12704
0.055,12703
0.055,12702
0.055,12701
0.055,12700
0.055,12699
0.055,12698
0.055,12697
0.055,12696
0.055,12695
0.055,12694
0.055,12693
0.055,12692
0.055,12691
0.055,12690
0.055,12689
0.055,12688
0.055,12687
0.056,12686
0.056,12685
0.056,12684
0.056,12683
0.056,12682
0.056,12681
0.056,12680
0.056,12679
0.056,12678
0.056,12677
0.056,12676
0.056,12675
0.056,12674
0.056,12673
0.056,12672
0.056,12671
0.056,12670
0.056,12669
0.056,12668
0.056,12667
0.056,12666
0.056,12665
0.056,12664
0.056,12663
0.056,12662
0.056,12661
0.056,12660
0.056,12659
0.056,12658
0.056,12657
0.056,12656
0.056,12655
0.056,12654
0.056,12653
0.056,12652
0.056,12651
0.056,12650
0.056,12649
0.056,12648
0.056,12647
0.056,12646
0.056,12645
0.056,12644
0.056,12643
0.056,12642
0.056,12641
0.056,12640
0.056,12639
0.056,12638
0.056,12637
0.056,12636
0.056,12635
0.056,12634
0.056,12633
0.056,12632
0.056,12631
0.056,12630
0.056,12629
0.056,12628
0.056,12627
0.056,12626
0.056,12625
0.056,12624
0.056,12623
0.056,12622
0.056,12621
0.056,12620
0.056,12619
0.056,12618
0.056,12617
0.056,12616
0.056,12615
0.056,12614
0.056,12613
0.056,12612
0.057,12611
0.057,12610
0.057,12609
0.057,12608
0.057,12607
0.057,12606
0.057,12605
0.057,12604
0.057,12603
0.057,12602
0.057,12601
0.057,12600
0.057,12599
0.057,12598
0.057,12597
0.057,12596
0.057,12595
0.057,12594
0.057,12593
0.057,12592
0.057,12591
0.057,12590
0.057,12589
0.057,12588
0.057,12587
0.057,12586
0.057,12585
0.057,12584
0.057,12583
0.057,12582
0.057,12581
0.057,12580
0.057,12579
0.057,12578
0.057,12577
0.057,12576
0.057,12575
0.057,12574
0.057,12573
0.057,12572
0.057,12571
0.057,12570
0.057,12569
0.057,12568
0.057,12567
0.057,12566
0.057,12565
0.057,12564
0.057,12563
0.057,12562
0.057,12561
0.057,12560
0.057,12559
0.057,12558
0.057,12557
0.057,12556
0.057,12555
0.057,12554
0.057,12553
0.057,12552
0.057,12551
0.057,12550
0.057,12549
0.057,12548
0.057,12547
0.057,12546
0.057,12545
0.057,12544
0.057,12543
0.057,12542
0.057,12541
0.057,12540
0.057,12539
0.057,12538
0.057,12537
0.057,12536
0.057,12535
0.057,12534
0.058,12533
0.058,12532
0.058,12531
0.058,12530
0.058,12529
0.058,12528
0.058,12527
0.058,12526
0.058,12525
0.058,12524
0.058,12523
0.058,12522
0.058,12521
0.058,12520
0.058,12519
0.058,12518
0.058,12517
0.058,12516
0.058,12515
0.058,12514
0.058,12513
0.058,12512
0.058,12511
0.058,12510
0.058,12509
0.058,12508
0.058,12507
0.058,12506
0.058,12505
0.058,12504
0.058,12503
0.058,12502
0.058,12501
0.058,12500
0.058,12499
0.058,12498
0.058,12497
0.058,12496
0.058,12495
0.058,12494
0.058,12493
0.058,12492
0.058,12491
0.058,12490
0.058,12489
0.058,12488
0.058,12487
0.058,12486
0.058,12485
0.058,12484
0.058,12483
0.058,12482
0.058,12481
0.058,12480
0.058,12479
0.058,12478
0.058,12477
0.058,12476
0.058,12475
0.058,12474
0.058,12473
0.058,12472
0.058,12471
0.058,12470
0.058,12469
0.058,12468
0.058,12467
0.058,12466
0.058,12465
0.058,12464
0.058,12463
0.058,12462
0.058,12461
0.058,12460
0.058,12459
0.058,12458
0.058,12457
0.059,12456
0.059,12455
0.059,12454
0.059,12453
0.059,12452
0.059,12451
0.059,12450
0.059,12449
0.059,12448
0.059,12447
0.059,12446
0.059,12445
0.059,12444
0.059,12443
0.059,12442
0.059,12441
0.059,12440
0.059,12439
0.059,12438
0.059,12437
0.059,12436
0.059,12435
0.059,12434
0.059,12433
0.059,12432
0.059,12431
0.059,12430
0.059,12429
0.059,12428
0.059,12427
0.059,12426
0.059,12425
0.059,12424
0.059,12423
0.059,12422
0.059,12421
0.059,12420
0.059,12419
0.059,12418
0.059,12417
0.059,12416
0.059,12415
0.059,12414
0.059,12413
0.059,12412
0.059,12411
0.059,12410
0.059,12409
0.059,12408
0.059,12407
0.059,12406
0.059,12405
0.059,12404
0.059,12403
0.059,12402
0.059,12401
0.059,12400
0.059,12399
0.059,12398
0.059,12397
0.059,12396
0.059,12395
0.059,12394
0.059,12393
0.059,12392
0.059,12391
0.059,12390
0.059,12389
0.059,12388
0.059,12387
0.059,12386
0.059,12385
0.059,12384
0.059,12383
0.060,12382
0.060,12381
0.060,12380
0.060,12379
0.060,12378
0.060,12377
0.060,12376
0.060,12375
0.060,12374
0.060,12373
0.060,12372
0.060,12371
0.060,12370
0.060,12369
0.060,12368
0.060,12367
0.060,12366
0.060,12365
0.060,12364
0.060,12363
0.060,12362
0.060,12361
0.060,12360
0.060,12359
0.060,12358
0.060,12357
0.060,12356
0.060,12355
0.060,12354
0.060,12353
0.060,12352
0.060,12351
0.060,12350
0.060,12349
0.060,12348
0.060,12347
0.060,12346
0.060,12345
0.060,12344
0.060,12343
0.060,12342
0.060,12341
0.060,12340
0.060,12339
0.060,12338
0.060,12337
0.060,12336
0.060,12335
0.060,12334
0.060,12333
0.060,12332
0.060,12331
0.060,12330
0.060,12329
0.060,12328
0.060,12327
0.060,12326
0.060,12325
0.060,12324
0.060,12323
0.060,12322
0.060,12321
0.060,12320
0.060,12319
0.060,12318
0.060,12317
0.060,12316
0.060,12315
0.060,12314
0.060,12313
0.060,12312
0.060,12311
0.060,12310
0.060,12309
0.060,12308
0.060,12307
0.060,12306
0.061,12305
0.061,12304
0.061,12303
0.061,12302
0.061,12301
0.061,12300
0.061,12299
0.061,12298
0.061,12297
0.061,12296
0.061,12295
0.061,12294
0.061,12293
0.061,12292
0.061,12291
0.061,12290
0.061,12289
0.061,12288
0.061,12287
0.061,12286
0.061,12285
0.061,12284
0.061,12283
0.061,12282
0.061,12281
0.061,12280
0.061,12279
0.061,12278
0.061,12277
0.061,12276
0.061,12275
0.061,12274
0.061,12273
0.061,12272
0.061,12271
0.061,12270
0.061,12269
0.061,12268
0.061,12267
0.061,12266
0.061,12265
0.061,12264
0.061,12263
0.061,12262
0.061,12261
0.061,12260
0.061,12259
0.061,12258
0.061,12257
0.061,12256
0.061,12255
0.061,12254
0.061,12253
0.061,12252
0.061,12251
0.061,12250
0.061,12249
0.061,12248
0.061,12247
0.061,12246
0.061,12245
0.061,12244
0.061,12243
0.061,12242
0.061,12241
0.061,12240
0.061,12239
0.061,12238
0.061,12237
0.061,12236
0.061,12235
0.061,12234
0.061,12233
0.061,12232
0.061,12231
0.061,12230
0.061,12229
0.061,12228
0.061,12227
0.061,12226
0.061,12225
0.061,12224
0.061,12223
0.061,12222
0.061,12221
0.061,12220
0.061,12219
0.062,12218
0.062,12217
0.062,12216
0.062,12215
0.062,12214
0.062,12213
0.062,12212
0.062,12211
0.062,12210
0.062,12209
0.062,12208
0.062,12207
0.062,12206
0.062,12205
0.062,12204
0.062,12203
0.062,12202
0.062,12201
0.062,12200
0.062,12199
0.062,12198
0.062,12197
0.062,12196
0.062,12195
0.062,12194
0.062,12193
0.062,12192
0.062,12191
0.062,12190
0.062,12189
0.062,12188
0.062,12187
0.062,12186
0.062,12185
0.062,12184
0.062,12183
0.062,12182
0.062,12181
0.062,12180
0.062,12179
0.062,12178
0.062,12177
0.062,12176
0.062,12175
0.062,12174
0.062,12173
0.062,12172
0.062,12171
0.062,12170
0.062,12169
0.062,12168
0.062,12167
0.062,12166
0.062,12165
0.062,12164
0.062,12163
0.062,12162
0.062,12161
0.062,12160
0.062,12159
0.062,12158
0.062,12157
0.062,12156
0.062,12155
0.062,12154
0.062,12153
0.062,12152
0.062,12151
0.062,12150
0.062,12149
0.062,12148
0.062,12147
0.062,12146
0.062,12145
0.062,12144
0.062,12143
0.062,12142
0.062,12141
0.062,12140
0.062,12139
0.062,12138
0.062,12137
0.062,12136
0.063,12135
0.063,12134
0.063,12133
0.063,12132
0.063,12131
0.063,12130
0.063,12129
0.063,12128
0.063,12127
0.063,12126
0.063,12125
0.063,12124
0.063,12123
0.063,12122
0.063,12121
0.063,12120
0.063,12119
0.063,12118
0.063,12117
0.063,12116
0.063,12115
0.063,12114
0.063,12113
0.063,12112
0.063,12111
0.063,12110
0.063,12109
0.063,12108
0.063,12107
0.063,12106
0.063,12105
0.063,12104
0.063,12103
0.063,12102
0.063,12101
0.063,12100
0.063,12099
0.063,12098
0.063,12097
0.063,12096
0.063,12095
0.063,12094
0.063,12093
0.063,12092
0.063,12091
0.063,12090
0.063,12089
0.063,12088
0.063,12087
0.063,12086
0.063,12085
0.063,12084
0.063,12083
0.063,12082
0.063,12081
0.063,12080
0.063,12079
0.063,12078
0.063,12077
0.063,12076
0.063,12075
0.063,12074
0.063,12073
0.063,12072
0.063,12071
0.063,12070
0.063,12069
0.063,12068
0.063,12067
0.063,12066
0.063,12065
0.063,12064
0.063,12063
0.063,12062
0.063,12061
0.064,12060
0.064,12059
0.064,12058
0.064,12057
0.064,12056
0.064,12055
0.064,12054
0.064,12053
0.064,12052
0.064,12051
0.064,12050
0.064,12049
0.064,12048
0.064,12047
0.064,12046
0.064,12045
0.064,12044
0.064,12043
0.064,12042
0.064,12041
0.064,12040
0.064,12039
0.064,12038
0.064,12037
0.064,12036
0.064,12035
0.064,12034
0.064,12033
0.064,12032
0.064,12031
0.064,12030
0.064,12029
0.064,12028
0.064,12027
0.064,12026
0.064,12025
0.064,12024
0.064,12023
0.064,12022
0.064,12021
0.064,12020
0.064,12019
0.064,12018
0.064,12017
0.064,12016
0.064,12015
0.064,12014
0.064,12013
0.064,12012
0.064,12011
0.064,12010
0.064,12009
0.064,12008
0.064,12007
0.064,12006
0.064,12005
0.064,12004
0.064,12003
0.064,12002
0.064,12001
0.064,12000
0.064,11999
0.064,11998
0.064,11997
0.064,11996
0.064,11995
0.064,11994
0.064,11993
0.064,11992
0.064,11991
0.064,11990
0.064,11989
0.064,11988
0.064,11987
0.065,11986
0.065,11985
0.065,11984
0.065,11983
0.065,11982
0.065,11981
0.065,11980
0.065,11979
0.065,11978
0.065,11977
0.065,11976
0.065,11975
0.065,11974
0.065,11973
0.065,11972
0.065,11971
0.065,11970
0.065,11969
0.065,11968
0.065,11967
0.065,11966
0.065,11965
0.065,11964
0.065,11963
0.065,11962
0.065,11961
0.065,11960
0.065,11959
0.065,11958
0.065,11957
0.065,11956
0.065,11955
0.065,11954
0.065,11953
0.065,11952
0.065,11951
0.065,11950
0.065,11949
0.065,11948
0.065,11947
0.065,11946
0.065,11945
0.065,11944
0.065,11943
0.065,11942
0.065,11941
0.065,11940
0.065,11939
0.065,11938
0.065,11937
0.065,11936
0.065,11935
0.065,11934
0.065,11933
0.065,11932
0.065,11931
0.065,11930
0.065,11929
0.065,11928
0.065,11927
0.065,11926
0.065,11925
0.065,11924
0.065,11923
0.065,11922
0.065,11921
0.065,11920
0.065,11919
0.065,11918
0.065,11917
0.065,11916
0.065,11915
0.065,11914
0.065,11913
0.065,11912
0.065,11911
0.065,11910
0.065,11909
0.065,11908
0.065,11907
0.065,11906
0.065,11905
0.065,11904
0.065,11903
0.065,11902
0.065,11901
0.065,11900
0.065,11899
0.065,11898
0.065,11897
0.065,11896
0.065,11895
0.065,11894
0.065,11893
0.065,11892
0.065,11891
0.065,11890
0.065,11889
0.065,11888
0.065,11887
0.065,11886
0.065,11885
0.065,11884
0.066,11883
0.066,11882
0.066,11881
0.066,11880
0.066,11879
0.066,11878
0.066,11877
0.066,11876
0.066,11875
0.066,11874
0.066,11873
0.066,11872
0.066,11871
0.066,11870
0.066,11869
0.066,11868
0.066,11867
0.066,11866
0.066,11865
0.066,11864
0.066,11863
0.066,11862
0.066,11861
0.066,11860
0.066,11859
0.066,11858
0.066,11857
0.066,11856
0.066,11855
0.066,11854
0.066,11853
0.066,11852
0.066,11851
0.066,11850
0.066,11849
0.066,11848
0.066,11847
0.066,11846
0.066,11845
0.066,11844
0.066,11843
0.066,11842
0.066,11841
0.066,11840
0.066,11839
0.066,11838
0.066,11837
0.066,11836
0.066,11835
0.066,11834
0.066,11833
0.066,11832
0.066,11831
0.066,11830
0.066,11829
0.066,11828
0.066,11827
0.066,11826
0.066,11825
0.066,11824
0.066,11823
0.066,11822
0.066,11821
0.066,11820
0.066,11819
0.066,11818
0.066,11817
0.066,11816
0.066,11815
0.066,11814
0.066,11813
0.066,11812
0.066,11811
0.066,11810
0.066,11809
0.066,11808
0.066,11807
0.066,11806
0.066,11805
0.066,11804
0.066,11803
0.066,11802
0.066,11801
0.066,11800
0.066,11799
0.066,11798
0.066,11797
0.066,11796
0.066,11795
0.066,11794
0.066,11793
0.066,11792
0.066,11791
0.066,11790
0.066,11789
0.067,11788
0.067,11787
0.067,11786
0.067,11785
0.067,11784
0.067,11783
0.067,11782
0.067,11781
0.067,11780
0.067,11779
0.067,11778
0.067,11777
0.067,11776
0.067,11775
0.067,11774
0.067,11773
0.067,11772
0.067,11771
0.067,11770
0.067,11769
0.067,11768
0.067,11767
0.067,11766
0.067,11765
0.067,11764
0.067,11763
0.067,11762
0.067,11761
0.067,11760
0.067,11759
0.067,11758
0.067,11757
0.067,11756
0.067,11755
0.067,11754
0.067,11753
0.067,11752
0.067,11751
0.067,11750
0.067,11749
0.067,11748
0.067,11747
0.067,11746
0.067,11745
0.067,11744
0.067,11743
0.067,11742
0.067,11741
0.067,11740
0.067,11739
0.067,11738
0.067,11737
0.067,11736
0.067,11735
0.067,11734
0.067,11733
0.067,11732
0.067,11731
0.067,11730
0.067,11729
0.067,11728
0.067,11727
0.067,11726
0.067,11725
0.067,11724
0.067,11723
0.067,11722
0.067,11721
0.067,11720
0.067,11719
0.067,11718
0.067,11717
0.067,11716
0.067,11715
0.067,11714
0.067,11713
0.067,11712
0.067,11711
0.067,11710
0.067,11709
0.067,11708
0.067,11707
0.067,11706
0.067,11705
0.067,11704
0.067,11703
0.067,11702
0.067,11701
0.067,11700
0.067,11699
0.067,11698
0.067,11697
0.067,11696
0.068,11695
0.068,11694
0.068,11693
0.068,11692
0.068,11691
0.068,11690
0.068,11689
0.068,11688
0.068,11687
0.068,11686
0.068,11685
0.068,11684
0.068,11683
0.068,11682
0.068,11681
0.068,11680
0.068,11679
0.068,11678
0.068,11677
0.068,11676
0.068,11675
0.068,11674
0.068,11673
0.068,11672
0.068,11671
0.068,11670
0.068,11669
0.068,11668
0.068,11667
0.068,11666
0.068,11665
0.068,11664
0.068,11663
0.068,11662
0.068,11661
0.068,11660
0.068,11659
0.068,11658
0.068,11657
0.068,11656
0.068,11655
0.068,11654
0.068,11653
0.068,11652
0.068,11651
0.068,11650
0.068,11649
0.068,11648
0.068,11647
0.068,11646
0.068,11645
0.068,11644
0.068,11643
0.068,11642
0.068,11641
0.068,11640
0.068,11639
0.068,11638
0.068,11637
0.068,11636
0.068,11635
0.068,11634
0.068,11633
0.068,11632
0.068,11631
0.068,11630
0.068,11629
0.068,11628
0.068,11627
0.068,11626
0.068,11625
0.068,11624
0.068,11623
0.068,11622
0.068,11621
0.068,11620
0.068,11619
0.068,11618
0.068,11617
0.068,11616
0.068,11615
0.068,11614
0.068,11613
0.068,11612
0.068,11611
0.068,11610
0.068,11609
0.068,11608
0.068,11607
0.068,11606
0.068,11605
0.068,11604
0.068,11603
0.068,11602
0.068,11601
0.068,11600
0.068,11599
0.069,11598
0.069,11597
0.069,11596
0.069,11595
0.069,11594
0.069,11593
0.069,11592
0.069,11591
0.069,11590
0.069,11589
0.069,11588
0.069,11587
0.069,11586
0.069,11585
0.069,11584
0.069,11583
0.069,11582
0.069,11581
0.069,11580
0.069,11579
0.069,11578
0.069,11577
0.069,11576
0.069,11575
0.069,11574
0.069,11573
0.069,11572
0.069,11571
0.069,11570
0.069,11569
0.069,11568
0.069,11567
0.069,11566
0.069,11565
0.069,11564
0.069,11563
0.069,11562
0.069,11561
0.069,11560
0.069,11559
0.069,11558
0.069,11557
0.069,11556
0.069,11555
0.069,11554
0.069,11553
0.069,11552
0.069,11551
0.069,11550
0.069,11549
0.069,11548
0.069,11547
0.069,11546
0.069,11545
0.069,11544
0.069,11543
0.069,11542
0.069,11541
0.069,11540
0.069,11539
0.069,11538
0.069,11537
0.069,11536
0.069,11535
0.069,11534
0.069,11533
0.069,11532
0.069,11531
0.069,11530
0.069,11529
0.069,11528
0.069,11527
0.069,11526
0.069,11525
0.069,11524
0.069,11523
0.069,11522
0.069,11521
0.069,11520
0.069,11519
0.069,11518
0.069,11517
0.069,11516
0.069,11515
0.069,11514
0.069,11513
0.069,11512
0.069,11511
0.069,11510
0.069,11509
0.069,11508
0.069,11507
0.069,11506
0.069,11505
0.069,11504
0.069,11503
0.069,11502
0.069,11501
0.070,11500
0.070,11499
0.070,11498
0.070,11497
0.070,11496
0.070,11495
0.070,11494
0.070,11493
0.070,11492
0.070,11491
0.070,11490
0.070,11489
0.070,11488
0.070,11487
0.070,11486
0.070,11485
0.070,11484
0.070,11483
0.070,11482
0.070,11481
0.070,11480
0.070,11479
0.070,11478
0.070,11477
0.070,11476
0.070,11475
0.070,11474
0.070,11473
0.070,11472
0.070,11471
0.070,11470
0.070,11469
0.070,11468
0.070,11467
0.070,11466
0.070,11465
0.070,11464
0.070,11463
0.070,11462
0.070,11461
0.070,11460
0.070,11459
0.070,11458
0.070,11457
0.070,11456
0.070,11455
0.070,11454
0.070,11453
0.070,11452
0.070,11451
0.070,11450
0.070,11449
0.070,11448
0.070,11447
0.070,11446
0.070,11445
0.070,11444
0.070,11443
0.070,11442
0.070,11441
0.070,11440
0.070,11439
0.070,11438
0.070,11437
0.070,11436
0.070,11435
0.070,11434
0.070,11433
0.070,11432
0.070,11431
0.070,11430
0.070,11429
0.070,11428
0.070,11427
0.070,11426
0.070,11425
0.070,11424
0.070,11423
0.070,11422
0.070,11421
0.070,11420
0.070,11419
0.070,11418
0.070,11417
0.070,11416
0.070,11415
0.070,11414
0.070,11413
0.070,11412
0.070,11411
0.070,11410
0.070,11409
0.070,11408
0.070,11407
0.070,11406
0.070,11405
0.070,11404
0.070,11403
0.070,11402
0.070,11401
0.070,11400
0.070,11399
0.070,11398
0.071,11397
0.071,11396
0.071,11395
0.071,11394
0.071,11393
0.071,11392
0.071,11391
0.071,11390
0.071,11389
0.071,11388
0.071,11387
0.071,11386
0.071,11385
0.071,11384
0.071,11383
0.071,11382
0.071,11381
0.071,11380
0.071,11379
0.071,11378
0.071,11377
0.071,11376
0.071,11375
0.071,11374
0.071,11373
0.071,11372
0.071,11371
0.071,11370
0.071,11369
0.071,11368
0.071,11367
0.071,11366
0.071,11365
0.071,11364
0.071,11363
0.071,11362
0.071,11361
0.071,11360
0.071,11359
0.071,11358
0.071,11357
0.071,11356
0.071,11355
0.071,11354
0.071,11353
0.071,11352
0.071,11351
0.071,11350
0.071,11349
0.071,11348
0.071,11347
0.071,11346
0.071,11345
0.071,11344
0.071,11343
0.071,11342
0.071,11341
0.071,11340
0.071,11339
0.071,11338
0.071,11337
0.071,11336
0.071,11335
0.071,11334
0.072,11333
0.072,11332
0.072,11331
0.072,11330
0.072,11329
0.072,11328
0.072,11327
0.072,11326
0.072,11325
0.072,11324
0.072,11323
0.072,11322
0.072,11321
0.072,11320
0.072,11319
0.072,11318
0.072,11317
0.072,11316
0.072,11315
0.072,11314
0.072,11313
0.072,11312
0.072,11311
0.072,11310
0.072,11309
0.072,11308
0.072,11307
0.072,11306
0.072,11305
0.072,11304
0.072,11303
0.072,11302
0.072,11301
0.072,11300
0.072,11299
0.072,11298
0.072,11297
0.072,11296
0.072,11295
0.072,11294
0.072,11293
0.072,11292
0.072,11291
0.072,11290
0.072,11289
0.072,11288
0.072,11287
0.072,11286
0.072,11285
0.072,11284
0.072,11283
0.072,11282
0.072,11281
0.072,11280
0.072,11279
0.072,11278
0.072,11277
0.072,11276
0.072,11275
0.072,11274
0.072,11273
0.072,11272
0.072,11271
0.072,11270
0.072,11269
0.072,11268
0.072,11267
0.072,11266
0.072,11265
0.072,11264
0.072,11263
0.072,11262
0.072,11261
0.072,11260
0.072,11259
0.072,11258
0.072,11257
0.072,11256
0.072,11255
0.072,11254
0.072,11253
0.072,11252
0.072,11251
0.072,11250
0.072,11249
0.072,11248
0.072,11247
0.072,11246
0.072,11245
0.072,11244
0.072,11243
0.072,11242
0.072,11241
0.072,11240
0.072,11239
0.073,11238
0.073,11237
0.073,11236
0.073,11235
0.073,11234
0.073,11233
0.073,11232
0.073,11231
0.073,11230
0.073,11229
0.073,11228
0.073,11227
0.073,11226
0.073,11225
0.073,11224
0.073,11223
0.073,11222
0.073,11221
0.073,11220
0.073,11219
0.073,11218
0.073,11217
0.073,11216
0.073,11215
0.073,11214
0.073,11213
0.073,11212
0.073,11211
0.073,11210
0.073,11209
0.073,11208
0.073,11207
0.073,11206
0.073,11205
0.073,11204
0.073,11203
0.073,11202
0.073,11201
0.073,11200
0.073,11199
0.073,11198
0.073,11197
0.073,11196
0.073,11195
0.073,11194
0.073,11193
0.073,11192
0.073,11191
0.073,11190
0.073,11189
0.073,11188
0.073,11187
0.073,11186
0.073,11185
0.073,11184
0.073,11183
0.073,11182
0.073,11181
0.073,11180
0.073,11179
0.073,11178
0.073,11177
0.073,11176
0.073,11175
0.073,11174
0.073,11173
0.073,11172
0.073,11171
0.073,11170
0.073,11169
0.073,11168
0.073,11167
0.073,11166
0.073,11165
0.073,11164
0.073,11163
0.073,11162
0.073,11161
0.073,11160
0.073,11159
0.073,11158
0.073,11157
0.073,11156
0.073,11155
0.074,11154
0.074,11153
0.074,11152
0.074,11151
0.074,11150
0.074,11149
0.074,11148
0.074,11147
0.074,11146
0.074,11145
0.074,11144
0.074,11143
0.074,11142
0.074,11141
0.074,11140
0.074,11139
0.074,11138
0.074,11137
0.074,11136
0.074,11135
0.074,11134
0.074,11133
0.074,11132
0.074,11131
0.074,11130
0.074,11129
0.074,11128
0.074,11127
0.074,11126
0.074,11125
0.074,11124
0.074,11123
0.074,11122
0.074,11121
0.074,11120
0.074,11119
0.074,11118
0.074,11117
0.074,11116
0.074,11115
0.074,11114
0.074,11113
0.074,11112
0.074,11111
0.074,11110
0.074,11109
0.074,11108
0.074,11107
0.074,11106
0.074,11105
0.074,11104
0.074,11103
0.074,11102
0.074,11101
0.074,11100
0.074,11099
0.074,11098
0.074,11097
0.074,11096
0.074,11095
0.074,11094
0.074,11093
0.074,11092
0.074,11091
0.074,11090
0.074,11089
0.074,11088
0.074,11087
0.074,11086
0.074,11085
0.074,11084
0.074,11083
0.074,11082
0.074,11081
0.074,11080
0.074,11079
0.074,11078
0.074,11077
0.074,11076
0.074,11075
0.074,11074
0.074,11073
0.074,11072
0.074,11071
0.074,11070
0.074,11069
0.074,11068
0.074,11067
0.074,11066
0.074,11065
0.074,11064
0.074,11063
0.074,11062
0.074,11061
0.074,11060
0.074,11059
0.074,11058
0.074,11057
0.074,11056
0.074,11055
0.074,11054
0.074,11053
0.074,11052
0.074,11051
0.075,11050
0.075,11049
0.075,11048
0.075,11047
0.075,11046
0.075,11045
0.075,11044
0.075,11043
0.075,11042
0.075,11041
0.075,11040
0.075,11039
0.075,11038
0.075,11037
0.075,11036
0.075,11035
0.075,11034
0.075,11033
0.075,11032
0.075,11031
0.075,11030
0.075,11029
0.075,11028
0.075,11027
0.075,11026
0.075,11025
0.075,11024
0.075,11023
0.075,11022
0.075,11021
0.075,11020
0.075,11019
0.075,11018
0.075,11017
0.075,11016
0.075,11015
0.075,11014
0.075,11013
0.075,11012
0.075,11011
0.075,11010
0.075,11009
0.075,11008
0.075,11007
0.075,11006
0.075,11005
0.075,11004
0.075,11003
0.075,11002
0.075,11001
0.075,11000
0.075,10999
0.075,10998
0.075,10997
0.075,10996
0.075,10995
0.075,10994
0.075,10993
0.075,10992
0.075,10991
0.075,10990
0.075,10989
0.075,10988
0.075,10987
0.075,10986
0.075,10985
0.075,10984
0.075,10983
0.075,10982
0.075,10981
0.075,10980
0.075,10979
0.075,10978
0.075,10977
0.075,10976
0.075,10975
0.077,10974
0.077,10973
0.077,10972
0.077,10971
0.077,10970
0.077,10969
0.077,10968
0.077,10967
0.077,10966
0.077,10965
0.077,10964
0.077,10963
0.077,10962
0.077,10961
0.077,10960
0.077,10959
0.077,10958
0.077,10957
0.077,10956
0.077,10955
0.077,10954
0.077,10953
0.077,10952
0.077,10951
0.077,10950
0.077,10949
0.077,10948
0.077,10947
0.077,10946
0.077,10945
0.077,10944
0.077,10943
0.077,10942
0.077,10941
0.077,10940
0.077,10939
0.077,10938
0.077,10937
0.077,10936
0.077,10935
0.077,10934
0.077,10933
0.077,10932
0.077,10931
0.077,10930
0.077,10929
0.077,10928
0.077,10927
0.077,10926
0.077,10925
0.078,10924
0.078,10923
0.078,10922
0.078,10921
0.078,10920
0.078,10919
0.078,10918
0.078,10917
0.078,10916
0.078,10915
0.078,10914
0.078,10913
0.078,10912
0.078,10911
0.078,10910
0.078,10909
0.078,10908
0.078,10907
0.078,10906
0.078,10905
0.078,10904
0.078,10903
0.078,10902
0.078,10901
0.078,10900
0.078,10899
0.078,10898
0.078,10897
0.078,10896
0.078,10895
0.078,10894
0.078,10893
0.078,10892
0.078,10891
0.078,10890
0.078,10889
0.078,10888
0.078,10887
0.078,10886
0.078,10885
0.078,10884
0.078,10883
0.078,10882
0.078,10881
0.078,10880
0.078,10879
0.078,10878
0.078,10877
0.078,10876
0.078,10875
0.078,10874
0.078,10873
0.078,10872
0.078,10871
0.078,10870
0.078,10869
0.078,10868
0.078,10867
0.078,10866
0.078,10865
0.078,10864
0.078,10863
0.078,10862
0.078,10861
0.078,10860
0.078,10859
0.078,10858
0.078,10857
0.078,10856
0.078,10855
0.078,10854
0.078,10853
0.078,10852
0.078,10851
0.078,10850
0.078,10849
0.078,10848
0.078,10847
0.078,10846
0.078,10845
0.078,10844
0.078,10843
0.078,10842
0.078,10841
0.078,10840
0.078,10839
0.078,10838
0.078,10837
0.078,10836
0.078,10835
0.078,10834
0.078,10833
0.078,10832
0.078,10831
0.078,10830
0.078,10829
0.078,10828
0.078,10827
0.078,10826
0.078,10825
0.078,10824
0.078,10823
0.078,10822
0.078,10821
0.078,10820
0.078,10819
0.078,10818
0.078,10817
0.078,10816
0.078,10815
0.078,10814
0.078,10813
0.078,10812
0.078,10811
0.078,10810
0.078,10809
0.078,10808
0.078,10807
0.078,10806
0.078,10805
0.078,10804
0.078,10803
0.078,10802
0.078,10801
0.078,10800
0.078,10799
0.078,10798
0.078,10797
0.078,10796
0.078,10795
0.078,10794
0.078,10793
0.078,10792
0.078,10791
0.078,10790
0.078,10789
0.078,10788
0.078,10787
0.078,10786
0.078,10785
0.078,10784
0.078,10783
0.078,10782
0.078,10781
0.078,10780
0.078,10779
0.078,10778
0.078,10777
0.078,10776
0.078,10775
0.078,10774
0.078,10773
0.078,10772
0.078,10771
0.078,10770
0.078,10769
0.078,10768
0.078,10767
0.078,10766
0.078,10765
0.078,10764
0.078,10763
0.078,10762
0.078,10761
0.078,10760
0.078,10759
0.078,10758
0.078,10757
0.078,10756
0.078,10755
0.078,10754
0.078,10753
0.078,10752
0.078,10751
0.078,10750
0.078,10749
0.079,10748
0.079,10747
0.079,10746
0.079,10745
0.079,10744
0.079,10743
0.079,10742
0.079,10741
0.079,10740
0.079,10739
0.079,10738
0.079,10737
0.079,10736
0.079,10735
0.079,10734
0.079,10733
0.079,10732
0.079,10731
0.079,10730
0.079,10729
0.079,10728
0.079,10727
0.079,10726
0.079,10725
0.079,10724
0.079,10723
0.079,10722
0.079,10721
0.079,10720
0.079,10719
0.079,10718
0.079,10717
0.079,10716
0.079,10715
0.079,10714
0.079,10713
0.079,10712
0.079,10711
0.079,10710
0.079,10709
0.079,10708
0.079,10707
0.079,10706
0.079,10705
0.079,10704
0.079,10703
0.079,10702
0.079,10701
0.079,10700
0.079,10699
0.079,10698
0.079,10697
0.079,10696
0.079,10695
0.080,10694
0.080,10693
0.080,10692
0.080,10691
0.080,10690
0.080,10689
0.080,10688
0.080,10687
0.080,10686
0.080,10685
0.080,10684
0.080,10683
0.080,10682
0.080,10681
0.080,10680
0.080,10679
0.080,10678
0.080,10677
0.080,10676
0.080,10675
0.080,10674
0.080,10673
0.080,10672
0.080,10671
0.080,10670
0.080,10669
0.080,10668
0.080,10667
0.080,10666
0.080,10665
0.080,10664
0.080,10663
0.080,10662
0.080,10661
0.080,10660
0.080,10659
0.080,10658
0.080,10657
0.080,10656
0.080,10655
0.080,10654
0.080,10653
0.080,10652
0.080,10651
0.080,10650
0.080,10649
0.080,10648
0.080,10647
0.080,10646
0.080,10645
0.080,10644
0.081,10643
0.081,10642
0.081,10641
0.081,10640
0.081,10639
0.081,10638
0.081,10637
0.081,10636
0.081,10635
0.081,10634
0.081,10633
0.081,10632
0.081,10631
0.081,10630
0.081,10629
0.081,10628
0.081,10627
0.081,10626
0.081,10625
0.081,10624
0.081,10623
0.081,10622
0.081,10621
0.081,10620
0.081,10619
0.081,10618
0.081,10617
0.081,10616
0.081,10615
0.081,10614
0.081,10613
0.081,10612
0.081,10611
0.081,10610
0.081,10609
0.081,10608
0.081,10607
0.081,10606
0.081,10605
0.081,10604
0.081,10603
0.081,10602
0.081,10601
0.081,10600
0.081,10599
0.081,10598
0.081,10597
0.081,10596
0.081,10595
0.081,10594
0.081,10593
0.081,10592
0.081,10591
0.081,10590
0.082,10589
0.082,10588
0.082,10587
0.082,10586
0.082,10585
0.082,10584
0.082,10583
0.082,10582
0.082,10581
0.082,10580
0.082,10579
0.082,10578
0.082,10577
0.082,10576
0.082,10575
0.082,10574
0.082,10573
0.082,10572
0.082,10571
0.082,10570
0.082,10569
0.082,10568
0.082,10567
0.082,10566
0.082,10565
0.082,10564
0.082,10563
0.082,10562
0.082,10561
0.082,10560
0.082,10559
0.082,10558
0.082,10557
0.082,10556
0.082,10555
0.082,10554
0.082,10553
0.082,10552
0.082,10551
0.082,10550
0.082,10549
0.082,10548
0.082,10547
0.082,10546
0.082,10545
0.082,10544
0.082,10543
0.082,10542
0.082,10541
0.082,10540
0.082,10539
0.082,10538
0.082,10537
0.082,10536
0.082,10535
0.082,10534
0.082,10533
0.082,10532
0.082,10531
0.082,10530
0.082,10529
0.082,10528
0.082,10527
0.082,10526
0.082,10525
0.082,10524
0.082,10523
0.082,10522
0.082,10521
0.082,10520
0.082,10519
0.082,10518
0.082,10517
0.082,10516
0.082,10515
0.082,10514
0.082,10513
0.082,10512
0.082,10511
0.082,10510
0.082,10509
0.082,10508
0.082,10507
0.082,10506
0.082,10505
0.082,10504
0.082,10503
0.082,10502
0.082,10501
0.082,10500
0.082,10499
0.082,10498
0.082,10497
0.082,10496
0.082,10495
0.082,10494
0.082,10493
0.082,10492
0.082,10491
0.083,10490
0.083,10489
0.083,10488
0.083,10487
0.083,10486
0.083,10485
0.083,10484
0.083,10483
0.083,10482
0.083,10481
0.083,10480
0.083,10479
0.083,10478
0.083,10477
0.083,10476
0.083,10475
0.083,10474
0.083,10473
0.083,10472
0.083,10471
0.083,10470
0.083,10469
0.083,10468
0.083,10467
0.083,10466
0.083,10465
0.083,10464
0.083,10463
0.083,10462
0.083,10461
0.083,10460
0.083,10459
0.083,10458
0.083,10457
0.083,10456
0.083,10455
0.083,10454
0.083,10453
0.083,10452
0.083,10451
0.083,10450
0.083,10449
0.083,10448
0.083,10447
0.083,10446
0.083,10445
0.083,10444
0.083,10443
0.083,10442
0.083,10441
0.083,10440
0.083,10439
0.083,10438
0.083,10437
0.083,10436
0.083,10435
0.083,10434
0.083,10433
0.083,10432
0.083,10431
0.083,10430
0.083,10429
0.083,10428
0.083,10427
0.083,10426
0.083,10425
0.083,10424
0.083,10423
0.083,10422
0.083,10421
0.083,10420
0.083,10419
0.083,10418
0.083,10417
0.083,10416
0.083,10415
0.083,10414
0.083,10413
0.083,10412
0.083,10411
0.083,10410
0.083,10409
0.083,10408
0.083,10407
0.083,10406
0.083,10405
0.083,10404
0.083,10403
0.083,10402
0.083,10401
0.083,10400
0.083,10399
0.083,10398
0.083,10397
0.083,10396
0.083,10395
0.083,10394
0.083,10393
0.083,10392
0.084,10391
0.084,10390
0.084,10389
0.084,10388
0.084,10387
0.084,10386
0.084,10385
0.084,10384
0.084,10383
0.084,10382
0.084,10381
0.084,10380
0.084,10379
0.084,10378
0.084,10377
0.084,10376
0.084,10375
0.084,10374
0.084,10373
0.084,10372
0.084,10371
0.084,10370
0.084,10369
0.084,10368
0.084,10367
0.084,10366
0.084,10365
0.084,10364
0.084,10363
0.084,10362
0.084,10361
0.084,10360
0.084,10359
0.084,10358
0.084,10357
0.084,10356
0.084,10355
0.084,10354
0.084,10353
0.084,10352
0.084,10351
0.084,10350
0.084,10349
0.084,10348
0.084,10347
0.084,10346
0.084,10345
0.084,10344
0.084,10343
0.084,10342
0.084,10341
0.084,10340
0.084,10339
0.084,10338
0.084,10337
0.084,10336
0.084,10335
0.084,10334
0.084,10333
0.084,10332
0.084,10331
0.084,10330
0.084,10329
0.084,10328
0.084,10327
0.084,10326
0.084,10325
0.084,10324
0.084,10323
0.084,10322
0.084,10321
0.084,10320
0.084,10319
0.084,10318
0.084,10317
0.084,10316
0.084,10315
0.084,10314
0.084,10313
0.085,10312
0.085,10311
0.085,10310
0.085,10309
0.085,10308
0.085,10307
0.085,10306
0.085,10305
0.085,10304
0.085,10303
0.085,10302
0.085,10301
0.085,10300
0.085,10299
0.085,10298
0.085,10297
0.085,10296
0.085,10295
0.085,10294
0.085,10293
0.085,10292
0.085,10291
0.085,10290
0.085,10289
0.085,10288
0.085,10287
0.085,10286
0.085,10285
0.085,10284
0.085,10283
0.085,10282
0.085,10281
0.086,10280
0.086,10279
0.086,10278
0.086,10277
0.086,10276
0.086,10275
0.086,10274
0.086,10273
0.086,10272
0.086,10271
0.086,10270
0.086,10269
0.086,10268
0.086,10267
0.086,10266
0.086,10265
0.086,10264
0.086,10263
0.086,10262
0.086,10261
0.086,10260
0.086,10259
0.086,10258
0.086,10257
0.086,10256
0.086,10255
0.086,10254
0.086,10253
0.086,10252
0.086,10251
0.086,10250
0.086,10249
0.086,10248
0.086,10247
0.086,10246
0.086,10245
0.086,10244
0.086,10243
0.086,10242
0.086,10241
0.086,10240
0.086,10239
0.086,10238
0.086,10237
0.086,10236
0.086,10235
0.086,10234
0.086,10233
0.086,10232
0.086,10231
0.086,10230
0.086,10229
0.086,10228
0.086,10227
0.086,10226
0.086,10225
0.086,10224
0.086,10223
0.086,10222
0.086,10221
0.086,10220
0.086,10219
0.086,10218
0.086,10217
0.086,10216
0.086,10215
0.086,10214
0.086,10213
0.086,10212
0.086,10211
0.086,10210
0.086,10209
0.086,10208
0.086,10207
0.086,10206
0.086,10205
0.086,10204
0.086,10203
0.086,10202
0.086,10201
0.086,10200
0.086,10199
0.086,10198
0.086,10197
0.086,10196
0.086,10195
0.086,10194
0.087,10193
0.087,10192
0.087,10191
0.087,10190
0.087,10189
0.087,10188
0.087,10187
0.087,10186
0.087,10185
0.087,10184
0.087,10183
0.087,10182
0.087,10181
0.087,10180
0.087,10179
0.087,10178
0.087,10177
0.087,10176
0.087,10175
0.087,10174
0.087,10173
0.087,10172
0.087,10171
0.087,10170
0.087,10169
0.087,10168
0.087,10167
0.087,10166
0.087,10165
0.087,10164
0.087,10163
0.087,10162
0.087,10161
0.087,10160
0.087,10159
0.087,10158
0.087,10157
0.087,10156
0.087,10155
0.087,10154
0.087,10153
0.087,10152
0.087,10151
0.087,10150
0.087,10149
0.087,10148
0.087,10147
0.087,10146
0.087,10145
0.087,10144
0.087,10143
0.087,10142
0.087,10141
0.087,10140
0.087,10139
0.087,10138
0.087,10137
0.087,10136
0.087,10135
0.087,10134
0.087,10133
0.087,10132
0.087,10131
0.087,10130
0.087,10129
0.087,10128
0.087,10127
0.087,10126
0.087,10125
0.087,10124
0.087,10123
0.087,10122
0.087,10121
0.087,10120
0.087,10119
0.087,10118
0.087,10117
0.087,10116
0.087,10115
0.087,10114
0.087,10113
0.087,10112
0.087,10111
0.087,10110
0.087,10109
0.087,10108
0.087,10107
0.087,10106
0.087,10105
0.088,10104
0.088,10103
0.088,10102
0.088,10101
0.088,10100
0.088,10099
0.088,10098
0.088,10097
0.088,10096
0.088,10095
0.088,10094
0.088,10093
0.088,10092
0.088,10091
0.088,10090
0.088,10089
0.088,10088
0.088,10087
0.088,10086
0.088,10085
0.088,10084
0.088,10083
0.088,10082
0.088,10081
0.088,10080
0.088,10079
0.088,10078
0.088,10077
0.088,10076
0.088,10075
0.088,10074
0.088,10073
0.088,10072
0.088,10071
0.088,10070
0.088,10069
0.088,10068
0.088,10067
0.088,10066
0.088,10065
0.088,10064
0.088,10063
0.088,10062
0.088,10061
0.088,10060
0.088,10059
0.088,10058
0.088,10057
0.088,10056
0.088,10055
0.088,10054
0.088,10053
0.088,10052
0.088,10051
0.088,10050
0.088,10049
0.088,10048
0.088,10047
0.088,10046
0.088,10045
0.088,10044
0.088,10043
0.088,10042
0.088,10041
0.088,10040
0.088,10039
0.088,10038
0.088,10037
0.088,10036
0.088,10035
0.088,10034
0.088,10033
0.088,10032
0.088,10031
0.088,10030
0.088,10029
0.088,10028
0.088,10027
0.088,10026
0.088,10025
0.088,10024
0.088,10023
0.088,10022
0.088,10021
0.088,10020
0.088,10019
0.088,10018
0.089,10017
0.089,10016
0.089,10015
0.089,10014
0.089,10013
