0.001,1023
0.004,1022
0.004,1021
0.005,1020
0.005,1019
0.005,1018
0.005,1017
0.005,1016
0.005,1015
0.005,1014
0.005,1013
0.005,1012
0.005,1011
0.005,1010
0.005,1009
0.005,1008
0.006,1007
0.006,1006
0.006,1005
0.006,1004
0.006,1003
0.006,1002
0.006,1001
0.006,1000
0.006,999
0.006,998
0.006,997
0.006,996
0.006,995
0.007,994
0.007,993
0.007,992
0.007,991
0.007,990
0.007,989
0.007,988
0.007,987
0.007,986
0.007,985
0.007,984
0.007,983
0.007,982
0.008,981
0.008,980
0.008,979
0.008,978
0.008,977
0.008,976
0.008,975
0.008,974
0.008,973
0.008,972
0.008,971
0.008,970
0.009,969
0.009,968
0.009,967
0.009,966
0.009,965
0.009,964
0.009,963
0.009,962
0.009,961
0.009,960
0.009,959
0.009,958
0.010,957
0.010,956
0.010,955
0.010,954
0.010,953
0.010,952
0.010,951
0.010,950
0.010,949
0.010,948
0.010,947
0.010,946
0.011,945
0.011,944
0.011,943
0.011,942
0.011,941
0.011,940
0.011,939
0.011,938
0.011,937
0.011,936
0.011,935
0.011,934
0.011,933
0.011,932
0.012,931
0.012,930
0.012,929
0.012,928
0.012,927
0.012,926
0.012,925
0.012,924
0.012,923
0.012,922
0.012,921
0.012,920
0.012,919
0.013,918
0.013,917
0.013,916
0.013,915
0.013,914
0.013,913
0.013,912
0.013,911
0.013,910
0.013,909
0.013,908
0.013,907
0.013,906
0.013,905
0.013,904
0.013,903
0.014,902
0.014,901
0.014,900
0.014,899
0.014,898
0.014,897
0.014,896
0.014,895
0.015,894
0.015,893
0.015,892
0.015,891
0.015,890
0.015,889
0.015,888
0.015,887
0.015,886
0.015,885
0.015,884
0.015,883
0.016,882
0.016,881
0.016,880
0.018,879
0.019,878
0.019,877
0.019,876
0.019,875
0.019,874
0.019,873
0.019,872
0.019,871
0.019,870
0.019,869
0.019,868
0.019,867
0.019,866
0.019,865
0.019,864
0.020,863
0.020,862
0.020,861
0.020,860
0.020,859
0.020,858
0.020,857
0.020,856
0.020,855
0.020,854
0.020,853
0.021,852
0.021,851
0.021,850
0.021,849
0.021,848
0.021,847
0.022,846
0.022,845
0.022,844
0.022,843
0.022,842
0.022,841
0.023,840
0.023,839
0.026,838
0.026,837
0.027,836
0.028,835
0.028,834
0.028,833
0.029,832
0.031,831
0.031,830
0.031,829
0.031,828
0.031,827
0.031,826
0.036,825
0.036,824
0.036,823
0.036,822
0.060,821
0.060,820
0.100,819
0.103,818
0.229,817
0.229,816
0.271,815
0.271,814
0.271,813
3.731,812
3.839,811
4.140,810
4.222,809
4.268,808
4.269,807
4.269,806
4.452,805
4.663,804
4.676,803
4.718,802
4.796,801
4.797,800
4.797,799
4.994,798
5.066,797
5.071,796
5.071,795
5.071,794
5.158,793
5.158,792
5.158,791
5.158,790
5.158,789
5.158,788
5.289,787
5.319,786
5.319,785
5.411,784
5.411,783
5.423,782
5.423,781
5.423,780
5.504,779
5.504,778
5.597,777
5.597,776
5.652,775
5.652,774
5.652,773
5.652,772
5.652,771
5.685,770
5.781,769
5.792,768
5.792,767
5.792,766
5.792,765
5.792,764
5.792,763
5.926,762
5.926,761
5.983,760
5.992,759
6.000,758
6.000,757
6.011,756
6.011,755
6.043,754
6.043,753
6.043,752
6.096,751
6.136,750
6.136,749
6.205,748
6.229,747
6.236,746
6.236,745
6.290,744
6.292,743
6.292,742
6.292,741
6.292,740
6.316,739
6.316,738
6.316,737
6.405,736
6.477,735
6.477,734
6.477,733
6.487,732
6.493,731
6.493,730
6.493,729
6.571,728
6.572,727
6.572,726
6.572,725
6.651,724
6.652,723
6.652,722
6.664,721
6.665,720
6.666,719
6.794,718
6.794,717
6.818,716
6.857,715
6.885,714
6.885,713
7.008,712
7.058,711
