0.005,1023
0.009,1022
0.009,1021
0.009,1020
0.009,1019
0.009,1018
0.010,1017
0.010,1016
0.010,1015
0.010,1014
0.010,1013
0.010,1012
0.010,1011
0.010,1010
0.010,1009
0.010,1008
0.011,1007
0.011,1006
0.011,1005
0.011,1004
0.011,1003
0.011,1002
0.011,1001
0.011,1000
0.011,999
0.011,998
0.011,997
0.011,996
0.011,995
0.011,994
0.012,993
0.012,992
0.012,991
0.012,990
0.012,989
0.012,988
0.012,987
0.012,986
0.012,985
0.012,984
0.012,983
0.012,982
0.012,981
0.012,980
0.012,979
0.013,978
0.013,977
0.013,976
0.013,975
0.013,974
0.013,973
0.013,972
0.013,971
0.013,970
0.013,969
0.013,968
0.013,967
0.013,966
0.013,965
0.013,964
0.013,963
0.014,962
0.014,961
0.014,960
0.014,959
0.014,958
0.014,957
0.014,956
0.014,955
0.014,954
0.014,953
0.014,952
0.014,951
0.014,950
0.014,949
0.015,948
0.015,947
0.015,946
0.015,945
0.015,944
0.015,943
0.015,942
0.015,941
0.015,940
0.015,939
0.015,938
0.015,937
0.015,936
0.015,935
0.015,934
0.015,933
0.016,932
0.016,931
0.016,930
0.016,929
0.016,928
0.016,927
0.016,926
0.016,925
0.016,924
0.016,923
0.016,922
0.016,921
0.016,920
0.016,919
0.016,918
0.017,917
0.017,916
0.017,915
0.017,914
0.017,913
0.017,912
0.018,911
0.018,910
0.018,909
0.018,908
0.018,907
0.018,906
0.018,905
0.018,904
0.018,903
0.018,902
0.018,901
0.018,900
0.018,899
0.018,898
0.019,897
0.019,896
0.019,895
0.019,894
0.019,893
0.019,892
0.019,891
0.019,890
0.019,889
0.019,888
0.019,887
0.019,886
0.019,885
0.020,884
0.020,883
0.020,882
0.020,881
0.020,880
0.020,879
0.020,878
0.020,877
0.020,876
0.020,875
0.020,874
0.021,873
0.021,872
0.021,871
0.021,870
0.021,869
0.021,868
0.021,867
0.021,866
0.021,865
0.021,864
0.021,863
0.021,862
0.021,861
0.021,860
0.021,859
0.021,858
0.021,857
0.022,856
0.022,855
0.022,854
0.022,853
0.022,852
0.022,851
0.022,850
0.022,849
0.022,848
0.022,847
0.022,846
0.022,845
0.022,844
0.022,843
0.022,842
0.023,841
0.023,840
0.023,839
0.023,838
0.023,837
0.023,836
0.023,835
0.023,834
0.023,833
0.023,832
0.023,831
0.023,830
0.023,829
0.023,828
0.023,827
0.023,826
0.024,825
0.024,824
0.024,823
0.024,822
0.024,821
0.024,820
0.024,819
0.024,818
0.024,817
0.024,816
0.024,815
0.024,814
0.024,813
0.024,812
0.024,811
0.024,810
0.025,809
0.025,808
0.025,807
0.025,806
0.025,805
0.025,804
0.025,803
0.025,802
0.025,801
0.025,800
0.025,799
0.025,798
0.025,797
0.025,796
0.025,795
0.025,794
0.026,793
0.026,792
0.026,791
0.026,790
0.026,789
0.026,788
0.026,787
0.026,786
0.026,785
0.026,784
0.026,783
0.027,782
0.027,781
0.027,780
0.027,779
0.027,778
0.028,777
0.028,776
0.028,775
0.028,774
0.028,773
0.028,772
0.028,771
0.028,770
0.028,769
0.028,768
0.028,767
0.028,766
0.028,765
0.028,764
0.029,763
0.029,762
0.029,761
0.029,760
0.029,759
0.029,758
0.029,757
0.029,756
0.029,755
0.029,754
0.029,753
0.029,752
0.029,751
0.030,750
0.030,749
0.030,748
0.030,747
0.031,746
