0.000,1132
0.003,1131
0.004,1130
0.005,1129
0.005,1128
0.005,1127
0.005,1126
0.005,1125
0.005,1124
0.005,1123
0.005,1122
0.005,1121
0.005,1120
0.006,1119
0.006,1118
0.006,1117
0.006,1116
0.006,1115
0.006,1114
0.006,1113
0.006,1112
0.006,1111
0.006,1110
0.006,1109
0.006,1108
0.006,1107
0.007,1106
0.007,1105
0.007,1104
0.007,1103
0.007,1102
0.007,1101
0.007,1100
0.007,1099
0.007,1098
0.007,1097
0.007,1096
0.007,1095
0.007,1094
0.008,1093
0.008,1092
0.008,1091
0.008,1090
0.008,1089
0.008,1088
0.008,1087
0.008,1086
0.008,1085
0.008,1084
0.008,1083
0.008,1082
0.009,1081
0.009,1080
0.009,1079
0.009,1078
0.009,1077
0.009,1076
0.009,1075
0.009,1074
0.009,1073
0.009,1072
0.009,1071
0.009,1070
0.009,1069
0.009,1068
0.010,1067
0.010,1066
0.010,1065
0.010,1064
0.010,1063
0.010,1062
0.010,1061
0.010,1060
0.010,1059
0.010,1058
0.010,1057
0.010,1056
0.010,1055
0.011,1054
0.011,1053
0.011,1052
0.011,1051
0.011,1050
0.011,1049
0.011,1048
0.011,1047
0.011,1046
0.011,1045
0.011,1044
0.011,1043
0.011,1042
0.012,1041
0.012,1040
0.012,1039
0.012,1038
0.012,1037
0.012,1036
0.012,1035
0.012,1034
0.012,1033
0.012,1032
0.012,1031
0.012,1030
0.012,1029
0.012,1028
0.013,1027
0.013,1026
0.013,1025
0.013,1024
0.013,1023
0.013,1022
0.013,1021
0.013,1020
0.013,1019
0.013,1018
0.013,1017
0.013,1016
0.013,1015
0.013,1014
0.015,1013
0.015,1012
0.015,1011
0.015,1010
0.015,1009
0.016,1008
0.016,1007
0.016,1006
0.016,1005
0.016,1004
0.016,1003
0.016,1002
0.016,1001
0.016,1000
0.016,999
0.016,998
0.017,997
0.017,996
0.017,995
0.017,994
0.017,993
0.017,992
0.017,991
0.017,990
0.017,989
0.017,988
0.017,987
0.017,986
0.017,985
0.017,984
0.017,983
0.017,982
0.018,981
0.018,980
0.018,979
0.018,978
0.018,977
0.018,976
0.018,975
0.018,974
0.018,973
0.018,972
0.018,971
0.018,970
0.018,969
0.018,968
0.018,967
0.019,966
0.019,965
0.019,964
0.019,963
0.019,962
0.019,961
0.019,960
0.019,959
0.019,958
0.019,957
0.019,956
0.019,955
0.019,954
0.020,953
0.020,952
0.020,951
0.020,950
0.020,949
0.020,948
0.020,947
0.020,946
0.020,945
0.020,944
0.020,943
0.020,942
0.020,941
0.021,940
0.021,939
0.021,938
0.021,937
0.021,936
0.021,935
0.021,934
0.021,933
0.021,932
0.021,931
0.021,930
0.021,929
0.022,928
0.022,927
0.022,926
0.022,925
0.022,924
0.022,923
0.022,922
0.022,921
0.022,920
0.022,919
0.022,918
0.022,917
0.022,916
0.022,915
0.022,914
0.022,913
0.023,912
0.023,911
0.023,910
0.023,909
0.023,908
0.023,907
0.023,906
0.023,905
0.023,904
0.023,903
0.023,902
0.023,901
0.023,900
0.023,899
0.023,898
0.023,897
0.023,896
0.024,895
0.024,894
0.024,893
0.024,892
0.024,891
0.024,890
0.024,889
0.024,888
0.024,887
0.024,886
0.024,885
0.024,884
0.024,883
0.024,882
0.025,881
0.025,880
0.025,879
0.025,878
0.026,877
0.027,876
0.027,875
0.027,874
0.027,873
0.027,872
0.027,871
0.027,870
0.027,869
0.027,868
0.027,867
0.027,866
0.027,865
0.027,864
0.027,863
0.027,862
0.027,861
0.027,860
0.028,859
0.028,858
0.028,857
0.028,856
0.029,855
0.029,854
0.029,853
0.029,852
0.029,851
0.029,850
0.029,849
0.029,848
0.029,847
0.029,846
0.029,845
0.030,844
0.030,843
0.031,842
0.031,841
0.031,840
0.032,839
0.032,838
0.032,837
0.032,836
0.032,835
0.035,834
0.035,833
0.035,832
0.035,831
0.035,830
0.035,829
0.035,828
0.035,827
0.035,826
0.039,825
0.043,824
0.043,823
0.043,822
0.055,821
0.056,820
0.069,819
0.069,818
0.069,817
0.115,816
0.115,815
0.116,814
0.116,813
0.116,812
0.116,811
0.116,810
0.116,809
0.116,808
1.045,807
1.458,806
1.459,805
3.094,804
3.649,803
3.649,802
3.816,801
3.816,800
3.816,799
4.085,798
4.085,797
4.085,796
4.775,795
4.775,794
4.775,793
4.775,792
5.088,791
5.088,790
5.088,789
5.088,788
5.088,787
5.088,786
5.088,785
5.380,784
5.380,783
5.380,782
5.380,781
5.432,780
5.432,779
5.432,778
5.432,777
5.432,776
5.647,775
5.647,774
5.730,773
5.730,772
5.749,771
5.749,770
5.749,769
5.749,768
5.749,767
5.752,766
5.980,765
5.981,764
5.981,763
5.981,762
5.983,761
5.983,760
5.983,759
5.983,758
6.002,757
6.003,756
6.093,755
6.093,754
6.093,753
6.093,752
6.094,751
6.094,750
6.095,749
6.233,748
6.233,747
6.289,746
6.290,745
6.290,744
6.290,743
6.318,742
6.318,741
6.318,740
6.318,739
6.423,738
6.423,737
6.423,736
6.423,735
6.503,734
6.503,733
6.527,732
6.549,731
6.549,730
6.549,729
6.549,728
6.549,727
6.549,726
6.549,725
6.549,724
6.549,723
6.549,722
6.549,721
6.549,720
6.566,719
6.567,718
6.567,717
6.567,716
6.567,715
6.567,714
6.567,713
6.771,712
6.772,711
6.772,710
6.772,709
6.797,708
6.797,707
6.797,706
6.797,705
6.797,704
6.904,703
6.905,702
6.905,701
6.969,700
6.969,699
6.969,698
6.969,697
6.969,696
6.969,695
6.969,694
6.996,693
6.996,692
6.996,691
7.012,690
7.012,689
7.012,688
7.012,687
7.012,686
7.112,685
7.112,684
7.125,683
7.125,682
7.125,681
7.140,680
7.140,679
7.140,678
7.140,677
7.140,676
7.167,675
7.167,674
7.218,673
7.218,672
7.251,671
7.251,670
7.251,669
7.293,668
7.293,667
7.293,666
7.293,665
7.293,664
7.321,663
7.374,662
7.374,661
7.379,660
7.409,659
7.409,658
7.416,657
7.421,656
7.453,655
7.453,654
7.519,653
7.519,652
7.519,651
7.519,650
7.526,649
7.527,648
7.527,647
7.527,646
7.527,645
7.529,644
7.529,643
7.531,642
7.531,641
7.531,640
7.531,639
7.672,638
7.698,637
7.698,636
7.698,635
7.698,634
7.698,633
7.717,632
7.717,631
7.717,630
7.737,629
7.737,628
7.753,627
7.759,626
7.759,625
7.759,624
7.789,623
7.789,622
7.855,621
7.878,620
7.878,619
7.896,618
7.906,617
7.944,616
7.944,615
7.949,614
7.949,613
8.003,612
8.040,611
8.059,610
8.072,609
8.074,608
8.160,607
8.163,606
8.168,605
8.168,604
8.248,603
8.249,602
8.284,601
8.287,600
8.287,599
8.287,598
8.367,597
8.367,596
8.403,595
