0.007,1132
0.010,1131
0.011,1130
0.011,1129
0.011,1128
0.011,1127
0.011,1126
0.011,1125
0.011,1124
0.011,1123
0.011,1122
0.011,1121
0.011,1120
0.011,1119
0.011,1118
0.011,1117
0.011,1116
0.012,1115
0.012,1114
0.012,1113
0.012,1112
0.012,1111
0.012,1110
0.012,1109
0.012,1108
0.012,1107
0.013,1106
0.013,1105
0.013,1104
0.013,1103
0.013,1102
0.013,1101
0.013,1100
0.013,1099
0.013,1098
0.013,1097
0.013,1096
0.013,1095
0.013,1094
0.013,1093
0.014,1092
0.014,1091
0.014,1090
0.014,1089
0.014,1088
0.014,1087
0.014,1086
0.014,1085
0.014,1084
0.014,1083
0.014,1082
0.014,1081
0.014,1080
0.014,1079
0.015,1078
0.015,1077
0.015,1076
0.015,1075
0.015,1074
0.015,1073
0.015,1072
0.015,1071
0.015,1070
0.015,1069
0.016,1068
0.016,1067
0.016,1066
0.016,1065
0.016,1064
0.016,1063
0.016,1062
0.016,1061
0.016,1060
0.016,1059
0.016,1058
0.016,1057
0.016,1056
0.016,1055
0.017,1054
0.017,1053
0.017,1052
0.017,1051
0.017,1050
0.017,1049
0.017,1048
0.017,1047
0.017,1046
0.017,1045
0.017,1044
0.017,1043
0.017,1042
0.017,1041
0.017,1040
0.017,1039
0.017,1038
0.017,1037
0.017,1036
0.017,1035
0.018,1034
0.018,1033
0.018,1032
0.018,1031
0.018,1030
0.018,1029
0.018,1028
0.018,1027
0.018,1026
0.018,1025
0.018,1024
0.018,1023
0.018,1022
0.018,1021
0.018,1020
0.018,1019
0.018,1018
0.018,1017
0.018,1016
0.018,1015
0.018,1014
0.018,1013
0.018,1012
0.018,1011
0.019,1010
0.019,1009
0.019,1008
0.019,1007
0.019,1006
0.019,1005
0.019,1004
0.019,1003
0.019,1002
0.019,1001
0.019,1000
0.019,999
0.019,998
0.019,997
0.019,996
0.019,995
0.019,994
0.019,993
0.019,992
0.019,991
0.020,990
0.020,989
0.020,988
0.020,987
0.020,986
0.020,985
0.020,984
0.020,983
0.020,982
0.020,981
0.020,980
0.020,979
0.020,978
0.020,977
0.020,976
0.020,975
0.020,974
0.020,973
0.020,972
0.020,971
0.021,970
0.021,969
0.021,968
0.021,967
0.021,966
0.021,965
0.021,964
0.021,963
0.021,962
0.021,961
0.021,960
0.021,959
0.021,958
0.021,957
0.021,956
0.022,955
0.022,954
0.022,953
0.022,952
0.022,951
0.022,950
0.022,949
0.022,948
0.022,947
0.022,946
0.022,945
0.022,944
0.022,943
0.022,942
0.022,941
0.022,940
0.022,939
0.022,938
0.022,937
0.023,936
0.023,935
0.023,934
0.023,933
0.023,932
0.023,931
0.023,930
0.023,929
0.023,928
0.023,927
0.023,926
0.023,925
0.023,924
0.023,923
0.023,922
0.023,921
0.024,920
0.024,919
0.024,918
0.024,917
0.024,916
0.024,915
0.024,914
0.024,913
0.024,912
0.024,911
0.024,910
0.024,909
0.024,908
0.024,907
0.024,906
0.024,905
0.024,904
0.024,903
0.024,902
0.025,901
0.025,900
0.025,899
0.025,898
0.025,897
0.025,896
0.025,895
0.025,894
0.025,893
0.025,892
0.025,891
0.025,890
0.025,889
0.025,888
0.025,887
0.025,886
0.025,885
0.025,884
0.025,883
0.025,882
0.026,881
0.026,880
0.026,879
0.026,878
0.026,877
0.026,876
0.026,875
0.026,874
0.026,873
0.026,872
0.026,871
0.026,870
0.026,869
0.026,868
0.026,867
0.026,866
0.026,865
0.026,864
0.026,863
0.026,862
0.027,861
0.027,860
0.027,859
0.027,858
0.027,857
0.027,856
0.027,855
0.027,854
0.027,853
0.027,852
0.027,851
0.027,850
0.027,849
0.027,848
0.027,847
0.027,846
0.027,845
0.027,844
0.027,843
0.027,842
0.027,841
0.027,840
0.027,839
0.027,838
0.027,837
0.028,836
0.028,835
0.028,834
0.028,833
0.028,832
0.028,831
0.028,830
0.028,829
0.028,828
0.028,827
0.028,826
0.028,825
0.028,824
0.028,823
0.028,822
0.028,821
0.028,820
0.028,819
0.028,818
0.028,817
0.028,816
0.028,815
0.028,814
0.028,813
0.028,812
0.028,811
0.029,810
0.029,809
0.029,808
0.029,807
0.029,806
0.029,805
0.029,804
0.029,803
0.029,802
0.029,801
0.029,800
0.029,799
0.029,798
0.029,797
0.029,796
0.029,795
0.029,794
0.029,793
0.029,792
0.029,791
0.029,790
0.029,789
0.029,788
0.029,787
0.030,786
0.030,785
0.030,784
0.030,783
0.030,782
0.030,781
0.030,780
0.030,779
0.030,778
0.030,777
0.030,776
0.030,775
0.030,774
0.030,773
0.030,772
0.030,771
0.030,770
0.030,769
0.030,768
0.030,767
0.030,766
0.030,765
0.030,764
0.030,763
0.030,762
0.030,761
0.030,760
0.031,759
0.031,758
0.031,757
0.031,756
0.031,755
0.031,754
0.031,753
0.031,752
0.031,751
0.031,750
0.031,749
0.031,748
0.031,747
0.031,746
0.031,745
0.031,744
0.031,743
0.031,742
0.031,741
0.031,740
0.031,739
0.031,738
0.031,737
0.031,736
0.032,735
0.032,734
0.032,733
0.032,732
0.032,731
0.032,730
0.032,729
0.032,728
0.032,727
0.032,726
0.032,725
0.032,724
0.032,723
0.032,722
0.032,721
0.032,720
0.032,719
0.032,718
0.032,717
0.032,716
0.032,715
0.032,714
0.032,713
0.032,712
0.032,711
0.032,710
0.033,709
0.033,708
0.033,707
0.033,706
0.033,705
0.033,704
0.033,703
0.033,702
0.033,701
0.033,700
0.033,699
0.033,698
0.033,697
0.033,696
0.033,695
0.033,694
0.033,693
0.033,692
0.033,691
0.033,690
0.033,689
0.033,688
0.033,687
0.033,686
0.034,685
0.034,684
0.034,683
0.034,682
0.034,681
0.034,680
0.034,679
0.034,678
0.034,677
0.034,676
0.034,675
0.034,674
0.034,673
0.034,672
0.034,671
0.034,670
0.034,669
0.034,668
0.034,667
0.034,666
0.034,665
0.034,664
0.034,663
0.034,662
0.034,661
0.035,660
0.035,659
0.035,658
0.035,657
0.035,656
0.035,655
0.035,654
0.035,653
0.035,652
0.035,651
0.035,650
0.035,649
0.035,648
0.035,647
0.035,646
0.035,645
0.035,644
0.035,643
0.035,642
0.035,641
0.036,640
0.036,639
0.036,638
0.036,637
0.036,636
0.036,635
0.036,634
0.036,633
0.036,632
0.036,631
0.036,630
0.036,629
0.036,628
0.036,627
0.036,626
0.036,625
0.036,624
0.036,623
0.036,622
0.036,621
0.037,620
0.037,619
0.037,618
0.037,617
0.037,616
0.037,615
