0.016,8360
0.019,8359
0.019,8358
0.019,8357
0.019,8356
0.019,8355
0.020,8354
0.020,8353
0.020,8352
0.020,8351
0.020,8350
0.020,8349
0.020,8348
0.020,8347
0.021,8346
0.021,8345
0.021,8344
0.021,8343
0.021,8342
0.021,8341
0.021,8340
0.021,8339
0.021,8338
0.021,8337
0.021,8336
0.021,8335
0.021,8334
0.021,8333
0.021,8332
0.022,8331
0.022,8330
0.022,8329
0.022,8328
0.022,8327
0.022,8326
0.022,8325
0.022,8324
0.022,8323
0.022,8322
0.022,8321
0.022,8320
0.022,8319
0.022,8318
0.023,8317
0.023,8316
0.023,8315
0.023,8314
0.023,8313
0.023,8312
0.023,8311
0.023,8310
0.023,8309
0.023,8308
0.024,8307
0.024,8306
0.024,8305
0.024,8304
0.024,8303
0.024,8302
0.024,8301
0.024,8300
0.024,8299
0.024,8298
0.024,8297
0.024,8296
0.024,8295
0.024,8294
0.025,8293
0.025,8292
0.025,8291
0.025,8290
0.025,8289
0.025,8288
0.025,8287
0.025,8286
0.025,8285
0.025,8284
0.025,8283
0.025,8282
0.025,8281
0.025,8280
0.025,8279
0.025,8278
0.026,8277
0.026,8276
0.026,8275
0.026,8274
0.026,8273
0.026,8272
0.026,8271
0.026,8270
0.026,8269
0.026,8268
0.026,8267
0.026,8266
0.026,8265
0.026,8264
0.026,8263
0.027,8262
0.027,8261
0.027,8260
0.027,8259
0.027,8258
0.027,8257
0.027,8256
0.027,8255
0.027,8254
0.027,8253
0.027,8252
0.027,8251
0.027,8250
0.027,8249
0.027,8248
0.028,8247
0.028,8246
0.028,8245
0.028,8244
0.028,8243
0.028,8242
0.028,8241
0.028,8240
0.028,8239
0.028,8238
0.028,8237
0.028,8236
0.028,8235
0.028,8234
0.028,8233
0.029,8232
0.029,8231
0.029,8230
0.029,8229
0.029,8228
0.029,8227
0.029,8226
0.029,8225
0.029,8224
0.029,8223
0.029,8222
0.030,8221
0.030,8220
0.030,8219
0.030,8218
0.030,8217
0.030,8216
0.030,8215
0.030,8214
0.030,8213
0.030,8212
0.031,8211
0.031,8210
0.031,8209
0.031,8208
0.031,8207
0.031,8206
0.031,8205
0.031,8204
0.031,8203
0.031,8202
0.031,8201
0.031,8200
0.031,8199
0.031,8198
0.031,8197
0.031,8196
0.032,8195
0.032,8194
0.032,8193
0.032,8192
0.032,8191
0.032,8190
0.032,8189
0.032,8188
0.032,8187
0.032,8186
0.032,8185
0.032,8184
0.032,8183
0.032,8182
0.032,8181
0.032,8180
0.032,8179
0.032,8178
0.033,8177
0.033,8176
0.033,8175
0.033,8174
0.033,8173
0.033,8172
0.033,8171
0.033,8170
0.033,8169
0.033,8168
0.033,8167
0.033,8166
0.033,8165
0.033,8164
0.033,8163
0.033,8162
0.033,8161
0.033,8160
0.033,8159
0.034,8158
0.034,8157
0.034,8156
0.034,8155
0.034,8154
0.034,8153
0.034,8152
0.034,8151
0.034,8150
0.034,8149
0.034,8148
0.034,8147
0.034,8146
0.034,8145
0.034,8144
0.034,8143
0.034,8142
0.034,8141
0.034,8140
0.035,8139
0.035,8138
0.035,8137
0.035,8136
0.035,8135
0.035,8134
0.035,8133
0.035,8132
0.035,8131
0.035,8130
0.035,8129
0.035,8128
0.035,8127
0.035,8126
0.035,8125
0.035,8124
0.035,8123
0.035,8122
0.035,8121
0.036,8120
0.036,8119
0.036,8118
0.036,8117
0.036,8116
0.036,8115
0.036,8114
0.036,8113
0.036,8112
0.036,8111
0.036,8110
0.036,8109
0.036,8108
0.036,8107
0.036,8106
0.036,8105
0.036,8104
0.036,8103
0.037,8102
0.037,8101
0.037,8100
0.037,8099
0.037,8098
0.037,8097
0.037,8096
0.037,8095
0.037,8094
0.037,8093
0.037,8092
0.037,8091
0.037,8090
0.037,8089
0.037,8088
0.037,8087
0.037,8086
0.037,8085
0.037,8084
0.037,8083
0.037,8082
0.038,8081
0.038,8080
0.038,8079
0.038,8078
0.038,8077
0.038,8076
0.038,8075
0.038,8074
0.038,8073
0.038,8072
0.038,8071
0.038,8070
0.038,8069
0.038,8068
0.038,8067
0.038,8066
0.038,8065
0.038,8064
0.038,8063
0.038,8062
0.039,8061
0.039,8060
0.039,8059
0.039,8058
0.039,8057
0.039,8056
0.039,8055
0.039,8054
0.039,8053
0.039,8052
0.039,8051
0.039,8050
0.039,8049
0.039,8048
0.039,8047
0.039,8046
0.039,8045
0.039,8044
0.039,8043
0.039,8042
0.039,8041
0.040,8040
0.040,8039
0.040,8038
0.040,8037
0.040,8036
0.040,8035
0.040,8034
0.040,8033
0.040,8032
0.040,8031
0.040,8030
0.040,8029
0.040,8028
0.040,8027
0.040,8026
0.040,8025
0.040,8024
0.040,8023
0.040,8022
0.040,8021
0.041,8020
0.041,8019
0.041,8018
0.045,8017
0.045,8016
0.045,8015
0.045,8014
0.045,8013
0.045,8012
0.045,8011
0.045,8010
0.045,8009
0.045,8008
0.045,8007
0.045,8006
0.045,8005
0.045,8004
0.045,8003
0.045,8002
0.045,8001
0.046,8000
0.046,7999
0.046,7998
0.046,7997
0.046,7996
0.046,7995
0.046,7994
0.046,7993
0.046,7992
0.046,7991
0.046,7990
0.046,7989
0.046,7988
0.046,7987
0.046,7986
0.046,7985
0.046,7984
0.046,7983
0.046,7982
0.046,7981
0.046,7980
0.046,7979
0.046,7978
0.046,7977
0.048,7976
0.048,7975
0.049,7974
0.049,7973
0.049,7972
0.049,7971
0.049,7970
0.049,7969
0.049,7968
0.049,7967
0.049,7966
0.049,7965
0.049,7964
0.049,7963
0.049,7962
0.049,7961
0.049,7960
0.049,7959
0.049,7958
0.049,7957
0.049,7956
0.049,7955
0.049,7954
0.049,7953
0.049,7952
0.049,7951
0.049,7950
0.049,7949
0.049,7948
0.049,7947
0.049,7946
0.049,7945
0.050,7944
0.050,7943
0.050,7942
0.050,7941
0.050,7940
0.050,7939
0.050,7938
0.050,7937
0.050,7936
0.050,7935
0.050,7934
0.050,7933
0.050,7932
0.050,7931
0.050,7930
0.050,7929
0.050,7928
0.050,7927
0.050,7926
0.050,7925
0.050,7924
0.050,7923
0.050,7922
0.050,7921
0.050,7920
0.050,7919
0.050,7918
0.050,7917
0.050,7916
0.051,7915
0.051,7914
0.051,7913
0.051,7912
0.051,7911
0.051,7910
0.051,7909
0.051,7908
0.051,7907
0.051,7906
0.052,7905
0.052,7904
0.052,7903
0.052,7902
0.052,7901
0.052,7900
0.052,7899
0.052,7898
0.052,7897
0.052,7896
0.052,7895
0.052,7894
0.052,7893
0.052,7892
0.052,7891
0.052,7890
0.052,7889
0.052,7888
0.052,7887
0.052,7886
0.052,7885
0.052,7884
0.052,7883
0.052,7882
0.052,7881
0.052,7880
0.052,7879
0.052,7878
0.053,7877
0.053,7876
0.053,7875
0.053,7874
0.053,7873
0.053,7872
0.053,7871
0.053,7870
0.053,7869
0.053,7868
0.053,7867
0.053,7866
0.053,7865
0.053,7864
0.053,7863
0.054,7862
0.054,7861
0.054,7860
0.054,7859
0.054,7858
0.054,7857
0.054,7856
0.054,7855
0.054,7854
0.054,7853
0.054,7852
0.054,7851
0.054,7850
0.054,7849
0.055,7848
0.055,7847
0.055,7846
0.055,7845
0.055,7844
0.055,7843
0.055,7842
0.055,7841
0.055,7840
0.055,7839
0.055,7838
0.055,7837
0.055,7836
0.055,7835
0.055,7834
0.055,7833
0.055,7832
0.055,7831
0.055,7830
0.056,7829
0.056,7828
0.056,7827
0.056,7826
0.056,7825
0.056,7824
0.056,7823
0.056,7822
0.056,7821
0.056,7820
0.056,7819
0.056,7818
0.056,7817
0.056,7816
0.056,7815
0.056,7814
0.056,7813
0.056,7812
0.056,7811
0.056,7810
0.056,7809
0.056,7808
0.056,7807
0.056,7806
0.056,7805
0.056,7804
0.056,7803
0.056,7802
0.056,7801
0.056,7800
0.056,7799
0.056,7798
0.057,7797
0.057,7796
0.057,7795
0.057,7794
0.057,7793
0.057,7792
0.057,7791
0.057,7790
0.057,7789
0.057,7788
0.057,7787
0.057,7786
0.057,7785
0.057,7784
0.057,7783
0.057,7782
0.057,7781
0.057,7780
0.060,7779
0.060,7778
0.060,7777
0.060,7776
0.060,7775
0.060,7774
0.060,7773
0.060,7772
0.060,7771
0.060,7770
0.060,7769
0.060,7768
0.060,7767
0.060,7766
0.060,7765
0.060,7764
0.060,7763
0.060,7762
0.060,7761
0.060,7760
0.060,7759
0.060,7758
0.060,7757
0.060,7756
0.060,7755
0.060,7754
0.061,7753
0.061,7752
0.061,7751
0.061,7750
0.061,7749
0.061,7748
0.061,7747
0.061,7746
0.061,7745
0.061,7744
0.061,7743
0.061,7742
0.061,7741
0.061,7740
0.061,7739
0.061,7738
0.061,7737
0.061,7736
0.061,7735
0.061,7734
0.061,7733
0.061,7732
0.061,7731
0.061,7730
0.061,7729
0.061,7728
0.061,7727
0.061,7726
0.061,7725
0.061,7724
0.061,7723
0.061,7722
0.061,7721
0.061,7720
0.061,7719
0.061,7718
0.061,7717
0.062,7716
0.062,7715
0.062,7714
0.062,7713
0.062,7712
0.062,7711
0.062,7710
0.062,7709
0.062,7708
0.062,7707
0.062,7706
0.062,7705
0.062,7704
0.062,7703
0.062,7702
0.062,7701
0.062,7700
0.062,7699
0.062,7698
0.062,7697
0.062,7696
0.062,7695
0.062,7694
0.062,7693
0.062,7692
0.062,7691
0.062,7690
0.062,7689
0.062,7688
0.062,7687
0.062,7686
0.062,7685
0.062,7684
0.062,7683
0.062,7682
0.062,7681
0.062,7680
0.062,7679
0.063,7678
0.063,7677
0.063,7676
0.063,7675
0.063,7674
0.063,7673
0.063,7672
0.063,7671
0.063,7670
0.063,7669
0.063,7668
0.063,7667
0.063,7666
0.063,7665
0.063,7664
0.063,7663
0.063,7662
0.063,7661
0.063,7660
0.063,7659
0.063,7658
0.063,7657
0.063,7656
0.063,7655
0.063,7654
0.063,7653
0.065,7652
0.065,7651
0.065,7650
0.065,7649
0.065,7648
0.065,7647
0.065,7646
0.065,7645
0.065,7644
0.065,7643
0.065,7642
0.065,7641
0.065,7640
0.065,7639
0.065,7638
0.065,7637
0.066,7636
0.066,7635
0.066,7634
0.066,7633
0.066,7632
0.066,7631
0.066,7630
0.066,7629
0.066,7628
0.066,7627
0.066,7626
0.066,7625
0.066,7624
0.066,7623
0.066,7622
0.066,7621
0.066,7620
0.066,7619
0.066,7618
0.066,7617
0.066,7616
0.066,7615
0.066,7614
0.066,7613
0.066,7612
0.066,7611
0.066,7610
0.068,7609
0.068,7608
0.068,7607
0.068,7606
0.068,7605
0.068,7604
0.068,7603
0.068,7602
0.068,7601
0.068,7600
0.068,7599
0.068,7598
0.068,7597
0.068,7596
0.068,7595
0.070,7594
0.070,7593
0.070,7592
0.070,7591
0.070,7590
0.070,7589
0.071,7588
0.071,7587
0.071,7586
0.071,7585
0.071,7584
0.071,7583
0.071,7582
0.071,7581
0.071,7580
0.071,7579
0.071,7578
0.071,7577
0.071,7576
0.071,7575
0.071,7574
0.071,7573
0.071,7572
0.071,7571
0.071,7570
0.071,7569
0.071,7568
0.071,7567
0.071,7566
0.071,7565
0.071,7564
0.071,7563
0.071,7562
0.071,7561
0.071,7560
0.071,7559
0.071,7558
0.071,7557
0.071,7556
0.071,7555
0.071,7554
0.071,7553
0.071,7552
0.071,7551
0.071,7550
0.071,7549
0.071,7548
0.071,7547
0.071,7546
0.071,7545
0.071,7544
0.071,7543
0.071,7542
0.071,7541
0.071,7540
0.071,7539
0.071,7538
0.071,7537
0.071,7536
0.071,7535
0.071,7534
0.071,7533
0.071,7532
0.071,7531
0.071,7530
0.072,7529
0.072,7528
0.072,7527
0.072,7526
0.072,7525
0.072,7524
0.072,7523
0.072,7522
0.072,7521
0.072,7520
0.072,7519
0.072,7518
0.072,7517
0.072,7516
0.072,7515
0.072,7514
0.072,7513
0.072,7512
0.072,7511
0.072,7510
0.072,7509
0.072,7508
0.072,7507
0.072,7506
0.072,7505
0.072,7504
0.072,7503
0.072,7502
0.072,7501
0.072,7500
0.072,7499
0.072,7498
0.072,7497
0.072,7496
0.072,7495
0.072,7494
0.072,7493
0.072,7492
0.072,7491
0.072,7490
0.072,7489
0.072,7488
0.072,7487
0.072,7486
0.072,7485
0.072,7484
0.072,7483
0.072,7482
0.072,7481
0.072,7480
0.072,7479
0.072,7478
0.072,7477
0.072,7476
0.072,7475
0.072,7474
0.072,7473
0.072,7472
0.073,7471
0.073,7470
0.073,7469
0.073,7468
0.073,7467
0.073,7466
0.073,7465
0.073,7464
0.073,7463
0.073,7462
0.073,7461
0.073,7460
0.073,7459
0.073,7458
0.073,7457
0.073,7456
0.073,7455
0.073,7454
0.073,7453
0.073,7452
0.073,7451
0.073,7450
0.073,7449
0.073,7448
0.073,7447
0.073,7446
0.073,7445
0.073,7444
0.073,7443
0.073,7442
0.073,7441
0.073,7440
0.073,7439
0.073,7438
0.073,7437
0.073,7436
0.073,7435
0.073,7434
0.073,7433
0.073,7432
0.073,7431
0.073,7430
0.073,7429
0.073,7428
0.073,7427
0.073,7426
0.073,7425
0.073,7424
0.073,7423
0.073,7422
0.073,7421
0.073,7420
0.073,7419
0.073,7418
0.073,7417
0.073,7416
0.073,7415
0.073,7414
0.073,7413
0.073,7412
0.073,7411
0.073,7410
0.074,7409
0.074,7408
0.074,7407
0.074,7406
0.074,7405
0.074,7404
0.074,7403
0.074,7402
0.074,7401
0.074,7400
0.074,7399
0.074,7398
0.074,7397
0.074,7396
0.074,7395
0.074,7394
0.074,7393
0.074,7392
0.074,7391
0.074,7390
0.074,7389
0.074,7388
0.074,7387
0.074,7386
0.074,7385
0.074,7384
0.074,7383
0.074,7382
0.074,7381
0.074,7380
0.074,7379
0.074,7378
0.074,7377
0.074,7376
0.074,7375
0.074,7374
0.074,7373
0.074,7372
0.074,7371
0.074,7370
0.074,7369
0.074,7368
0.074,7367
0.074,7366
0.074,7365
0.074,7364
0.074,7363
0.074,7362
0.074,7361
0.074,7360
0.074,7359
0.074,7358
0.074,7357
0.074,7356
0.074,7355
0.074,7354
0.074,7353
0.074,7352
0.074,7351
0.074,7350
0.074,7349
0.075,7348
0.075,7347
0.075,7346
0.075,7345
0.075,7344
0.075,7343
0.075,7342
0.075,7341
0.075,7340
0.075,7339
0.075,7338
0.075,7337
0.075,7336
0.075,7335
0.075,7334
0.075,7333
0.075,7332
0.075,7331
0.075,7330
0.075,7329
0.075,7328
0.075,7327
0.075,7326
0.075,7325
0.075,7324
0.075,7323
0.075,7322
0.075,7321
0.075,7320
0.075,7319
0.075,7318
0.075,7317
0.075,7316
0.075,7315
0.075,7314
0.075,7313
0.075,7312
0.075,7311
0.075,7310
0.075,7309
0.075,7308
0.075,7307
0.075,7306
0.075,7305
0.075,7304
0.075,7303
0.075,7302
0.075,7301
0.075,7300
0.075,7299
0.075,7298
0.075,7297
0.075,7296
0.075,7295
0.075,7294
0.075,7293
0.075,7292
0.075,7291
0.075,7290
0.075,7289
0.075,7288
0.075,7287
0.075,7286
0.075,7285
0.075,7284
0.076,7283
0.076,7282
0.076,7281
0.076,7280
0.076,7279
0.076,7278
0.076,7277
0.076,7276
0.076,7275
0.076,7274
0.076,7273
0.076,7272
0.076,7271
0.076,7270
0.076,7269
0.076,7268
0.076,7267
0.076,7266
0.076,7265
0.076,7264
0.076,7263
0.076,7262
0.076,7261
0.076,7260
0.076,7259
0.076,7258
0.076,7257
0.076,7256
0.076,7255
0.076,7254
0.076,7253
0.076,7252
0.076,7251
0.076,7250
0.076,7249
0.076,7248
0.076,7247
0.076,7246
0.076,7245
0.076,7244
0.076,7243
0.076,7242
0.076,7241
0.076,7240
0.076,7239
0.076,7238
0.076,7237
0.076,7236
0.076,7235
0.076,7234
0.076,7233
0.076,7232
0.076,7231
0.076,7230
0.076,7229
0.076,7228
0.076,7227
0.076,7226
0.076,7225
0.076,7224
0.076,7223
0.076,7222
0.076,7221
0.077,7220
0.077,7219
0.077,7218
0.077,7217
0.077,7216
0.077,7215
0.077,7214
0.077,7213
0.077,7212
0.077,7211
0.077,7210
0.077,7209
0.077,7208
0.077,7207
0.077,7206
0.077,7205
0.077,7204
0.077,7203
0.077,7202
0.077,7201
0.077,7200
0.077,7199
0.077,7198
0.077,7197
0.077,7196
0.077,7195
0.077,7194
0.077,7193
0.077,7192
0.077,7191
0.077,7190
0.077,7189
0.077,7188
0.077,7187
0.077,7186
0.077,7185
0.077,7184
0.077,7183
0.077,7182
0.077,7181
0.077,7180
0.077,7179
0.077,7178
0.077,7177
0.077,7176
0.077,7175
0.077,7174
0.077,7173
0.077,7172
0.077,7171
0.077,7170
0.077,7169
0.077,7168
0.077,7167
0.077,7166
0.077,7165
0.077,7164
0.077,7163
0.077,7162
0.077,7161
0.077,7160
0.077,7159
0.077,7158
0.077,7157
0.077,7156
0.078,7155
0.078,7154
0.078,7153
0.078,7152
0.078,7151
0.078,7150
0.078,7149
0.078,7148
0.078,7147
0.078,7146
0.078,7145
0.078,7144
0.078,7143
0.078,7142
0.078,7141
0.078,7140
0.078,7139
0.078,7138
0.078,7137
0.078,7136
0.078,7135
0.078,7134
0.078,7133
0.078,7132
0.078,7131
0.078,7130
0.078,7129
0.078,7128
0.078,7127
0.078,7126
0.078,7125
0.078,7124
0.078,7123
0.078,7122
0.078,7121
0.078,7120
0.078,7119
0.078,7118
0.078,7117
0.078,7116
0.078,7115
0.078,7114
0.078,7113
0.078,7112
0.078,7111
0.078,7110
0.078,7109
0.078,7108
0.078,7107
0.078,7106
0.078,7105
0.078,7104
0.078,7103
0.078,7102
0.078,7101
0.078,7100
0.078,7099
0.078,7098
0.078,7097
0.078,7096
0.078,7095
0.078,7094
0.078,7093
0.078,7092
0.078,7091
0.079,7090
0.079,7089
0.079,7088
0.079,7087
0.079,7086
0.079,7085
0.079,7084
0.079,7083
0.079,7082
0.079,7081
0.079,7080
0.079,7079
0.079,7078
0.079,7077
0.079,7076
0.079,7075
0.079,7074
0.079,7073
0.079,7072
0.079,7071
0.079,7070
0.079,7069
0.079,7068
0.079,7067
0.079,7066
0.079,7065
0.079,7064
0.079,7063
0.079,7062
0.079,7061
0.079,7060
0.079,7059
0.079,7058
0.079,7057
0.079,7056
0.079,7055
0.079,7054
0.079,7053
0.079,7052
0.079,7051
0.079,7050
0.079,7049
0.079,7048
0.079,7047
0.079,7046
0.079,7045
0.079,7044
0.079,7043
0.079,7042
0.079,7041
0.079,7040
0.079,7039
0.079,7038
0.079,7037
0.079,7036
0.079,7035
0.079,7034
0.079,7033
0.079,7032
0.080,7031
0.080,7030
0.080,7029
0.080,7028
0.080,7027
0.080,7026
0.080,7025
0.080,7024
0.080,7023
0.080,7022
0.080,7021
0.080,7020
0.080,7019
0.080,7018
0.080,7017
0.080,7016
0.080,7015
0.080,7014
0.080,7013
0.080,7012
0.080,7011
0.080,7010
0.080,7009
0.080,7008
0.080,7007
0.080,7006
0.080,7005
0.080,7004
0.080,7003
0.080,7002
0.080,7001
0.080,7000
0.080,6999
0.080,6998
0.080,6997
0.080,6996
0.080,6995
0.080,6994
0.080,6993
0.081,6992
0.081,6991
0.081,6990
0.081,6989
0.081,6988
0.081,6987
0.081,6986
0.081,6985
0.081,6984
0.081,6983
0.081,6982
0.081,6981
0.081,6980
0.081,6979
0.081,6978
0.081,6977
0.081,6976
0.081,6975
0.081,6974
0.081,6973
0.081,6972
0.081,6971
0.081,6970
0.081,6969
0.081,6968
0.081,6967
0.081,6966
0.081,6965
0.081,6964
0.081,6963
0.081,6962
0.081,6961
0.081,6960
0.081,6959
0.081,6958
0.081,6957
0.081,6956
0.081,6955
0.081,6954
0.081,6953
0.081,6952
0.081,6951
0.081,6950
0.081,6949
0.081,6948
0.081,6947
0.081,6946
0.081,6945
0.082,6944
0.082,6943
0.082,6942
0.082,6941
0.082,6940
0.082,6939
0.082,6938
0.082,6937
0.082,6936
0.082,6935
0.082,6934
0.082,6933
0.082,6932
0.082,6931
0.082,6930
0.082,6929
0.082,6928
0.082,6927
0.082,6926
0.082,6925
0.082,6924
0.082,6923
0.082,6922
0.082,6921
0.082,6920
0.082,6919
0.082,6918
0.082,6917
0.082,6916
0.082,6915
0.082,6914
0.082,6913
0.082,6912
0.082,6911
0.082,6910
0.082,6909
0.082,6908
0.082,6907
0.082,6906
0.082,6905
0.082,6904
0.082,6903
0.082,6902
0.082,6901
0.082,6900
0.082,6899
0.082,6898
0.082,6897
0.082,6896
0.082,6895
0.082,6894
0.082,6893
0.082,6892
0.082,6891
0.083,6890
0.083,6889
0.083,6888
0.083,6887
0.083,6886
0.083,6885
0.083,6884
0.083,6883
0.083,6882
0.083,6881
0.083,6880
0.083,6879
0.083,6878
0.083,6877
0.083,6876
0.083,6875
0.083,6874
0.083,6873
0.083,6872
0.083,6871
0.083,6870
0.083,6869
0.083,6868
0.083,6867
0.083,6866
0.083,6865
0.083,6864
0.083,6863
0.083,6862
0.083,6861
0.083,6860
0.083,6859
0.083,6858
0.083,6857
0.083,6856
0.084,6855
0.084,6854
0.084,6853
0.084,6852
0.084,6851
0.084,6850
0.084,6849
0.084,6848
0.084,6847
0.084,6846
0.084,6845
0.084,6844
0.084,6843
0.084,6842
0.084,6841
0.084,6840
0.084,6839
0.084,6838
0.084,6837
0.084,6836
0.084,6835
0.084,6834
0.084,6833
0.084,6832
0.084,6831
0.084,6830
0.084,6829
0.084,6828
0.084,6827
0.084,6826
0.084,6825
0.084,6824
0.084,6823
0.084,6822
0.084,6821
0.084,6820
0.084,6819
0.084,6818
0.084,6817
0.084,6816
0.084,6815
0.084,6814
0.084,6813
0.084,6812
0.084,6811
0.084,6810
0.084,6809
0.084,6808
0.084,6807
0.085,6806
0.085,6805
0.085,6804
0.085,6803
0.085,6802
0.085,6801
0.085,6800
0.085,6799
0.085,6798
0.085,6797
0.085,6796
0.085,6795
0.085,6794
0.085,6793
0.085,6792
0.085,6791
0.085,6790
0.085,6789
0.085,6788
0.085,6787
0.085,6786
0.085,6785
0.085,6784
0.085,6783
0.085,6782
0.085,6781
0.085,6780
0.085,6779
0.085,6778
0.085,6777
0.085,6776
0.085,6775
0.085,6774
0.085,6773
0.085,6772
0.085,6771
0.085,6770
0.085,6769
0.085,6768
0.085,6767
0.085,6766
0.085,6765
0.085,6764
0.085,6763
0.085,6762
0.085,6761
0.085,6760
0.085,6759
0.085,6758
0.085,6757
0.085,6756
0.085,6755
0.085,6754
0.085,6753
0.085,6752
0.085,6751
0.085,6750
0.086,6749
0.086,6748
0.086,6747
0.086,6746
0.086,6745
0.086,6744
0.086,6743
0.086,6742
0.086,6741
0.086,6740
0.086,6739
0.086,6738
0.086,6737
0.086,6736
0.086,6735
0.086,6734
0.086,6733
0.086,6732
0.086,6731
0.086,6730
0.086,6729
0.086,6728
0.086,6727
0.086,6726
0.086,6725
0.086,6724
0.086,6723
0.086,6722
0.086,6721
0.086,6720
0.086,6719
0.086,6718
0.086,6717
0.086,6716
0.086,6715
0.086,6714
0.086,6713
0.086,6712
0.086,6711
0.086,6710
0.086,6709
0.086,6708
0.086,6707
0.086,6706
0.086,6705
0.086,6704
0.086,6703
0.086,6702
0.086,6701
0.086,6700
0.086,6699
0.086,6698
0.086,6697
0.086,6696
0.086,6695
0.086,6694
0.086,6693
0.086,6692
0.086,6691
0.086,6690
0.087,6689
0.087,6688
0.087,6687
0.087,6686
0.087,6685
0.087,6684
0.087,6683
0.087,6682
0.087,6681
0.087,6680
0.087,6679
0.087,6678
0.087,6677
0.087,6676
0.087,6675
0.087,6674
0.087,6673
0.087,6672
0.087,6671
0.087,6670
0.087,6669
0.087,6668
0.087,6667
0.087,6666
0.087,6665
0.087,6664
0.087,6663
0.087,6662
0.087,6661
0.087,6660
0.087,6659
0.087,6658
0.087,6657
0.087,6656
0.087,6655
0.087,6654
0.087,6653
0.087,6652
0.087,6651
0.087,6650
0.087,6649
0.087,6648
0.087,6647
0.087,6646
0.087,6645
0.087,6644
0.087,6643
0.087,6642
0.087,6641
0.087,6640
0.087,6639
0.087,6638
0.087,6637
0.087,6636
0.087,6635
0.087,6634
0.087,6633
0.087,6632
0.087,6631
0.087,6630
0.087,6629
0.087,6628
0.087,6627
0.087,6626
0.087,6625
0.087,6624
0.087,6623
0.087,6622
0.087,6621
0.087,6620
0.087,6619
0.087,6618
0.088,6617
0.088,6616
0.088,6615
0.088,6614
0.088,6613
0.088,6612
0.088,6611
0.088,6610
0.088,6609
0.088,6608
0.088,6607
0.088,6606
0.088,6605
0.088,6604
0.088,6603
0.088,6602
0.088,6601
0.088,6600
0.088,6599
0.088,6598
0.088,6597
0.088,6596
0.088,6595
0.088,6594
0.088,6593
0.088,6592
0.088,6591
0.088,6590
0.088,6589
0.088,6588
0.088,6587
0.088,6586
0.088,6585
0.088,6584
0.088,6583
0.088,6582
0.088,6581
0.088,6580
0.088,6579
0.088,6578
0.088,6577
0.088,6576
0.088,6575
0.088,6574
0.088,6573
0.088,6572
0.088,6571
0.088,6570
0.088,6569
0.088,6568
0.088,6567
0.088,6566
0.088,6565
0.088,6564
0.088,6563
0.088,6562
0.088,6561
0.088,6560
0.088,6559
0.088,6558
0.088,6557
0.088,6556
0.088,6555
0.088,6554
0.089,6553
0.089,6552
0.089,6551
0.089,6550
0.089,6549
0.089,6548
0.089,6547
0.089,6546
0.089,6545
0.089,6544
0.089,6543
0.089,6542
0.089,6541
0.089,6540
0.089,6539
0.089,6538
0.089,6537
0.089,6536
0.089,6535
0.089,6534
0.089,6533
0.089,6532
0.089,6531
0.089,6530
0.089,6529
0.089,6528
0.089,6527
0.089,6526
0.089,6525
0.089,6524
0.089,6523
0.089,6522
0.089,6521
0.089,6520
0.089,6519
0.089,6518
0.089,6517
0.089,6516
0.089,6515
0.089,6514
0.089,6513
0.089,6512
0.089,6511
0.089,6510
0.089,6509
0.089,6508
0.089,6507
0.089,6506
0.089,6505
0.089,6504
0.089,6503
0.089,6502
0.089,6501
0.089,6500
0.089,6499
0.089,6498
0.089,6497
0.089,6496
0.089,6495
0.089,6494
0.089,6493
0.089,6492
0.089,6491
0.089,6490
0.089,6489
0.089,6488
0.089,6487
0.089,6486
0.089,6485
0.089,6484
0.089,6483
0.089,6482
0.089,6481
0.090,6480
0.090,6479
0.090,6478
0.090,6477
0.090,6476
0.090,6475
0.090,6474
0.090,6473
0.090,6472
0.090,6471
0.090,6470
0.090,6469
0.090,6468
0.090,6467
0.090,6466
0.090,6465
0.090,6464
0.090,6463
0.090,6462
0.090,6461
0.090,6460
0.090,6459
0.090,6458
0.090,6457
0.090,6456
0.090,6455
0.090,6454
0.090,6453
0.090,6452
0.090,6451
0.090,6450
0.090,6449
0.092,6448
0.092,6447
0.092,6446
0.092,6445
0.092,6444
0.092,6443
0.092,6442
0.092,6441
0.092,6440
0.092,6439
0.092,6438
0.092,6437
0.092,6436
0.092,6435
0.092,6434
0.092,6433
0.092,6432
0.092,6431
0.092,6430
0.092,6429
0.092,6428
0.092,6427
0.092,6426
0.092,6425
0.092,6424
0.092,6423
0.092,6422
0.092,6421
0.092,6420
0.092,6419
0.092,6418
0.092,6417
0.092,6416
0.092,6415
0.092,6414
0.093,6413
0.093,6412
0.093,6411
0.093,6410
0.093,6409
0.093,6408
0.093,6407
0.093,6406
0.093,6405
0.093,6404
0.093,6403
0.093,6402
0.093,6401
0.093,6400
0.093,6399
0.093,6398
0.093,6397
0.093,6396
0.093,6395
0.093,6394
0.093,6393
0.093,6392
0.093,6391
0.093,6390
0.093,6389
0.093,6388
0.093,6387
0.093,6386
0.093,6385
0.093,6384
0.093,6383
0.093,6382
0.093,6381
0.093,6380
0.093,6379
0.093,6378
0.093,6377
0.093,6376
0.093,6375
0.093,6374
0.093,6373
0.093,6372
0.093,6371
0.093,6370
0.093,6369
0.093,6368
0.093,6367
0.093,6366
0.093,6365
0.093,6364
0.093,6363
0.093,6362
0.093,6361
0.093,6360
0.093,6359
0.093,6358
0.093,6357
0.093,6356
0.093,6355
0.093,6354
0.093,6353
0.093,6352
0.093,6351
0.093,6350
0.093,6349
0.093,6348
0.093,6347
0.093,6346
0.093,6345
0.093,6344
0.093,6343
0.093,6342
0.093,6341
0.093,6340
0.093,6339
0.093,6338
0.093,6337
0.093,6336
0.093,6335
0.093,6334
0.093,6333
0.093,6332
0.094,6331
0.094,6330
0.094,6329
0.094,6328
0.094,6327
0.094,6326
0.094,6325
0.094,6324
0.094,6323
0.094,6322
0.094,6321
0.094,6320
0.094,6319
0.099,6318
0.099,6317
0.099,6316
0.099,6315
0.099,6314
0.099,6313
0.099,6312
0.099,6311
0.099,6310
0.099,6309
0.099,6308
0.099,6307
0.099,6306
0.099,6305
0.099,6304
0.099,6303
0.099,6302
0.099,6301
0.099,6300
0.099,6299
0.099,6298
0.099,6297
0.099,6296
0.099,6295
0.099,6294
0.099,6293
0.099,6292
0.099,6291
0.099,6290
0.099,6289
0.099,6288
0.099,6287
0.100,6286
0.100,6285
0.100,6284
0.100,6283
0.100,6282
0.100,6281
0.100,6280
0.100,6279
0.100,6278
0.100,6277
0.100,6276
0.100,6275
0.100,6274
0.100,6273
0.100,6272
0.100,6271
0.100,6270
0.100,6269
0.100,6268
0.100,6267
0.100,6266
0.100,6265
0.100,6264
0.100,6263
0.100,6262
0.100,6261
0.100,6260
0.100,6259
0.100,6258
0.100,6257
0.100,6256
0.100,6255
0.100,6254
0.100,6253
0.100,6252
0.100,6251
0.100,6250
0.100,6249
0.100,6248
0.100,6247
0.100,6246
0.100,6245
0.100,6244
0.100,6243
0.100,6242
0.100,6241
0.100,6240
0.100,6239
0.100,6238
0.100,6237
0.100,6236
0.100,6235
0.100,6234
0.100,6233
0.100,6232
0.100,6231
0.100,6230
0.100,6229
0.100,6228
0.100,6227
0.100,6226
0.100,6225
0.100,6224
0.100,6223
0.100,6222
0.100,6221
0.100,6220
0.100,6219
0.100,6218
0.100,6217
0.100,6216
0.100,6215
0.100,6214
0.100,6213
0.100,6212
0.100,6211
0.100,6210
0.100,6209
0.100,6208
0.100,6207
0.100,6206
0.100,6205
0.100,6204
0.100,6203
0.100,6202
0.100,6201
0.100,6200
0.100,6199
0.100,6198
0.100,6197
0.100,6196
0.100,6195
0.100,6194
0.100,6193
0.100,6192
0.101,6191
0.101,6190
0.101,6189
0.101,6188
0.101,6187
0.101,6186
0.101,6185
0.101,6184
0.101,6183
0.101,6182
0.101,6181
0.101,6180
0.101,6179
0.101,6178
0.101,6177
0.101,6176
0.101,6175
0.101,6174
0.101,6173
0.101,6172
0.101,6171
0.101,6170
0.101,6169
0.101,6168
0.101,6167
0.101,6166
0.101,6165
0.101,6164
0.101,6163
0.101,6162
0.101,6161
0.101,6160
0.101,6159
0.101,6158
0.101,6157
0.101,6156
0.101,6155
0.101,6154
0.101,6153
0.101,6152
0.101,6151
0.101,6150
0.101,6149
0.101,6148
0.101,6147
0.101,6146
0.101,6145
0.101,6144
0.101,6143
0.101,6142
0.101,6141
0.101,6140
0.101,6139
0.101,6138
0.101,6137
0.101,6136
0.101,6135
0.101,6134
0.101,6133
0.101,6132
0.101,6131
0.101,6130
0.101,6129
0.102,6128
0.102,6127
0.102,6126
0.102,6125
0.102,6124
0.103,6123
0.103,6122
0.103,6121
0.103,6120
0.103,6119
0.103,6118
0.103,6117
0.103,6116
0.103,6115
0.103,6114
0.103,6113
0.103,6112
0.103,6111
0.103,6110
0.103,6109
0.103,6108
0.103,6107
0.103,6106
0.103,6105
0.103,6104
0.103,6103
0.103,6102
0.103,6101
0.103,6100
0.103,6099
0.103,6098
0.103,6097
0.103,6096
0.103,6095
0.103,6094
0.103,6093
0.103,6092
0.103,6091
0.103,6090
0.103,6089
0.103,6088
0.103,6087
0.103,6086
0.103,6085
0.103,6084
0.103,6083
0.103,6082
0.103,6081
0.103,6080
0.103,6079
0.103,6078
0.103,6077
0.103,6076
0.103,6075
0.103,6074
0.103,6073
0.103,6072
0.103,6071
0.103,6070
0.103,6069
0.103,6068
0.103,6067
0.103,6066
0.103,6065
0.103,6064
0.103,6063
0.103,6062
0.103,6061
0.103,6060
0.103,6059
0.103,6058
0.103,6057
0.103,6056
0.103,6055
0.103,6054
0.103,6053
0.103,6052
0.103,6051
0.103,6050
0.103,6049
0.103,6048
0.103,6047
0.103,6046
0.103,6045
0.103,6044
0.103,6043
0.103,6042
0.103,6041
0.103,6040
0.103,6039
0.103,6038
0.103,6037
0.103,6036
0.103,6035
0.103,6034
0.103,6033
0.103,6032
0.103,6031
0.103,6030
0.103,6029
0.103,6028
0.103,6027
0.103,6026
0.103,6025
0.103,6024
0.103,6023
0.103,6022
0.104,6021
0.104,6020
0.104,6019
0.104,6018
0.104,6017
0.104,6016
0.104,6015
0.104,6014
0.104,6013
0.104,6012
0.104,6011
0.104,6010
0.104,6009
0.104,6008
0.104,6007
0.104,6006
0.104,6005
0.104,6004
0.104,6003
0.104,6002
0.104,6001
0.104,6000
0.104,5999
0.104,5998
0.104,5997
0.104,5996
0.104,5995
0.104,5994
0.104,5993
0.104,5992
0.104,5991
0.104,5990
0.104,5989
0.104,5988
0.104,5987
0.104,5986
0.104,5985
0.104,5984
0.104,5983
0.104,5982
0.104,5981
0.104,5980
0.104,5979
0.104,5978
0.104,5977
0.104,5976
0.104,5975
0.104,5974
0.104,5973
0.104,5972
0.104,5971
0.104,5970
0.104,5969
0.104,5968
0.104,5967
0.104,5966
0.104,5965
0.104,5964
0.104,5963
0.104,5962
0.104,5961
0.104,5960
0.104,5959
0.104,5958
0.104,5957
0.104,5956
0.104,5955
0.104,5954
0.104,5953
0.104,5952
0.104,5951
0.104,5950
0.104,5949
0.104,5948
0.104,5947
0.104,5946
0.104,5945
0.104,5944
0.104,5943
0.104,5942
0.104,5941
0.104,5940
0.104,5939
0.104,5938
0.104,5937
0.104,5936
0.104,5935
0.104,5934
0.104,5933
0.104,5932
0.104,5931
0.104,5930
0.104,5929
0.104,5928
0.104,5927
0.104,5926
0.104,5925
0.105,5924
0.105,5923
0.105,5922
0.105,5921
0.105,5920
0.105,5919
0.105,5918
0.105,5917
0.105,5916
0.105,5915
0.105,5914
0.105,5913
0.105,5912
0.105,5911
0.105,5910
0.105,5909
0.105,5908
0.105,5907
0.105,5906
0.105,5905
0.105,5904
0.105,5903
0.105,5902
0.105,5901
0.105,5900
0.105,5899
0.105,5898
0.105,5897
0.105,5896
0.105,5895
0.105,5894
0.105,5893
0.105,5892
0.105,5891
0.105,5890
0.105,5889
0.105,5888
0.105,5887
0.105,5886
0.105,5885
0.105,5884
0.105,5883
0.105,5882
0.105,5881
0.105,5880
0.105,5879
0.105,5878
0.105,5877
0.105,5876
0.105,5875
0.105,5874
0.105,5873
0.105,5872
0.105,5871
0.105,5870
0.105,5869
0.105,5868
0.105,5867
0.105,5866
0.105,5865
0.105,5864
0.105,5863
0.105,5862
0.105,5861
0.105,5860
0.105,5859
0.105,5858
0.105,5857
0.105,5856
0.105,5855
0.105,5854
0.105,5853
0.105,5852
0.105,5851
0.105,5850
0.105,5849
0.105,5848
0.105,5847
0.105,5846
0.105,5845
0.105,5844
0.105,5843
0.105,5842
0.105,5841
0.105,5840
0.105,5839
0.105,5838
0.105,5837
0.105,5836
0.105,5835
0.105,5834
0.105,5833
0.105,5832
0.105,5831
0.105,5830
0.105,5829
0.105,5828
0.105,5827
0.105,5826
0.105,5825
0.105,5824
0.105,5823
0.106,5822
0.106,5821
0.106,5820
0.106,5819
0.106,5818
0.106,5817
0.106,5816
0.106,5815
0.106,5814
0.106,5813
0.106,5812
0.106,5811
0.106,5810
0.106,5809
0.106,5808
0.106,5807
0.106,5806
0.106,5805
0.106,5804
0.106,5803
0.106,5802
0.106,5801
0.106,5800
0.106,5799
0.106,5798
0.106,5797
0.106,5796
0.106,5795
0.106,5794
0.106,5793
0.106,5792
0.106,5791
0.106,5790
0.106,5789
0.106,5788
0.106,5787
0.106,5786
0.106,5785
0.106,5784
0.106,5783
0.106,5782
0.106,5781
0.106,5780
0.106,5779
0.106,5778
0.106,5777
0.106,5776
0.106,5775
0.106,5774
0.106,5773
0.106,5772
0.106,5771
0.106,5770
0.106,5769
0.106,5768
0.106,5767
0.106,5766
0.106,5765
0.106,5764
0.106,5763
0.106,5762
0.106,5761
0.106,5760
0.106,5759
0.106,5758
0.106,5757
0.106,5756
0.106,5755
0.106,5754
0.106,5753
0.106,5752
0.106,5751
0.106,5750
0.106,5749
0.106,5748
0.106,5747
0.106,5746
0.106,5745
0.106,5744
0.106,5743
0.106,5742
0.106,5741
0.106,5740
0.106,5739
0.106,5738
0.106,5737
0.106,5736
0.106,5735
0.106,5734
0.106,5733
0.106,5732
0.106,5731
0.106,5730
0.106,5729
0.106,5728
0.106,5727
0.106,5726
0.106,5725
0.106,5724
0.106,5723
0.106,5722
0.106,5721
0.106,5720
0.106,5719
0.106,5718
0.106,5717
0.106,5716
0.106,5715
0.106,5714
0.107,5713
0.107,5712
0.107,5711
0.107,5710
0.107,5709
0.107,5708
0.107,5707
0.107,5706
0.107,5705
0.107,5704
0.107,5703
0.107,5702
0.107,5701
0.107,5700
0.107,5699
0.107,5698
0.107,5697
0.107,5696
0.107,5695
0.107,5694
0.107,5693
0.107,5692
0.107,5691
0.107,5690
0.107,5689
0.107,5688
0.107,5687
0.107,5686
0.107,5685
0.107,5684
0.107,5683
0.107,5682
0.107,5681
0.107,5680
0.107,5679
0.107,5678
0.107,5677
0.107,5676
0.107,5675
0.107,5674
0.107,5673
0.107,5672
0.107,5671
0.107,5670
0.107,5669
0.107,5668
0.107,5667
0.107,5666
0.107,5665
0.107,5664
0.107,5663
0.107,5662
0.107,5661
0.107,5660
0.107,5659
0.107,5658
0.107,5657
0.107,5656
0.107,5655
0.107,5654
0.107,5653
0.107,5652
0.107,5651
0.107,5650
0.107,5649
0.107,5648
0.107,5647
0.107,5646
0.107,5645
0.107,5644
0.107,5643
0.107,5642
0.107,5641
0.107,5640
0.107,5639
0.107,5638
0.107,5637
0.107,5636
0.107,5635
0.107,5634
0.107,5633
0.107,5632
0.107,5631
0.107,5630
0.107,5629
0.107,5628
0.107,5627
0.107,5626
0.107,5625
0.107,5624
0.107,5623
0.107,5622
0.107,5621
0.107,5620
0.107,5619
0.107,5618
0.107,5617
0.107,5616
0.107,5615
0.107,5614
0.107,5613
0.107,5612
0.107,5611
0.107,5610
0.107,5609
0.107,5608
0.107,5607
0.107,5606
0.107,5605
0.107,5604
0.108,5603
0.108,5602
0.108,5601
0.108,5600
0.108,5599
0.108,5598
0.108,5597
0.108,5596
0.108,5595
0.108,5594
0.108,5593
0.108,5592
0.108,5591
0.108,5590
0.108,5589
0.108,5588
0.108,5587
0.108,5586
0.108,5585
0.108,5584
0.108,5583
0.108,5582
0.108,5581
0.108,5580
0.108,5579
0.108,5578
0.108,5577
0.108,5576
0.108,5575
0.108,5574
0.108,5573
0.108,5572
0.108,5571
0.108,5570
0.108,5569
0.108,5568
0.108,5567
0.108,5566
0.108,5565
0.108,5564
0.108,5563
0.108,5562
0.108,5561
0.108,5560
0.108,5559
0.108,5558
0.108,5557
0.108,5556
0.108,5555
0.108,5554
0.108,5553
0.108,5552
0.108,5551
0.108,5550
0.108,5549
0.108,5548
0.108,5547
0.108,5546
0.108,5545
0.108,5544
0.108,5543
0.108,5542
0.108,5541
0.108,5540
0.108,5539
0.108,5538
0.108,5537
0.108,5536
0.108,5535
0.108,5534
0.108,5533
0.108,5532
0.108,5531
0.108,5530
0.108,5529
0.108,5528
0.108,5527
0.108,5526
0.108,5525
0.108,5524
0.108,5523
0.108,5522
0.108,5521
0.108,5520
0.108,5519
0.108,5518
0.108,5517
0.108,5516
0.108,5515
0.108,5514
0.108,5513
0.108,5512
0.108,5511
0.108,5510
0.108,5509
0.108,5508
0.108,5507
0.108,5506
0.108,5505
0.108,5504
0.108,5503
0.108,5502
0.108,5501
0.108,5500
0.108,5499
0.108,5498
0.108,5497
0.108,5496
0.109,5495
0.109,5494
0.109,5493
0.109,5492
0.109,5491
0.109,5490
0.109,5489
0.109,5488
0.109,5487
0.109,5486
0.109,5485
0.109,5484
0.109,5483
0.109,5482
0.109,5481
0.109,5480
0.109,5479
0.109,5478
0.109,5477
0.109,5476
0.109,5475
0.109,5474
0.109,5473
0.109,5472
0.109,5471
0.109,5470
0.109,5469
0.109,5468
0.109,5467
0.109,5466
0.109,5465
0.109,5464
0.109,5463
0.109,5462
0.109,5461
0.109,5460
0.109,5459
0.109,5458
0.109,5457
0.109,5456
0.109,5455
0.109,5454
0.109,5453
0.109,5452
0.109,5451
0.109,5450
0.109,5449
0.109,5448
0.109,5447
0.109,5446
0.109,5445
0.109,5444
0.109,5443
0.109,5442
0.109,5441
0.109,5440
0.109,5439
0.109,5438
0.109,5437
0.109,5436
0.109,5435
0.109,5434
0.109,5433
0.109,5432
0.109,5431
0.109,5430
0.109,5429
0.109,5428
0.109,5427
0.109,5426
0.109,5425
0.109,5424
0.109,5423
0.109,5422
0.109,5421
0.109,5420
0.109,5419
0.109,5418
0.109,5417
0.109,5416
0.109,5415
0.109,5414
0.109,5413
0.109,5412
0.109,5411
0.109,5410
0.109,5409
0.109,5408
0.109,5407
0.109,5406
0.109,5405
0.109,5404
0.109,5403
0.109,5402
0.109,5401
0.109,5400
0.109,5399
0.109,5398
0.109,5397
0.109,5396
0.109,5395
0.109,5394
0.109,5393
0.109,5392
0.109,5391
0.109,5390
0.109,5389
0.109,5388
0.109,5387
0.109,5386
0.109,5385
0.109,5384
0.109,5383
0.109,5382
0.110,5381
0.110,5380
0.110,5379
0.110,5378
0.110,5377
0.110,5376
0.110,5375
0.110,5374
0.110,5373
0.110,5372
0.110,5371
0.110,5370
0.110,5369
0.110,5368
0.110,5367
0.110,5366
0.110,5365
0.110,5364
0.110,5363
0.110,5362
0.110,5361
0.110,5360
0.110,5359
0.110,5358
0.110,5357
0.110,5356
0.110,5355
0.110,5354
0.110,5353
0.110,5352
0.110,5351
0.110,5350
0.110,5349
0.110,5348
0.110,5347
0.110,5346
0.110,5345
0.110,5344
0.110,5343
0.110,5342
0.110,5341
0.110,5340
0.110,5339
0.110,5338
0.110,5337
0.110,5336
0.110,5335
0.110,5334
0.110,5333
0.110,5332
0.110,5331
0.110,5330
0.110,5329
0.110,5328
0.110,5327
0.110,5326
0.110,5325
0.110,5324
0.110,5323
0.110,5322
0.110,5321
0.110,5320
0.110,5319
0.110,5318
0.110,5317
0.110,5316
0.110,5315
0.110,5314
0.110,5313
0.110,5312
0.110,5311
0.110,5310
0.110,5309
0.110,5308
0.110,5307
0.110,5306
0.110,5305
0.110,5304
0.110,5303
0.110,5302
0.110,5301
0.110,5300
0.110,5299
0.110,5298
0.110,5297
0.110,5296
0.110,5295
0.110,5294
0.110,5293
0.110,5292
0.110,5291
0.110,5290
0.110,5289
0.110,5288
0.110,5287
0.110,5286
0.110,5285
0.110,5284
0.110,5283
0.110,5282
0.110,5281
0.110,5280
0.110,5279
0.110,5278
0.110,5277
0.110,5276
0.110,5275
0.110,5274
0.110,5273
0.110,5272
0.110,5271
0.110,5270
0.110,5269
0.110,5268
0.110,5267
0.110,5266
0.110,5265
0.110,5264
0.110,5263
0.110,5262
0.110,5261
0.111,5260
0.111,5259
0.111,5258
0.111,5257
0.111,5256
0.111,5255
0.111,5254
0.111,5253
0.111,5252
0.111,5251
0.111,5250
0.111,5249
0.111,5248
0.111,5247
0.111,5246
0.111,5245
0.111,5244
0.111,5243
0.111,5242
0.111,5241
0.111,5240
0.111,5239
0.111,5238
0.111,5237
0.111,5236
0.111,5235
0.111,5234
0.111,5233
0.111,5232
0.111,5231
0.111,5230
0.111,5229
0.111,5228
0.111,5227
0.111,5226
0.111,5225
0.111,5224
0.111,5223
0.111,5222
0.111,5221
0.111,5220
0.111,5219
0.111,5218
0.111,5217
0.111,5216
0.111,5215
0.111,5214
0.111,5213
0.111,5212
0.111,5211
0.111,5210
0.111,5209
0.111,5208
0.111,5207
0.111,5206
0.111,5205
0.111,5204
0.111,5203
0.111,5202
0.111,5201
0.111,5200
0.111,5199
0.111,5198
0.111,5197
0.111,5196
0.111,5195
0.111,5194
0.111,5193
0.111,5192
0.111,5191
0.111,5190
0.111,5189
0.111,5188
0.111,5187
0.111,5186
0.111,5185
0.111,5184
0.111,5183
0.111,5182
0.111,5181
0.111,5180
0.111,5179
0.111,5178
0.111,5177
0.111,5176
0.111,5175
0.111,5174
0.111,5173
0.111,5172
0.111,5171
0.111,5170
0.111,5169
0.111,5168
0.111,5167
0.111,5166
0.111,5165
0.111,5164
0.111,5163
0.111,5162
0.111,5161
0.111,5160
0.111,5159
0.111,5158
0.111,5157
0.111,5156
0.111,5155
0.111,5154
0.111,5153
0.111,5152
0.111,5151
0.111,5150
0.111,5149
0.111,5148
0.111,5147
0.111,5146
0.111,5145
0.111,5144
0.111,5143
0.111,5142
0.111,5141
0.111,5140
0.111,5139
0.111,5138
0.111,5137
0.111,5136
0.111,5135
0.111,5134
0.111,5133
0.111,5132
0.111,5131
0.111,5130
0.111,5129
0.111,5128
0.111,5127
0.111,5126
0.111,5125
0.111,5124
0.111,5123
0.111,5122
0.111,5121
0.111,5120
0.111,5119
0.111,5118
0.111,5117
0.111,5116
0.111,5115
0.111,5114
0.111,5113
0.111,5112
0.111,5111
0.111,5110
0.111,5109
0.111,5108
0.111,5107
0.111,5106
0.111,5105
0.111,5104
0.111,5103
0.111,5102
0.111,5101
0.111,5100
0.111,5099
0.111,5098
0.111,5097
0.111,5096
0.111,5095
0.111,5094
0.111,5093
0.111,5092
0.111,5091
0.111,5090
0.111,5089
0.111,5088
0.111,5087
0.111,5086
0.111,5085
0.111,5084
0.111,5083
0.111,5082
0.111,5081
0.111,5080
0.111,5079
0.111,5078
0.111,5077
0.111,5076
0.111,5075
0.111,5074
0.111,5073
0.111,5072
0.111,5071
0.111,5070
0.111,5069
0.111,5068
0.111,5067
0.111,5066
0.111,5065
0.111,5064
0.111,5063
0.111,5062
0.111,5061
0.111,5060
0.111,5059
0.111,5058
0.111,5057
0.112,5056
0.112,5055
0.112,5054
0.112,5053
0.112,5052
0.112,5051
0.112,5050
0.112,5049
0.112,5048
0.112,5047
0.112,5046
0.112,5045
0.112,5044
0.112,5043
0.112,5042
0.112,5041
0.112,5040
0.112,5039
0.112,5038
0.112,5037
0.112,5036
0.112,5035
0.112,5034
0.112,5033
0.112,5032
0.112,5031
0.112,5030
0.112,5029
0.112,5028
0.112,5027
0.112,5026
0.112,5025
0.112,5024
0.112,5023
0.112,5022
0.112,5021
0.112,5020
0.112,5019
0.112,5018
0.112,5017
0.112,5016
0.112,5015
0.112,5014
0.112,5013
0.112,5012
0.112,5011
0.112,5010
0.112,5009
0.112,5008
0.112,5007
0.112,5006
0.112,5005
0.112,5004
0.112,5003
0.112,5002
0.112,5001
0.112,5000
0.112,4999
0.112,4998
0.112,4997
0.112,4996
0.112,4995
0.112,4994
0.112,4993
0.112,4992
0.112,4991
0.112,4990
0.112,4989
0.112,4988
0.112,4987
0.112,4986
0.112,4985
0.112,4984
0.112,4983
0.112,4982
0.112,4981
0.112,4980
0.112,4979
0.112,4978
0.112,4977
0.112,4976
0.112,4975
0.112,4974
0.112,4973
0.112,4972
0.112,4971
0.112,4970
0.112,4969
0.112,4968
0.112,4967
0.112,4966
0.112,4965
0.112,4964
0.112,4963
0.112,4962
0.112,4961
0.112,4960
0.112,4959
0.112,4958
0.112,4957
0.112,4956
0.112,4955
0.112,4954
0.112,4953
0.112,4952
0.112,4951
0.112,4950
0.112,4949
0.112,4948
0.112,4947
0.112,4946
0.112,4945
0.112,4944
0.112,4943
0.112,4942
0.112,4941
0.112,4940
0.112,4939
0.112,4938
0.112,4937
0.112,4936
0.112,4935
0.112,4934
0.112,4933
0.112,4932
0.112,4931
0.112,4930
0.112,4929
0.112,4928
0.112,4927
0.112,4926
0.112,4925
0.112,4924
0.112,4923
0.112,4922
0.112,4921
0.112,4920
0.112,4919
0.112,4918
0.112,4917
0.112,4916
0.112,4915
0.112,4914
0.112,4913
0.112,4912
0.113,4911
0.113,4910
0.113,4909
0.113,4908
0.113,4907
0.113,4906
0.113,4905
0.113,4904
0.113,4903
0.113,4902
0.113,4901
0.113,4900
0.113,4899
0.113,4898
0.113,4897
0.113,4896
0.113,4895
0.113,4894
0.113,4893
0.113,4892
0.113,4891
0.113,4890
0.113,4889
0.113,4888
0.113,4887
0.113,4886
0.113,4885
0.113,4884
0.113,4883
0.113,4882
0.113,4881
0.113,4880
0.113,4879
0.113,4878
0.113,4877
0.113,4876
0.113,4875
0.113,4874
0.113,4873
0.113,4872
0.113,4871
0.113,4870
0.113,4869
0.113,4868
0.113,4867
0.113,4866
0.113,4865
0.113,4864
0.113,4863
0.113,4862
0.113,4861
0.113,4860
0.113,4859
0.113,4858
0.113,4857
0.113,4856
0.113,4855
0.113,4854
0.113,4853
0.113,4852
0.113,4851
0.113,4850
0.113,4849
0.113,4848
0.113,4847
0.113,4846
0.113,4845
0.113,4844
0.113,4843
0.113,4842
0.113,4841
0.113,4840
0.113,4839
0.113,4838
0.113,4837
0.113,4836
0.113,4835
0.113,4834
0.113,4833
0.113,4832
0.113,4831
0.113,4830
0.113,4829
0.113,4828
0.113,4827
0.113,4826
0.113,4825
0.113,4824
0.113,4823
0.113,4822
0.113,4821
0.113,4820
0.113,4819
0.113,4818
0.113,4817
0.113,4816
0.113,4815
0.113,4814
0.113,4813
0.113,4812
0.113,4811
0.113,4810
0.113,4809
0.113,4808
0.113,4807
0.113,4806
0.113,4805
0.113,4804
0.113,4803
0.113,4802
0.113,4801
0.113,4800
0.113,4799
0.113,4798
0.113,4797
0.113,4796
0.113,4795
0.113,4794
0.113,4793
0.113,4792
0.113,4791
0.113,4790
0.113,4789
0.113,4788
0.113,4787
0.113,4786
0.113,4785
0.113,4784
0.113,4783
0.113,4782
0.113,4781
0.113,4780
0.113,4779
0.113,4778
0.113,4777
0.113,4776
0.113,4775
0.113,4774
0.113,4773
0.113,4772
0.113,4771
0.113,4770
0.113,4769
0.113,4768
0.113,4767
0.113,4766
0.113,4765
0.113,4764
0.113,4763
0.113,4762
0.113,4761
0.113,4760
0.113,4759
0.113,4758
0.113,4757
0.113,4756
0.113,4755
0.113,4754
0.113,4753
0.113,4752
0.113,4751
0.113,4750
0.113,4749
0.113,4748
0.113,4747
0.113,4746
0.113,4745
0.113,4744
0.113,4743
0.114,4742
0.114,4741
0.114,4740
0.114,4739
0.114,4738
0.114,4737
0.114,4736
0.114,4735
0.114,4734
0.114,4733
0.114,4732
0.114,4731
0.114,4730
0.114,4729
0.114,4728
0.114,4727
0.114,4726
0.114,4725
0.114,4724
0.114,4723
0.114,4722
0.114,4721
0.114,4720
0.114,4719
0.114,4718
0.114,4717
0.114,4716
0.114,4715
0.114,4714
0.114,4713
0.114,4712
0.114,4711
0.114,4710
0.114,4709
0.114,4708
0.114,4707
0.114,4706
0.114,4705
0.114,4704
0.114,4703
0.114,4702
0.114,4701
0.114,4700
0.114,4699
0.114,4698
0.114,4697
0.114,4696
0.114,4695
0.114,4694
0.114,4693
0.114,4692
0.114,4691
0.114,4690
0.114,4689
0.114,4688
0.114,4687
0.114,4686
0.114,4685
0.114,4684
0.114,4683
0.114,4682
0.114,4681
0.114,4680
0.114,4679
0.114,4678
0.114,4677
0.114,4676
0.114,4675
0.114,4674
0.114,4673
0.114,4672
0.114,4671
0.114,4670
0.114,4669
0.114,4668
0.114,4667
0.114,4666
0.114,4665
0.114,4664
0.114,4663
0.114,4662
0.114,4661
0.114,4660
0.114,4659
0.114,4658
0.114,4657
0.114,4656
0.114,4655
0.114,4654
0.114,4653
0.114,4652
0.114,4651
0.114,4650
0.114,4649
0.114,4648
0.114,4647
0.114,4646
0.114,4645
0.114,4644
0.114,4643
0.114,4642
0.114,4641
0.114,4640
0.114,4639
0.114,4638
0.114,4637
0.114,4636
0.114,4635
0.114,4634
0.114,4633
0.114,4632
0.114,4631
0.114,4630
0.114,4629
0.114,4628
0.114,4627
0.114,4626
0.114,4625
0.114,4624
0.114,4623
0.114,4622
0.114,4621
0.114,4620
0.114,4619
0.114,4618
0.115,4617
0.115,4616
0.115,4615
0.115,4614
0.115,4613
0.115,4612
0.115,4611
0.115,4610
0.115,4609
0.115,4608
0.115,4607
0.115,4606
0.115,4605
0.115,4604
0.115,4603
0.115,4602
0.115,4601
0.115,4600
0.115,4599
0.115,4598
0.115,4597
0.115,4596
0.115,4595
0.115,4594
0.115,4593
0.115,4592
0.115,4591
0.115,4590
0.115,4589
0.115,4588
0.115,4587
0.115,4586
0.115,4585
0.115,4584
0.115,4583
0.115,4582
0.115,4581
0.115,4580
0.115,4579
0.115,4578
0.115,4577
0.115,4576
0.115,4575
0.115,4574
0.115,4573
0.115,4572
0.115,4571
0.115,4570
0.115,4569
0.115,4568
0.115,4567
0.115,4566
0.115,4565
0.115,4564
0.115,4563
0.115,4562
0.115,4561
0.115,4560
0.115,4559
0.115,4558
0.115,4557
0.115,4556
0.115,4555
0.115,4554
0.115,4553
0.115,4552
0.115,4551
0.115,4550
0.115,4549
0.115,4548
0.115,4547
0.115,4546
0.115,4545
0.115,4544
0.115,4543
0.115,4542
0.115,4541
0.115,4540
0.115,4539
0.115,4538
0.115,4537
0.115,4536
0.115,4535
0.115,4534
0.115,4533
0.115,4532
0.115,4531
0.115,4530
0.115,4529
0.115,4528
0.115,4527
0.115,4526
0.115,4525
0.115,4524
0.115,4523
0.115,4522
0.115,4521
0.115,4520
0.115,4519
0.115,4518
0.115,4517
0.115,4516
0.115,4515
0.115,4514
0.115,4513
0.115,4512
0.115,4511
0.115,4510
0.115,4509
0.115,4508
0.115,4507
0.115,4506
0.115,4505
0.115,4504
0.115,4503
0.115,4502
0.115,4501
0.115,4500
0.115,4499
0.115,4498
0.115,4497
0.115,4496
0.115,4495
0.115,4494
0.115,4493
0.115,4492
0.115,4491
0.115,4490
0.115,4489
0.115,4488
0.115,4487
0.115,4486
0.115,4485
0.115,4484
0.115,4483
0.115,4482
0.115,4481
0.115,4480
0.115,4479
0.115,4478
0.115,4477
0.115,4476
0.115,4475
0.115,4474
0.115,4473
0.115,4472
0.115,4471
0.115,4470
0.115,4469
0.115,4468
0.115,4467
0.115,4466
0.115,4465
0.115,4464
0.115,4463
0.115,4462
0.115,4461
0.115,4460
0.115,4459
0.115,4458
0.115,4457
0.115,4456
0.115,4455
0.115,4454
0.116,4453
0.116,4452
0.116,4451
0.116,4450
0.116,4449
0.116,4448
0.116,4447
0.116,4446
0.116,4445
0.116,4444
0.116,4443
0.116,4442
0.116,4441
0.116,4440
0.116,4439
0.116,4438
0.116,4437
0.116,4436
0.116,4435
0.116,4434
0.116,4433
0.116,4432
0.116,4431
0.116,4430
0.116,4429
0.116,4428
0.116,4427
0.116,4426
0.116,4425
0.116,4424
0.116,4423
0.116,4422
0.116,4421
0.116,4420
0.116,4419
0.116,4418
0.116,4417
0.116,4416
0.116,4415
0.116,4414
0.116,4413
0.116,4412
0.116,4411
0.116,4410
0.116,4409
0.116,4408
0.116,4407
0.116,4406
0.116,4405
0.116,4404
0.116,4403
0.116,4402
0.116,4401
0.116,4400
0.116,4399
0.116,4398
0.116,4397
0.116,4396
0.116,4395
0.116,4394
0.116,4393
0.116,4392
0.116,4391
0.116,4390
0.116,4389
0.116,4388
0.116,4387
0.116,4386
0.116,4385
0.116,4384
0.116,4383
0.116,4382
0.116,4381
0.116,4380
0.116,4379
0.116,4378
0.116,4377
0.116,4376
0.116,4375
0.116,4374
0.116,4373
0.116,4372
0.116,4371
0.116,4370
0.116,4369
0.116,4368
0.116,4367
0.116,4366
0.116,4365
0.116,4364
0.116,4363
0.116,4362
0.116,4361
0.116,4360
0.116,4359
0.116,4358
0.116,4357
0.116,4356
0.116,4355
0.116,4354
0.116,4353
0.116,4352
0.116,4351
0.116,4350
0.116,4349
0.116,4348
0.116,4347
0.116,4346
0.116,4345
0.116,4344
0.116,4343
0.116,4342
0.116,4341
0.116,4340
0.116,4339
0.116,4338
0.116,4337
0.116,4336
0.116,4335
0.116,4334
0.116,4333
0.116,4332
0.116,4331
0.116,4330
0.116,4329
0.116,4328
0.116,4327
0.116,4326
0.116,4325
0.116,4324
0.116,4323
0.116,4322
0.116,4321
0.116,4320
0.116,4319
0.116,4318
0.116,4317
0.116,4316
0.116,4315
0.116,4314
0.116,4313
0.116,4312
0.116,4311
0.116,4310
0.116,4309
0.116,4308
0.116,4307
0.116,4306
0.116,4305
0.116,4304
0.116,4303
0.116,4302
0.117,4301
0.117,4300
0.117,4299
0.117,4298
0.117,4297
0.117,4296
0.117,4295
0.117,4294
0.117,4293
0.117,4292
0.117,4291
0.117,4290
0.117,4289
0.117,4288
0.117,4287
0.117,4286
0.117,4285
0.117,4284
0.117,4283
0.117,4282
0.117,4281
0.117,4280
0.117,4279
0.117,4278
0.117,4277
0.117,4276
0.117,4275
0.117,4274
0.117,4273
0.117,4272
0.117,4271
0.117,4270
0.117,4269
0.117,4268
0.117,4267
0.117,4266
0.117,4265
0.117,4264
0.117,4263
0.117,4262
0.117,4261
0.117,4260
0.117,4259
0.117,4258
0.117,4257
0.117,4256
0.117,4255
0.117,4254
0.117,4253
0.117,4252
0.117,4251
0.117,4250
0.117,4249
0.117,4248
0.117,4247
0.117,4246
0.117,4245
0.117,4244
0.117,4243
0.117,4242
0.117,4241
0.117,4240
0.117,4239
0.117,4238
0.117,4237
0.117,4236
0.117,4235
0.117,4234
0.117,4233
0.117,4232
0.117,4231
0.117,4230
0.117,4229
0.117,4228
0.117,4227
0.117,4226
0.117,4225
0.117,4224
0.117,4223
0.117,4222
0.117,4221
0.117,4220
0.117,4219
0.117,4218
0.117,4217
0.117,4216
0.117,4215
0.117,4214
0.117,4213
0.117,4212
0.117,4211
0.117,4210
0.117,4209
0.117,4208
0.117,4207
0.117,4206
0.117,4205
0.117,4204
0.117,4203
0.117,4202
0.117,4201
0.117,4200
0.117,4199
0.117,4198
0.117,4197
0.117,4196
0.117,4195
0.117,4194
0.117,4193
0.117,4192
0.117,4191
0.117,4190
0.117,4189
0.117,4188
0.117,4187
0.117,4186
0.117,4185
0.117,4184
0.117,4183
0.117,4182
0.117,4181
0.117,4180
0.117,4179
0.117,4178
0.117,4177
0.117,4176
0.117,4175
0.117,4174
0.117,4173
0.117,4172
0.117,4171
0.117,4170
0.117,4169
0.117,4168
0.117,4167
0.117,4166
0.117,4165
0.117,4164
0.117,4163
0.117,4162
0.117,4161
0.117,4160
0.117,4159
0.117,4158
0.117,4157
0.117,4156
0.117,4155
0.117,4154
0.117,4153
0.117,4152
0.117,4151
0.117,4150
0.117,4149
0.117,4148
0.117,4147
0.117,4146
0.117,4145
0.117,4144
0.117,4143
0.117,4142
0.117,4141
0.117,4140
0.117,4139
0.117,4138
0.117,4137
0.117,4136
0.117,4135
0.117,4134
0.117,4133
0.117,4132
0.117,4131
0.117,4130
0.117,4129
0.117,4128
0.117,4127
0.117,4126
0.117,4125
0.117,4124
0.117,4123
0.117,4122
0.117,4121
0.117,4120
0.117,4119
0.117,4118
0.117,4117
0.117,4116
0.117,4115
0.117,4114
0.118,4113
0.118,4112
0.118,4111
0.118,4110
0.118,4109
0.118,4108
0.118,4107
0.118,4106
0.118,4105
0.118,4104
0.118,4103
0.118,4102
0.118,4101
0.118,4100
0.118,4099
0.118,4098
0.118,4097
0.118,4096
0.118,4095
0.118,4094
0.118,4093
0.118,4092
0.118,4091
0.118,4090
0.118,4089
0.118,4088
0.118,4087
0.118,4086
0.118,4085
0.118,4084
0.118,4083
0.118,4082
0.118,4081
0.118,4080
0.118,4079
0.118,4078
0.118,4077
0.118,4076
0.118,4075
0.118,4074
0.118,4073
0.118,4072
0.118,4071
0.118,4070
0.118,4069
0.118,4068
0.118,4067
0.118,4066
0.118,4065
0.118,4064
0.118,4063
0.118,4062
0.118,4061
0.118,4060
0.118,4059
0.118,4058
0.118,4057
0.118,4056
0.118,4055
0.118,4054
0.118,4053
0.118,4052
0.118,4051
0.118,4050
0.118,4049
0.118,4048
0.118,4047
0.118,4046
0.118,4045
0.118,4044
0.118,4043
0.118,4042
0.118,4041
0.118,4040
0.118,4039
0.118,4038
0.118,4037
0.118,4036
0.118,4035
0.118,4034
0.118,4033
0.118,4032
0.118,4031
0.118,4030
0.118,4029
0.118,4028
0.118,4027
0.118,4026
0.118,4025
0.118,4024
0.118,4023
0.118,4022
0.118,4021
0.118,4020
0.118,4019
0.118,4018
0.118,4017
0.118,4016
0.118,4015
0.118,4014
0.118,4013
0.118,4012
0.118,4011
0.118,4010
0.118,4009
0.118,4008
0.118,4007
0.118,4006
0.118,4005
0.118,4004
0.118,4003
0.118,4002
0.118,4001
0.118,4000
0.118,3999
0.118,3998
0.118,3997
0.118,3996
0.118,3995
0.118,3994
0.118,3993
0.119,3992
0.119,3991
0.119,3990
0.119,3989
0.119,3988
0.119,3987
0.119,3986
0.119,3985
0.119,3984
0.119,3983
0.119,3982
0.119,3981
0.119,3980
0.119,3979
0.119,3978
0.119,3977
0.119,3976
0.119,3975
0.119,3974
0.119,3973
0.119,3972
0.119,3971
0.119,3970
0.119,3969
0.119,3968
0.119,3967
0.119,3966
0.119,3965
0.119,3964
0.119,3963
0.119,3962
0.119,3961
0.119,3960
0.119,3959
0.119,3958
0.119,3957
0.119,3956
0.119,3955
0.119,3954
0.119,3953
0.119,3952
0.119,3951
0.119,3950
0.119,3949
0.119,3948
0.119,3947
0.119,3946
0.119,3945
0.119,3944
0.119,3943
0.119,3942
0.120,3941
0.120,3940
0.120,3939
