0.001,8360
0.005,8359
0.005,8358
0.005,8357
0.005,8356
0.005,8355
0.005,8354
0.006,8353
0.006,8352
0.006,8351
0.006,8350
0.006,8349
0.006,8348
0.006,8347
0.006,8346
0.006,8345
0.006,8344
0.006,8343
0.007,8342
0.007,8341
0.007,8340
0.007,8339
0.007,8338
0.007,8337
0.007,8336
0.007,8335
0.007,8334
0.007,8333
0.007,8332
0.007,8331
0.007,8330
0.008,8329
0.008,8328
0.008,8327
0.008,8326
0.008,8325
0.008,8324
0.008,8323
0.008,8322
0.008,8321
0.008,8320
0.008,8319
0.008,8318
0.009,8317
0.009,8316
0.009,8315
0.009,8314
0.009,8313
0.009,8312
0.009,8311
0.009,8310
0.009,8309
0.009,8308
0.009,8307
0.009,8306
0.009,8305
0.009,8304
0.010,8303
0.010,8302
0.010,8301
0.010,8300
0.010,8299
0.010,8298
0.010,8297
0.010,8296
0.010,8295
0.010,8294
0.010,8293
0.010,8292
0.010,8291
0.010,8290
0.011,8289
0.011,8288
0.011,8287
0.011,8286
0.011,8285
0.011,8284
0.011,8283
0.011,8282
0.011,8281
0.011,8280
0.011,8279
0.011,8278
0.011,8277
0.011,8276
0.012,8275
0.012,8274
0.012,8273
0.012,8272
0.012,8271
0.012,8270
0.012,8269
0.012,8268
0.012,8267
0.012,8266
0.012,8265
0.012,8264
0.012,8263
0.012,8262
0.012,8261
0.013,8260
0.013,8259
0.013,8258
0.013,8257
0.013,8256
0.013,8255
0.013,8254
0.013,8253
0.013,8252
0.013,8251
0.013,8250
0.013,8249
0.013,8248
0.013,8247
0.013,8246
0.014,8245
0.014,8244
0.014,8243
0.014,8242
0.014,8241
0.014,8240
0.014,8239
0.014,8238
0.014,8237
0.014,8236
0.014,8235
0.014,8234
0.014,8233
0.015,8232
0.015,8231
0.015,8230
0.015,8229
0.015,8228
0.015,8227
0.015,8226
0.015,8225
0.015,8224
0.015,8223
0.015,8222
0.015,8221
0.015,8220
0.015,8219
0.015,8218
0.015,8217
0.016,8216
0.016,8215
0.016,8214
0.016,8213
0.016,8212
0.016,8211
0.016,8210
0.016,8209
0.016,8208
0.016,8207
0.016,8206
0.016,8205
0.016,8204
0.016,8203
0.016,8202
0.016,8201
0.016,8200
0.017,8199
0.017,8198
0.017,8197
0.017,8196
0.017,8195
0.017,8194
0.017,8193
0.017,8192
0.017,8191
0.017,8190
0.017,8189
0.017,8188
0.017,8187
0.017,8186
0.017,8185
0.017,8184
0.018,8183
0.018,8182
0.018,8181
0.018,8180
0.018,8179
0.018,8178
0.018,8177
0.018,8176
0.018,8175
0.018,8174
0.018,8173
0.018,8172
0.018,8171
0.018,8170
0.018,8169
0.019,8168
0.019,8167
0.019,8166
0.019,8165
0.019,8164
0.019,8163
0.019,8162
0.019,8161
0.019,8160
0.019,8159
0.019,8158
0.019,8157
0.019,8156
0.019,8155
0.019,8154
0.019,8153
0.019,8152
0.020,8151
0.020,8150
0.020,8149
0.020,8148
0.020,8147
0.020,8146
0.020,8145
0.020,8144
0.020,8143
0.020,8142
0.020,8141
0.020,8140
0.020,8139
0.020,8138
0.020,8137
0.021,8136
0.021,8135
0.021,8134
0.021,8133
0.021,8132
0.021,8131
0.021,8130
0.021,8129
0.021,8128
0.021,8127
0.021,8126
0.021,8125
0.021,8124
0.021,8123
0.021,8122
0.021,8121
0.021,8120
0.022,8119
0.022,8118
0.022,8117
0.022,8116
0.022,8115
0.022,8114
0.022,8113
0.022,8112
0.022,8111
0.022,8110
0.022,8109
0.022,8108
0.022,8107
0.022,8106
0.022,8105
0.023,8104
0.023,8103
0.023,8102
0.023,8101
0.023,8100
0.023,8099
0.023,8098
0.023,8097
0.023,8096
0.023,8095
0.023,8094
0.023,8093
0.023,8092
0.023,8091
0.023,8090
0.023,8089
0.024,8088
0.024,8087
0.024,8086
0.024,8085
0.024,8084
0.024,8083
0.024,8082
0.024,8081
0.024,8080
0.024,8079
0.024,8078
0.024,8077
0.024,8076
0.024,8075
0.024,8074
0.024,8073
0.024,8072
0.025,8071
0.025,8070
0.025,8069
0.025,8068
0.025,8067
0.025,8066
0.025,8065
0.025,8064
0.025,8063
0.025,8062
0.025,8061
0.025,8060
0.026,8059
0.026,8058
0.026,8057
0.026,8056
0.026,8055
0.026,8054
0.026,8053
0.026,8052
0.026,8051
0.026,8050
0.026,8049
0.026,8048
0.026,8047
0.026,8046
0.026,8045
0.026,8044
0.026,8043
0.026,8042
0.027,8041
0.027,8040
0.027,8039
0.027,8038
0.027,8037
0.027,8036
0.027,8035
0.030,8034
0.030,8033
0.030,8032
0.030,8031
0.030,8030
0.030,8029
0.030,8028
0.030,8027
0.030,8026
0.030,8025
0.030,8024
0.030,8023
0.031,8022
0.031,8021
0.031,8020
0.031,8019
0.031,8018
0.031,8017
0.031,8016
0.031,8015
0.031,8014
0.031,8013
0.031,8012
0.031,8011
0.031,8010
0.031,8009
0.031,8008
0.031,8007
0.031,8006
0.031,8005
0.031,8004
0.031,8003
0.032,8002
0.032,8001
0.032,8000
0.032,7999
0.032,7998
0.032,7997
0.032,7996
0.032,7995
0.032,7994
0.032,7993
0.032,7992
0.032,7991
0.032,7990
0.032,7989
0.032,7988
0.032,7987
0.032,7986
0.032,7985
0.032,7984
0.032,7983
0.032,7982
0.033,7981
0.033,7980
0.033,7979
0.033,7978
0.033,7977
0.033,7976
0.033,7975
0.033,7974
0.033,7973
0.033,7972
0.033,7971
0.033,7970
0.033,7969
0.033,7968
0.033,7967
0.033,7966
0.033,7965
0.033,7964
0.034,7963
0.034,7962
0.034,7961
0.034,7960
0.034,7959
0.034,7958
0.034,7957
0.034,7956
0.034,7955
0.034,7954
0.034,7953
0.034,7952
0.034,7951
0.034,7950
0.034,7949
0.034,7948
0.034,7947
0.034,7946
0.034,7945
0.034,7944
0.034,7943
0.034,7942
0.035,7941
0.035,7940
0.035,7939
0.035,7938
0.035,7937
0.035,7936
0.035,7935
0.035,7934
0.035,7933
0.035,7932
0.035,7931
0.035,7930
0.035,7929
0.035,7928
0.035,7927
0.035,7926
0.035,7925
0.035,7924
0.035,7923
0.035,7922
0.035,7921
0.035,7920
0.036,7919
0.036,7918
0.036,7917
0.036,7916
0.036,7915
0.036,7914
0.036,7913
0.039,7912
0.039,7911
0.039,7910
0.039,7909
0.039,7908
0.040,7907
0.040,7906
0.040,7905
0.040,7904
0.040,7903
0.040,7902
0.040,7901
0.040,7900
0.040,7899
0.040,7898
0.040,7897
0.040,7896
0.040,7895
0.040,7894
0.040,7893
0.040,7892
0.040,7891
0.040,7890
0.040,7889
0.040,7888
0.040,7887
0.040,7886
0.040,7885
0.040,7884
0.040,7883
0.040,7882
0.040,7881
0.040,7880
0.040,7879
0.041,7878
0.041,7877
0.041,7876
0.041,7875
0.041,7874
0.041,7873
0.041,7872
0.041,7871
0.041,7870
0.041,7869
0.041,7868
0.041,7867
0.041,7866
0.041,7865
0.041,7864
0.041,7863
0.041,7862
0.041,7861
0.041,7860
0.041,7859
0.041,7858
0.041,7857
0.041,7856
0.041,7855
0.041,7854
0.041,7853
0.041,7852
0.042,7851
0.042,7850
0.042,7849
0.042,7848
0.042,7847
0.042,7846
0.042,7845
0.042,7844
0.042,7843
0.042,7842
0.042,7841
0.043,7840
0.043,7839
0.043,7838
0.043,7837
0.043,7836
0.043,7835
0.043,7834
0.043,7833
0.043,7832
0.043,7831
0.043,7830
0.043,7829
0.043,7828
0.043,7827
0.043,7826
0.043,7825
0.043,7824
0.043,7823
0.043,7822
0.043,7821
0.043,7820
0.043,7819
0.043,7818
0.043,7817
0.043,7816
0.043,7815
0.043,7814
0.043,7813
0.044,7812
0.044,7811
0.044,7810
0.044,7809
0.044,7808
0.044,7807
0.044,7806
0.044,7805
0.044,7804
0.044,7803
0.044,7802
0.044,7801
0.044,7800
0.044,7799
0.044,7798
0.044,7797
0.044,7796
0.044,7795
0.044,7794
0.044,7793
0.044,7792
0.044,7791
0.044,7790
0.044,7789
0.044,7788
0.044,7787
0.044,7786
0.044,7785
0.044,7784
0.044,7783
0.044,7782
0.044,7781
0.045,7780
0.045,7779
0.045,7778
0.045,7777
0.045,7776
0.045,7775
0.045,7774
0.045,7773
0.045,7772
0.045,7771
0.045,7770
0.045,7769
0.045,7768
0.045,7767
0.045,7766
0.045,7765
0.045,7764
0.045,7763
0.045,7762
0.045,7761
0.045,7760
0.045,7759
0.045,7758
0.045,7757
0.045,7756
0.045,7755
0.045,7754
0.045,7753
0.045,7752
0.045,7751
0.045,7750
0.046,7749
0.046,7748
0.046,7747
0.046,7746
0.046,7745
0.046,7744
0.046,7743
0.046,7742
0.046,7741
0.046,7740
0.046,7739
0.046,7738
0.046,7737
0.046,7736
0.046,7735
0.046,7734
0.046,7733
0.046,7732
0.046,7731
0.046,7730
0.046,7729
0.046,7728
0.046,7727
0.046,7726
0.046,7725
0.046,7724
0.046,7723
0.048,7722
0.048,7721
0.048,7720
0.048,7719
0.048,7718
0.048,7717
0.048,7716
0.049,7715
0.049,7714
0.049,7713
0.049,7712
0.049,7711
0.049,7710
0.049,7709
0.049,7708
0.049,7707
0.049,7706
0.049,7705
0.049,7704
0.049,7703
0.049,7702
0.049,7701
0.049,7700
0.049,7699
0.049,7698
0.049,7697
0.049,7696
0.049,7695
0.049,7694
0.049,7693
0.049,7692
0.049,7691
0.049,7690
0.049,7689
0.049,7688
0.049,7687
0.049,7686
0.049,7685
0.049,7684
0.049,7683
0.050,7682
0.050,7681
0.050,7680
0.050,7679
0.050,7678
0.050,7677
0.050,7676
0.050,7675
0.050,7674
0.050,7673
0.050,7672
0.050,7671
0.050,7670
0.050,7669
0.050,7668
0.050,7667
0.050,7666
0.050,7665
0.050,7664
0.050,7663
0.050,7662
0.050,7661
0.050,7660
0.050,7659
0.050,7658
0.050,7657
0.050,7656
0.050,7655
0.050,7654
0.050,7653
0.051,7652
0.051,7651
0.051,7650
0.051,7649
0.051,7648
0.051,7647
0.051,7646
0.051,7645
0.051,7644
0.051,7643
0.051,7642
0.051,7641
0.051,7640
0.051,7639
0.051,7638
0.051,7637
0.051,7636
0.051,7635
0.051,7634
0.051,7633
0.051,7632
0.051,7631
0.051,7630
0.051,7629
0.051,7628
0.051,7627
0.051,7626
0.051,7625
0.051,7624
0.051,7623
0.051,7622
0.051,7621
0.051,7620
0.051,7619
0.051,7618
0.051,7617
0.051,7616
0.052,7615
0.052,7614
0.052,7613
0.052,7612
0.052,7611
0.052,7610
0.052,7609
0.052,7608
0.052,7607
0.052,7606
0.052,7605
0.052,7604
0.052,7603
0.052,7602
0.052,7601
0.052,7600
0.052,7599
0.052,7598
0.052,7597
0.052,7596
0.052,7595
0.052,7594
0.052,7593
0.052,7592
0.052,7591
0.052,7590
0.052,7589
0.053,7588
0.053,7587
0.053,7586
0.053,7585
0.053,7584
0.053,7583
0.053,7582
0.053,7581
0.053,7580
0.053,7579
0.053,7578
0.053,7577
0.053,7576
0.053,7575
0.053,7574
0.053,7573
0.053,7572
0.053,7571
0.053,7570
0.053,7569
0.053,7568
0.053,7567
0.053,7566
0.053,7565
0.053,7564
0.053,7563
0.053,7562
0.053,7561
0.053,7560
0.053,7559
0.053,7558
0.053,7557
0.053,7556
0.053,7555
0.053,7554
0.053,7553
0.053,7552
0.053,7551
0.054,7550
0.054,7549
0.054,7548
0.054,7547
0.054,7546
0.054,7545
0.054,7544
0.054,7543
0.054,7542
0.054,7541
0.054,7540
0.054,7539
0.054,7538
0.054,7537
0.054,7536
0.054,7535
0.054,7534
0.054,7533
0.054,7532
0.054,7531
0.054,7530
0.054,7529
0.054,7528
0.054,7527
0.054,7526
0.054,7525
0.054,7524
0.054,7523
0.054,7522
0.054,7521
0.054,7520
0.054,7519
0.054,7518
0.054,7517
0.054,7516
0.054,7515
0.054,7514
0.054,7513
0.054,7512
0.054,7511
0.054,7510
0.054,7509
0.054,7508
0.054,7507
0.054,7506
0.054,7505
0.055,7504
0.055,7503
0.055,7502
0.055,7501
0.055,7500
0.055,7499
0.055,7498
0.055,7497
0.055,7496
0.055,7495
0.055,7494
0.055,7493
0.055,7492
0.055,7491
0.055,7490
0.055,7489
0.055,7488
0.055,7487
0.055,7486
0.055,7485
0.055,7484
0.055,7483
0.055,7482
0.055,7481
0.055,7480
0.055,7479
0.055,7478
0.055,7477
0.055,7476
0.055,7475
0.055,7474
0.055,7473
0.055,7472
0.055,7471
0.055,7470
0.055,7469
0.055,7468
0.055,7467
0.055,7466
0.055,7465
0.056,7464
0.056,7463
0.056,7462
0.056,7461
0.056,7460
0.056,7459
0.056,7458
0.056,7457
0.056,7456
0.056,7455
0.056,7454
0.056,7453
0.056,7452
0.056,7451
0.056,7450
0.056,7449
0.056,7448
0.056,7447
0.056,7446
0.056,7445
0.056,7444
0.056,7443
0.056,7442
0.056,7441
0.056,7440
0.056,7439
0.056,7438
0.056,7437
0.056,7436
0.056,7435
0.056,7434
0.056,7433
0.056,7432
0.056,7431
0.056,7430
0.056,7429
0.056,7428
0.056,7427
0.056,7426
0.056,7425
0.056,7424
0.056,7423
0.056,7422
0.056,7421
0.056,7420
0.057,7419
0.057,7418
0.057,7417
0.057,7416
0.057,7415
0.057,7414
0.057,7413
0.057,7412
0.057,7411
0.057,7410
0.057,7409
0.057,7408
0.057,7407
0.057,7406
0.057,7405
0.057,7404
0.057,7403
0.057,7402
0.057,7401
0.057,7400
0.057,7399
0.057,7398
0.057,7397
0.057,7396
0.057,7395
0.057,7394
0.057,7393
0.057,7392
0.057,7391
0.057,7390
0.057,7389
0.057,7388
0.057,7387
0.057,7386
0.057,7385
0.057,7384
0.057,7383
0.057,7382
0.057,7381
0.057,7380
0.057,7379
0.057,7378
0.057,7377
0.057,7376
0.057,7375
0.057,7374
0.058,7373
0.058,7372
0.058,7371
0.058,7370
0.058,7369
0.058,7368
0.058,7367
0.058,7366
0.058,7365
0.058,7364
0.058,7363
0.058,7362
0.058,7361
0.058,7360
0.058,7359
0.058,7358
0.058,7357
0.058,7356
0.058,7355
0.058,7354
0.058,7353
0.058,7352
0.058,7351
0.058,7350
0.058,7349
0.058,7348
0.058,7347
0.058,7346
0.058,7345
0.058,7344
0.058,7343
0.058,7342
0.058,7341
0.058,7340
0.058,7339
0.058,7338
0.058,7337
0.058,7336
0.058,7335
0.058,7334
0.058,7333
0.058,7332
0.058,7331
0.058,7330
0.058,7329
0.058,7328
0.058,7327
0.058,7326
0.058,7325
0.058,7324
0.059,7323
0.059,7322
0.059,7321
0.059,7320
0.059,7319
0.059,7318
0.059,7317
0.059,7316
0.059,7315
0.059,7314
0.059,7313
0.059,7312
0.059,7311
0.059,7310
0.059,7309
0.059,7308
0.059,7307
0.059,7306
0.059,7305
0.059,7304
0.059,7303
0.059,7302
0.059,7301
0.059,7300
0.059,7299
0.059,7298
0.059,7297
0.059,7296
0.059,7295
0.059,7294
0.059,7293
0.059,7292
0.059,7291
0.059,7290
0.059,7289
0.059,7288
0.059,7287
0.059,7286
0.059,7285
0.059,7284
0.059,7283
0.059,7282
0.059,7281
0.059,7280
0.059,7279
0.059,7278
0.059,7277
0.059,7276
0.059,7275
0.059,7274
0.060,7273
0.060,7272
0.060,7271
0.060,7270
0.060,7269
0.060,7268
0.060,7267
0.060,7266
0.060,7265
0.060,7264
0.060,7263
0.060,7262
0.060,7261
0.060,7260
0.060,7259
0.060,7258
0.060,7257
0.060,7256
0.060,7255
0.060,7254
0.060,7253
0.060,7252
0.060,7251
0.060,7250
0.060,7249
0.060,7248
0.060,7247
0.060,7246
0.060,7245
0.060,7244
0.060,7243
0.060,7242
0.060,7241
0.060,7240
0.060,7239
0.060,7238
0.060,7237
0.060,7236
0.060,7235
0.060,7234
0.060,7233
0.060,7232
0.060,7231
0.060,7230
0.061,7229
0.061,7228
0.061,7227
0.061,7226
0.061,7225
0.061,7224
0.061,7223
0.061,7222
0.061,7221
0.061,7220
0.061,7219
0.061,7218
0.061,7217
0.061,7216
0.061,7215
0.061,7214
0.061,7213
0.061,7212
0.061,7211
0.061,7210
0.061,7209
0.061,7208
0.061,7207
0.061,7206
0.061,7205
0.061,7204
0.061,7203
0.061,7202
0.061,7201
0.061,7200
0.061,7199
0.061,7198
0.061,7197
0.061,7196
0.061,7195
0.061,7194
0.061,7193
0.061,7192
0.061,7191
0.061,7190
0.061,7189
0.061,7188
0.061,7187
0.061,7186
0.062,7185
0.062,7184
0.062,7183
0.062,7182
0.062,7181
0.062,7180
0.062,7179
0.062,7178
0.062,7177
0.062,7176
0.062,7175
0.062,7174
0.062,7173
0.062,7172
0.062,7171
0.062,7170
0.062,7169
0.062,7168
0.062,7167
0.062,7166
0.062,7165
0.062,7164
0.062,7163
0.062,7162
0.062,7161
0.062,7160
0.062,7159
0.062,7158
0.062,7157
0.062,7156
0.062,7155
0.062,7154
0.062,7153
0.062,7152
0.062,7151
0.062,7150
0.062,7149
0.062,7148
0.062,7147
0.062,7146
0.062,7145
0.062,7144
0.062,7143
0.062,7142
0.062,7141
0.062,7140
0.062,7139
0.063,7138
0.063,7137
0.063,7136
0.063,7135
0.063,7134
0.063,7133
0.063,7132
0.063,7131
0.063,7130
0.063,7129
0.063,7128
0.063,7127
0.063,7126
0.063,7125
0.063,7124
0.063,7123
0.063,7122
0.063,7121
0.063,7120
0.063,7119
0.063,7118
0.063,7117
0.063,7116
0.063,7115
0.063,7114
0.063,7113
0.063,7112
0.063,7111
0.063,7110
0.063,7109
0.063,7108
0.063,7107
0.063,7106
0.063,7105
0.063,7104
0.063,7103
0.063,7102
0.063,7101
0.063,7100
0.063,7099
0.063,7098
0.063,7097
0.063,7096
0.063,7095
0.063,7094
0.064,7093
0.064,7092
0.064,7091
0.064,7090
0.064,7089
0.064,7088
0.064,7087
0.064,7086
0.064,7085
0.064,7084
0.064,7083
0.064,7082
0.064,7081
0.064,7080
0.064,7079
0.064,7078
0.064,7077
0.064,7076
0.064,7075
0.064,7074
0.064,7073
0.064,7072
0.064,7071
0.064,7070
0.064,7069
0.064,7068
0.064,7067
0.064,7066
0.064,7065
0.064,7064
0.064,7063
0.064,7062
0.064,7061
0.064,7060
0.064,7059
0.064,7058
0.064,7057
0.064,7056
0.064,7055
0.064,7054
0.064,7053
0.064,7052
0.064,7051
0.064,7050
0.064,7049
0.064,7048
0.065,7047
0.065,7046
0.065,7045
0.065,7044
0.065,7043
0.065,7042
0.065,7041
0.065,7040
0.065,7039
0.065,7038
0.065,7037
0.065,7036
0.065,7035
0.065,7034
0.065,7033
0.065,7032
0.065,7031
0.065,7030
0.065,7029
0.065,7028
0.065,7027
0.065,7026
0.065,7025
0.065,7024
0.065,7023
0.065,7022
0.065,7021
0.065,7020
0.065,7019
0.065,7018
0.065,7017
0.065,7016
0.065,7015
0.065,7014
0.065,7013
0.065,7012
0.065,7011
0.065,7010
0.065,7009
0.065,7008
0.065,7007
0.065,7006
0.065,7005
0.065,7004
0.065,7003
0.066,7002
0.066,7001
0.066,7000
0.066,6999
0.066,6998
0.066,6997
0.066,6996
0.066,6995
0.066,6994
0.066,6993
0.066,6992
0.066,6991
0.066,6990
0.066,6989
0.066,6988
0.066,6987
0.066,6986
0.066,6985
0.066,6984
0.066,6983
0.066,6982
0.066,6981
0.066,6980
0.066,6979
0.066,6978
0.066,6977
0.066,6976
0.066,6975
0.066,6974
0.066,6973
0.066,6972
0.066,6971
0.066,6970
0.066,6969
0.066,6968
0.066,6967
0.066,6966
0.066,6965
0.066,6964
0.066,6963
0.066,6962
0.066,6961
0.066,6960
0.066,6959
0.066,6958
0.066,6957
0.066,6956
0.066,6955
0.067,6954
0.067,6953
0.067,6952
0.067,6951
0.067,6950
0.067,6949
0.067,6948
0.067,6947
0.067,6946
0.067,6945
0.067,6944
0.067,6943
0.067,6942
0.067,6941
0.067,6940
0.067,6939
0.067,6938
0.067,6937
0.067,6936
0.067,6935
0.067,6934
0.067,6933
0.067,6932
0.067,6931
0.067,6930
0.067,6929
0.067,6928
0.067,6927
0.067,6926
0.067,6925
0.067,6924
0.067,6923
0.067,6922
0.067,6921
0.067,6920
0.067,6919
0.067,6918
0.067,6917
0.067,6916
0.067,6915
0.067,6914
0.067,6913
0.067,6912
0.067,6911
0.067,6910
0.067,6909
0.067,6908
0.067,6907
0.067,6906
0.067,6905
0.067,6904
0.067,6903
0.067,6902
0.067,6901
0.067,6900
0.067,6899
0.067,6898
0.067,6897
0.067,6896
0.067,6895
0.067,6894
0.067,6893
0.067,6892
0.068,6891
0.068,6890
0.068,6889
0.068,6888
0.068,6887
0.068,6886
0.068,6885
0.068,6884
0.068,6883
0.068,6882
0.068,6881
0.068,6880
0.068,6879
0.068,6878
0.068,6877
0.068,6876
0.068,6875
0.068,6874
0.068,6873
0.068,6872
0.068,6871
0.068,6870
0.068,6869
0.069,6868
0.069,6867
0.069,6866
0.069,6865
0.069,6864
0.069,6863
0.069,6862
0.069,6861
0.069,6860
0.069,6859
0.069,6858
0.069,6857
0.069,6856
0.069,6855
0.069,6854
0.069,6853
0.069,6852
0.069,6851
0.069,6850
0.069,6849
0.069,6848
0.069,6847
0.069,6846
0.069,6845
0.069,6844
0.069,6843
0.069,6842
0.069,6841
0.069,6840
0.069,6839
0.069,6838
0.069,6837
0.069,6836
0.069,6835
0.069,6834
0.069,6833
0.069,6832
0.069,6831
0.069,6830
0.069,6829
0.069,6828
0.069,6827
0.069,6826
0.069,6825
0.069,6824
0.069,6823
0.069,6822
0.069,6821
0.069,6820
0.069,6819
0.069,6818
0.069,6817
0.069,6816
0.069,6815
0.069,6814
0.069,6813
0.069,6812
0.069,6811
0.069,6810
0.069,6809
0.069,6808
0.069,6807
0.069,6806
0.069,6805
0.069,6804
0.069,6803
0.070,6802
0.070,6801
0.070,6800
0.070,6799
0.070,6798
0.070,6797
0.070,6796
0.070,6795
0.070,6794
0.070,6793
0.070,6792
0.070,6791
0.070,6790
0.070,6789
0.070,6788
0.070,6787
0.070,6786
0.070,6785
0.070,6784
0.070,6783
0.070,6782
0.070,6781
0.070,6780
0.070,6779
0.070,6778
0.070,6777
0.070,6776
0.070,6775
0.070,6774
0.070,6773
0.070,6772
0.070,6771
0.070,6770
0.070,6769
0.070,6768
0.070,6767
0.070,6766
0.070,6765
0.070,6764
0.070,6763
0.070,6762
0.070,6761
0.070,6760
0.070,6759
0.070,6758
0.070,6757
0.070,6756
0.070,6755
0.070,6754
0.070,6753
0.070,6752
0.070,6751
0.070,6750
0.070,6749
0.070,6748
0.070,6747
0.070,6746
0.070,6745
0.070,6744
0.070,6743
0.070,6742
0.070,6741
0.070,6740
0.070,6739
0.070,6738
0.070,6737
0.070,6736
0.070,6735
0.070,6734
0.070,6733
0.070,6732
0.070,6731
0.070,6730
0.070,6729
0.071,6728
0.071,6727
0.071,6726
0.071,6725
0.071,6724
0.071,6723
0.071,6722
0.071,6721
0.071,6720
0.071,6719
0.071,6718
0.071,6717
0.071,6716
0.071,6715
0.071,6714
0.071,6713
0.071,6712
0.071,6711
0.071,6710
0.071,6709
0.071,6708
0.071,6707
0.071,6706
0.071,6705
0.071,6704
0.071,6703
0.071,6702
0.071,6701
0.071,6700
0.071,6699
0.071,6698
0.071,6697
0.071,6696
0.071,6695
0.071,6694
0.071,6693
0.071,6692
0.071,6691
0.071,6690
0.071,6689
0.071,6688
0.071,6687
0.071,6686
0.071,6685
0.071,6684
0.071,6683
0.071,6682
0.071,6681
0.071,6680
0.071,6679
0.071,6678
0.071,6677
0.071,6676
0.071,6675
0.071,6674
0.071,6673
0.072,6672
0.072,6671
0.072,6670
0.072,6669
0.072,6668
0.072,6667
0.072,6666
0.072,6665
0.072,6664
0.072,6663
0.072,6662
0.072,6661
0.072,6660
0.072,6659
0.072,6658
0.072,6657
0.072,6656
0.072,6655
0.072,6654
0.072,6653
0.072,6652
0.072,6651
0.072,6650
0.072,6649
0.072,6648
0.072,6647
0.072,6646
0.072,6645
0.072,6644
0.072,6643
0.072,6642
0.072,6641
0.072,6640
0.072,6639
0.072,6638
0.072,6637
0.072,6636
0.072,6635
0.072,6634
0.072,6633
0.072,6632
0.072,6631
0.072,6630
0.072,6629
0.072,6628
0.072,6627
0.072,6626
0.072,6625
0.072,6624
0.072,6623
0.072,6622
0.072,6621
0.072,6620
0.072,6619
0.072,6618
0.072,6617
0.072,6616
0.072,6615
0.072,6614
0.072,6613
0.072,6612
0.072,6611
0.072,6610
0.072,6609
0.072,6608
0.073,6607
0.073,6606
0.073,6605
0.073,6604
0.073,6603
0.073,6602
0.073,6601
0.073,6600
0.073,6599
0.073,6598
0.073,6597
0.073,6596
0.073,6595
0.073,6594
0.073,6593
0.073,6592
0.073,6591
0.073,6590
0.073,6589
0.073,6588
0.073,6587
0.073,6586
0.073,6585
0.073,6584
0.073,6583
0.073,6582
0.073,6581
0.073,6580
0.073,6579
0.073,6578
0.073,6577
0.073,6576
0.073,6575
0.073,6574
0.073,6573
0.073,6572
0.073,6571
0.073,6570
0.073,6569
0.073,6568
0.073,6567
0.073,6566
0.073,6565
0.073,6564
0.073,6563
0.073,6562
0.073,6561
0.073,6560
0.073,6559
0.073,6558
0.073,6557
0.073,6556
0.073,6555
0.073,6554
0.073,6553
0.073,6552
0.073,6551
0.073,6550
0.073,6549
0.073,6548
0.073,6547
0.073,6546
0.073,6545
0.073,6544
0.073,6543
0.073,6542
0.073,6541
0.073,6540
0.073,6539
0.073,6538
0.073,6537
0.073,6536
0.073,6535
0.073,6534
0.073,6533
0.073,6532
0.073,6531
0.073,6530
0.074,6529
0.074,6528
0.074,6527
0.074,6526
0.074,6525
0.074,6524
0.074,6523
0.074,6522
0.074,6521
0.074,6520
0.074,6519
0.074,6518
0.074,6517
0.074,6516
0.074,6515
0.074,6514
0.074,6513
0.074,6512
0.074,6511
0.074,6510
0.074,6509
0.074,6508
0.074,6507
0.074,6506
0.074,6505
0.074,6504
0.074,6503
0.074,6502
0.074,6501
0.074,6500
0.074,6499
0.074,6498
0.074,6497
0.074,6496
0.074,6495
0.074,6494
0.074,6493
0.074,6492
0.074,6491
0.074,6490
0.074,6489
0.074,6488
0.074,6487
0.074,6486
0.074,6485
0.074,6484
0.074,6483
0.075,6482
0.075,6481
0.075,6480
0.075,6479
0.075,6478
0.075,6477
0.075,6476
0.075,6475
0.075,6474
0.075,6473
0.075,6472
0.075,6471
0.075,6470
0.075,6469
0.075,6468
0.075,6467
0.075,6466
0.075,6465
0.075,6464
0.075,6463
0.075,6462
0.075,6461
0.075,6460
0.075,6459
0.075,6458
0.075,6457
0.075,6456
0.075,6455
0.075,6454
0.075,6453
0.075,6452
0.075,6451
0.075,6450
0.075,6449
0.075,6448
0.075,6447
0.075,6446
0.075,6445
0.075,6444
0.075,6443
0.075,6442
0.075,6441
0.075,6440
0.075,6439
0.075,6438
0.075,6437
0.075,6436
0.075,6435
0.075,6434
0.075,6433
0.075,6432
0.076,6431
0.076,6430
0.076,6429
0.076,6428
0.076,6427
0.076,6426
0.076,6425
0.076,6424
0.076,6423
0.076,6422
0.076,6421
0.076,6420
0.076,6419
0.076,6418
0.076,6417
0.076,6416
0.076,6415
0.076,6414
0.076,6413
0.076,6412
0.076,6411
0.076,6410
0.076,6409
0.076,6408
0.076,6407
0.076,6406
0.076,6405
0.076,6404
0.076,6403
0.076,6402
0.076,6401
0.076,6400
0.076,6399
0.076,6398
0.076,6397
0.076,6396
0.076,6395
0.076,6394
0.076,6393
0.076,6392
0.077,6391
0.077,6390
0.077,6389
0.077,6388
0.077,6387
0.077,6386
0.077,6385
0.077,6384
0.077,6383
0.077,6382
0.077,6381
0.077,6380
0.077,6379
0.077,6378
0.077,6377
0.077,6376
0.077,6375
0.077,6374
0.077,6373
0.077,6372
0.077,6371
0.077,6370
0.077,6369
0.077,6368
0.077,6367
0.077,6366
0.077,6365
0.077,6364
0.077,6363
0.077,6362
0.077,6361
0.077,6360
0.077,6359
0.077,6358
0.077,6357
0.077,6356
0.077,6355
0.077,6354
0.077,6353
0.077,6352
0.077,6351
0.078,6350
0.078,6349
0.078,6348
0.078,6347
0.078,6346
0.078,6345
0.078,6344
0.078,6343
0.078,6342
0.078,6341
0.078,6340
0.078,6339
0.078,6338
0.078,6337
0.078,6336
0.078,6335
0.078,6334
0.078,6333
0.078,6332
0.078,6331
0.078,6330
0.078,6329
0.078,6328
0.078,6327
0.078,6326
0.078,6325
0.078,6324
0.078,6323
0.078,6322
0.078,6321
0.078,6320
0.078,6319
0.078,6318
0.078,6317
0.078,6316
0.078,6315
0.078,6314
0.078,6313
0.078,6312
0.078,6311
0.078,6310
0.078,6309
0.078,6308
0.078,6307
0.078,6306
0.078,6305
0.078,6304
0.078,6303
0.078,6302
0.078,6301
0.078,6300
0.078,6299
0.078,6298
0.079,6297
0.079,6296
0.079,6295
0.079,6294
0.079,6293
0.079,6292
0.079,6291
0.079,6290
0.079,6289
0.079,6288
0.079,6287
0.079,6286
0.079,6285
0.079,6284
0.079,6283
0.079,6282
0.079,6281
0.079,6280
0.079,6279
0.079,6278
0.079,6277
0.079,6276
0.079,6275
0.079,6274
0.079,6273
0.079,6272
0.080,6271
0.080,6270
0.080,6269
0.080,6268
0.080,6267
0.080,6266
0.080,6265
0.080,6264
0.080,6263
0.080,6262
0.080,6261
0.080,6260
0.080,6259
0.080,6258
0.080,6257
0.080,6256
0.080,6255
0.080,6254
0.080,6253
0.080,6252
0.080,6251
0.080,6250
0.080,6249
0.080,6248
0.080,6247
0.080,6246
0.080,6245
0.080,6244
0.080,6243
0.080,6242
0.080,6241
0.080,6240
0.080,6239
0.080,6238
0.080,6237
0.080,6236
0.080,6235
0.080,6234
0.080,6233
0.080,6232
0.080,6231
0.080,6230
0.080,6229
0.080,6228
0.080,6227
0.080,6226
0.080,6225
0.080,6224
0.080,6223
0.080,6222
0.080,6221
0.080,6220
0.080,6219
0.080,6218
0.080,6217
0.081,6216
0.081,6215
0.081,6214
0.081,6213
0.081,6212
0.081,6211
0.081,6210
0.081,6209
0.081,6208
0.081,6207
0.081,6206
0.081,6205
0.081,6204
0.081,6203
0.081,6202
0.081,6201
0.081,6200
0.081,6199
0.081,6198
0.081,6197
0.081,6196
0.081,6195
0.081,6194
0.081,6193
0.081,6192
0.081,6191
0.081,6190
0.081,6189
0.081,6188
0.081,6187
0.081,6186
0.081,6185
0.081,6184
0.081,6183
0.081,6182
0.081,6181
0.081,6180
0.081,6179
0.081,6178
0.081,6177
0.081,6176
0.081,6175
0.081,6174
0.081,6173
0.081,6172
0.081,6171
0.081,6170
0.081,6169
0.081,6168
0.081,6167
0.081,6166
0.081,6165
0.081,6164
0.081,6163
0.081,6162
0.081,6161
0.081,6160
0.081,6159
0.081,6158
0.081,6157
0.081,6156
0.081,6155
0.081,6154
0.081,6153
0.081,6152
0.081,6151
0.081,6150
0.081,6149
0.081,6148
0.081,6147
0.081,6146
0.081,6145
0.081,6144
0.081,6143
0.081,6142
0.081,6141
0.081,6140
0.081,6139
0.081,6138
0.081,6137
0.082,6136
0.082,6135
0.082,6134
0.082,6133
0.082,6132
0.082,6131
0.082,6130
0.082,6129
0.082,6128
0.082,6127
0.082,6126
0.082,6125
0.082,6124
0.082,6123
0.082,6122
0.082,6121
0.082,6120
0.082,6119
0.082,6118
0.082,6117
0.082,6116
0.082,6115
0.082,6114
0.083,6113
0.083,6112
0.083,6111
0.083,6110
0.083,6109
0.083,6108
0.083,6107
0.083,6106
0.083,6105
0.083,6104
0.083,6103
0.083,6102
0.083,6101
0.083,6100
0.083,6099
0.083,6098
0.083,6097
0.083,6096
0.083,6095
0.083,6094
0.083,6093
0.083,6092
0.083,6091
0.083,6090
0.083,6089
0.083,6088
0.084,6087
0.084,6086
0.084,6085
0.084,6084
0.084,6083
0.084,6082
0.084,6081
0.084,6080
0.084,6079
0.084,6078
0.084,6077
0.084,6076
0.084,6075
0.084,6074
0.084,6073
0.084,6072
0.084,6071
0.084,6070
0.084,6069
0.084,6068
0.084,6067
0.084,6066
0.084,6065
0.084,6064
0.084,6063
0.084,6062
0.084,6061
0.084,6060
0.084,6059
0.084,6058
0.084,6057
0.084,6056
0.084,6055
0.084,6054
0.084,6053
0.084,6052
0.084,6051
0.084,6050
0.084,6049
0.084,6048
0.084,6047
0.084,6046
0.084,6045
0.084,6044
0.084,6043
0.084,6042
0.084,6041
0.084,6040
0.084,6039
0.085,6038
0.085,6037
0.085,6036
0.085,6035
0.085,6034
0.085,6033
0.085,6032
0.085,6031
0.085,6030
0.085,6029
0.085,6028
0.085,6027
0.085,6026
0.085,6025
0.085,6024
0.085,6023
0.085,6022
0.085,6021
0.085,6020
0.085,6019
0.085,6018
0.085,6017
0.085,6016
0.085,6015
0.085,6014
0.085,6013
0.085,6012
0.085,6011
0.085,6010
0.085,6009
0.085,6008
0.085,6007
0.085,6006
0.085,6005
0.085,6004
0.085,6003
0.085,6002
0.085,6001
0.085,6000
0.085,5999
0.085,5998
0.085,5997
0.085,5996
0.085,5995
0.085,5994
0.085,5993
0.085,5992
0.085,5991
0.085,5990
0.085,5989
0.085,5988
0.085,5987
0.085,5986
0.085,5985
0.085,5984
0.085,5983
0.085,5982
0.086,5981
0.086,5980
0.086,5979
0.086,5978
0.086,5977
0.086,5976
0.086,5975
0.086,5974
0.086,5973
0.086,5972
0.086,5971
0.086,5970
0.086,5969
0.086,5968
0.087,5967
0.087,5966
0.087,5965
0.087,5964
0.087,5963
0.087,5962
0.087,5961
0.087,5960
0.087,5959
0.087,5958
0.087,5957
0.087,5956
0.087,5955
0.087,5954
0.087,5953
0.087,5952
0.087,5951
0.087,5950
0.087,5949
0.087,5948
0.087,5947
0.087,5946
0.087,5945
0.087,5944
0.087,5943
0.087,5942
0.087,5941
0.087,5940
0.087,5939
0.087,5938
0.087,5937
0.087,5936
0.087,5935
0.087,5934
0.087,5933
0.087,5932
0.087,5931
0.087,5930
0.087,5929
0.087,5928
0.087,5927
0.087,5926
0.087,5925
0.087,5924
0.087,5923
0.087,5922
0.087,5921
0.087,5920
0.087,5919
0.088,5918
0.088,5917
0.088,5916
0.088,5915
0.088,5914
0.088,5913
0.088,5912
0.088,5911
0.088,5910
0.088,5909
0.088,5908
0.088,5907
0.088,5906
0.088,5905
0.088,5904
0.088,5903
0.088,5902
0.088,5901
0.088,5900
0.088,5899
0.088,5898
0.088,5897
0.088,5896
0.088,5895
0.089,5894
0.089,5893
0.089,5892
0.089,5891
0.089,5890
0.089,5889
0.089,5888
0.089,5887
0.093,5886
0.093,5885
0.093,5884
0.093,5883
0.093,5882
0.093,5881
0.093,5880
0.093,5879
0.093,5878
0.093,5877
0.094,5876
0.094,5875
0.094,5874
0.094,5873
0.094,5872
0.094,5871
0.094,5870
0.094,5869
0.094,5868
0.094,5867
0.094,5866
0.094,5865
0.094,5864
0.094,5863
0.094,5862
0.110,5861
0.110,5860
0.110,5859
0.110,5858
0.110,5857
0.110,5856
0.110,5855
0.110,5854
0.110,5853
0.110,5852
0.110,5851
0.110,5850
0.110,5849
0.110,5848
0.110,5847
0.110,5846
0.110,5845
0.110,5844
0.110,5843
0.110,5842
0.110,5841
0.110,5840
0.110,5839
0.110,5838
0.110,5837
0.110,5836
0.110,5835
0.110,5834
0.110,5833
0.110,5832
0.110,5831
0.110,5830
0.110,5829
0.110,5828
0.110,5827
0.110,5826
0.110,5825
0.110,5824
0.110,5823
0.110,5822
0.110,5821
0.110,5820
0.110,5819
0.110,5818
0.110,5817
0.110,5816
0.110,5815
0.111,5814
0.111,5813
0.111,5812
0.136,5811
0.136,5810
0.136,5809
0.136,5808
0.136,5807
0.136,5806
0.136,5805
0.136,5804
0.136,5803
0.136,5802
0.136,5801
0.136,5800
0.136,5799
0.136,5798
0.136,5797
0.136,5796
0.290,5795
0.290,5794
0.290,5793
0.290,5792
0.290,5791
0.290,5790
0.290,5789
0.290,5788
0.290,5787
0.290,5786
0.290,5785
0.290,5784
0.290,5783
0.290,5782
0.290,5781
0.290,5780
0.290,5779
2.325,5778
2.325,5777
2.325,5776
2.325,5775
2.325,5774
2.325,5773
2.325,5772
2.325,5771
2.325,5770
2.325,5769
2.325,5768
2.325,5767
2.325,5766
3.483,5765
3.877,5764
3.878,5763
3.878,5762
3.878,5761
3.878,5760
3.878,5759
3.878,5758
3.878,5757
3.878,5756
3.878,5755
3.878,5754
3.878,5753
3.878,5752
3.878,5751
3.878,5750
3.882,5749
3.882,5748
3.882,5747
3.882,5746
4.001,5745
4.001,5744
4.001,5743
4.001,5742
4.240,5741
4.240,5740
4.240,5739
4.240,5738
4.240,5737
4.240,5736
4.374,5735
4.374,5734
4.374,5733
4.374,5732
4.374,5731
4.375,5730
4.375,5729
4.616,5728
4.616,5727
4.616,5726
4.616,5725
4.616,5724
4.616,5723
4.616,5722
4.616,5721
4.616,5720
4.616,5719
4.616,5718
4.787,5717
4.787,5716
4.787,5715
4.787,5714
4.787,5713
4.787,5712
4.787,5711
4.787,5710
4.787,5709
4.876,5708
4.876,5707
4.876,5706
4.876,5705
4.876,5704
4.876,5703
4.876,5702
4.876,5701
4.876,5700
4.926,5699
4.926,5698
4.926,5697
4.926,5696
4.926,5695
4.926,5694
4.926,5693
4.926,5692
4.926,5691
4.926,5690
4.926,5689
4.926,5688
4.926,5687
4.926,5686
4.926,5685
4.926,5684
4.926,5683
4.926,5682
4.926,5681
5.247,5680
5.247,5679
5.247,5678
5.247,5677
5.250,5676
5.250,5675
5.250,5674
5.250,5673
5.250,5672
5.250,5671
5.250,5670
5.250,5669
5.250,5668
5.270,5667
5.270,5666
5.488,5665
5.488,5664
5.488,5663
5.488,5662
5.488,5661
5.488,5660
5.488,5659
5.488,5658
5.488,5657
5.496,5656
5.496,5655
5.496,5654
5.496,5653
5.496,5652
5.496,5651
5.496,5650
5.597,5649
5.597,5648
5.597,5647
5.597,5646
5.597,5645
5.597,5644
5.597,5643
5.597,5642
5.597,5641
5.597,5640
5.597,5639
5.597,5638
5.597,5637
5.597,5636
5.597,5635
5.597,5634
5.597,5633
5.597,5632
5.597,5631
5.597,5630
5.638,5629
5.638,5628
5.638,5627
5.638,5626
5.638,5625
5.638,5624
5.773,5623
5.773,5622
5.773,5621
5.773,5620
5.773,5619
5.773,5618
5.773,5617
5.773,5616
5.773,5615
5.773,5614
5.773,5613
5.773,5612
5.773,5611
5.773,5610
5.773,5609
5.773,5608
5.773,5607
5.773,5606
5.773,5605
5.773,5604
5.773,5603
5.773,5602
5.773,5601
5.773,5600
5.773,5599
5.773,5598
5.773,5597
5.941,5596
5.941,5595
5.941,5594
5.941,5593
5.941,5592
5.941,5591
5.941,5590
5.941,5589
5.941,5588
5.941,5587
5.941,5586
5.941,5585
5.941,5584
5.941,5583
5.941,5582
5.941,5581
5.941,5580
5.941,5579
5.941,5578
5.941,5577
5.941,5576
5.941,5575
5.941,5574
5.941,5573
5.941,5572
5.941,5571
5.941,5570
5.941,5569
5.955,5568
5.955,5567
5.955,5566
5.955,5565
5.955,5564
5.955,5563
5.955,5562
5.955,5561
5.955,5560
5.955,5559
5.955,5558
5.955,5557
5.955,5556
5.955,5555
5.955,5554
5.955,5553
5.955,5552
6.059,5551
6.107,5550
6.107,5549
6.107,5548
6.107,5547
6.107,5546
6.107,5545
6.107,5544
6.107,5543
6.107,5542
6.107,5541
6.107,5540
6.107,5539
6.107,5538
6.107,5537
6.107,5536
6.107,5535
6.107,5534
6.107,5533
6.107,5532
6.107,5531
6.107,5530
6.155,5529
6.155,5528
6.155,5527
6.155,5526
6.155,5525
6.155,5524
6.155,5523
6.155,5522
6.155,5521
6.155,5520
6.155,5519
6.249,5518
6.249,5517
6.249,5516
6.249,5515
6.249,5514
6.249,5513
6.249,5512
6.249,5511
6.249,5510
6.249,5509
6.249,5508
6.249,5507
6.249,5506
6.249,5505
6.249,5504
6.249,5503
6.406,5502
6.406,5501
6.406,5500
6.406,5499
6.406,5498
6.406,5497
6.406,5496
6.406,5495
6.406,5494
6.406,5493
6.406,5492
6.406,5491
6.406,5490
6.406,5489
6.406,5488
6.406,5487
6.406,5486
6.406,5485
6.406,5484
6.406,5483
6.406,5482
6.406,5481
6.406,5480
6.406,5479
6.406,5478
6.406,5477
6.406,5476
6.406,5475
6.406,5474
6.480,5473
6.480,5472
6.480,5471
6.480,5470
6.480,5469
6.480,5468
6.480,5467
6.480,5466
6.480,5465
6.480,5464
6.480,5463
6.480,5462
6.480,5461
6.480,5460
6.480,5459
6.480,5458
6.480,5457
6.480,5456
6.480,5455
6.480,5454
6.480,5453
6.480,5452
6.480,5451
6.563,5450
6.563,5449
6.563,5448
6.563,5447
6.563,5446
6.563,5445
6.563,5444
6.563,5443
6.596,5442
6.596,5441
6.596,5440
6.596,5439
6.669,5438
6.669,5437
6.669,5436
6.669,5435
6.670,5434
6.670,5433
6.670,5432
6.670,5431
6.670,5430
6.670,5429
6.670,5428
6.670,5427
6.670,5426
6.670,5425
6.670,5424
6.670,5423
6.670,5422
6.670,5421
6.670,5420
6.670,5419
6.670,5418
6.670,5417
6.673,5416
6.673,5415
6.673,5414
6.673,5413
6.696,5412
6.696,5411
6.696,5410
6.696,5409
6.696,5408
6.696,5407
6.696,5406
6.696,5405
6.696,5404
6.696,5403
6.696,5402
6.696,5401
6.696,5400
6.696,5399
6.696,5398
6.696,5397
6.696,5396
6.696,5395
6.745,5394
6.745,5393
6.745,5392
6.745,5391
6.745,5390
6.745,5389
6.745,5388
6.745,5387
6.745,5386
6.745,5385
6.745,5384
6.745,5383
6.745,5382
6.745,5381
6.745,5380
6.745,5379
6.745,5378
6.745,5377
6.745,5376
6.745,5375
6.745,5374
6.745,5373
6.745,5372
6.745,5371
6.745,5370
6.745,5369
6.745,5368
6.745,5367
6.798,5366
6.798,5365
6.798,5364
6.798,5363
6.798,5362
6.798,5361
6.875,5360
6.875,5359
6.875,5358
6.875,5357
6.875,5356
6.875,5355
6.875,5354
6.875,5353
6.875,5352
6.908,5351
6.908,5350
6.908,5349
6.908,5348
6.908,5347
6.908,5346
6.908,5345
6.908,5344
6.908,5343
6.908,5342
6.908,5341
6.908,5340
6.908,5339
6.924,5338
6.924,5337
6.924,5336
6.924,5335
6.924,5334
6.924,5333
6.924,5332
6.924,5331
6.948,5330
6.948,5329
6.948,5328
6.948,5327
6.948,5326
6.948,5325
6.948,5324
6.948,5323
6.948,5322
6.948,5321
6.948,5320
6.948,5319
6.948,5318
6.948,5317
6.948,5316
6.948,5315
6.948,5314
6.948,5313
6.948,5312
6.948,5311
6.985,5310
6.985,5309
6.985,5308
6.985,5307
6.985,5306
6.985,5305
6.985,5304
6.985,5303
6.985,5302
6.985,5301
6.985,5300
6.985,5299
6.985,5298
6.985,5297
6.985,5296
6.985,5295
6.985,5294
6.985,5293
6.985,5292
6.989,5291
6.989,5290
6.989,5289
6.989,5288
6.989,5287
6.989,5286
7.027,5285
7.027,5284
7.027,5283
7.027,5282
7.027,5281
7.027,5280
7.027,5279
7.027,5278
7.027,5277
7.052,5276
7.052,5275
7.052,5274
7.052,5273
7.052,5272
7.052,5271
7.052,5270
7.052,5269
7.052,5268
7.052,5267
7.052,5266
7.103,5265
7.103,5264
7.103,5263
7.103,5262
7.103,5261
7.103,5260
7.134,5259
7.134,5258
7.134,5257
7.134,5256
7.134,5255
7.134,5254
7.144,5253
7.144,5252
7.144,5251
7.144,5250
7.144,5249
7.146,5248
7.146,5247
7.146,5246
7.146,5245
7.146,5244
7.156,5243
7.156,5242
7.156,5241
7.156,5240
7.156,5239
7.156,5238
7.156,5237
7.156,5236
7.156,5235
7.156,5234
7.156,5233
7.156,5232
7.156,5231
7.207,5230
7.207,5229
7.207,5228
7.208,5227
7.208,5226
7.208,5225
7.208,5224
7.208,5223
7.208,5222
7.208,5221
7.208,5220
7.208,5219
7.208,5218
7.208,5217
7.208,5216
7.208,5215
7.208,5214
7.208,5213
7.208,5212
7.208,5211
7.208,5210
7.230,5209
7.230,5208
7.230,5207
7.230,5206
7.230,5205
7.230,5204
7.230,5203
7.230,5202
7.230,5201
7.230,5200
7.230,5199
7.231,5198
7.231,5197
7.254,5196
7.254,5195
7.254,5194
7.254,5193
7.269,5192
7.269,5191
7.269,5190
7.269,5189
7.269,5188
7.269,5187
7.269,5186
7.269,5185
7.269,5184
7.269,5183
7.269,5182
7.269,5181
7.269,5180
7.269,5179
7.269,5178
7.269,5177
7.269,5176
7.269,5175
7.269,5174
7.269,5173
7.269,5172
7.269,5171
7.269,5170
7.269,5169
7.269,5168
7.269,5167
7.269,5166
7.269,5165
7.292,5164
7.292,5163
7.292,5162
7.292,5161
7.314,5160
7.314,5159
7.314,5158
7.314,5157
7.314,5156
7.314,5155
7.314,5154
7.314,5153
7.315,5152
7.315,5151
7.315,5150
7.315,5149
7.315,5148
7.315,5147
7.315,5146
7.315,5145
7.315,5144
7.315,5143
7.315,5142
7.315,5141
7.318,5140
7.318,5139
7.318,5138
7.318,5137
7.318,5136
7.318,5135
7.318,5134
7.318,5133
7.318,5132
7.318,5131
7.318,5130
7.318,5129
7.318,5128
7.318,5127
7.318,5126
7.318,5125
7.318,5124
7.318,5123
7.318,5122
7.318,5121
7.318,5120
7.318,5119
7.318,5118
7.318,5117
7.318,5116
7.318,5115
7.416,5114
7.416,5113
7.416,5112
7.416,5111
7.416,5110
7.416,5109
7.416,5108
7.416,5107
7.416,5106
7.416,5105
7.416,5104
7.416,5103
7.416,5102
7.416,5101
7.416,5100
7.416,5099
7.416,5098
7.416,5097
7.416,5096
7.416,5095
7.416,5094
7.416,5093
7.416,5092
7.416,5091
7.416,5090
7.416,5089
7.416,5088
7.416,5087
7.416,5086
7.416,5085
7.416,5084
7.416,5083
7.416,5082
7.416,5081
7.416,5080
7.416,5079
7.416,5078
7.416,5077
7.416,5076
7.416,5075
7.416,5074
7.416,5073
7.416,5072
7.416,5071
7.416,5070
7.416,5069
7.416,5068
7.416,5067
7.416,5066
7.416,5065
7.416,5064
7.416,5063
7.416,5062
7.416,5061
7.416,5060
7.416,5059
7.416,5058
7.416,5057
7.486,5056
7.486,5055
7.486,5054
7.486,5053
7.486,5052
7.555,5051
7.556,5050
7.556,5049
7.556,5048
7.556,5047
7.556,5046
7.556,5045
7.556,5044
7.560,5043
7.560,5042
7.573,5041
7.573,5040
7.573,5039
7.573,5038
7.573,5037
7.573,5036
7.573,5035
7.573,5034
7.573,5033
7.573,5032
7.574,5031
7.574,5030
7.574,5029
7.574,5028
7.574,5027
7.575,5026
7.577,5025
7.577,5024
7.577,5023
7.577,5022
7.577,5021
7.577,5020
7.577,5019
7.577,5018
7.577,5017
7.577,5016
7.577,5015
7.577,5014
7.577,5013
7.577,5012
7.577,5011
7.577,5010
7.577,5009
7.577,5008
7.577,5007
7.577,5006
7.577,5005
7.607,5004
7.607,5003
7.607,5002
7.607,5001
7.607,5000
7.607,4999
7.607,4998
7.607,4997
7.607,4996
7.607,4995
7.607,4994
7.607,4993
7.607,4992
7.619,4991
7.619,4990
7.619,4989
7.619,4988
7.636,4987
7.636,4986
7.636,4985
7.636,4984
7.636,4983
7.636,4982
7.636,4981
7.643,4980
7.643,4979
7.643,4978
7.643,4977
7.643,4976
7.643,4975
7.683,4974
7.683,4973
7.683,4972
7.683,4971
7.683,4970
7.683,4969
7.683,4968
7.683,4967
7.683,4966
7.683,4965
7.683,4964
7.683,4963
7.683,4962
7.683,4961
7.683,4960
7.683,4959
7.683,4958
7.683,4957
7.683,4956
7.691,4955
7.692,4954
7.692,4953
7.692,4952
7.692,4951
7.692,4950
7.692,4949
7.692,4948
7.692,4947
7.692,4946
7.692,4945
7.692,4944
7.692,4943
7.692,4942
7.692,4941
7.692,4940
7.692,4939
7.696,4938
7.696,4937
7.696,4936
7.696,4935
7.696,4934
7.696,4933
7.696,4932
7.696,4931
7.748,4930
7.748,4929
7.748,4928
7.748,4927
7.750,4926
7.752,4925
7.752,4924
7.752,4923
7.752,4922
7.752,4921
7.752,4920
7.752,4919
7.752,4918
7.752,4917
7.752,4916
7.752,4915
7.752,4914
7.752,4913
7.752,4912
7.752,4911
7.752,4910
7.752,4909
7.759,4908
7.777,4907
7.777,4906
7.777,4905
7.777,4904
7.777,4903
7.777,4902
7.777,4901
7.777,4900
7.777,4899
7.777,4898
7.777,4897
7.777,4896
7.777,4895
7.777,4894
7.777,4893
7.777,4892
7.778,4891
7.778,4890
7.778,4889
7.778,4888
7.778,4887
7.778,4886
7.789,4885
7.789,4884
7.789,4883
7.789,4882
7.789,4881
7.789,4880
7.789,4879
7.789,4878
7.789,4877
7.789,4876
7.789,4875
7.789,4874
7.789,4873
7.789,4872
7.789,4871
7.789,4870
7.851,4869
7.851,4868
7.851,4867
7.851,4866
7.851,4865
7.851,4864
7.851,4863
7.851,4862
7.858,4861
7.858,4860
7.858,4859
7.858,4858
7.858,4857
7.858,4856
7.858,4855
7.858,4854
7.858,4853
7.858,4852
7.858,4851
7.858,4850
7.858,4849
7.858,4848
7.858,4847
7.858,4846
7.858,4845
7.858,4844
7.858,4843
7.858,4842
7.858,4841
7.858,4840
7.858,4839
7.858,4838
7.858,4837
7.858,4836
7.858,4835
7.858,4834
7.858,4833
7.858,4832
7.858,4831
7.858,4830
7.890,4829
7.890,4828
7.890,4827
7.890,4826
7.891,4825
7.891,4824
7.913,4823
7.913,4822
7.913,4821
7.913,4820
7.913,4819
7.913,4818
7.913,4817
7.913,4816
7.913,4815
7.913,4814
7.913,4813
7.913,4812
7.913,4811
7.913,4810
7.913,4809
7.913,4808
7.915,4807
7.915,4806
7.915,4805
7.915,4804
7.915,4803
7.915,4802
7.944,4801
7.944,4800
7.944,4799
7.944,4798
7.944,4797
7.944,4796
7.944,4795
7.944,4794
7.944,4793
7.944,4792
7.944,4791
7.944,4790
7.944,4789
7.944,4788
7.944,4787
7.944,4786
7.944,4785
7.944,4784
7.944,4783
7.944,4782
7.944,4781
7.944,4780
7.944,4779
7.958,4778
7.958,4777
7.958,4776
7.958,4775
7.958,4774
7.959,4773
7.959,4772
7.959,4771
7.959,4770
7.959,4769
7.959,4768
7.959,4767
7.959,4766
7.959,4765
7.959,4764
7.990,4763
7.990,4762
7.990,4761
7.990,4760
7.990,4759
7.990,4758
7.990,4757
7.990,4756
7.990,4755
7.991,4754
7.991,4753
7.991,4752
7.991,4751
7.991,4750
7.991,4749
7.991,4748
8.034,4747
8.035,4746
8.035,4745
8.035,4744
8.035,4743
8.042,4742
8.042,4741
8.042,4740
8.042,4739
8.042,4738
8.042,4737
8.042,4736
8.042,4735
8.042,4734
8.042,4733
8.042,4732
8.042,4731
8.042,4730
8.042,4729
8.066,4728
8.066,4727
8.066,4726
8.066,4725
8.066,4724
8.067,4723
8.067,4722
8.067,4721
8.067,4720
8.067,4719
8.067,4718
8.067,4717
8.067,4716
8.067,4715
8.067,4714
8.067,4713
8.067,4712
8.067,4711
8.067,4710
8.067,4709
8.067,4708
8.067,4707
8.067,4706
8.067,4705
8.067,4704
8.067,4703
8.067,4702
8.085,4701
8.085,4700
8.085,4699
8.085,4698
8.085,4697
8.085,4696
8.085,4695
8.085,4694
8.085,4693
8.085,4692
8.085,4691
8.085,4690
8.085,4689
8.085,4688
8.085,4687
8.085,4686
8.085,4685
8.085,4684
8.085,4683
8.130,4682
8.130,4681
8.130,4680
8.130,4679
8.130,4678
8.136,4677
8.136,4676
8.136,4675
8.136,4674
8.136,4673
8.138,4672
8.138,4671
8.138,4670
8.138,4669
8.138,4668
8.138,4667
8.138,4666
8.138,4665
8.138,4664
8.138,4663
8.138,4662
8.138,4661
8.138,4660
8.138,4659
8.138,4658
8.138,4657
8.138,4656
8.138,4655
8.138,4654
8.138,4653
8.138,4652
8.138,4651
8.138,4650
8.171,4649
8.171,4648
8.171,4647
8.171,4646
8.171,4645
8.171,4644
8.171,4643
8.171,4642
8.171,4641
8.171,4640
8.171,4639
8.171,4638
8.171,4637
8.171,4636
8.171,4635
8.171,4634
8.171,4633
8.171,4632
8.171,4631
8.171,4630
8.193,4629
8.193,4628
8.193,4627
8.193,4626
8.199,4625
8.199,4624
8.199,4623
8.199,4622
8.199,4621
8.199,4620
8.199,4619
8.199,4618
8.199,4617
8.199,4616
8.199,4615
8.199,4614
8.199,4613
8.199,4612
8.199,4611
8.199,4610
8.199,4609
8.199,4608
8.199,4607
8.199,4606
8.199,4605
8.215,4604
8.215,4603
8.215,4602
8.215,4601
8.215,4600
8.242,4599
8.242,4598
8.242,4597
8.242,4596
8.242,4595
8.242,4594
8.242,4593
8.242,4592
8.254,4591
8.254,4590
8.254,4589
8.257,4588
8.257,4587
8.257,4586
8.257,4585
8.257,4584
8.257,4583
8.269,4582
8.269,4581
8.269,4580
8.269,4579
8.269,4578
8.269,4577
8.269,4576
8.270,4575
8.270,4574
8.270,4573
8.270,4572
8.270,4571
8.270,4570
8.270,4569
8.270,4568
8.270,4567
8.270,4566
8.270,4565
8.270,4564
8.271,4563
8.271,4562
8.276,4561
8.276,4560
8.276,4559
8.276,4558
8.276,4557
8.276,4556
8.276,4555
8.276,4554
8.276,4553
8.313,4552
8.313,4551
8.313,4550
8.313,4549
8.313,4548
8.313,4547
8.313,4546
8.313,4545
8.314,4544
8.314,4543
8.314,4542
8.318,4541
8.318,4540
8.318,4539
8.318,4538
8.324,4537
8.324,4536
8.324,4535
8.324,4534
8.324,4533
8.324,4532
8.324,4531
8.330,4530
8.330,4529
8.330,4528
8.330,4527
8.330,4526
8.331,4525
8.331,4524
8.366,4523
8.366,4522
8.366,4521
8.366,4520
8.366,4519
8.366,4518
8.366,4517
8.370,4516
8.373,4515
8.373,4514
8.373,4513
8.373,4512
8.373,4511
8.385,4510
8.385,4509
8.385,4508
8.385,4507
8.385,4506
8.385,4505
8.385,4504
8.385,4503
8.385,4502
8.387,4501
8.387,4500
8.387,4499
8.387,4498
8.387,4497
8.387,4496
8.387,4495
8.387,4494
8.387,4493
8.387,4492
8.387,4491
8.387,4490
8.387,4489
8.387,4488
8.387,4487
8.387,4486
8.387,4485
8.388,4484
8.388,4483
8.388,4482
8.388,4481
8.388,4480
8.388,4479
8.388,4478
8.388,4477
8.388,4476
8.388,4475
8.388,4474
8.388,4473
8.411,4472
8.411,4471
8.411,4470
8.411,4469
8.411,4468
8.411,4467
8.411,4466
8.411,4465
8.411,4464
8.411,4463
8.411,4462
8.411,4461
8.411,4460
8.411,4459
8.411,4458
8.440,4457
8.440,4456
8.440,4455
8.446,4454
8.446,4453
8.446,4452
8.447,4451
8.447,4450
8.447,4449
8.447,4448
8.449,4447
8.449,4446
8.449,4445
8.449,4444
8.449,4443
8.449,4442
8.461,4441
8.461,4440
8.461,4439
8.461,4438
8.461,4437
8.461,4436
8.461,4435
8.461,4434
8.461,4433
8.461,4432
8.462,4431
8.462,4430
8.462,4429
8.462,4428
8.462,4427
8.462,4426
8.462,4425
8.462,4424
8.477,4423
8.477,4422
8.477,4421
8.477,4420
8.477,4419
8.478,4418
8.478,4417
8.478,4416
8.478,4415
8.478,4414
8.478,4413
8.478,4412
8.478,4411
8.478,4410
8.478,4409
8.484,4408
8.484,4407
8.484,4406
8.484,4405
8.484,4404
8.484,4403
8.508,4402
8.508,4401
8.508,4400
8.508,4399
8.508,4398
8.508,4397
8.508,4396
8.508,4395
8.508,4394
8.508,4393
8.508,4392
8.508,4391
8.514,4390
8.514,4389
8.514,4388
8.514,4387
8.514,4386
8.514,4385
8.520,4384
8.532,4383
8.532,4382
8.534,4381
8.534,4380
8.534,4379
8.534,4378
8.534,4377
8.534,4376
8.534,4375
8.534,4374
8.534,4373
8.535,4372
8.535,4371
8.535,4370
8.535,4369
8.535,4368
8.555,4367
8.555,4366
8.555,4365
8.555,4364
8.555,4363
8.555,4362
8.555,4361
8.555,4360
8.555,4359
8.555,4358
8.596,4357
8.596,4356
8.596,4355
8.597,4354
8.597,4353
8.613,4352
8.613,4351
8.613,4350
8.623,4349
8.625,4348
8.625,4347
8.625,4346
8.625,4345
8.625,4344
8.626,4343
8.626,4342
8.626,4341
8.626,4340
8.626,4339
8.631,4338
8.631,4337
8.631,4336
8.631,4335
8.631,4334
8.641,4333
8.641,4332
8.641,4331
8.641,4330
8.641,4329
8.641,4328
8.641,4327
8.641,4326
8.641,4325
8.641,4324
8.641,4323
8.641,4322
8.641,4321
8.641,4320
8.641,4319
8.641,4318
8.650,4317
8.650,4316
8.650,4315
8.650,4314
8.650,4313
8.650,4312
8.650,4311
8.650,4310
8.673,4309
8.673,4308
8.673,4307
8.673,4306
8.673,4305
8.678,4304
8.679,4303
8.679,4302
8.679,4301
8.679,4300
8.679,4299
8.679,4298
8.679,4297
8.679,4296
8.679,4295
8.679,4294
8.679,4293
8.679,4292
8.679,4291
8.679,4290
8.679,4289
8.679,4288
8.679,4287
8.679,4286
8.679,4285
8.720,4284
8.720,4283
8.720,4282
8.720,4281
8.720,4280
8.720,4279
8.720,4278
8.727,4277
8.727,4276
8.727,4275
8.727,4274
8.727,4273
8.727,4272
8.727,4271
8.727,4270
8.727,4269
8.727,4268
8.727,4267
8.727,4266
8.727,4265
8.733,4264
8.734,4263
8.734,4262
8.734,4261
8.734,4260
8.734,4259
8.738,4258
8.738,4257
8.738,4256
8.738,4255
8.738,4254
8.738,4253
8.738,4252
8.738,4251
8.746,4250
8.746,4249
8.746,4248
8.746,4247
8.746,4246
8.746,4245
8.746,4244
8.746,4243
8.746,4242
8.746,4241
8.746,4240
8.746,4239
8.746,4238
8.747,4237
8.747,4236
8.747,4235
8.747,4234
8.747,4233
8.747,4232
8.747,4231
8.750,4230
8.750,4229
8.750,4228
8.750,4227
8.750,4226
8.750,4225
8.750,4224
8.750,4223
8.750,4222
8.750,4221
8.767,4220
8.811,4219
8.811,4218
8.811,4217
8.811,4216
8.811,4215
8.811,4214
8.811,4213
8.811,4212
8.811,4211
8.811,4210
8.811,4209
8.812,4208
8.812,4207
8.812,4206
8.812,4205
8.813,4204
8.813,4203
8.813,4202
8.813,4201
8.825,4200
8.825,4199
8.825,4198
8.825,4197
8.825,4196
8.856,4195
8.856,4194
8.856,4193
8.856,4192
8.856,4191
8.856,4190
8.856,4189
8.856,4188
8.856,4187
8.856,4186
8.864,4185
8.864,4184
8.865,4183
8.865,4182
8.878,4181
8.878,4180
8.878,4179
8.878,4178
8.878,4177
8.878,4176
8.878,4175
8.878,4174
8.892,4173
8.892,4172
8.892,4171
8.892,4170
8.892,4169
8.892,4168
8.892,4167
8.892,4166
8.892,4165
8.892,4164
8.907,4163
8.907,4162
8.907,4161
8.907,4160
8.907,4159
8.907,4158
8.907,4157
8.907,4156
8.908,4155
8.908,4154
8.908,4153
8.909,4152
8.909,4151
8.909,4150
8.952,4149
8.955,4148
8.955,4147
8.955,4146
8.955,4145
8.955,4144
8.955,4143
8.955,4142
8.955,4141
8.955,4140
8.955,4139
8.958,4138
8.958,4137
8.963,4136
8.963,4135
8.964,4134
8.969,4133
8.969,4132
8.969,4131
8.969,4130
8.969,4129
8.969,4128
8.969,4127
8.969,4126
8.969,4125
8.977,4124
8.977,4123
8.977,4122
9.018,4121
9.018,4120
9.018,4119
9.019,4118
9.020,4117
9.020,4116
9.020,4115
9.020,4114
9.020,4113
9.044,4112
9.044,4111
9.044,4110
9.044,4109
9.044,4108
9.044,4107
9.044,4106
9.044,4105
9.044,4104
9.044,4103
9.051,4102
9.051,4101
9.051,4100
9.051,4099
9.051,4098
9.051,4097
9.056,4096
9.056,4095
9.056,4094
9.056,4093
9.056,4092
9.056,4091
9.056,4090
9.056,4089
9.056,4088
9.056,4087
9.056,4086
9.056,4085
9.056,4084
9.096,4083
9.096,4082
9.096,4081
9.119,4080
9.119,4079
9.119,4078
9.119,4077
9.119,4076
9.125,4075
9.125,4074
9.125,4073
9.125,4072
9.127,4071
9.127,4070
9.127,4069
9.127,4068
9.129,4067
9.129,4066
9.129,4065
9.129,4064
9.129,4063
9.129,4062
9.129,4061
9.129,4060
9.129,4059
9.129,4058
9.130,4057
9.130,4056
9.130,4055
9.130,4054
9.160,4053
9.160,4052
9.160,4051
9.160,4050
9.177,4049
9.177,4048
9.186,4047
9.186,4046
9.186,4045
9.186,4044
9.209,4043
9.209,4042
9.209,4041
9.209,4040
9.209,4039
9.209,4038
9.209,4037
9.209,4036
9.209,4035
9.209,4034
9.209,4033
9.209,4032
9.210,4031
9.210,4030
9.210,4029
9.229,4028
9.229,4027
9.229,4026
9.238,4025
9.238,4024
9.238,4023
9.238,4022
9.263,4021
9.266,4020
9.266,4019
9.266,4018
9.266,4017
9.266,4016
9.266,4015
9.266,4014
9.266,4013
9.292,4012
9.292,4011
9.292,4010
9.292,4009
9.292,4008
9.292,4007
9.292,4006
9.308,4005
9.308,4004
9.308,4003
9.308,4002
9.308,4001
9.308,4000
9.308,3999
9.308,3998
9.372,3997
9.376,3996
9.376,3995
9.376,3994
9.391,3993
9.405,3992
9.405,3991
9.405,3990
9.416,3989
9.428,3988
9.428,3987
9.428,3986
9.428,3985
9.428,3984
9.428,3983
9.455,3982
9.455,3981
9.455,3980
9.460,3979
9.467,3978
9.467,3977
9.467,3976
9.474,3975
9.474,3974
9.474,3973
9.474,3972
9.474,3971
9.474,3970
9.474,3969
9.474,3968
9.474,3967
9.474,3966
9.488,3965
9.517,3964
9.518,3963
9.518,3962
9.518,3961
9.518,3960
9.533,3959
9.533,3958
9.606,3957
9.606,3956
9.620,3955
9.620,3954
9.620,3953
9.623,3952
9.623,3951
9.623,3950
9.623,3949
9.623,3948
9.623,3947
9.624,3946
9.638,3945
9.667,3944
9.688,3943
9.688,3942
9.724,3941
9.724,3940
9.734,3939
9.787,3938
9.787,3937
9.787,3936
9.896,3935
9.951,3934
9.951,3933
