0.001,1588
0.005,1587
0.005,1586
0.005,1585
0.005,1584
0.005,1583
0.005,1582
0.005,1581
0.005,1580
0.005,1579
0.005,1578
0.006,1577
0.006,1576
0.006,1575
0.006,1574
0.006,1573
0.006,1572
0.006,1571
0.006,1570
0.006,1569
0.006,1568
0.006,1567
0.006,1566
0.006,1565
0.007,1564
0.007,1563
0.007,1562
0.007,1561
0.007,1560
0.007,1559
0.007,1558
0.007,1557
0.007,1556
0.007,1555
0.007,1554
0.007,1553
0.007,1552
0.007,1551
0.008,1550
0.008,1549
0.008,1548
0.008,1547
0.008,1546
0.008,1545
0.008,1544
0.008,1543
0.008,1542
0.008,1541
0.008,1540
0.008,1539
0.008,1538
0.009,1537
0.009,1536
0.009,1535
0.009,1534
0.009,1533
0.009,1532
0.009,1531
0.009,1530
0.009,1529
0.009,1528
0.009,1527
0.009,1526
0.009,1525
0.009,1524
0.010,1523
0.010,1522
0.010,1521
0.010,1520
0.010,1519
0.010,1518
0.010,1517
0.010,1516
0.010,1515
0.010,1514
0.010,1513
0.010,1512
0.010,1511
0.011,1510
0.011,1509
0.011,1508
0.011,1507
0.011,1506
0.011,1505
0.011,1504
0.011,1503
0.011,1502
0.011,1501
0.011,1500
0.011,1499
0.011,1498
0.011,1497
0.011,1496
0.012,1495
0.012,1494
0.012,1493
0.012,1492
0.012,1491
0.012,1490
0.012,1489
0.012,1488
0.012,1487
0.012,1486
0.012,1485
0.012,1484
0.012,1483
0.013,1482
0.013,1481
0.013,1480
0.013,1479
0.013,1478
0.013,1477
0.013,1476
0.013,1475
0.013,1474
0.013,1473
0.013,1472
0.013,1471
0.013,1470
0.013,1469
0.013,1468
0.014,1467
0.014,1466
0.014,1465
0.014,1464
0.014,1463
0.014,1462
0.014,1461
0.014,1460
0.014,1459
0.014,1458
0.014,1457
0.014,1456
0.015,1455
0.015,1454
0.015,1453
0.015,1452
0.015,1451
0.015,1450
0.015,1449
0.015,1448
0.015,1447
0.015,1446
0.015,1445
0.015,1444
0.015,1443
0.015,1442
0.015,1441
0.016,1440
0.016,1439
0.016,1438
0.016,1437
0.016,1436
0.016,1435
0.016,1434
0.016,1433
0.016,1432
0.016,1431
0.016,1430
0.016,1429
0.016,1428
0.016,1427
0.016,1426
0.016,1425
0.016,1424
0.017,1423
0.017,1422
0.017,1421
0.017,1420
0.017,1419
0.017,1418
0.017,1417
0.017,1416
0.017,1415
0.017,1414
0.017,1413
0.017,1412
0.017,1411
0.017,1410
0.017,1409
0.018,1408
0.018,1407
0.018,1406
0.018,1405
0.018,1404
0.018,1403
0.018,1402
0.018,1401
0.018,1400
0.018,1399
0.018,1398
0.018,1397
0.018,1396
0.018,1395
0.019,1394
0.019,1393
0.019,1392
0.019,1391
0.019,1390
0.019,1389
0.019,1388
0.019,1387
0.019,1386
0.019,1385
0.019,1384
0.019,1383
0.019,1382
0.019,1381
0.019,1380
0.019,1379
0.020,1378
0.020,1377
0.020,1376
0.020,1375
0.020,1374
0.020,1373
0.020,1372
0.020,1371
0.020,1370
0.020,1369
0.020,1368
0.020,1367
0.020,1366
0.020,1365
0.020,1364
0.021,1363
0.021,1362
0.021,1361
0.021,1360
0.021,1359
0.021,1358
0.021,1357
0.021,1356
0.021,1355
0.021,1354
0.021,1353
0.021,1352
0.021,1351
0.021,1350
0.021,1349
0.021,1348
0.021,1347
0.022,1346
0.022,1345
0.024,1344
0.025,1343
0.025,1342
0.025,1341
0.025,1340
0.025,1339
0.025,1338
0.025,1337
0.025,1336
0.025,1335
0.027,1334
0.027,1333
0.027,1332
0.027,1331
0.027,1330
0.027,1329
0.027,1328
0.027,1327
0.027,1326
0.027,1325
0.027,1324
0.027,1323
0.027,1322
0.027,1321
0.027,1320
0.028,1319
0.028,1318
0.028,1317
0.028,1316
0.028,1315
0.028,1314
0.028,1313
0.028,1312
0.028,1311
0.028,1310
0.028,1309
0.028,1308
0.028,1307
0.028,1306
0.028,1305
0.028,1304
0.028,1303
0.028,1302
0.028,1301
0.029,1300
0.029,1299
0.029,1298
0.029,1297
0.029,1296
0.029,1295
0.029,1294
0.029,1293
0.029,1292
0.029,1291
0.029,1290
0.029,1289
0.029,1288
0.029,1287
0.029,1286
0.029,1285
0.029,1284
0.029,1283
0.029,1282
0.029,1281
0.029,1280
0.029,1279
0.029,1278
0.030,1277
0.030,1276
0.030,1275
0.030,1274
0.030,1273
0.030,1272
0.030,1271
0.030,1270
0.030,1269
0.032,1268
0.032,1267
0.032,1266
0.032,1265
0.032,1264
0.032,1263
0.032,1262
0.032,1261
0.032,1260
0.032,1259
0.032,1258
0.032,1257
0.032,1256
0.032,1255
0.032,1254
0.032,1253
0.033,1252
0.033,1251
0.033,1250
0.033,1249
0.033,1248
0.033,1247
0.033,1246
0.033,1245
0.033,1244
0.033,1243
0.033,1242
0.033,1241
0.033,1240
0.033,1239
0.033,1238
0.033,1237
0.033,1236
0.033,1235
0.033,1234
0.033,1233
0.033,1232
0.033,1231
0.033,1230
0.033,1229
0.033,1228
0.033,1227
0.033,1226
0.034,1225
0.034,1224
0.034,1223
0.034,1222
0.034,1221
0.034,1220
0.034,1219
0.034,1218
0.034,1217
0.034,1216
0.034,1215
0.034,1214
0.034,1213
0.034,1212
0.034,1211
0.034,1210
0.034,1209
0.034,1208
0.034,1207
0.034,1206
0.034,1205
0.034,1204
0.034,1203
0.034,1202
0.035,1201
0.035,1200
0.035,1199
0.035,1198
0.035,1197
0.035,1196
0.035,1195
0.035,1194
0.035,1193
0.035,1192
0.035,1191
0.035,1190
0.035,1189
0.035,1188
0.035,1187
0.035,1186
0.035,1185
0.035,1184
0.035,1183
0.035,1182
0.036,1181
0.036,1180
0.036,1179
0.036,1178
0.036,1177
0.036,1176
0.036,1175
0.036,1174
0.036,1173
0.036,1172
0.037,1171
0.037,1170
0.037,1169
0.037,1168
0.037,1167
0.037,1166
0.037,1165
0.037,1164
0.037,1163
0.037,1162
0.037,1161
0.037,1160
0.037,1159
0.037,1158
0.037,1157
0.039,1156
0.039,1155
0.039,1154
0.039,1153
0.041,1152
0.041,1151
0.041,1150
0.041,1149
0.041,1148
0.041,1147
0.041,1146
0.041,1145
0.041,1144
0.041,1143
0.041,1142
0.041,1141
0.042,1140
0.051,1139
0.051,1138
0.051,1137
0.051,1136
0.051,1135
0.051,1134
0.051,1133
0.051,1132
0.051,1131
0.051,1130
0.051,1129
0.051,1128
0.051,1127
0.051,1126
0.051,1125
0.051,1124
0.174,1123
0.174,1122
0.174,1121
0.174,1120
0.174,1119
0.252,1118
0.376,1117
1.433,1116
1.433,1115
1.433,1114
1.433,1113
1.433,1112
1.433,1111
2.136,1110
2.136,1109
3.078,1108
3.078,1107
3.078,1106
3.078,1105
3.078,1104
3.078,1103
3.078,1102
3.078,1101
3.078,1100
3.078,1099
4.273,1098
4.273,1097
4.273,1096
4.541,1095
4.542,1094
4.542,1093
4.685,1092
4.685,1091
4.848,1090
4.848,1089
4.848,1088
4.848,1087
4.848,1086
4.848,1085
4.848,1084
4.848,1083
4.848,1082
4.848,1081
4.848,1080
4.848,1079
4.848,1078
4.848,1077
5.244,1076
5.244,1075
5.244,1074
5.370,1073
5.370,1072
5.370,1071
5.502,1070
5.502,1069
5.572,1068
5.572,1067
5.572,1066
5.572,1065
5.572,1064
5.572,1063
5.572,1062
5.601,1061
5.602,1060
5.602,1059
5.602,1058
5.602,1057
5.602,1056
5.639,1055
5.639,1054
5.673,1053
5.674,1052
5.810,1051
5.810,1050
5.810,1049
5.810,1048
5.810,1047
5.810,1046
5.810,1045
5.810,1044
5.810,1043
5.810,1042
5.810,1041
5.810,1040
5.916,1039
5.916,1038
5.968,1037
5.968,1036
5.968,1035
5.968,1034
6.027,1033
6.027,1032
6.027,1031
6.027,1030
6.027,1029
6.027,1028
6.027,1027
6.134,1026
6.134,1025
6.134,1024
6.134,1023
6.189,1022
6.189,1021
6.215,1020
6.215,1019
6.258,1018
6.323,1017
6.323,1016
6.338,1015
6.338,1014
6.338,1013
6.338,1012
6.338,1011
6.338,1010
6.338,1009
6.338,1008
6.338,1007
6.338,1006
6.338,1005
6.408,1004
6.408,1003
6.408,1002
6.409,1001
6.477,1000
6.498,999
6.507,998
6.507,997
6.507,996
6.507,995
6.517,994
6.517,993
6.517,992
6.564,991
6.564,990
6.630,989
6.630,988
6.630,987
6.630,986
6.630,985
6.630,984
6.680,983
6.680,982
6.680,981
6.715,980
6.726,979
6.726,978
6.726,977
6.726,976
6.726,975
6.726,974
6.726,973
6.726,972
6.726,971
6.776,970
6.833,969
6.833,968
6.833,967
6.833,966
6.833,965
6.833,964
6.833,963
6.847,962
6.847,961
6.906,960
6.906,959
6.914,958
6.933,957
6.933,956
6.933,955
6.933,954
6.933,953
6.933,952
6.933,951
6.933,950
7.036,949
7.040,948
7.040,947
7.040,946
7.040,945
7.040,944
7.110,943
7.110,942
7.110,941
7.110,940
7.110,939
7.110,938
7.143,937
7.202,936
7.202,935
7.216,934
7.216,933
7.230,932
7.230,931
7.254,930
7.254,929
7.274,928
7.274,927
7.274,926
7.274,925
7.275,924
7.393,923
7.413,922
7.413,921
7.421,920
7.421,919
7.425,918
7.425,917
7.463,916
7.469,915
7.503,914
7.537,913
7.537,912
7.537,911
7.537,910
7.537,909
7.537,908
7.674,907
7.690,906
7.699,905
7.737,904
7.756,903
7.820,902
7.820,901
7.821,900
7.956,899
