0.007,1588
0.011,1587
0.011,1586
0.011,1585
0.011,1584
0.011,1583
0.012,1582
0.012,1581
0.012,1580
0.012,1579
0.012,1578
0.012,1577
0.012,1576
0.012,1575
0.012,1574
0.012,1573
0.012,1572
0.012,1571
0.012,1570
0.012,1569
0.012,1568
0.013,1567
0.013,1566
0.013,1565
0.013,1564
0.013,1563
0.013,1562
0.013,1561
0.013,1560
0.013,1559
0.013,1558
0.013,1557
0.013,1556
0.013,1555
0.013,1554
0.014,1553
0.014,1552
0.014,1551
0.014,1550
0.014,1549
0.014,1548
0.014,1547
0.014,1546
0.014,1545
0.014,1544
0.014,1543
0.014,1542
0.014,1541
0.014,1540
0.015,1539
0.015,1538
0.015,1537
0.015,1536
0.015,1535
0.015,1534
0.015,1533
0.015,1532
0.015,1531
0.015,1530
0.015,1529
0.015,1528
0.015,1527
0.015,1526
0.015,1525
0.016,1524
0.016,1523
0.016,1522
0.016,1521
0.016,1520
0.016,1519
0.016,1518
0.016,1517
0.016,1516
0.016,1515
0.016,1514
0.016,1513
0.016,1512
0.016,1511
0.016,1510
0.016,1509
0.016,1508
0.017,1507
0.017,1506
0.017,1505
0.017,1504
0.017,1503
0.017,1502
0.017,1501
0.017,1500
0.017,1499
0.017,1498
0.017,1497
0.017,1496
0.017,1495
0.017,1494
0.017,1493
0.017,1492
0.018,1491
0.018,1490
0.018,1489
0.018,1488
0.018,1487
0.018,1486
0.018,1485
0.018,1484
0.018,1483
0.018,1482
0.018,1481
0.018,1480
0.018,1479
0.018,1478
0.018,1477
0.018,1476
0.018,1475
0.019,1474
0.019,1473
0.019,1472
0.019,1471
0.019,1470
0.019,1469
0.019,1468
0.019,1467
0.019,1466
0.019,1465
0.019,1464
0.019,1463
0.019,1462
0.019,1461
0.020,1460
0.020,1459
0.020,1458
0.020,1457
0.021,1456
0.021,1455
0.021,1454
0.021,1453
0.021,1452
0.021,1451
0.021,1450
0.021,1449
0.021,1448
0.021,1447
0.021,1446
0.021,1445
0.021,1444
0.021,1443
0.021,1442
0.021,1441
0.021,1440
0.021,1439
0.022,1438
0.022,1437
0.022,1436
0.022,1435
0.022,1434
0.022,1433
0.022,1432
0.022,1431
0.022,1430
0.022,1429
0.022,1428
0.022,1427
0.022,1426
0.022,1425
0.022,1424
0.022,1423
0.023,1422
0.023,1421
0.023,1420
0.023,1419
0.023,1418
0.023,1417
0.023,1416
0.023,1415
0.023,1414
0.023,1413
0.023,1412
0.023,1411
0.023,1410
0.023,1409
0.023,1408
0.023,1407
0.024,1406
0.024,1405
0.024,1404
0.024,1403
0.024,1402
0.024,1401
0.024,1400
0.024,1399
0.024,1398
0.024,1397
0.024,1396
0.024,1395
0.024,1394
0.024,1393
0.024,1392
0.024,1391
0.024,1390
0.024,1389
0.024,1388
0.024,1387
0.025,1386
0.025,1385
0.025,1384
0.025,1383
0.025,1382
0.025,1381
0.025,1380
0.025,1379
0.025,1378
0.025,1377
0.025,1376
0.025,1375
0.025,1374
0.025,1373
0.025,1372
0.025,1371
0.025,1370
0.025,1369
0.025,1368
0.026,1367
0.026,1366
0.026,1365
0.026,1364
0.026,1363
0.026,1362
0.026,1361
0.026,1360
0.026,1359
0.026,1358
0.026,1357
0.026,1356
0.026,1355
0.026,1354
0.026,1353
0.026,1352
0.026,1351
0.026,1350
0.026,1349
0.026,1348
0.027,1347
0.027,1346
0.027,1345
0.027,1344
0.027,1343
0.027,1342
0.027,1341
0.027,1340
0.027,1339
0.027,1338
0.027,1337
0.027,1336
0.027,1335
0.028,1334
0.028,1333
0.030,1332
0.030,1331
0.030,1330
0.030,1329
0.030,1328
0.030,1327
0.030,1326
0.030,1325
0.030,1324
0.030,1323
0.030,1322
0.030,1321
0.030,1320
0.030,1319
0.030,1318
0.031,1317
0.031,1316
0.031,1315
0.031,1314
0.031,1313
0.031,1312
0.031,1311
0.031,1310
0.031,1309
0.031,1308
0.031,1307
0.031,1306
0.031,1305
0.031,1304
0.031,1303
0.031,1302
0.031,1301
0.031,1300
0.031,1299
0.031,1298
0.031,1297
0.032,1296
0.032,1295
0.032,1294
0.032,1293
0.032,1292
0.032,1291
0.032,1290
0.032,1289
0.032,1288
0.032,1287
0.032,1286
0.032,1285
0.032,1284
0.032,1283
0.032,1282
0.032,1281
0.032,1280
0.032,1279
0.032,1278
0.032,1277
0.032,1276
0.032,1275
0.032,1274
0.033,1273
0.033,1272
0.033,1271
0.033,1270
0.033,1269
0.033,1268
0.033,1267
0.033,1266
0.033,1265
0.033,1264
0.033,1263
0.033,1262
0.033,1261
0.033,1260
0.033,1259
0.033,1258
0.033,1257
0.033,1256
0.034,1255
0.034,1254
0.034,1253
0.034,1252
0.034,1251
0.034,1250
0.034,1249
0.034,1248
0.034,1247
0.034,1246
0.034,1245
0.035,1244
0.035,1243
0.035,1242
0.035,1241
0.035,1240
0.035,1239
0.035,1238
0.035,1237
0.035,1236
0.035,1235
0.035,1234
0.035,1233
0.035,1232
0.035,1231
0.035,1230
0.035,1229
0.035,1228
0.035,1227
0.035,1226
0.035,1225
0.035,1224
0.035,1223
0.035,1222
0.035,1221
0.036,1220
0.036,1219
0.036,1218
0.036,1217
0.036,1216
0.036,1215
0.036,1214
0.036,1213
0.036,1212
0.036,1211
0.036,1210
0.036,1209
0.036,1208
0.036,1207
0.036,1206
0.036,1205
0.036,1204
0.036,1203
0.036,1202
0.036,1201
0.036,1200
0.036,1199
0.036,1198
0.036,1197
0.037,1196
0.037,1195
0.037,1194
0.037,1193
0.037,1192
0.037,1191
0.037,1190
0.037,1189
0.037,1188
0.037,1187
0.037,1186
0.037,1185
0.037,1184
0.037,1183
0.037,1182
0.037,1181
0.037,1180
0.037,1179
0.037,1178
0.037,1177
0.037,1176
0.037,1175
0.037,1174
0.038,1173
0.038,1172
0.038,1171
0.038,1170
0.038,1169
0.038,1168
0.038,1167
0.038,1166
0.038,1165
0.038,1164
0.038,1163
0.038,1162
0.038,1161
0.038,1160
0.038,1159
0.038,1158
0.038,1157
0.038,1156
0.038,1155
0.038,1154
0.038,1153
0.038,1152
0.038,1151
0.038,1150
0.038,1149
0.039,1148
0.039,1147
0.039,1146
0.039,1145
0.039,1144
0.039,1143
0.039,1142
0.039,1141
0.039,1140
0.039,1139
0.039,1138
0.041,1137
0.041,1136
0.041,1135
0.041,1134
0.041,1133
0.042,1132
0.042,1131
0.042,1130
0.042,1129
0.042,1128
0.042,1127
0.042,1126
0.042,1125
0.042,1124
0.042,1123
0.042,1122
0.042,1121
0.042,1120
0.042,1119
0.042,1118
0.042,1117
0.042,1116
0.042,1115
0.042,1114
0.042,1113
0.042,1112
0.042,1111
0.042,1110
0.042,1109
0.042,1108
0.043,1107
0.043,1106
0.043,1105
0.043,1104
0.043,1103
0.043,1102
0.043,1101
0.043,1100
0.043,1099
0.043,1098
0.043,1097
0.043,1096
0.043,1095
0.043,1094
0.043,1093
0.043,1092
0.043,1091
0.043,1090
0.043,1089
0.043,1088
0.043,1087
0.043,1086
0.043,1085
0.043,1084
0.043,1083
0.044,1082
0.044,1081
0.044,1080
0.044,1079
0.044,1078
0.044,1077
0.044,1076
0.044,1075
0.044,1074
0.044,1073
0.045,1072
0.045,1071
0.045,1070
0.045,1069
0.045,1068
0.045,1067
0.045,1066
0.045,1065
0.045,1064
0.045,1063
0.045,1062
0.045,1061
0.045,1060
0.045,1059
0.045,1058
0.045,1057
0.045,1056
0.045,1055
0.045,1054
0.045,1053
0.045,1052
0.045,1051
0.045,1050
0.045,1049
0.045,1048
0.045,1047
0.045,1046
0.045,1045
0.045,1044
0.045,1043
0.045,1042
0.045,1041
0.045,1040
0.046,1039
0.046,1038
0.046,1037
0.046,1036
0.046,1035
0.046,1034
0.046,1033
0.046,1032
0.046,1031
0.046,1030
0.046,1029
0.046,1028
0.046,1027
0.046,1026
0.046,1025
0.046,1024
0.046,1023
0.046,1022
0.046,1021
0.046,1020
0.046,1019
0.046,1018
0.046,1017
0.046,1016
0.046,1015
0.046,1014
0.046,1013
0.046,1012
0.046,1011
0.046,1010
0.046,1009
0.046,1008
0.046,1007
0.046,1006
0.046,1005
0.047,1004
0.047,1003
0.047,1002
0.047,1001
0.047,1000
0.047,999
0.047,998
0.047,997
0.047,996
0.047,995
0.047,994
0.047,993
0.047,992
0.047,991
0.047,990
0.047,989
0.047,988
0.047,987
0.047,986
0.047,985
0.047,984
0.047,983
0.047,982
0.047,981
0.047,980
0.047,979
0.047,978
0.047,977
0.047,976
0.047,975
0.047,974
0.048,973
0.048,972
0.048,971
0.048,970
0.048,969
0.048,968
0.048,967
0.048,966
0.048,965
0.048,964
0.048,963
0.048,962
0.048,961
0.048,960
0.048,959
0.048,958
0.048,957
0.048,956
0.048,955
0.048,954
0.048,953
0.048,952
0.048,951
0.048,950
0.048,949
0.048,948
0.048,947
0.048,946
0.048,945
0.048,944
0.048,943
0.049,942
0.049,941
0.049,940
0.049,939
0.049,938
0.049,937
0.049,936
0.049,935
0.049,934
0.049,933
0.049,932
0.049,931
0.049,930
0.049,929
0.049,928
0.049,927
0.049,926
0.049,925
0.049,924
0.049,923
0.049,922
0.049,921
0.049,920
0.049,919
0.050,918
0.050,917
0.050,916
0.050,915
0.050,914
0.050,913
0.050,912
0.050,911
0.050,910
0.050,909
0.050,908
0.050,907
0.050,906
0.050,905
0.050,904
0.050,903
0.050,902
0.050,901
0.050,900
0.050,899
