0.008,4940
0.011,4939
0.011,4938
0.012,4937
0.012,4936
0.012,4935
0.012,4934
0.012,4933
0.012,4932
0.012,4931
0.012,4930
0.012,4929
0.012,4928
0.012,4927
0.012,4926
0.012,4925
0.013,4924
0.013,4923
0.013,4922
0.013,4921
0.013,4920
0.013,4919
0.013,4918
0.013,4917
0.013,4916
0.013,4915
0.013,4914
0.013,4913
0.014,4912
0.014,4911
0.014,4910
0.014,4909
0.014,4908
0.014,4907
0.014,4906
0.014,4905
0.014,4904
0.014,4903
0.014,4902
0.014,4901
0.014,4900
0.015,4899
0.015,4898
0.015,4897
0.015,4896
0.015,4895
0.015,4894
0.015,4893
0.015,4892
0.015,4891
0.015,4890
0.015,4889
0.015,4888
0.015,4887
0.016,4886
0.016,4885
0.016,4884
0.016,4883
0.016,4882
0.016,4881
0.016,4880
0.016,4879
0.016,4878
0.016,4877
0.016,4876
0.016,4875
0.016,4874
0.016,4873
0.016,4872
0.017,4871
0.017,4870
0.017,4869
0.017,4868
0.017,4867
0.017,4866
0.017,4865
0.017,4864
0.017,4863
0.017,4862
0.017,4861
0.017,4860
0.017,4859
0.017,4858
0.017,4857
0.017,4856
0.018,4855
0.018,4854
0.018,4853
0.018,4852
0.018,4851
0.018,4850
0.018,4849
0.018,4848
0.018,4847
0.018,4846
0.018,4845
0.018,4844
0.018,4843
0.018,4842
0.018,4841
0.019,4840
0.019,4839
0.019,4838
0.019,4837
0.019,4836
0.019,4835
0.019,4834
0.019,4833
0.019,4832
0.019,4831
0.019,4830
0.019,4829
0.019,4828
0.019,4827
0.019,4826
0.020,4825
0.020,4824
0.020,4823
0.020,4822
0.020,4821
0.020,4820
0.020,4819
0.020,4818
0.020,4817
0.020,4816
0.020,4815
0.020,4814
0.020,4813
0.021,4812
0.021,4811
0.021,4810
0.021,4809
0.021,4808
0.021,4807
0.021,4806
0.021,4805
0.021,4804
0.021,4803
0.021,4802
0.021,4801
0.021,4800
0.021,4799
0.021,4798
0.021,4797
0.021,4796
0.022,4795
0.022,4794
0.022,4793
0.022,4792
0.022,4791
0.022,4790
0.022,4789
0.022,4788
0.022,4787
0.022,4786
0.022,4785
0.022,4784
0.022,4783
0.022,4782
0.022,4781
0.022,4780
0.022,4779
0.022,4778
0.023,4777
0.023,4776
0.023,4775
0.023,4774
0.023,4773
0.023,4772
0.023,4771
0.023,4770
0.023,4769
0.023,4768
0.023,4767
0.023,4766
0.023,4765
0.023,4764
0.024,4763
0.024,4762
0.024,4761
0.024,4760
0.024,4759
0.024,4758
0.024,4757
0.024,4756
0.024,4755
0.024,4754
0.024,4753
0.024,4752
0.024,4751
0.024,4750
0.024,4749
0.024,4748
0.024,4747
0.025,4746
0.025,4745
0.025,4744
0.025,4743
0.025,4742
0.025,4741
0.025,4740
0.025,4739
0.025,4738
0.025,4737
0.025,4736
0.025,4735
0.025,4734
0.025,4733
0.025,4732
0.025,4731
0.025,4730
0.025,4729
0.025,4728
0.025,4727
0.026,4726
0.026,4725
0.026,4724
0.026,4723
0.026,4722
0.026,4721
0.026,4720
0.026,4719
0.026,4718
0.026,4717
0.026,4716
0.026,4715
0.026,4714
0.026,4713
0.026,4712
0.026,4711
0.026,4710
0.026,4709
0.026,4708
0.027,4707
0.027,4706
0.027,4705
0.027,4704
0.027,4703
0.027,4702
0.027,4701
0.027,4700
0.027,4699
0.027,4698
0.027,4697
0.027,4696
0.027,4695
0.027,4694
0.027,4693
0.027,4692
0.027,4691
0.027,4690
0.027,4689
0.027,4688
0.027,4687
0.027,4686
0.028,4685
0.028,4684
0.028,4683
0.028,4682
0.028,4681
0.028,4680
0.028,4679
0.028,4678
0.028,4677
0.028,4676
0.028,4675
0.028,4674
0.028,4673
0.028,4672
0.028,4671
0.028,4670
0.028,4669
0.028,4668
0.029,4667
0.029,4666
0.029,4665
0.029,4664
0.029,4663
0.029,4662
0.029,4661
0.029,4660
0.029,4659
0.029,4658
0.029,4657
0.029,4656
0.029,4655
0.029,4654
0.029,4653
0.029,4652
0.029,4651
0.029,4650
0.029,4649
0.029,4648
0.029,4647
0.030,4646
0.030,4645
0.030,4644
0.030,4643
0.030,4642
0.030,4641
0.030,4640
0.030,4639
0.030,4638
0.030,4637
0.030,4636
0.030,4635
0.030,4634
0.030,4633
0.030,4632
0.030,4631
0.030,4630
0.030,4629
0.030,4628
0.031,4627
0.031,4626
0.031,4625
0.031,4624
0.031,4623
0.031,4622
0.031,4621
0.033,4620
0.033,4619
0.033,4618
0.033,4617
0.033,4616
0.036,4615
0.036,4614
0.036,4613
0.036,4612
0.036,4611
0.036,4610
0.036,4609
0.036,4608
0.036,4607
0.036,4606
0.036,4605
0.036,4604
0.036,4603
0.036,4602
0.036,4601
0.036,4600
0.036,4599
0.036,4598
0.036,4597
0.036,4596
0.037,4595
0.037,4594
0.037,4593
0.037,4592
0.037,4591
0.037,4590
0.037,4589
0.037,4588
0.037,4587
0.037,4586
0.037,4585
0.037,4584
0.037,4583
0.037,4582
0.037,4581
0.037,4580
0.037,4579
0.037,4578
0.037,4577
0.037,4576
0.037,4575
0.037,4574
0.037,4573
0.037,4572
0.037,4571
0.037,4570
0.037,4569
0.037,4568
0.037,4567
0.038,4566
0.038,4565
0.038,4564
0.038,4563
0.038,4562
0.038,4561
0.038,4560
0.038,4559
0.038,4558
0.038,4557
0.038,4556
0.038,4555
0.038,4554
0.038,4553
0.038,4552
0.038,4551
0.038,4550
0.038,4549
0.038,4548
0.038,4547
0.038,4546
0.038,4545
0.038,4544
0.038,4543
0.038,4542
0.038,4541
0.039,4540
0.039,4539
0.039,4538
0.039,4537
0.039,4536
0.039,4535
0.039,4534
0.039,4533
0.039,4532
0.039,4531
0.039,4530
0.039,4529
0.039,4528
0.039,4527
0.039,4526
0.039,4525
0.039,4524
0.039,4523
0.039,4522
0.039,4521
0.039,4520
0.039,4519
0.039,4518
0.039,4517
0.039,4516
0.039,4515
0.039,4514
0.040,4513
0.040,4512
0.040,4511
0.040,4510
0.040,4509
0.040,4508
0.040,4507
0.040,4506
0.040,4505
0.040,4504
0.040,4503
0.040,4502
0.040,4501
0.040,4500
0.040,4499
0.040,4498
0.040,4497
0.040,4496
0.040,4495
0.040,4494
0.040,4493
0.040,4492
0.040,4491
0.040,4490
0.040,4489
0.040,4488
0.040,4487
0.040,4486
0.041,4485
0.041,4484
0.041,4483
0.041,4482
0.041,4481
0.041,4480
0.041,4479
0.041,4478
0.041,4477
0.041,4476
0.041,4475
0.041,4474
0.041,4473
0.041,4472
0.041,4471
0.041,4470
0.041,4469
0.041,4468
0.041,4467
0.041,4466
0.041,4465
0.041,4464
0.041,4463
0.041,4462
0.041,4461
0.041,4460
0.041,4459
0.041,4458
0.041,4457
0.041,4456
0.041,4455
0.041,4454
0.041,4453
0.042,4452
0.042,4451
0.042,4450
0.042,4449
0.042,4448
0.042,4447
0.042,4446
0.042,4445
0.042,4444
0.042,4443
0.042,4442
0.042,4441
0.042,4440
0.042,4439
0.042,4438
0.042,4437
0.042,4436
0.042,4435
0.042,4434
0.042,4433
0.042,4432
0.042,4431
0.044,4430
0.044,4429
0.045,4428
0.045,4427
0.045,4426
0.045,4425
0.045,4424
0.045,4423
0.045,4422
0.045,4421
0.045,4420
0.045,4419
0.045,4418
0.045,4417
0.045,4416
0.045,4415
0.045,4414
0.045,4413
0.045,4412
0.045,4411
0.045,4410
0.045,4409
0.045,4408
0.045,4407
0.045,4406
0.045,4405
0.045,4404
0.045,4403
0.045,4402
0.045,4401
0.045,4400
0.046,4399
0.046,4398
0.046,4397
0.046,4396
0.046,4395
0.046,4394
0.046,4393
0.046,4392
0.046,4391
0.046,4390
0.046,4389
0.046,4388
0.046,4387
0.046,4386
0.046,4385
0.046,4384
0.046,4383
0.046,4382
0.046,4381
0.046,4380
0.046,4379
0.046,4378
0.046,4377
0.046,4376
0.046,4375
0.046,4374
0.046,4373
0.046,4372
0.046,4371
0.046,4370
0.046,4369
0.046,4368
0.046,4367
0.046,4366
0.047,4365
0.047,4364
0.047,4363
0.047,4362
0.047,4361
0.047,4360
0.047,4359
0.047,4358
0.047,4357
0.047,4356
0.047,4355
0.047,4354
0.047,4353
0.047,4352
0.047,4351
0.047,4350
0.047,4349
0.047,4348
0.047,4347
0.047,4346
0.047,4345
0.047,4344
0.047,4343
0.047,4342
0.047,4341
0.047,4340
0.047,4339
0.047,4338
0.047,4337
0.047,4336
0.047,4335
0.047,4334
0.047,4333
0.047,4332
0.047,4331
0.047,4330
0.047,4329
0.047,4328
0.047,4327
0.047,4326
0.047,4325
0.047,4324
0.048,4323
0.048,4322
0.048,4321
0.048,4320
0.048,4319
0.048,4318
0.048,4317
0.048,4316
0.048,4315
0.048,4314
0.048,4313
0.048,4312
0.048,4311
0.048,4310
0.048,4309
0.048,4308
0.048,4307
0.048,4306
0.048,4305
0.048,4304
0.048,4303
0.048,4302
0.048,4301
0.048,4300
0.048,4299
0.048,4298
0.048,4297
0.048,4296
0.048,4295
0.048,4294
0.048,4293
0.048,4292
0.048,4291
0.048,4290
0.048,4289
0.048,4288
0.048,4287
0.048,4286
0.048,4285
0.049,4284
0.049,4283
0.049,4282
0.049,4281
0.049,4280
0.049,4279
0.049,4278
0.049,4277
0.049,4276
0.049,4275
0.049,4274
0.049,4273
0.049,4272
0.049,4271
0.049,4270
0.049,4269
0.049,4268
0.049,4267
0.049,4266
0.049,4265
0.049,4264
0.049,4263
0.049,4262
0.049,4261
0.049,4260
0.049,4259
0.049,4258
0.049,4257
0.049,4256
0.049,4255
0.049,4254
0.049,4253
0.049,4252
0.049,4251
0.049,4250
0.049,4249
0.049,4248
0.049,4247
0.049,4246
0.049,4245
0.049,4244
0.049,4243
0.049,4242
0.049,4241
0.049,4240
0.049,4239
0.049,4238
0.049,4237
0.049,4236
0.049,4235
0.049,4234
0.049,4233
0.049,4232
0.049,4231
0.049,4230
0.049,4229
0.049,4228
0.049,4227
0.049,4226
0.049,4225
0.049,4224
0.049,4223
0.049,4222
0.049,4221
0.049,4220
0.050,4219
0.050,4218
0.050,4217
0.050,4216
0.050,4215
0.050,4214
0.050,4213
0.050,4212
0.050,4211
0.050,4210
0.050,4209
0.050,4208
0.050,4207
0.050,4206
0.050,4205
0.050,4204
0.050,4203
0.050,4202
0.050,4201
0.050,4200
0.050,4199
0.050,4198
0.050,4197
0.050,4196
0.050,4195
0.050,4194
0.050,4193
0.050,4192
0.050,4191
0.050,4190
0.050,4189
0.050,4188
0.050,4187
0.050,4186
0.050,4185
0.050,4184
0.050,4183
0.050,4182
0.050,4181
0.050,4180
0.050,4179
0.050,4178
0.050,4177
0.050,4176
0.050,4175
0.050,4174
0.050,4173
0.050,4172
0.050,4171
0.050,4170
0.050,4169
0.050,4168
0.050,4167
0.051,4166
0.051,4165
0.051,4164
0.051,4163
0.051,4162
0.051,4161
0.051,4160
0.051,4159
0.051,4158
0.051,4157
0.051,4156
0.051,4155
0.051,4154
0.051,4153
0.051,4152
0.051,4151
0.051,4150
0.051,4149
0.051,4148
0.051,4147
0.051,4146
0.051,4145
0.051,4144
0.051,4143
0.051,4142
0.051,4141
0.051,4140
0.051,4139
0.051,4138
0.051,4137
0.051,4136
0.051,4135
0.051,4134
0.051,4133
0.051,4132
0.051,4131
0.051,4130
0.051,4129
0.051,4128
0.051,4127
0.051,4126
0.051,4125
0.051,4124
0.051,4123
0.051,4122
0.051,4121
0.051,4120
0.051,4119
0.051,4118
0.051,4117
0.051,4116
0.051,4115
0.051,4114
0.051,4113
0.051,4112
0.051,4111
0.051,4110
0.051,4109
0.051,4108
0.051,4107
0.051,4106
0.051,4105
0.051,4104
0.051,4103
0.051,4102
0.051,4101
0.051,4100
0.051,4099
0.052,4098
0.052,4097
0.052,4096
0.052,4095
0.052,4094
0.052,4093
0.052,4092
0.052,4091
0.052,4090
0.052,4089
0.052,4088
0.052,4087
0.052,4086
0.052,4085
0.052,4084
0.052,4083
0.052,4082
0.052,4081
0.052,4080
0.052,4079
0.052,4078
0.052,4077
0.052,4076
0.052,4075
0.052,4074
0.052,4073
0.052,4072
0.052,4071
0.052,4070
0.052,4069
0.052,4068
0.052,4067
0.052,4066
0.052,4065
0.052,4064
0.052,4063
0.052,4062
0.052,4061
0.052,4060
0.052,4059
0.052,4058
0.052,4057
0.052,4056
0.052,4055
0.052,4054
0.052,4053
0.052,4052
0.052,4051
0.052,4050
0.052,4049
0.052,4048
0.052,4047
0.052,4046
0.052,4045
0.052,4044
0.052,4043
0.052,4042
0.052,4041
0.052,4040
0.052,4039
0.052,4038
0.052,4037
0.052,4036
0.052,4035
0.052,4034
0.052,4033
0.053,4032
0.053,4031
0.053,4030
0.053,4029
0.053,4028
0.053,4027
0.053,4026
0.053,4025
0.053,4024
0.053,4023
0.053,4022
0.053,4021
0.053,4020
0.053,4019
0.053,4018
0.053,4017
0.053,4016
0.053,4015
0.053,4014
0.053,4013
0.053,4012
0.053,4011
0.053,4010
0.053,4009
0.053,4008
0.053,4007
0.053,4006
0.053,4005
0.053,4004
0.053,4003
0.053,4002
0.053,4001
0.053,4000
0.053,3999
0.053,3998
0.053,3997
0.053,3996
0.053,3995
0.053,3994
0.053,3993
0.053,3992
0.053,3991
0.053,3990
0.053,3989
0.053,3988
0.053,3987
0.053,3986
0.053,3985
0.053,3984
0.053,3983
0.053,3982
0.053,3981
0.053,3980
0.053,3979
0.053,3978
0.053,3977
0.053,3976
0.053,3975
0.053,3974
0.053,3973
0.053,3972
0.053,3971
0.053,3970
0.053,3969
0.053,3968
0.053,3967
0.053,3966
0.053,3965
0.054,3964
0.054,3963
0.054,3962
0.054,3961
0.054,3960
0.054,3959
0.054,3958
0.054,3957
0.054,3956
0.054,3955
0.054,3954
0.054,3953
0.054,3952
0.054,3951
0.054,3950
0.054,3949
0.054,3948
0.054,3947
0.054,3946
0.054,3945
0.054,3944
0.054,3943
0.054,3942
0.054,3941
0.054,3940
0.054,3939
0.054,3938
0.054,3937
0.054,3936
0.054,3935
0.054,3934
0.054,3933
0.054,3932
0.054,3931
0.054,3930
0.054,3929
0.054,3928
0.054,3927
0.054,3926
0.054,3925
0.054,3924
0.054,3923
0.054,3922
0.054,3921
0.054,3920
0.054,3919
0.054,3918
0.054,3917
0.054,3916
0.054,3915
0.054,3914
0.054,3913
0.054,3912
0.054,3911
0.054,3910
0.054,3909
0.054,3908
0.054,3907
0.054,3906
0.054,3905
0.054,3904
0.054,3903
0.054,3902
0.054,3901
0.054,3900
0.054,3899
0.054,3898
0.054,3897
0.054,3896
0.054,3895
0.054,3894
0.054,3893
0.054,3892
0.054,3891
0.054,3890
0.055,3889
0.055,3888
0.055,3887
0.055,3886
0.055,3885
0.055,3884
0.055,3883
0.055,3882
0.055,3881
0.055,3880
0.055,3879
0.055,3878
0.055,3877
0.055,3876
0.055,3875
0.055,3874
0.055,3873
0.055,3872
0.055,3871
0.055,3870
0.055,3869
0.055,3868
0.055,3867
0.055,3866
0.055,3865
0.055,3864
0.055,3863
0.055,3862
0.055,3861
0.055,3860
0.055,3859
0.055,3858
0.055,3857
0.055,3856
0.055,3855
0.055,3854
0.055,3853
0.055,3852
0.055,3851
0.055,3850
0.055,3849
0.055,3848
0.055,3847
0.055,3846
0.055,3845
0.055,3844
0.055,3843
0.055,3842
0.055,3841
0.055,3840
0.055,3839
0.055,3838
0.055,3837
0.055,3836
0.055,3835
0.055,3834
0.055,3833
0.055,3832
0.055,3831
0.055,3830
0.055,3829
0.055,3828
0.055,3827
0.055,3826
0.055,3825
0.055,3824
0.055,3823
0.055,3822
0.055,3821
0.055,3820
0.055,3819
0.055,3818
0.055,3817
0.055,3816
0.055,3815
0.055,3814
0.055,3813
0.055,3812
0.055,3811
0.055,3810
0.055,3809
0.055,3808
0.055,3807
0.055,3806
0.055,3805
0.055,3804
0.055,3803
0.056,3802
0.056,3801
0.056,3800
0.056,3799
0.056,3798
0.056,3797
0.056,3796
0.056,3795
0.056,3794
0.056,3793
0.056,3792
0.056,3791
0.056,3790
0.056,3789
0.056,3788
0.056,3787
0.056,3786
0.056,3785
0.056,3784
0.056,3783
0.056,3782
0.056,3781
0.056,3780
0.056,3779
0.056,3778
0.056,3777
0.056,3776
0.056,3775
0.056,3774
0.056,3773
0.056,3772
0.056,3771
0.056,3770
0.056,3769
0.056,3768
0.056,3767
0.056,3766
0.056,3765
0.056,3764
0.056,3763
0.056,3762
0.056,3761
0.056,3760
0.056,3759
0.056,3758
0.056,3757
0.056,3756
0.056,3755
0.056,3754
0.056,3753
0.056,3752
0.056,3751
0.056,3750
0.056,3749
0.056,3748
0.056,3747
0.056,3746
0.056,3745
0.056,3744
0.056,3743
0.056,3742
0.056,3741
0.056,3740
0.056,3739
0.056,3738
0.056,3737
0.056,3736
0.056,3735
0.056,3734
0.056,3733
0.056,3732
0.056,3731
0.056,3730
0.056,3729
0.056,3728
0.056,3727
0.056,3726
0.056,3725
0.056,3724
0.056,3723
0.056,3722
0.056,3721
0.056,3720
0.057,3719
0.057,3718
0.057,3717
0.057,3716
0.057,3715
0.057,3714
0.057,3713
0.057,3712
0.057,3711
0.057,3710
0.057,3709
0.057,3708
0.057,3707
0.057,3706
0.057,3705
0.057,3704
0.057,3703
0.057,3702
0.057,3701
0.057,3700
0.057,3699
0.057,3698
0.057,3697
0.057,3696
0.057,3695
0.057,3694
0.057,3693
0.057,3692
0.057,3691
0.057,3690
0.057,3689
0.057,3688
0.058,3687
0.058,3686
0.058,3685
0.058,3684
0.058,3683
0.058,3682
0.058,3681
0.058,3680
0.058,3679
0.058,3678
0.058,3677
0.058,3676
0.058,3675
0.058,3674
0.058,3673
0.058,3672
0.058,3671
0.058,3670
0.058,3669
0.058,3668
0.058,3667
0.058,3666
0.058,3665
0.058,3664
0.058,3663
0.058,3662
0.058,3661
0.058,3660
0.058,3659
0.058,3658
0.058,3657
0.058,3656
0.058,3655
0.058,3654
0.058,3653
0.058,3652
0.058,3651
0.058,3650
0.058,3649
0.058,3648
0.058,3647
0.058,3646
0.058,3645
0.058,3644
0.058,3643
0.058,3642
0.058,3641
0.058,3640
0.058,3639
0.058,3638
0.058,3637
0.058,3636
0.058,3635
0.058,3634
0.058,3633
0.058,3632
0.058,3631
0.058,3630
0.058,3629
0.058,3628
0.058,3627
0.058,3626
0.058,3625
0.058,3624
0.058,3623
0.058,3622
0.058,3621
0.058,3620
0.058,3619
0.058,3618
0.058,3617
0.058,3616
0.058,3615
0.058,3614
0.058,3613
0.058,3612
0.058,3611
0.058,3610
0.058,3609
0.058,3608
0.058,3607
0.058,3606
0.058,3605
0.058,3604
0.058,3603
0.058,3602
0.058,3601
0.058,3600
0.058,3599
0.059,3598
0.059,3597
0.059,3596
0.059,3595
0.059,3594
0.059,3593
0.059,3592
0.059,3591
0.059,3590
0.059,3589
0.059,3588
0.059,3587
0.059,3586
0.059,3585
0.059,3584
0.059,3583
0.059,3582
0.059,3581
0.059,3580
0.059,3579
0.059,3578
0.059,3577
0.059,3576
0.059,3575
0.059,3574
0.059,3573
0.059,3572
0.059,3571
0.059,3570
0.059,3569
0.059,3568
0.059,3567
0.059,3566
0.059,3565
0.059,3564
0.059,3563
0.059,3562
0.059,3561
0.059,3560
0.059,3559
0.059,3558
0.059,3557
0.059,3556
0.059,3555
0.059,3554
0.059,3553
0.059,3552
0.059,3551
0.059,3550
0.059,3549
0.059,3548
0.059,3547
0.059,3546
0.059,3545
0.059,3544
0.059,3543
0.059,3542
0.059,3541
0.059,3540
0.059,3539
0.059,3538
0.059,3537
0.059,3536
0.059,3535
0.059,3534
0.059,3533
0.059,3532
0.059,3531
0.059,3530
0.059,3529
0.059,3528
0.059,3527
0.059,3526
0.059,3525
0.059,3524
0.059,3523
0.059,3522
0.059,3521
0.059,3520
0.059,3519
0.059,3518
0.059,3517
0.059,3516
0.059,3515
0.059,3514
0.059,3513
0.059,3512
0.060,3511
0.060,3510
0.060,3509
0.060,3508
0.060,3507
0.060,3506
0.060,3505
0.060,3504
0.060,3503
0.060,3502
0.060,3501
0.060,3500
0.060,3499
0.060,3498
0.060,3497
0.060,3496
0.060,3495
0.060,3494
0.060,3493
0.060,3492
0.060,3491
0.060,3490
0.060,3489
0.060,3488
0.060,3487
0.060,3486
0.060,3485
0.060,3484
0.060,3483
0.060,3482
0.060,3481
0.060,3480
0.060,3479
0.060,3478
0.060,3477
0.060,3476
0.060,3475
0.060,3474
0.060,3473
0.060,3472
0.060,3471
0.060,3470
0.060,3469
0.060,3468
0.060,3467
0.060,3466
0.060,3465
0.060,3464
0.060,3463
0.060,3462
0.060,3461
0.060,3460
0.060,3459
0.060,3458
0.060,3457
0.060,3456
0.060,3455
0.060,3454
0.060,3453
0.060,3452
0.060,3451
0.060,3450
0.061,3449
0.061,3448
0.061,3447
0.061,3446
0.061,3445
0.061,3444
0.061,3443
0.061,3442
0.061,3441
0.061,3440
0.061,3439
0.061,3438
0.061,3437
0.061,3436
0.061,3435
0.061,3434
0.061,3433
0.061,3432
0.061,3431
0.061,3430
0.061,3429
0.061,3428
0.061,3427
0.061,3426
0.061,3425
0.061,3424
0.061,3423
0.061,3422
0.061,3421
0.061,3420
0.061,3419
0.061,3418
0.061,3417
0.061,3416
0.061,3415
0.061,3414
0.061,3413
0.061,3412
0.061,3411
0.062,3410
0.062,3409
0.062,3408
0.062,3407
0.062,3406
0.062,3405
0.062,3404
0.062,3403
0.062,3402
0.062,3401
0.062,3400
0.062,3399
0.062,3398
0.062,3397
0.062,3396
0.062,3395
0.062,3394
0.062,3393
0.062,3392
0.062,3391
0.062,3390
0.062,3389
0.062,3388
0.062,3387
0.062,3386
0.062,3385
0.062,3384
0.062,3383
0.062,3382
0.062,3381
0.062,3380
0.062,3379
0.062,3378
0.062,3377
0.062,3376
0.062,3375
0.062,3374
0.062,3373
0.062,3372
0.062,3371
0.062,3370
0.062,3369
0.062,3368
0.062,3367
0.062,3366
0.062,3365
0.062,3364
0.062,3363
0.063,3362
0.063,3361
0.063,3360
0.063,3359
0.063,3358
0.063,3357
0.063,3356
0.063,3355
0.063,3354
0.063,3353
0.063,3352
0.063,3351
0.063,3350
0.063,3349
0.063,3348
0.063,3347
0.063,3346
0.063,3345
0.063,3344
0.063,3343
0.063,3342
0.063,3341
0.063,3340
0.063,3339
0.063,3338
0.063,3337
0.063,3336
0.063,3335
0.063,3334
0.063,3333
0.063,3332
0.063,3331
0.063,3330
0.063,3329
0.063,3328
0.063,3327
0.063,3326
0.063,3325
0.063,3324
0.063,3323
0.063,3322
0.063,3321
0.063,3320
0.063,3319
0.063,3318
0.063,3317
0.063,3316
0.063,3315
0.063,3314
0.063,3313
0.063,3312
0.063,3311
0.063,3310
0.063,3309
0.063,3308
0.063,3307
0.063,3306
0.063,3305
0.063,3304
0.063,3303
0.064,3302
0.064,3301
0.064,3300
0.064,3299
0.064,3298
0.064,3297
0.064,3296
0.064,3295
0.064,3294
0.064,3293
0.064,3292
0.064,3291
0.064,3290
0.064,3289
0.064,3288
0.064,3287
0.064,3286
0.064,3285
0.064,3284
0.064,3283
0.064,3282
0.064,3281
0.064,3280
0.064,3279
0.064,3278
0.064,3277
0.064,3276
0.064,3275
0.064,3274
0.064,3273
0.064,3272
0.064,3271
0.064,3270
0.064,3269
0.064,3268
0.064,3267
0.064,3266
0.064,3265
0.064,3264
0.064,3263
0.064,3262
0.065,3261
0.065,3260
0.065,3259
0.065,3258
0.065,3257
0.065,3256
0.065,3255
0.065,3254
0.065,3253
0.065,3252
0.065,3251
0.065,3250
0.065,3249
0.065,3248
0.065,3247
0.065,3246
0.065,3245
0.065,3244
0.065,3243
0.065,3242
0.065,3241
0.065,3240
0.065,3239
0.065,3238
0.065,3237
0.065,3236
0.065,3235
0.065,3234
0.065,3233
0.065,3232
0.065,3231
0.065,3230
0.065,3229
0.065,3228
0.065,3227
0.065,3226
0.065,3225
0.065,3224
0.065,3223
0.065,3222
0.065,3221
0.065,3220
0.065,3219
0.065,3218
0.065,3217
0.065,3216
0.065,3215
0.065,3214
0.065,3213
0.065,3212
0.065,3211
0.065,3210
0.065,3209
0.065,3208
0.065,3207
0.065,3206
0.065,3205
0.065,3204
0.065,3203
0.065,3202
0.065,3201
0.065,3200
0.065,3199
0.065,3198
0.065,3197
0.065,3196
0.065,3195
0.065,3194
0.065,3193
0.065,3192
0.065,3191
0.065,3190
0.065,3189
0.065,3188
0.065,3187
0.065,3186
0.065,3185
0.065,3184
0.065,3183
0.065,3182
0.065,3181
0.065,3180
0.065,3179
0.065,3178
0.066,3177
0.066,3176
0.066,3175
0.066,3174
0.066,3173
0.066,3172
0.066,3171
0.066,3170
0.066,3169
0.066,3168
0.066,3167
0.066,3166
0.066,3165
0.066,3164
0.066,3163
0.066,3162
0.066,3161
0.066,3160
0.066,3159
0.066,3158
0.066,3157
0.066,3156
0.066,3155
0.066,3154
0.066,3153
0.066,3152
0.066,3151
0.066,3150
0.066,3149
0.066,3148
0.066,3147
0.066,3146
0.066,3145
0.066,3144
0.066,3143
0.066,3142
0.066,3141
0.066,3140
0.066,3139
0.066,3138
0.066,3137
0.066,3136
0.066,3135
0.066,3134
0.066,3133
0.066,3132
0.066,3131
0.066,3130
0.066,3129
0.066,3128
0.066,3127
0.066,3126
0.066,3125
0.066,3124
0.066,3123
0.066,3122
0.066,3121
0.066,3120
0.066,3119
0.066,3118
0.066,3117
0.066,3116
0.066,3115
0.066,3114
0.066,3113
0.066,3112
0.066,3111
0.066,3110
0.066,3109
0.066,3108
0.066,3107
0.066,3106
0.066,3105
0.066,3104
0.066,3103
0.066,3102
0.066,3101
0.066,3100
0.066,3099
0.066,3098
0.066,3097
0.066,3096
0.066,3095
0.066,3094
0.066,3093
0.066,3092
0.066,3091
0.067,3090
0.067,3089
0.067,3088
0.067,3087
0.067,3086
0.067,3085
0.067,3084
0.067,3083
0.067,3082
0.067,3081
0.067,3080
0.067,3079
0.067,3078
0.067,3077
0.067,3076
0.067,3075
0.067,3074
0.067,3073
0.067,3072
0.067,3071
0.067,3070
0.067,3069
0.067,3068
0.067,3067
0.067,3066
0.067,3065
0.067,3064
0.067,3063
0.067,3062
0.067,3061
0.067,3060
0.067,3059
0.067,3058
0.067,3057
0.067,3056
0.067,3055
0.067,3054
0.067,3053
0.067,3052
0.067,3051
0.067,3050
0.067,3049
0.067,3048
0.067,3047
0.067,3046
0.067,3045
0.067,3044
0.067,3043
0.067,3042
0.067,3041
0.067,3040
0.067,3039
0.067,3038
0.067,3037
0.067,3036
0.067,3035
0.067,3034
0.067,3033
0.067,3032
0.067,3031
0.067,3030
0.067,3029
0.067,3028
0.067,3027
0.067,3026
0.067,3025
0.067,3024
0.067,3023
0.067,3022
0.067,3021
0.067,3020
0.067,3019
0.067,3018
0.067,3017
0.067,3016
0.067,3015
0.067,3014
0.067,3013
0.067,3012
0.067,3011
0.067,3010
0.067,3009
0.067,3008
0.067,3007
0.068,3006
0.068,3005
0.068,3004
0.068,3003
0.068,3002
0.068,3001
0.068,3000
0.068,2999
0.068,2998
0.068,2997
0.068,2996
0.068,2995
0.068,2994
0.068,2993
0.068,2992
0.068,2991
0.068,2990
0.068,2989
0.068,2988
0.068,2987
0.068,2986
0.068,2985
0.068,2984
0.068,2983
0.068,2982
0.068,2981
0.068,2980
0.068,2979
0.068,2978
0.068,2977
0.068,2976
0.068,2975
0.068,2974
0.068,2973
0.068,2972
0.068,2971
0.068,2970
0.068,2969
0.068,2968
0.068,2967
0.068,2966
0.068,2965
0.068,2964
0.068,2963
0.068,2962
0.068,2961
0.068,2960
0.068,2959
0.068,2958
0.068,2957
0.068,2956
0.068,2955
0.068,2954
0.068,2953
0.068,2952
0.068,2951
0.068,2950
0.068,2949
0.068,2948
0.068,2947
0.068,2946
0.068,2945
0.068,2944
0.068,2943
0.068,2942
0.068,2941
0.068,2940
0.068,2939
0.068,2938
0.068,2937
0.068,2936
0.068,2935
0.068,2934
0.068,2933
0.068,2932
0.068,2931
0.068,2930
0.068,2929
0.068,2928
0.068,2927
0.068,2926
0.068,2925
0.068,2924
0.068,2923
0.068,2922
0.068,2921
0.068,2920
0.068,2919
0.068,2918
0.069,2917
0.069,2916
0.069,2915
0.069,2914
0.069,2913
0.069,2912
0.069,2911
0.069,2910
0.069,2909
0.069,2908
0.069,2907
0.069,2906
0.069,2905
0.069,2904
0.069,2903
0.069,2902
0.069,2901
0.069,2900
0.069,2899
0.069,2898
0.069,2897
0.069,2896
0.069,2895
0.069,2894
0.069,2893
0.069,2892
0.069,2891
0.069,2890
0.069,2889
0.069,2888
0.069,2887
0.069,2886
0.069,2885
0.069,2884
0.069,2883
0.069,2882
0.069,2881
0.069,2880
0.069,2879
0.069,2878
0.069,2877
0.069,2876
0.069,2875
0.069,2874
0.069,2873
0.069,2872
0.069,2871
0.069,2870
0.069,2869
0.069,2868
0.069,2867
0.069,2866
0.069,2865
0.069,2864
0.069,2863
0.069,2862
0.069,2861
0.069,2860
0.069,2859
0.069,2858
0.069,2857
0.069,2856
0.069,2855
0.069,2854
0.069,2853
0.069,2852
0.069,2851
0.069,2850
0.069,2849
0.069,2848
0.069,2847
0.069,2846
0.069,2845
0.069,2844
0.069,2843
0.069,2842
0.069,2841
0.069,2840
0.069,2839
0.069,2838
0.069,2837
0.069,2836
0.069,2835
0.069,2834
0.069,2833
0.069,2832
0.069,2831
0.069,2830
0.069,2829
0.069,2828
0.069,2827
0.069,2826
0.069,2825
0.069,2824
0.069,2823
0.069,2822
0.069,2821
0.070,2820
0.070,2819
0.070,2818
0.070,2817
0.070,2816
0.070,2815
0.070,2814
0.070,2813
0.070,2812
0.070,2811
0.070,2810
0.070,2809
0.070,2808
0.070,2807
0.070,2806
0.070,2805
0.070,2804
0.070,2803
0.070,2802
0.070,2801
0.070,2800
0.070,2799
0.070,2798
0.070,2797
0.070,2796
0.070,2795
0.070,2794
0.070,2793
0.070,2792
0.070,2791
0.070,2790
0.070,2789
0.070,2788
0.070,2787
0.070,2786
0.070,2785
0.070,2784
0.070,2783
0.070,2782
0.070,2781
0.070,2780
0.070,2779
0.070,2778
0.070,2777
0.070,2776
0.070,2775
0.070,2774
0.070,2773
0.070,2772
0.070,2771
0.070,2770
0.070,2769
0.070,2768
0.070,2767
0.070,2766
0.070,2765
0.070,2764
0.070,2763
0.070,2762
0.070,2761
0.070,2760
0.070,2759
0.070,2758
0.070,2757
0.070,2756
0.070,2755
0.070,2754
0.070,2753
0.070,2752
0.070,2751
0.070,2750
0.070,2749
0.070,2748
0.070,2747
0.070,2746
0.070,2745
0.070,2744
0.070,2743
0.070,2742
0.070,2741
0.070,2740
0.070,2739
0.070,2738
0.070,2737
0.070,2736
0.070,2735
0.070,2734
0.070,2733
0.070,2732
0.070,2731
0.070,2730
0.070,2729
0.070,2728
0.070,2727
0.070,2726
0.070,2725
0.070,2724
0.070,2723
0.070,2722
0.070,2721
0.070,2720
0.070,2719
0.070,2718
0.070,2717
0.070,2716
0.070,2715
0.070,2714
0.070,2713
0.071,2712
0.071,2711
0.071,2710
0.071,2709
0.071,2708
0.071,2707
0.071,2706
0.071,2705
0.071,2704
0.071,2703
0.071,2702
0.071,2701
0.071,2700
0.071,2699
0.071,2698
0.071,2697
0.071,2696
0.071,2695
0.071,2694
0.071,2693
0.071,2692
0.071,2691
0.071,2690
0.071,2689
0.071,2688
0.071,2687
0.071,2686
0.071,2685
0.071,2684
0.071,2683
0.071,2682
0.071,2681
0.071,2680
0.071,2679
0.071,2678
0.071,2677
0.071,2676
0.071,2675
0.071,2674
0.071,2673
0.071,2672
0.071,2671
0.071,2670
0.071,2669
0.071,2668
0.071,2667
0.071,2666
0.071,2665
0.071,2664
0.071,2663
0.071,2662
0.071,2661
0.071,2660
0.071,2659
0.071,2658
0.071,2657
0.071,2656
0.071,2655
0.071,2654
0.071,2653
0.071,2652
0.071,2651
0.071,2650
0.071,2649
0.071,2648
0.071,2647
0.071,2646
0.071,2645
0.071,2644
0.071,2643
0.071,2642
0.071,2641
0.071,2640
0.071,2639
0.071,2638
0.071,2637
0.071,2636
0.071,2635
0.071,2634
0.072,2633
0.072,2632
0.072,2631
0.072,2630
0.072,2629
0.072,2628
0.072,2627
0.072,2626
0.072,2625
0.072,2624
0.072,2623
0.072,2622
0.072,2621
0.072,2620
0.072,2619
0.072,2618
0.072,2617
0.072,2616
0.072,2615
0.072,2614
0.072,2613
0.072,2612
0.072,2611
0.072,2610
0.072,2609
0.072,2608
0.072,2607
0.072,2606
0.072,2605
0.072,2604
0.072,2603
0.072,2602
0.072,2601
0.072,2600
0.072,2599
0.072,2598
0.072,2597
0.072,2596
0.072,2595
0.072,2594
0.072,2593
0.072,2592
0.072,2591
0.072,2590
0.072,2589
0.072,2588
0.072,2587
0.072,2586
0.072,2585
0.072,2584
0.072,2583
0.072,2582
0.072,2581
0.072,2580
0.072,2579
0.072,2578
0.072,2577
0.072,2576
0.072,2575
0.072,2574
0.072,2573
0.072,2572
0.072,2571
0.072,2570
0.072,2569
0.072,2568
0.072,2567
0.072,2566
0.072,2565
0.072,2564
0.072,2563
0.072,2562
0.072,2561
0.073,2560
0.073,2559
0.073,2558
0.073,2557
0.073,2556
0.073,2555
0.073,2554
0.073,2553
0.073,2552
0.073,2551
0.073,2550
0.073,2549
0.073,2548
0.073,2547
0.073,2546
0.073,2545
0.073,2544
0.073,2543
0.073,2542
0.073,2541
0.073,2540
0.073,2539
0.073,2538
0.073,2537
0.073,2536
0.073,2535
0.073,2534
0.073,2533
0.073,2532
0.073,2531
0.073,2530
0.073,2529
0.073,2528
0.073,2527
0.073,2526
0.073,2525
0.073,2524
0.073,2523
0.073,2522
0.073,2521
0.073,2520
0.073,2519
0.073,2518
0.073,2517
0.073,2516
0.073,2515
0.073,2514
0.073,2513
0.073,2512
0.073,2511
0.073,2510
0.073,2509
0.073,2508
0.073,2507
0.073,2506
0.073,2505
0.073,2504
0.073,2503
0.073,2502
0.073,2501
0.073,2500
0.073,2499
0.073,2498
0.073,2497
0.073,2496
0.073,2495
0.073,2494
0.073,2493
0.073,2492
0.073,2491
0.073,2490
0.073,2489
0.073,2488
0.073,2487
0.073,2486
0.073,2485
0.073,2484
0.073,2483
0.073,2482
0.073,2481
0.073,2480
0.073,2479
0.073,2478
0.073,2477
0.073,2476
0.073,2475
0.073,2474
0.073,2473
0.073,2472
0.073,2471
0.073,2470
0.073,2469
0.073,2468
0.073,2467
0.073,2466
0.073,2465
0.073,2464
0.073,2463
0.074,2462
0.074,2461
0.074,2460
0.074,2459
0.074,2458
0.074,2457
0.074,2456
0.074,2455
0.074,2454
0.074,2453
0.074,2452
0.074,2451
0.074,2450
0.074,2449
0.074,2448
0.074,2447
0.074,2446
0.074,2445
0.074,2444
0.074,2443
0.074,2442
0.074,2441
0.074,2440
0.074,2439
0.074,2438
0.074,2437
0.074,2436
0.074,2435
0.074,2434
0.074,2433
0.074,2432
0.074,2431
0.074,2430
0.074,2429
0.074,2428
0.074,2427
0.074,2426
0.074,2425
0.074,2424
0.074,2423
0.074,2422
0.074,2421
0.074,2420
0.074,2419
0.074,2418
0.074,2417
0.074,2416
0.074,2415
0.074,2414
0.074,2413
0.074,2412
0.074,2411
0.074,2410
0.074,2409
0.074,2408
0.074,2407
0.074,2406
0.074,2405
0.074,2404
0.074,2403
0.074,2402
0.074,2401
0.074,2400
0.074,2399
0.074,2398
0.074,2397
0.074,2396
0.074,2395
0.074,2394
0.074,2393
0.074,2392
0.074,2391
0.074,2390
0.074,2389
0.074,2388
0.074,2387
0.074,2386
0.074,2385
0.074,2384
0.074,2383
0.074,2382
0.074,2381
0.074,2380
0.074,2379
0.074,2378
0.074,2377
0.074,2376
0.075,2375
0.075,2374
0.075,2373
0.075,2372
0.075,2371
0.075,2370
0.075,2369
0.075,2368
0.075,2367
0.075,2366
0.075,2365
0.075,2364
0.075,2363
0.075,2362
0.075,2361
0.075,2360
0.075,2359
0.075,2358
0.075,2357
0.075,2356
0.075,2355
0.075,2354
0.075,2353
0.075,2352
0.075,2351
0.075,2350
0.075,2349
0.075,2348
0.075,2347
0.075,2346
0.075,2345
0.075,2344
0.075,2343
0.075,2342
0.075,2341
0.075,2340
0.075,2339
0.075,2338
0.075,2337
0.075,2336
0.075,2335
0.075,2334
0.075,2333
0.075,2332
0.075,2331
0.075,2330
0.075,2329
0.075,2328
0.075,2327
0.075,2326
0.075,2325
0.075,2324
0.075,2323
0.075,2322
0.075,2321
0.075,2320
0.075,2319
0.075,2318
0.075,2317
0.075,2316
0.075,2315
0.075,2314
0.075,2313
0.075,2312
0.075,2311
0.075,2310
0.075,2309
0.075,2308
0.076,2307
0.076,2306
0.076,2305
0.076,2304
0.076,2303
0.076,2302
0.076,2301
0.076,2300
0.076,2299
0.076,2298
0.076,2297
0.076,2296
0.076,2295
0.076,2294
0.076,2293
0.076,2292
0.076,2291
0.076,2290
0.076,2289
0.076,2288
0.076,2287
0.076,2286
0.076,2285
0.076,2284
0.076,2283
