0.000,4940
0.003,4939
0.004,4938
0.004,4937
0.004,4936
0.005,4935
0.005,4934
0.005,4933
0.005,4932
0.005,4931
0.005,4930
0.005,4929
0.005,4928
0.005,4927
0.005,4926
0.005,4925
0.005,4924
0.005,4923
0.006,4922
0.006,4921
0.006,4920
0.006,4919
0.006,4918
0.006,4917
0.006,4916
0.006,4915
0.006,4914
0.006,4913
0.006,4912
0.006,4911
0.006,4910
0.006,4909
0.006,4908
0.007,4907
0.007,4906
0.007,4905
0.007,4904
0.007,4903
0.007,4902
0.007,4901
0.007,4900
0.007,4899
0.007,4898
0.007,4897
0.007,4896
0.007,4895
0.007,4894
0.007,4893
0.007,4892
0.007,4891
0.007,4890
0.008,4889
0.008,4888
0.008,4887
0.008,4886
0.008,4885
0.008,4884
0.008,4883
0.008,4882
0.008,4881
0.008,4880
0.008,4879
0.008,4878
0.008,4877
0.008,4876
0.008,4875
0.008,4874
0.008,4873
0.009,4872
0.009,4871
0.009,4870
0.009,4869
0.009,4868
0.009,4867
0.009,4866
0.009,4865
0.009,4864
0.009,4863
0.009,4862
0.009,4861
0.009,4860
0.009,4859
0.009,4858
0.009,4857
0.009,4856
0.009,4855
0.009,4854
0.010,4853
0.010,4852
0.010,4851
0.010,4850
0.010,4849
0.010,4848
0.010,4847
0.010,4846
0.012,4845
0.012,4844
0.012,4843
0.012,4842
0.012,4841
0.012,4840
0.012,4839
0.012,4838
0.012,4837
0.012,4836
0.012,4835
0.013,4834
0.013,4833
0.013,4832
0.013,4831
0.013,4830
0.013,4829
0.013,4828
0.013,4827
0.013,4826
0.013,4825
0.013,4824
0.013,4823
0.013,4822
0.013,4821
0.013,4820
0.013,4819
0.013,4818
0.014,4817
0.014,4816
0.014,4815
0.014,4814
0.015,4813
0.015,4812
0.015,4811
0.015,4810
0.015,4809
0.015,4808
0.016,4807
0.016,4806
0.016,4805
0.016,4804
0.016,4803
0.016,4802
0.016,4801
0.016,4800
0.016,4799
0.016,4798
0.016,4797
0.016,4796
0.016,4795
0.016,4794
0.016,4793
0.016,4792
0.016,4791
0.016,4790
0.016,4789
0.017,4788
0.017,4787
0.017,4786
0.017,4785
0.017,4784
0.017,4783
0.017,4782
0.017,4781
0.017,4780
0.017,4779
0.017,4778
0.017,4777
0.017,4776
0.017,4775
0.017,4774
0.017,4773
0.017,4772
0.018,4771
0.018,4770
0.018,4769
0.018,4768
0.018,4767
0.018,4766
0.018,4765
0.018,4764
0.018,4763
0.018,4762
0.018,4761
0.018,4760
0.018,4759
0.018,4758
0.018,4757
0.018,4756
0.018,4755
0.018,4754
0.019,4753
0.019,4752
0.019,4751
0.019,4750
0.019,4749
0.019,4748
0.019,4747
0.019,4746
0.019,4745
0.019,4744
0.019,4743
0.019,4742
0.019,4741
0.019,4740
0.019,4739
0.019,4738
0.019,4737
0.019,4736
0.019,4735
0.019,4734
0.020,4733
0.020,4732
0.020,4731
0.020,4730
0.020,4729
0.020,4728
0.020,4727
0.020,4726
0.020,4725
0.020,4724
0.020,4723
0.020,4722
0.020,4721
0.020,4720
0.020,4719
0.020,4718
0.020,4717
0.020,4716
0.021,4715
0.021,4714
0.021,4713
0.021,4712
0.021,4711
0.021,4710
0.021,4709
0.021,4708
0.021,4707
0.021,4706
0.021,4705
0.021,4704
0.021,4703
0.021,4702
0.021,4701
0.021,4700
0.021,4699
0.021,4698
0.021,4697
0.021,4696
0.022,4695
0.022,4694
0.022,4693
0.022,4692
0.022,4691
0.022,4690
0.022,4689
0.022,4688
0.022,4687
0.022,4686
0.022,4685
0.022,4684
0.022,4683
0.022,4682
0.022,4681
0.022,4680
0.022,4679
0.022,4678
0.022,4677
0.022,4676
0.023,4675
0.023,4674
0.023,4673
0.023,4672
0.023,4671
0.023,4670
0.023,4669
0.023,4668
0.023,4667
0.023,4666
0.023,4665
0.023,4664
0.023,4663
0.023,4662
0.023,4661
0.023,4660
0.023,4659
0.023,4658
0.023,4657
0.023,4656
0.023,4655
0.023,4654
0.025,4653
0.025,4652
0.025,4651
0.025,4650
0.025,4649
0.025,4648
0.025,4647
0.025,4646
0.025,4645
0.025,4644
0.025,4643
0.025,4642
0.025,4641
0.025,4640
0.025,4639
0.025,4638
0.025,4637
0.025,4636
0.025,4635
0.025,4634
0.025,4633
0.025,4632
0.026,4631
0.026,4630
0.026,4629
0.026,4628
0.026,4627
0.026,4626
0.026,4625
0.026,4624
0.026,4623
0.026,4622
0.026,4621
0.026,4620
0.026,4619
0.026,4618
0.026,4617
0.026,4616
0.026,4615
0.026,4614
0.026,4613
0.026,4612
0.026,4611
0.026,4610
0.026,4609
0.026,4608
0.026,4607
0.027,4606
0.027,4605
0.027,4604
0.027,4603
0.027,4602
0.027,4601
0.027,4600
0.027,4599
0.027,4598
0.027,4597
0.027,4596
0.027,4595
0.027,4594
0.027,4593
0.027,4592
0.027,4591
0.027,4590
0.027,4589
0.027,4588
0.027,4587
0.027,4586
0.027,4585
0.028,4584
0.028,4583
0.028,4582
0.028,4581
0.028,4580
0.028,4579
0.028,4578
0.028,4577
0.028,4576
0.028,4575
0.028,4574
0.028,4573
0.028,4572
0.028,4571
0.028,4570
0.028,4569
0.028,4568
0.028,4567
0.028,4566
0.028,4565
0.028,4564
0.028,4563
0.028,4562
0.028,4561
0.028,4560
0.028,4559
0.028,4558
0.028,4557
0.029,4556
0.029,4555
0.029,4554
0.029,4553
0.029,4552
0.029,4551
0.029,4550
0.029,4549
0.029,4548
0.029,4547
0.029,4546
0.029,4545
0.029,4544
0.029,4543
0.029,4542
0.029,4541
0.029,4540
0.029,4539
0.029,4538
0.029,4537
0.029,4536
0.029,4535
0.029,4534
0.029,4533
0.029,4532
0.029,4531
0.029,4530
0.029,4529
0.030,4528
0.030,4527
0.030,4526
0.030,4525
0.030,4524
0.030,4523
0.030,4522
0.030,4521
0.030,4520
0.030,4519
0.030,4518
0.030,4517
0.030,4516
0.030,4515
0.030,4514
0.030,4513
0.030,4512
0.030,4511
0.030,4510
0.030,4509
0.030,4508
0.030,4507
0.030,4506
0.030,4505
0.030,4504
0.030,4503
0.030,4502
0.030,4501
0.030,4500
0.030,4499
0.031,4498
0.031,4497
0.031,4496
0.031,4495
0.031,4494
0.031,4493
0.031,4492
0.031,4491
0.031,4490
0.031,4489
0.031,4488
0.031,4487
0.031,4486
0.031,4485
0.031,4484
0.031,4483
0.031,4482
0.031,4481
0.031,4480
0.031,4479
0.031,4478
0.031,4477
0.031,4476
0.031,4475
0.031,4474
0.031,4473
0.031,4472
0.032,4471
0.032,4470
0.032,4469
0.032,4468
0.032,4467
0.032,4466
0.032,4465
0.032,4464
0.032,4463
0.032,4462
0.032,4461
0.032,4460
0.032,4459
0.032,4458
0.032,4457
0.032,4456
0.032,4455
0.032,4454
0.032,4453
0.032,4452
0.032,4451
0.032,4450
0.032,4449
0.032,4448
0.032,4447
0.032,4446
0.032,4445
0.032,4444
0.032,4443
0.032,4442
0.032,4441
0.033,4440
0.033,4439
0.033,4438
0.033,4437
0.033,4436
0.033,4435
0.033,4434
0.033,4433
0.033,4432
0.033,4431
0.033,4430
0.035,4429
0.035,4428
0.035,4427
0.035,4426
0.035,4425
0.035,4424
0.035,4423
0.036,4422
0.036,4421
0.036,4420
0.036,4419
0.036,4418
0.036,4417
0.036,4416
0.036,4415
0.036,4414
0.036,4413
0.036,4412
0.036,4411
0.036,4410
0.036,4409
0.036,4408
0.036,4407
0.036,4406
0.036,4405
0.036,4404
0.036,4403
0.036,4402
0.036,4401
0.036,4400
0.036,4399
0.036,4398
0.036,4397
0.036,4396
0.036,4395
0.037,4394
0.037,4393
0.037,4392
0.037,4391
0.037,4390
0.037,4389
0.037,4388
0.037,4387
0.037,4386
0.037,4385
0.037,4384
0.037,4383
0.037,4382
0.037,4381
0.037,4380
0.037,4379
0.037,4378
0.037,4377
0.037,4376
0.037,4375
0.037,4374
0.037,4373
0.037,4372
0.037,4371
0.037,4370
0.037,4369
0.037,4368
0.037,4367
0.037,4366
0.037,4365
0.037,4364
0.037,4363
0.037,4362
0.037,4361
0.037,4360
0.038,4359
0.038,4358
0.038,4357
0.038,4356
0.038,4355
0.038,4354
0.038,4353
0.038,4352
0.038,4351
0.038,4350
0.038,4349
0.038,4348
0.038,4347
0.038,4346
0.038,4345
0.038,4344
0.038,4343
0.038,4342
0.038,4341
0.038,4340
0.038,4339
0.038,4338
0.038,4337
0.038,4336
0.038,4335
0.038,4334
0.038,4333
0.038,4332
0.038,4331
0.038,4330
0.038,4329
0.038,4328
0.038,4327
0.039,4326
0.039,4325
0.039,4324
0.039,4323
0.039,4322
0.039,4321
0.039,4320
0.039,4319
0.039,4318
0.039,4317
0.039,4316
0.039,4315
0.039,4314
0.039,4313
0.039,4312
0.039,4311
0.039,4310
0.039,4309
0.039,4308
0.039,4307
0.039,4306
0.039,4305
0.039,4304
0.039,4303
0.039,4302
0.039,4301
0.039,4300
0.039,4299
0.039,4298
0.039,4297
0.039,4296
0.039,4295
0.039,4294
0.039,4293
0.039,4292
0.039,4291
0.039,4290
0.039,4289
0.039,4288
0.040,4287
0.040,4286
0.040,4285
0.040,4284
0.040,4283
0.040,4282
0.040,4281
0.040,4280
0.040,4279
0.040,4278
0.040,4277
0.040,4276
0.040,4275
0.040,4274
0.040,4273
0.040,4272
0.040,4271
0.040,4270
0.040,4269
0.040,4268
0.040,4267
0.040,4266
0.040,4265
0.040,4264
0.040,4263
0.040,4262
0.040,4261
0.040,4260
0.040,4259
0.040,4258
0.040,4257
0.040,4256
0.040,4255
0.040,4254
0.040,4253
0.040,4252
0.040,4251
0.040,4250
0.040,4249
0.040,4248
0.040,4247
0.041,4246
0.041,4245
0.041,4244
0.041,4243
0.041,4242
0.041,4241
0.041,4240
0.041,4239
0.041,4238
0.041,4237
0.041,4236
0.041,4235
0.041,4234
0.041,4233
0.041,4232
0.041,4231
0.041,4230
0.041,4229
0.041,4228
0.041,4227
0.041,4226
0.041,4225
0.041,4224
0.041,4223
0.041,4222
0.041,4221
0.041,4220
0.041,4219
0.041,4218
0.041,4217
0.041,4216
0.041,4215
0.041,4214
0.041,4213
0.041,4212
0.041,4211
0.041,4210
0.041,4209
0.041,4208
0.041,4207
0.041,4206
0.041,4205
0.041,4204
0.041,4203
0.041,4202
0.042,4201
0.042,4200
0.042,4199
0.042,4198
0.042,4197
0.042,4196
0.042,4195
0.042,4194
0.042,4193
0.042,4192
0.042,4191
0.042,4190
0.042,4189
0.042,4188
0.042,4187
0.042,4186
0.042,4185
0.042,4184
0.042,4183
0.042,4182
0.042,4181
0.042,4180
0.042,4179
0.042,4178
0.042,4177
0.042,4176
0.042,4175
0.042,4174
0.042,4173
0.043,4172
0.043,4171
0.043,4170
0.043,4169
0.043,4168
0.043,4167
0.043,4166
0.043,4165
0.043,4164
0.043,4163
0.043,4162
0.043,4161
0.043,4160
0.043,4159
0.043,4158
0.043,4157
0.043,4156
0.043,4155
0.043,4154
0.043,4153
0.043,4152
0.043,4151
0.043,4150
0.043,4149
0.043,4148
0.043,4147
0.043,4146
0.043,4145
0.043,4144
0.043,4143
0.043,4142
0.043,4141
0.043,4140
0.043,4139
0.043,4138
0.043,4137
0.043,4136
0.043,4135
0.043,4134
0.043,4133
0.043,4132
0.043,4131
0.043,4130
0.043,4129
0.043,4128
0.044,4127
0.044,4126
0.044,4125
0.044,4124
0.044,4123
0.044,4122
0.044,4121
0.044,4120
0.044,4119
0.044,4118
0.044,4117
0.044,4116
0.044,4115
0.044,4114
0.044,4113
0.044,4112
0.044,4111
0.044,4110
0.044,4109
0.044,4108
0.044,4107
0.044,4106
0.044,4105
0.044,4104
0.044,4103
0.044,4102
0.044,4101
0.044,4100
0.044,4099
0.044,4098
0.044,4097
0.044,4096
0.044,4095
0.044,4094
0.044,4093
0.044,4092
0.044,4091
0.044,4090
0.044,4089
0.044,4088
0.044,4087
0.044,4086
0.044,4085
0.044,4084
0.044,4083
0.044,4082
0.044,4081
0.045,4080
0.045,4079
0.045,4078
0.045,4077
0.045,4076
0.045,4075
0.045,4074
0.045,4073
0.045,4072
0.045,4071
0.045,4070
0.045,4069
0.045,4068
0.045,4067
0.045,4066
0.045,4065
0.045,4064
0.045,4063
0.045,4062
0.045,4061
0.045,4060
0.045,4059
0.045,4058
0.045,4057
0.045,4056
0.045,4055
0.045,4054
0.045,4053
0.045,4052
0.045,4051
0.045,4050
0.045,4049
0.045,4048
0.045,4047
0.045,4046
0.045,4045
0.045,4044
0.045,4043
0.045,4042
0.045,4041
0.045,4040
0.045,4039
0.045,4038
0.045,4037
0.045,4036
0.046,4035
0.046,4034
0.046,4033
0.046,4032
0.046,4031
0.046,4030
0.046,4029
0.046,4028
0.046,4027
0.046,4026
0.046,4025
0.046,4024
0.046,4023
0.046,4022
0.046,4021
0.046,4020
0.046,4019
0.046,4018
0.046,4017
0.046,4016
0.046,4015
0.046,4014
0.046,4013
0.046,4012
0.046,4011
0.046,4010
0.046,4009
0.046,4008
0.046,4007
0.046,4006
0.046,4005
0.046,4004
0.046,4003
0.046,4002
0.046,4001
0.046,4000
0.046,3999
0.046,3998
0.046,3997
0.046,3996
0.046,3995
0.046,3994
0.047,3993
0.047,3992
0.047,3991
0.047,3990
0.047,3989
0.047,3988
0.047,3987
0.047,3986
0.047,3985
0.047,3984
0.047,3983
0.047,3982
0.047,3981
0.047,3980
0.047,3979
0.047,3978
0.047,3977
0.047,3976
0.047,3975
0.047,3974
0.047,3973
0.047,3972
0.047,3971
0.047,3970
0.047,3969
0.047,3968
0.047,3967
0.047,3966
0.047,3965
0.047,3964
0.047,3963
0.047,3962
0.047,3961
0.047,3960
0.047,3959
0.047,3958
0.047,3957
0.047,3956
0.047,3955
0.047,3954
0.047,3953
0.047,3952
0.048,3951
0.048,3950
0.048,3949
0.048,3948
0.048,3947
0.048,3946
0.048,3945
0.048,3944
0.048,3943
0.048,3942
0.048,3941
0.048,3940
0.048,3939
0.048,3938
0.048,3937
0.048,3936
0.048,3935
0.048,3934
0.048,3933
0.048,3932
0.048,3931
0.048,3930
0.048,3929
0.048,3928
0.048,3927
0.048,3926
0.048,3925
0.048,3924
0.048,3923
0.048,3922
0.048,3921
0.048,3920
0.048,3919
0.048,3918
0.048,3917
0.048,3916
0.048,3915
0.048,3914
0.048,3913
0.048,3912
0.048,3911
0.049,3910
0.049,3909
0.049,3908
0.049,3907
0.049,3906
0.049,3905
0.049,3904
0.049,3903
0.049,3902
0.049,3901
0.049,3900
0.049,3899
0.049,3898
0.049,3897
0.049,3896
0.049,3895
0.049,3894
0.049,3893
0.049,3892
0.049,3891
0.049,3890
0.049,3889
0.049,3888
0.049,3887
0.049,3886
0.049,3885
0.049,3884
0.049,3883
0.049,3882
0.049,3881
0.049,3880
0.049,3879
0.049,3878
0.049,3877
0.049,3876
0.049,3875
0.049,3874
0.049,3873
0.049,3872
0.049,3871
0.049,3870
0.049,3869
0.049,3868
0.050,3867
0.050,3866
0.050,3865
0.050,3864
0.050,3863
0.050,3862
0.050,3861
0.050,3860
0.050,3859
0.050,3858
0.050,3857
0.050,3856
0.050,3855
0.050,3854
0.050,3853
0.050,3852
0.050,3851
0.050,3850
0.050,3849
0.050,3848
0.050,3847
0.050,3846
0.050,3845
0.050,3844
0.050,3843
0.050,3842
0.050,3841
0.050,3840
0.050,3839
0.050,3838
0.050,3837
0.050,3836
0.050,3835
0.050,3834
0.050,3833
0.050,3832
0.050,3831
0.050,3830
0.050,3829
0.050,3828
0.050,3827
0.050,3826
0.050,3825
0.050,3824
0.050,3823
0.050,3822
0.050,3821
0.050,3820
0.050,3819
0.050,3818
0.050,3817
0.051,3816
0.051,3815
0.051,3814
0.051,3813
0.051,3812
0.051,3811
0.051,3810
0.051,3809
0.051,3808
0.051,3807
0.051,3806
0.051,3805
0.051,3804
0.051,3803
0.051,3802
0.051,3801
0.051,3800
0.051,3799
0.051,3798
0.051,3797
0.051,3796
0.051,3795
0.051,3794
0.051,3793
0.051,3792
0.051,3791
0.051,3790
0.051,3789
0.051,3788
0.051,3787
0.051,3786
0.051,3785
0.051,3784
0.051,3783
0.051,3782
0.051,3781
0.051,3780
0.051,3779
0.051,3778
0.051,3777
0.051,3776
0.052,3775
0.052,3774
0.052,3773
0.052,3772
0.052,3771
0.052,3770
0.052,3769
0.052,3768
0.052,3767
0.052,3766
0.052,3765
0.052,3764
0.052,3763
0.052,3762
0.052,3761
0.052,3760
0.052,3759
0.052,3758
0.052,3757
0.052,3756
0.052,3755
0.052,3754
0.052,3753
0.052,3752
0.052,3751
0.052,3750
0.052,3749
0.052,3748
0.052,3747
0.052,3746
0.052,3745
0.052,3744
0.052,3743
0.052,3742
0.052,3741
0.052,3740
0.052,3739
0.052,3738
0.052,3737
0.052,3736
0.052,3735
0.052,3734
0.052,3733
0.052,3732
0.052,3731
0.052,3730
0.052,3729
0.052,3728
0.052,3727
0.052,3726
0.052,3725
0.053,3724
0.053,3723
0.053,3722
0.053,3721
0.053,3720
0.053,3719
0.053,3718
0.053,3717
0.053,3716
0.053,3715
0.053,3714
0.053,3713
0.053,3712
0.053,3711
0.053,3710
0.053,3709
0.053,3708
0.053,3707
0.053,3706
0.053,3705
0.053,3704
0.053,3703
0.053,3702
0.053,3701
0.053,3700
0.053,3699
0.053,3698
0.053,3697
0.053,3696
0.053,3695
0.053,3694
0.053,3693
0.053,3692
0.053,3691
0.053,3690
0.053,3689
0.053,3688
0.053,3687
0.053,3686
0.053,3685
0.053,3684
0.053,3683
0.053,3682
0.053,3681
0.053,3680
0.053,3679
0.053,3678
0.053,3677
0.053,3676
0.053,3675
0.053,3674
0.053,3673
0.053,3672
0.053,3671
0.053,3670
0.054,3669
0.054,3668
0.054,3667
0.054,3666
0.054,3665
0.054,3664
0.054,3663
0.054,3662
0.054,3661
0.054,3660
0.054,3659
0.054,3658
0.054,3657
0.054,3656
0.054,3655
0.054,3654
0.054,3653
0.054,3652
0.054,3651
0.054,3650
0.054,3649
0.054,3648
0.054,3647
0.054,3646
0.054,3645
0.054,3644
0.054,3643
0.054,3642
0.054,3641
0.054,3640
0.054,3639
0.054,3638
0.054,3637
0.054,3636
0.054,3635
0.054,3634
0.054,3633
0.054,3632
0.054,3631
0.054,3630
0.054,3629
0.054,3628
0.054,3627
0.054,3626
0.054,3625
0.055,3624
0.055,3623
0.055,3622
0.055,3621
0.055,3620
0.055,3619
0.055,3618
0.055,3617
0.055,3616
0.055,3615
0.055,3614
0.055,3613
0.055,3612
0.055,3611
0.055,3610
0.055,3609
0.055,3608
0.055,3607
0.056,3606
0.056,3605
0.056,3604
0.056,3603
0.056,3602
0.056,3601
0.056,3600
0.056,3599
0.056,3598
0.056,3597
0.056,3596
0.056,3595
0.056,3594
0.056,3593
0.056,3592
0.056,3591
0.056,3590
0.056,3589
0.056,3588
0.056,3587
0.056,3586
0.056,3585
0.056,3584
0.056,3583
0.056,3582
0.056,3581
0.056,3580
0.056,3579
0.056,3578
0.056,3577
0.056,3576
0.056,3575
0.056,3574
0.056,3573
0.056,3572
0.056,3571
0.056,3570
0.056,3569
0.056,3568
0.056,3567
0.056,3566
0.056,3565
0.056,3564
0.056,3563
0.056,3562
0.057,3561
0.057,3560
0.057,3559
0.057,3558
0.057,3557
0.057,3556
0.057,3555
0.057,3554
0.057,3553
0.057,3552
0.057,3551
0.057,3550
0.057,3549
0.057,3548
0.057,3547
0.057,3546
0.057,3545
0.057,3544
0.057,3543
0.057,3542
0.057,3541
0.058,3540
0.058,3539
0.058,3538
0.058,3537
0.058,3536
0.058,3535
0.058,3534
0.058,3533
0.058,3532
0.058,3531
0.058,3530
0.058,3529
0.058,3528
0.058,3527
0.058,3526
0.058,3525
0.058,3524
0.058,3523
0.058,3522
0.058,3521
0.058,3520
0.058,3519
0.058,3518
0.058,3517
0.058,3516
0.058,3515
0.058,3514
0.058,3513
0.058,3512
0.058,3511
0.058,3510
0.058,3509
0.058,3508
0.058,3507
0.059,3506
0.059,3505
0.059,3504
0.059,3503
0.059,3502
0.059,3501
0.059,3500
0.059,3499
0.059,3498
0.059,3497
0.059,3496
0.059,3495
0.059,3494
0.059,3493
0.059,3492
0.059,3491
0.060,3490
0.060,3489
0.060,3488
0.060,3487
0.060,3486
0.060,3485
0.060,3484
0.060,3483
0.060,3482
0.060,3481
0.060,3480
0.060,3479
0.060,3478
0.060,3477
0.060,3476
0.060,3475
0.060,3474
0.062,3473
0.062,3472
0.063,3471
0.063,3470
0.063,3469
0.063,3468
0.063,3467
0.064,3466
0.064,3465
0.064,3464
0.064,3463
0.064,3462
0.064,3461
0.064,3460
0.064,3459
0.064,3458
0.064,3457
0.065,3456
0.065,3455
0.065,3454
0.065,3453
0.065,3452
0.065,3451
0.066,3450
0.066,3449
0.066,3448
0.066,3447
0.066,3446
0.069,3445
0.069,3444
0.069,3443
0.069,3442
0.069,3441
0.069,3440
0.069,3439
0.069,3438
0.071,3437
0.071,3436
0.073,3435
0.073,3434
0.073,3433
0.073,3432
0.073,3431
0.073,3430
0.073,3429
0.073,3428
0.073,3427
0.073,3426
0.073,3425
0.073,3424
0.073,3423
0.073,3422
0.073,3421
0.073,3420
0.073,3419
0.073,3418
0.073,3417
0.093,3416
0.093,3415
0.093,3414
0.093,3413
0.093,3412
0.093,3411
0.093,3410
0.093,3409
0.093,3408
0.093,3407
0.093,3406
0.093,3405
0.093,3404
0.093,3403
0.093,3402
0.093,3401
0.093,3400
0.093,3399
0.093,3398
0.093,3397
0.259,3396
0.259,3395
0.259,3394
0.259,3393
0.259,3392
0.259,3391
0.259,3390
0.259,3389
0.259,3388
0.259,3387
0.259,3386
0.259,3385
0.259,3384
0.259,3383
0.259,3382
0.259,3381
0.826,3380
0.826,3379
0.826,3378
1.875,3377
2.604,3376
2.604,3375
3.097,3374
3.097,3373
3.141,3372
3.141,3371
3.141,3370
3.141,3369
3.141,3368
3.141,3367
3.141,3366
3.141,3365
3.141,3364
3.141,3363
3.141,3362
3.141,3361
3.141,3360
3.141,3359
3.141,3358
3.141,3357
3.141,3356
3.141,3355
3.141,3354
3.141,3353
4.220,3352
4.220,3351
4.446,3350
4.446,3349
4.446,3348
4.446,3347
4.446,3346
4.446,3345
4.446,3344
4.446,3343
4.446,3342
4.446,3341
4.446,3340
4.446,3339
4.446,3338
4.446,3337
4.446,3336
4.446,3335
4.446,3334
4.446,3333
4.814,3332
4.814,3331
4.842,3330
4.842,3329
4.903,3328
4.904,3327
4.904,3326
4.904,3325
4.904,3324
4.904,3323
4.904,3322
4.904,3321
4.904,3320
4.904,3319
4.904,3318
4.904,3317
4.904,3316
4.904,3315
4.904,3314
4.904,3313
4.904,3312
4.904,3311
4.904,3310
4.904,3309
4.904,3308
4.904,3307
4.904,3306
4.904,3305
4.904,3304
5.015,3303
5.015,3302
5.015,3301
5.015,3300
5.015,3299
5.015,3298
5.015,3297
5.015,3296
5.015,3295
5.068,3294
5.068,3293
5.068,3292
5.068,3291
5.068,3290
5.068,3289
5.068,3288
5.068,3287
5.068,3286
5.068,3285
5.068,3284
5.068,3283
5.068,3282
5.068,3281
5.068,3280
5.068,3279
5.068,3278
5.068,3277
5.068,3276
5.068,3275
5.442,3274
5.442,3273
5.442,3272
5.442,3271
5.442,3270
5.442,3269
5.442,3268
5.442,3267
5.514,3266
5.514,3265
5.514,3264
5.514,3263
5.514,3262
5.514,3261
5.544,3260
5.545,3259
5.545,3258
5.545,3257
5.574,3256
5.574,3255
5.574,3254
5.574,3253
5.574,3252
5.574,3251
5.748,3250
5.748,3249
5.748,3248
5.748,3247
5.748,3246
5.748,3245
5.748,3244
5.748,3243
5.850,3242
5.850,3241
5.850,3240
5.850,3239
5.850,3238
5.850,3237
5.857,3236
5.857,3235
5.857,3234
5.857,3233
5.857,3232
5.857,3231
5.857,3230
5.857,3229
5.857,3228
5.857,3227
5.857,3226
5.857,3225
5.906,3224
5.906,3223
5.906,3222
5.906,3221
5.906,3220
5.906,3219
5.906,3218
5.906,3217
5.906,3216
5.906,3215
5.906,3214
5.906,3213
5.906,3212
5.906,3211
5.906,3210
5.988,3209
5.988,3208
5.988,3207
5.988,3206
5.988,3205
6.020,3204
6.020,3203
6.044,3202
6.044,3201
6.044,3200
6.044,3199
6.044,3198
6.044,3197
6.044,3196
6.044,3195
6.044,3194
6.071,3193
6.071,3192
6.071,3191
6.099,3190
6.099,3189
6.099,3188
6.141,3187
6.141,3186
6.141,3185
6.141,3184
6.141,3183
6.141,3182
6.141,3181
6.141,3180
6.141,3179
6.141,3178
6.141,3177
6.141,3176
6.141,3175
6.141,3174
6.141,3173
6.141,3172
6.141,3171
6.141,3170
6.141,3169
6.141,3168
6.141,3167
6.141,3166
6.141,3165
6.141,3164
6.141,3163
6.141,3162
6.141,3161
6.141,3160
6.141,3159
6.141,3158
6.141,3157
6.141,3156
6.141,3155
6.141,3154
6.141,3153
6.141,3152
6.141,3151
6.141,3150
6.141,3149
6.141,3148
6.141,3147
6.253,3146
6.253,3145
6.253,3144
6.253,3143
6.253,3142
6.253,3141
6.321,3140
6.321,3139
6.321,3138
6.321,3137
6.321,3136
6.321,3135
6.422,3134
6.422,3133
6.437,3132
6.437,3131
6.437,3130
6.437,3129
6.437,3128
6.437,3127
6.437,3126
6.437,3125
6.437,3124
6.437,3123
6.437,3122
6.437,3121
6.437,3120
6.437,3119
6.437,3118
6.437,3117
6.437,3116
6.437,3115
6.437,3114
6.437,3113
6.437,3112
6.437,3111
6.437,3110
6.511,3109
6.511,3108
6.511,3107
6.511,3106
6.512,3105
6.512,3104
6.512,3103
6.512,3102
6.512,3101
6.512,3100
6.512,3099
6.512,3098
6.512,3097
6.512,3096
6.512,3095
6.512,3094
6.512,3093
6.512,3092
6.512,3091
6.512,3090
6.512,3089
6.512,3088
6.512,3087
6.512,3086
6.512,3085
6.512,3084
6.512,3083
6.512,3082
6.512,3081
6.512,3080
6.512,3079
6.512,3078
6.512,3077
6.512,3076
6.512,3075
6.620,3074
6.620,3073
6.620,3072
6.620,3071
6.620,3070
6.620,3069
6.672,3068
6.672,3067
6.672,3066
6.672,3065
6.693,3064
6.693,3063
6.693,3062
6.693,3061
6.693,3060
6.693,3059
6.693,3058
6.693,3057
6.696,3056
6.696,3055
6.696,3054
6.696,3053
6.696,3052
6.696,3051
6.696,3050
6.696,3049
6.696,3048
6.696,3047
6.718,3046
6.718,3045
6.718,3044
6.718,3043
6.718,3042
6.718,3041
6.718,3040
6.718,3039
6.718,3038
6.743,3037
6.768,3036
6.768,3035
6.797,3034
6.797,3033
6.797,3032
6.797,3031
6.797,3030
6.797,3029
6.797,3028
6.797,3027
6.797,3026
6.797,3025
6.797,3024
6.797,3023
6.797,3022
6.797,3021
6.797,3020
6.797,3019
6.797,3018
6.797,3017
6.797,3016
6.797,3015
6.798,3014
6.798,3013
6.798,3012
6.798,3011
6.798,3010
6.805,3009
6.805,3008
6.805,3007
6.805,3006
6.805,3005
6.898,3004
6.898,3003
6.898,3002
6.898,3001
6.898,3000
6.898,2999
6.898,2998
6.898,2997
6.898,2996
6.898,2995
6.898,2994
6.898,2993
6.948,2992
6.948,2991
6.948,2990
6.948,2989
6.948,2988
6.948,2987
6.948,2986
6.948,2985
6.948,2984
6.948,2983
6.948,2982
6.948,2981
6.948,2980
6.948,2979
6.948,2978
6.948,2977
6.948,2976
6.948,2975
6.948,2974
6.948,2973
6.949,2972
6.949,2971
6.949,2970
6.970,2969
6.970,2968
6.970,2967
6.970,2966
6.970,2965
6.970,2964
7.032,2963
7.032,2962
7.032,2961
7.032,2960
7.032,2959
7.032,2958
7.032,2957
7.032,2956
7.032,2955
7.032,2954
7.032,2953
7.032,2952
7.032,2951
7.032,2950
7.032,2949
7.032,2948
7.032,2947
7.032,2946
7.032,2945
7.032,2944
7.032,2943
7.128,2942
7.128,2941
7.128,2940
7.128,2939
7.128,2938
7.128,2937
7.128,2936
7.128,2935
7.128,2934
7.128,2933
7.128,2932
7.128,2931
7.128,2930
7.128,2929
7.128,2928
7.128,2927
7.129,2926
7.129,2925
7.129,2924
7.129,2923
7.129,2922
7.129,2921
7.129,2920
7.129,2919
7.129,2918
7.129,2917
7.129,2916
7.129,2915
7.129,2914
7.129,2913
7.129,2912
7.129,2911
7.129,2910
7.129,2909
7.129,2908
7.129,2907
7.193,2906
7.193,2905
7.193,2904
7.193,2903
7.193,2902
7.193,2901
7.193,2900
7.193,2899
7.193,2898
7.193,2897
7.205,2896
7.205,2895
7.227,2894
7.227,2893
7.227,2892
7.227,2891
7.227,2890
7.227,2889
7.227,2888
7.227,2887
7.227,2886
7.247,2885
7.247,2884
7.247,2883
7.247,2882
7.247,2881
7.247,2880
7.247,2879
7.247,2878
7.247,2877
7.252,2876
7.252,2875
7.274,2874
7.274,2873
7.274,2872
7.274,2871
7.274,2870
7.274,2869
7.274,2868
7.274,2867
7.274,2866
7.274,2865
7.274,2864
7.274,2863
7.274,2862
7.274,2861
7.274,2860
7.274,2859
7.274,2858
7.320,2857
7.320,2856
7.326,2855
7.327,2854
7.327,2853
7.327,2852
7.327,2851
7.327,2850
7.327,2849
7.327,2848
7.327,2847
7.347,2846
7.347,2845
7.394,2844
7.394,2843
7.394,2842
7.394,2841
7.394,2840
7.409,2839
7.409,2838
7.409,2837
7.409,2836
7.409,2835
7.409,2834
7.409,2833
7.409,2832
7.409,2831
7.409,2830
7.409,2829
7.409,2828
7.409,2827
7.409,2826
7.409,2825
7.409,2824
7.409,2823
7.409,2822
7.409,2821
7.409,2820
7.409,2819
7.409,2818
7.409,2817
7.410,2816
7.411,2815
7.411,2814
7.411,2813
7.411,2812
7.411,2811
7.411,2810
7.411,2809
7.411,2808
7.411,2807
7.411,2806
7.411,2805
7.411,2804
7.411,2803
7.411,2802
7.411,2801
7.411,2800
7.462,2799
7.462,2798
7.462,2797
7.462,2796
7.462,2795
7.462,2794
7.491,2793
7.491,2792
7.491,2791
7.491,2790
7.491,2789
7.491,2788
7.491,2787
7.491,2786
7.491,2785
7.491,2784
7.491,2783
7.491,2782
7.491,2781
7.513,2780
7.536,2779
7.536,2778
7.536,2777
7.536,2776
7.536,2775
7.536,2774
7.536,2773
7.547,2772
7.547,2771
7.547,2770
7.547,2769
7.547,2768
7.566,2767
7.569,2766
7.569,2765
7.569,2764
7.569,2763
7.569,2762
7.569,2761
7.577,2760
7.597,2759
7.597,2758
7.597,2757
7.597,2756
7.597,2755
7.610,2754
7.610,2753
7.611,2752
7.611,2751
7.611,2750
7.627,2749
7.627,2748
7.627,2747
7.627,2746
7.627,2745
7.628,2744
7.628,2743
7.628,2742
7.628,2741
7.628,2740
7.629,2739
7.629,2738
7.629,2737
7.629,2736
7.629,2735
7.629,2734
7.629,2733
7.629,2732
7.629,2731
7.629,2730
7.629,2729
7.638,2728
7.638,2727
7.638,2726
7.658,2725
7.659,2724
7.659,2723
7.659,2722
7.659,2721
7.659,2720
7.659,2719
7.659,2718
7.659,2717
7.659,2716
7.659,2715
7.659,2714
7.662,2713
7.662,2712
7.699,2711
7.699,2710
7.699,2709
7.699,2708
7.699,2707
7.699,2706
7.721,2705
7.721,2704
7.743,2703
7.743,2702
7.743,2701
7.743,2700
7.743,2699
7.749,2698
7.749,2697
7.749,2696
7.749,2695
7.749,2694
7.749,2693
7.749,2692
7.749,2691
7.749,2690
7.749,2689
7.749,2688
7.750,2687
7.750,2686
7.755,2685
7.763,2684
7.763,2683
7.764,2682
7.793,2681
7.793,2680
7.793,2679
7.793,2678
7.793,2677
7.793,2676
7.796,2675
7.796,2674
7.796,2673
7.796,2672
7.796,2671
7.796,2670
7.796,2669
7.796,2668
7.796,2667
7.796,2666
7.796,2665
7.796,2664
7.796,2663
7.796,2662
7.796,2661
7.796,2660
7.796,2659
7.796,2658
7.796,2657
7.796,2656
7.796,2655
7.796,2654
7.796,2653
7.796,2652
7.796,2651
7.796,2650
7.796,2649
7.796,2648
7.796,2647
7.796,2646
7.796,2645
7.796,2644
7.796,2643
7.796,2642
7.796,2641
7.796,2640
7.796,2639
7.796,2638
7.797,2637
7.797,2636
7.797,2635
7.797,2634
7.798,2633
7.798,2632
7.798,2631
7.798,2630
7.798,2629
7.798,2628
7.798,2627
7.798,2626
7.798,2625
7.798,2624
7.798,2623
7.798,2622
7.798,2621
7.798,2620
7.798,2619
7.798,2618
7.798,2617
7.798,2616
7.798,2615
7.798,2614
7.798,2613
7.798,2612
7.798,2611
7.798,2610
7.798,2609
7.798,2608
7.920,2607
7.920,2606
7.920,2605
7.920,2604
7.920,2603
7.934,2602
7.937,2601
7.937,2600
7.937,2599
7.937,2598
7.947,2597
7.947,2596
7.947,2595
7.947,2594
7.947,2593
7.947,2592
7.947,2591
7.947,2590
7.947,2589
7.947,2588
7.947,2587
7.947,2586
7.947,2585
7.947,2584
7.947,2583
7.947,2582
7.947,2581
7.947,2580
7.947,2579
7.947,2578
7.947,2577
7.947,2576
7.947,2575
7.947,2574
7.947,2573
7.947,2572
7.972,2571
7.972,2570
7.972,2569
7.976,2568
7.976,2567
7.976,2566
7.976,2565
7.976,2564
7.976,2563
7.976,2562
7.976,2561
7.976,2560
8.023,2559
8.023,2558
8.023,2557
8.023,2556
8.033,2555
8.033,2554
8.033,2553
8.035,2552
8.035,2551
8.035,2550
8.035,2549
8.037,2548
8.037,2547
8.037,2546
8.037,2545
8.045,2544
8.045,2543
8.045,2542
8.045,2541
8.045,2540
8.045,2539
8.045,2538
8.045,2537
8.045,2536
8.045,2535
8.045,2534
8.045,2533
8.049,2532
8.074,2531
8.074,2530
8.116,2529
8.116,2528
8.116,2527
8.116,2526
8.116,2525
8.116,2524
8.116,2523
8.117,2522
8.117,2521
8.120,2520
8.120,2519
8.120,2518
8.120,2517
8.120,2516
8.120,2515
8.120,2514
8.120,2513
8.124,2512
8.124,2511
8.124,2510
8.124,2509
8.124,2508
8.124,2507
8.124,2506
8.124,2505
8.124,2504
8.124,2503
8.124,2502
8.124,2501
8.124,2500
8.153,2499
8.153,2498
8.153,2497
8.153,2496
8.153,2495
8.171,2494
8.171,2493
8.171,2492
8.171,2491
8.171,2490
8.171,2489
8.171,2488
8.171,2487
8.171,2486
8.171,2485
8.171,2484
8.171,2483
8.171,2482
8.171,2481
8.171,2480
8.171,2479
8.171,2478
8.171,2477
8.171,2476
8.171,2475
8.171,2474
8.197,2473
8.197,2472
8.197,2471
8.197,2470
8.228,2469
8.228,2468
8.228,2467
8.228,2466
8.228,2465
8.228,2464
8.228,2463
8.255,2462
8.256,2461
8.256,2460
8.256,2459
8.256,2458
8.256,2457
8.256,2456
8.256,2455
8.256,2454
8.256,2453
8.256,2452
8.256,2451
8.256,2450
8.256,2449
8.256,2448
8.279,2447
8.279,2446
8.282,2445
8.282,2444
8.282,2443
8.294,2442
8.294,2441
8.294,2440
8.328,2439
8.328,2438
8.328,2437
8.328,2436
8.328,2435
8.328,2434
8.328,2433
8.328,2432
8.328,2431
8.328,2430
8.328,2429
8.330,2428
8.342,2427
8.350,2426
8.350,2425
8.350,2424
8.359,2423
8.359,2422
8.359,2421
8.359,2420
8.359,2419
8.360,2418
8.360,2417
8.360,2416
8.360,2415
8.360,2414
8.360,2413
8.360,2412
8.382,2411
8.382,2410
8.382,2409
8.382,2408
8.382,2407
8.414,2406
8.414,2405
8.414,2404
8.414,2403
8.414,2402
8.414,2401
8.414,2400
8.414,2399
8.414,2398
8.432,2397
8.432,2396
8.433,2395
8.433,2394
8.433,2393
8.433,2392
8.433,2391
8.433,2390
8.441,2389
8.441,2388
8.441,2387
8.441,2386
8.441,2385
8.442,2384
8.442,2383
8.442,2382
8.442,2381
8.442,2380
8.442,2379
8.442,2378
8.442,2377
8.442,2376
8.443,2375
8.443,2374
8.448,2373
8.448,2372
8.448,2371
8.448,2370
8.466,2369
8.466,2368
8.466,2367
8.466,2366
8.466,2365
8.466,2364
8.466,2363
8.466,2362
8.528,2361
8.528,2360
8.542,2359
8.542,2358
8.542,2357
8.542,2356
8.544,2355
8.544,2354
8.544,2353
8.544,2352
8.544,2351
8.544,2350
8.544,2349
8.544,2348
8.544,2347
8.569,2346
8.569,2345
8.570,2344
8.570,2343
8.570,2342
8.592,2341
8.598,2340
8.598,2339
8.598,2338
8.598,2337
8.598,2336
8.598,2335
8.598,2334
8.618,2333
8.627,2332
8.627,2331
8.627,2330
8.627,2329
8.627,2328
8.627,2327
8.628,2326
8.628,2325
8.628,2324
8.628,2323
8.628,2322
8.628,2321
8.646,2320
8.646,2319
8.646,2318
8.646,2317
8.646,2316
8.678,2315
8.678,2314
8.678,2313
8.678,2312
8.678,2311
8.696,2310
8.697,2309
8.697,2308
8.697,2307
8.697,2306
8.697,2305
8.697,2304
8.697,2303
8.717,2302
8.717,2301
8.717,2300
8.717,2299
8.727,2298
8.756,2297
8.761,2296
8.761,2295
8.763,2294
8.763,2293
8.763,2292
8.763,2291
8.763,2290
8.770,2289
8.770,2288
8.770,2287
8.770,2286
8.770,2285
8.770,2284
8.770,2283
8.770,2282
8.821,2281
8.823,2280
8.823,2279
8.823,2278
8.823,2277
8.823,2276
8.823,2275
8.823,2274
8.823,2273
8.823,2272
8.823,2271
8.823,2270
8.823,2269
8.866,2268
8.869,2267
8.869,2266
8.869,2265
8.869,2264
8.904,2263
8.904,2262
8.933,2261
8.933,2260
8.956,2259
8.956,2258
8.956,2257
8.956,2256
8.957,2255
8.957,2254
8.957,2253
8.958,2252
8.958,2251
8.958,2250
8.990,2249
9.028,2248
9.040,2247
9.040,2246
9.048,2245
9.048,2244
9.048,2243
9.048,2242
9.048,2241
9.048,2240
9.048,2239
9.048,2238
9.072,2237
9.073,2236
9.073,2235
9.073,2234
9.118,2233
9.119,2232
9.119,2231
9.121,2230
9.128,2229
9.128,2228
9.163,2227
9.171,2226
9.171,2225
9.175,2224
9.185,2223
9.205,2222
9.205,2221
9.241,2220
9.241,2219
9.249,2218
9.249,2217
9.249,2216
9.251,2215
9.332,2214
9.333,2213
9.351,2212
9.402,2211
9.471,2210
