0.000,11022
0.003,11021
0.005,11020
0.005,11019
0.005,11018
0.005,11017
0.005,11016
0.005,11015
0.005,11014
0.005,11013
0.005,11012
0.005,11011
0.005,11010
0.006,11009
0.006,11008
0.006,11007
0.006,11006
0.006,11005
0.006,11004
0.006,11003
0.006,11002
0.006,11001
0.006,11000
0.006,10999
0.006,10998
0.007,10997
0.007,10996
0.007,10995
0.007,10994
0.007,10993
0.007,10992
0.007,10991
0.007,10990
0.007,10989
0.007,10988
0.007,10987
0.007,10986
0.007,10985
0.008,10984
0.008,10983
0.008,10982
0.008,10981
0.008,10980
0.008,10979
0.008,10978
0.008,10977
0.008,10976
0.008,10975
0.008,10974
0.008,10973
0.008,10972
0.008,10971
0.009,10970
0.009,10969
0.009,10968
0.009,10967
0.009,10966
0.009,10965
0.009,10964
0.009,10963
0.009,10962
0.009,10961
0.009,10960
0.009,10959
0.009,10958
0.009,10957
0.010,10956
0.010,10955
0.010,10954
0.010,10953
0.010,10952
0.010,10951
0.010,10950
0.010,10949
0.010,10948
0.010,10947
0.010,10946
0.010,10945
0.010,10944
0.010,10943
0.010,10942
0.011,10941
0.011,10940
0.011,10939
0.011,10938
0.011,10937
0.011,10936
0.011,10935
0.011,10934
0.011,10933
0.011,10932
0.011,10931
0.011,10930
0.011,10929
0.011,10928
0.011,10927
0.012,10926
0.012,10925
0.012,10924
0.012,10923
0.012,10922
0.012,10921
0.012,10920
0.012,10919
0.012,10918
0.012,10917
0.012,10916
0.012,10915
0.012,10914
0.012,10913
0.012,10912
0.013,10911
0.013,10910
0.013,10909
0.013,10908
0.013,10907
0.013,10906
0.013,10905
0.013,10904
0.013,10903
0.013,10902
0.013,10901
0.013,10900
0.013,10899
0.013,10898
0.013,10897
0.013,10896
0.015,10895
0.015,10894
0.015,10893
0.016,10892
0.016,10891
0.016,10890
0.016,10889
0.016,10888
0.016,10887
0.016,10886
0.016,10885
0.016,10884
0.016,10883
0.016,10882
0.016,10881
0.016,10880
0.016,10879
0.016,10878
0.016,10877
0.017,10876
0.017,10875
0.017,10874
0.017,10873
0.017,10872
0.017,10871
0.017,10870
0.017,10869
0.017,10868
0.017,10867
0.017,10866
0.017,10865
0.017,10864
0.020,10863
0.020,10862
0.020,10861
0.020,10860
0.020,10859
0.020,10858
0.020,10857
0.020,10856
0.020,10855
0.020,10854
0.021,10853
0.021,10852
0.021,10851
0.021,10850
0.021,10849
0.021,10848
0.021,10847
0.021,10846
0.021,10845
0.021,10844
0.021,10843
0.021,10842
0.021,10841
0.021,10840
0.021,10839
0.021,10838
0.021,10837
0.021,10836
0.022,10835
0.022,10834
0.022,10833
0.022,10832
0.022,10831
0.022,10830
0.022,10829
0.022,10828
0.022,10827
0.022,10826
0.022,10825
0.022,10824
0.022,10823
0.022,10822
0.022,10821
0.022,10820
0.022,10819
0.022,10818
0.022,10817
0.023,10816
0.023,10815
0.023,10814
0.023,10813
0.023,10812
0.023,10811
0.023,10810
0.023,10809
0.023,10808
0.023,10807
0.023,10806
0.023,10805
0.023,10804
0.023,10803
0.023,10802
0.023,10801
0.023,10800
0.023,10799
0.023,10798
0.024,10797
0.024,10796
0.024,10795
0.024,10794
0.024,10793
0.024,10792
0.024,10791
0.024,10790
0.024,10789
0.024,10788
0.024,10787
0.024,10786
0.024,10785
0.024,10784
0.024,10783
0.024,10782
0.024,10781
0.024,10780
0.024,10779
0.024,10778
0.024,10777
0.025,10776
0.025,10775
0.025,10774
0.025,10773
0.025,10772
0.025,10771
0.025,10770
0.025,10769
0.025,10768
0.027,10767
0.027,10766
0.027,10765
0.027,10764
0.027,10763
0.027,10762
0.027,10761
0.027,10760
0.027,10759
0.027,10758
0.027,10757
0.027,10756
0.027,10755
0.027,10754
0.027,10753
0.027,10752
0.027,10751
0.027,10750
0.027,10749
0.028,10748
0.028,10747
0.028,10746
0.028,10745
0.028,10744
0.028,10743
0.028,10742
0.028,10741
0.028,10740
0.028,10739
0.028,10738
0.028,10737
0.028,10736
0.028,10735
0.028,10734
0.028,10733
0.028,10732
0.028,10731
0.028,10730
0.028,10729
0.028,10728
0.028,10727
0.029,10726
0.029,10725
0.029,10724
0.029,10723
0.029,10722
0.029,10721
0.029,10720
0.029,10719
0.029,10718
0.029,10717
0.029,10716
0.029,10715
0.029,10714
0.029,10713
0.029,10712
0.029,10711
0.029,10710
0.029,10709
0.029,10708
0.029,10707
0.029,10706
0.029,10705
0.030,10704
0.030,10703
0.030,10702
0.030,10701
0.030,10700
0.030,10699
0.030,10698
0.030,10697
0.030,10696
0.030,10695
0.030,10694
0.030,10693
0.030,10692
0.030,10691
0.030,10690
0.030,10689
0.030,10688
0.030,10687
0.030,10686
0.030,10685
0.030,10684
0.030,10683
0.030,10682
0.031,10681
0.031,10680
0.031,10679
0.031,10678
0.031,10677
0.031,10676
0.031,10675
0.031,10674
0.031,10673
0.031,10672
0.031,10671
0.031,10670
0.031,10669
0.031,10668
0.031,10667
0.031,10666
0.031,10665
0.031,10664
0.031,10663
0.031,10662
0.031,10661
0.031,10660
0.032,10659
0.032,10658
0.032,10657
0.032,10656
0.032,10655
0.032,10654
0.032,10653
0.032,10652
0.032,10651
0.032,10650
0.032,10649
0.032,10648
0.032,10647
0.032,10646
0.032,10645
0.032,10644
0.032,10643
0.032,10642
0.032,10641
0.032,10640
0.032,10639
0.032,10638
0.032,10637
0.032,10636
0.033,10635
0.033,10634
0.033,10633
0.033,10632
0.033,10631
0.033,10630
0.033,10629
0.033,10628
0.033,10627
0.033,10626
0.033,10625
0.033,10624
0.033,10623
0.033,10622
0.033,10621
0.033,10620
0.033,10619
0.033,10618
0.033,10617
0.033,10616
0.033,10615
0.033,10614
0.033,10613
0.034,10612
0.034,10611
0.034,10610
0.034,10609
0.034,10608
0.034,10607
0.034,10606
0.034,10605
0.034,10604
0.034,10603
0.034,10602
0.034,10601
0.034,10600
0.034,10599
0.034,10598
0.034,10597
0.034,10596
0.034,10595
0.034,10594
0.034,10593
0.034,10592
0.034,10591
0.034,10590
0.034,10589
0.034,10588
0.034,10587
0.035,10586
0.035,10585
0.035,10584
0.035,10583
0.035,10582
0.035,10581
0.035,10580
0.035,10579
0.035,10578
0.035,10577
0.035,10576
0.035,10575
0.035,10574
0.035,10573
0.035,10572
0.035,10571
0.035,10570
0.035,10569
0.035,10568
0.035,10567
0.035,10566
0.035,10565
0.035,10564
0.035,10563
0.035,10562
0.035,10561
0.036,10560
0.036,10559
0.036,10558
0.036,10557
0.036,10556
0.036,10555
0.036,10554
0.036,10553
0.036,10552
0.036,10551
0.036,10550
0.036,10549
0.036,10548
0.036,10547
0.036,10546
0.036,10545
0.036,10544
0.036,10543
0.036,10542
0.036,10541
0.036,10540
0.036,10539
0.036,10538
0.036,10537
0.036,10536
0.037,10535
0.037,10534
0.037,10533
0.037,10532
0.037,10531
0.037,10530
0.037,10529
0.037,10528
0.037,10527
0.037,10526
0.037,10525
0.037,10524
0.037,10523
0.037,10522
0.037,10521
0.037,10520
0.037,10519
0.037,10518
0.037,10517
0.037,10516
0.037,10515
0.037,10514
0.037,10513
0.037,10512
0.037,10511
0.037,10510
0.037,10509
0.037,10508
0.037,10507
0.037,10506
0.037,10505
0.038,10504
0.038,10503
0.038,10502
0.038,10501
0.038,10500
0.038,10499
0.038,10498
0.038,10497
0.038,10496
0.038,10495
0.038,10494
0.038,10493
0.038,10492
0.038,10491
0.038,10490
0.038,10489
0.038,10488
0.038,10487
0.038,10486
0.038,10485
0.038,10484
0.038,10483
0.038,10482
0.038,10481
0.038,10480
0.038,10479
0.038,10478
0.039,10477
0.039,10476
0.039,10475
0.039,10474
0.039,10473
0.039,10472
0.039,10471
0.039,10470
0.039,10469
0.039,10468
0.039,10467
0.039,10466
0.039,10465
0.039,10464
0.039,10463
0.039,10462
0.039,10461
0.039,10460
0.039,10459
0.039,10458
0.039,10457
0.039,10456
0.039,10455
0.039,10454
0.039,10453
0.039,10452
0.039,10451
0.039,10450
0.040,10449
0.040,10448
0.040,10447
0.040,10446
0.040,10445
0.040,10444
0.040,10443
0.040,10442
0.040,10441
0.040,10440
0.040,10439
0.040,10438
0.040,10437
0.040,10436
0.040,10435
0.040,10434
0.040,10433
0.040,10432
0.040,10431
0.040,10430
0.040,10429
0.041,10428
0.041,10427
0.041,10426
0.041,10425
0.041,10424
0.041,10423
0.041,10422
0.041,10421
0.041,10420
0.041,10419
0.041,10418
0.041,10417
0.041,10416
0.041,10415
0.041,10414
0.041,10413
0.041,10412
0.041,10411
0.041,10410
0.041,10409
0.041,10408
0.041,10407
0.041,10406
0.041,10405
0.041,10404
0.041,10403
0.041,10402
0.041,10401
0.041,10400
0.041,10399
0.042,10398
0.042,10397
0.042,10396
0.042,10395
0.042,10394
0.042,10393
0.042,10392
0.042,10391
0.042,10390
0.042,10389
0.042,10388
0.042,10387
0.042,10386
0.042,10385
0.042,10384
0.042,10383
0.042,10382
0.042,10381
0.042,10380
0.042,10379
0.042,10378
0.042,10377
0.042,10376
0.042,10375
0.042,10374
0.042,10373
0.042,10372
0.042,10371
0.042,10370
0.042,10369
0.042,10368
0.043,10367
0.043,10366
0.043,10365
0.043,10364
0.043,10363
0.043,10362
0.043,10361
0.043,10360
0.043,10359
0.043,10358
0.043,10357
0.043,10356
0.043,10355
0.043,10354
0.043,10353
0.043,10352
0.043,10351
0.043,10350
0.043,10349
0.043,10348
0.043,10347
0.043,10346
0.043,10345
0.043,10344
0.043,10343
0.043,10342
0.043,10341
0.043,10340
0.044,10339
0.044,10338
0.044,10337
0.044,10336
0.044,10335
0.044,10334
0.044,10333
0.044,10332
0.044,10331
0.044,10330
0.044,10329
0.044,10328
0.044,10327
0.044,10326
0.044,10325
0.044,10324
0.044,10323
0.044,10322
0.044,10321
0.044,10320
0.044,10319
0.044,10318
0.044,10317
0.044,10316
0.045,10315
0.045,10314
0.045,10313
0.045,10312
0.045,10311
0.045,10310
0.045,10309
0.045,10308
0.045,10307
0.045,10306
0.045,10305
0.045,10304
0.045,10303
0.045,10302
0.045,10301
0.045,10300
0.045,10299
0.045,10298
0.045,10297
0.045,10296
0.045,10295
0.045,10294
0.045,10293
0.045,10292
0.045,10291
0.045,10290
0.045,10289
0.045,10288
0.045,10287
0.045,10286
0.045,10285
0.046,10284
0.046,10283
0.046,10282
0.046,10281
0.046,10280
0.046,10279
0.046,10278
0.046,10277
0.046,10276
0.046,10275
0.046,10274
0.046,10273
0.046,10272
0.046,10271
0.046,10270
0.046,10269
0.046,10268
0.046,10267
0.046,10266
0.046,10265
0.046,10264
0.046,10263
0.046,10262
0.046,10261
0.046,10260
0.046,10259
0.046,10258
0.046,10257
0.046,10256
0.046,10255
0.046,10254
0.047,10253
0.047,10252
0.047,10251
0.047,10250
0.047,10249
0.047,10248
0.047,10247
0.047,10246
0.047,10245
0.047,10244
0.047,10243
0.047,10242
0.047,10241
0.047,10240
0.047,10239
0.047,10238
0.047,10237
0.047,10236
0.047,10235
0.047,10234
0.047,10233
0.047,10232
0.047,10231
0.047,10230
0.047,10229
0.047,10228
0.047,10227
0.047,10226
0.047,10225
0.047,10224
0.047,10223
0.047,10222
0.047,10221
0.048,10220
0.048,10219
0.048,10218
0.048,10217
0.048,10216
0.048,10215
0.048,10214
0.048,10213
0.048,10212
0.048,10211
0.048,10210
0.048,10209
0.048,10208
0.048,10207
0.048,10206
0.048,10205
0.048,10204
0.048,10203
0.048,10202
0.048,10201
0.048,10200
0.048,10199
0.048,10198
0.048,10197
0.048,10196
0.048,10195
0.048,10194
0.048,10193
0.048,10192
0.048,10191
0.048,10190
0.048,10189
0.048,10188
0.048,10187
0.048,10186
0.049,10185
0.049,10184
0.049,10183
0.049,10182
0.049,10181
0.049,10180
0.049,10179
0.049,10178
0.049,10177
0.049,10176
0.049,10175
0.049,10174
0.049,10173
0.049,10172
0.049,10171
0.049,10170
0.049,10169
0.049,10168
0.049,10167
0.049,10166
0.049,10165
0.049,10164
0.049,10163
0.049,10162
0.049,10161
0.049,10160
0.049,10159
0.049,10158
0.049,10157
0.049,10156
0.049,10155
0.049,10154
0.049,10153
0.049,10152
0.049,10151
0.049,10150
0.049,10149
0.049,10148
0.050,10147
0.050,10146
0.050,10145
0.050,10144
0.050,10143
0.050,10142
0.050,10141
0.050,10140
0.050,10139
0.050,10138
0.050,10137
0.050,10136
0.050,10135
0.050,10134
0.050,10133
0.050,10132
0.050,10131
0.050,10130
0.050,10129
0.050,10128
0.050,10127
0.050,10126
0.050,10125
0.050,10124
0.050,10123
0.050,10122
0.050,10121
0.050,10120
0.050,10119
0.050,10118
0.050,10117
0.050,10116
0.050,10115
0.050,10114
0.051,10113
0.051,10112
0.051,10111
0.051,10110
0.051,10109
0.051,10108
0.051,10107
0.051,10106
0.051,10105
0.051,10104
0.051,10103
0.051,10102
0.051,10101
0.051,10100
0.051,10099
0.051,10098
0.051,10097
0.051,10096
0.051,10095
0.051,10094
0.051,10093
0.051,10092
0.051,10091
0.051,10090
0.051,10089
0.051,10088
0.051,10087
0.051,10086
0.051,10085
0.051,10084
0.051,10083
0.051,10082
0.051,10081
0.051,10080
0.051,10079
0.051,10078
0.051,10077
0.051,10076
0.051,10075
0.052,10074
0.052,10073
0.052,10072
0.052,10071
0.052,10070
0.052,10069
0.052,10068
0.052,10067
0.052,10066
0.052,10065
0.052,10064
0.052,10063
0.052,10062
0.052,10061
0.052,10060
0.052,10059
0.052,10058
0.052,10057
0.052,10056
0.052,10055
0.052,10054
0.052,10053
0.052,10052
0.052,10051
0.052,10050
0.052,10049
0.052,10048
0.052,10047
0.052,10046
0.052,10045
0.052,10044
0.052,10043
0.052,10042
0.052,10041
0.052,10040
0.052,10039
0.052,10038
0.052,10037
0.052,10036
0.052,10035
0.052,10034
0.053,10033
0.053,10032
0.053,10031
0.053,10030
0.053,10029
0.053,10028
0.053,10027
0.053,10026
0.053,10025
0.053,10024
0.053,10023
0.053,10022
0.053,10021
0.053,10020
0.053,10019
0.053,10018
0.053,10017
0.053,10016
0.053,10015
0.053,10014
0.053,10013
0.053,10012
0.053,10011
0.053,10010
0.053,10009
0.053,10008
0.053,10007
0.053,10006
0.053,10005
0.053,10004
0.053,10003
0.053,10002
0.053,10001
0.053,10000
0.053,9999
0.053,9998
0.053,9997
0.053,9996
0.053,9995
0.053,9994
0.054,9993
0.054,9992
0.054,9991
0.054,9990
0.054,9989
0.054,9988
0.054,9987
0.054,9986
0.054,9985
0.054,9984
0.054,9983
0.054,9982
0.054,9981
0.054,9980
0.054,9979
0.054,9978
0.054,9977
0.054,9976
0.054,9975
0.054,9974
0.054,9973
0.054,9972
0.054,9971
0.054,9970
0.054,9969
0.054,9968
0.054,9967
0.054,9966
0.054,9965
0.054,9964
0.054,9963
0.054,9962
0.054,9961
0.054,9960
0.054,9959
0.054,9958
0.054,9957
0.054,9956
0.054,9955
0.054,9954
0.054,9953
0.054,9952
0.055,9951
0.055,9950
0.055,9949
0.055,9948
0.055,9947
0.055,9946
0.055,9945
0.055,9944
0.055,9943
0.055,9942
0.055,9941
0.055,9940
0.055,9939
0.055,9938
0.055,9937
0.055,9936
0.055,9935
0.055,9934
0.055,9933
0.055,9932
0.055,9931
0.055,9930
0.055,9929
0.055,9928
0.055,9927
0.055,9926
0.055,9925
0.055,9924
0.055,9923
0.055,9922
0.055,9921
0.055,9920
0.055,9919
0.055,9918
0.055,9917
0.055,9916
0.055,9915
0.055,9914
0.055,9913
0.055,9912
0.055,9911
0.055,9910
0.055,9909
0.055,9908
0.055,9907
0.055,9906
0.056,9905
0.056,9904
0.056,9903
0.056,9902
0.056,9901
0.056,9900
0.056,9899
0.056,9898
0.056,9897
0.056,9896
0.056,9895
0.056,9894
0.056,9893
0.056,9892
0.056,9891
0.056,9890
0.056,9889
0.056,9888
0.056,9887
0.056,9886
0.056,9885
0.056,9884
0.056,9883
0.056,9882
0.056,9881
0.056,9880
0.056,9879
0.056,9878
0.056,9877
0.056,9876
0.056,9875
0.056,9874
0.056,9873
0.056,9872
0.056,9871
0.056,9870
0.056,9869
0.056,9868
0.056,9867
0.056,9866
0.056,9865
0.056,9864
0.056,9863
0.056,9862
0.056,9861
0.056,9860
0.056,9859
0.056,9858
0.056,9857
0.056,9856
0.056,9855
0.057,9854
0.057,9853
0.057,9852
0.057,9851
0.057,9850
0.057,9849
0.057,9848
0.057,9847
0.057,9846
0.057,9845
0.057,9844
0.057,9843
0.057,9842
0.057,9841
0.057,9840
0.057,9839
0.057,9838
0.057,9837
0.057,9836
0.057,9835
0.057,9834
0.057,9833
0.057,9832
0.057,9831
0.057,9830
0.057,9829
0.057,9828
0.057,9827
0.057,9826
0.057,9825
0.057,9824
0.057,9823
0.057,9822
0.057,9821
0.057,9820
0.057,9819
0.057,9818
0.057,9817
0.057,9816
0.057,9815
0.057,9814
0.057,9813
0.057,9812
0.057,9811
0.057,9810
0.057,9809
0.057,9808
0.057,9807
0.057,9806
0.058,9805
0.058,9804
0.058,9803
0.058,9802
0.058,9801
0.058,9800
0.058,9799
0.058,9798
0.058,9797
0.058,9796
0.058,9795
0.058,9794
0.058,9793
0.058,9792
0.058,9791
0.058,9790
0.058,9789
0.058,9788
0.058,9787
0.058,9786
0.058,9785
0.058,9784
0.058,9783
0.058,9782
0.058,9781
0.058,9780
0.058,9779
0.058,9778
0.058,9777
0.058,9776
0.058,9775
0.058,9774
0.058,9773
0.058,9772
0.058,9771
0.058,9770
0.058,9769
0.059,9768
0.059,9767
0.059,9766
0.059,9765
0.059,9764
0.059,9763
0.059,9762
0.059,9761
0.059,9760
0.059,9759
0.059,9758
0.059,9757
0.059,9756
0.059,9755
0.059,9754
0.059,9753
0.059,9752
0.059,9751
0.059,9750
0.059,9749
0.059,9748
0.059,9747
0.059,9746
0.059,9745
0.059,9744
0.059,9743
0.059,9742
0.059,9741
0.059,9740
0.059,9739
0.059,9738
0.059,9737
0.059,9736
0.060,9735
0.060,9734
0.060,9733
0.060,9732
0.060,9731
0.060,9730
0.060,9729
0.060,9728
0.060,9727
0.060,9726
0.060,9725
0.060,9724
0.060,9723
0.060,9722
0.060,9721
0.060,9720
0.060,9719
0.060,9718
0.060,9717
0.060,9716
0.060,9715
0.060,9714
0.060,9713
0.060,9712
0.060,9711
0.060,9710
0.060,9709
0.060,9708
0.060,9707
0.060,9706
0.060,9705
0.060,9704
0.060,9703
0.060,9702
0.060,9701
0.060,9700
0.060,9699
0.060,9698
0.060,9697
0.060,9696
0.060,9695
0.060,9694
0.060,9693
0.060,9692
0.060,9691
0.060,9690
0.060,9689
0.060,9688
0.060,9687
0.060,9686
0.060,9685
0.060,9684
0.060,9683
0.060,9682
0.060,9681
0.060,9680
0.060,9679
0.060,9678
0.060,9677
0.060,9676
0.060,9675
0.060,9674
0.061,9673
0.061,9672
0.061,9671
0.061,9670
0.061,9669
0.061,9668
0.061,9667
0.061,9666
0.061,9665
0.061,9664
0.061,9663
0.061,9662
0.061,9661
0.061,9660
0.061,9659
0.061,9658
0.061,9657
0.061,9656
0.061,9655
0.061,9654
0.061,9653
0.061,9652
0.061,9651
0.061,9650
0.061,9649
0.061,9648
0.061,9647
0.061,9646
0.061,9645
0.061,9644
0.061,9643
0.061,9642
0.061,9641
0.061,9640
0.061,9639
0.061,9638
0.061,9637
0.061,9636
0.061,9635
0.061,9634
0.061,9633
0.061,9632
0.061,9631
0.061,9630
0.061,9629
0.061,9628
0.061,9627
0.061,9626
0.062,9625
0.062,9624
0.062,9623
0.062,9622
0.062,9621
0.062,9620
0.062,9619
0.062,9618
0.062,9617
0.062,9616
0.062,9615
0.062,9614
0.062,9613
0.062,9612
0.062,9611
0.062,9610
0.062,9609
0.062,9608
0.062,9607
0.062,9606
0.062,9605
0.062,9604
0.062,9603
0.062,9602
0.062,9601
0.062,9600
0.062,9599
0.062,9598
0.062,9597
0.062,9596
0.062,9595
0.062,9594
0.062,9593
0.062,9592
0.062,9591
0.062,9590
0.062,9589
0.062,9588
0.062,9587
0.062,9586
0.062,9585
0.062,9584
0.062,9583
0.062,9582
0.062,9581
0.062,9580
0.062,9579
0.062,9578
0.062,9577
0.062,9576
0.063,9575
0.063,9574
0.063,9573
0.063,9572
0.063,9571
0.063,9570
0.063,9569
0.063,9568
0.063,9567
0.063,9566
0.063,9565
0.063,9564
0.063,9563
0.063,9562
0.063,9561
0.063,9560
0.063,9559
0.063,9558
0.063,9557
0.063,9556
0.063,9555
0.063,9554
0.063,9553
0.063,9552
0.063,9551
0.063,9550
0.063,9549
0.063,9548
0.063,9547
0.063,9546
0.063,9545
0.063,9544
0.063,9543
0.063,9542
0.063,9541
0.063,9540
0.063,9539
0.063,9538
0.063,9537
0.063,9536
0.063,9535
0.063,9534
0.063,9533
0.063,9532
0.063,9531
0.063,9530
0.063,9529
0.063,9528
0.063,9527
0.063,9526
0.063,9525
0.063,9524
0.063,9523
0.063,9522
0.063,9521
0.063,9520
0.063,9519
0.063,9518
0.064,9517
0.064,9516
0.064,9515
0.064,9514
0.064,9513
0.064,9512
0.064,9511
0.064,9510
0.064,9509
0.064,9508
0.064,9507
0.064,9506
0.064,9505
0.064,9504
0.064,9503
0.064,9502
0.064,9501
0.064,9500
0.064,9499
0.064,9498
0.064,9497
0.064,9496
0.064,9495
0.064,9494
0.064,9493
0.064,9492
0.064,9491
0.064,9490
0.064,9489
0.064,9488
0.064,9487
0.064,9486
0.064,9485
0.064,9484
0.064,9483
0.064,9482
0.064,9481
0.064,9480
0.064,9479
0.064,9478
0.064,9477
0.064,9476
0.064,9475
0.064,9474
0.064,9473
0.064,9472
0.064,9471
0.064,9470
0.064,9469
0.064,9468
0.064,9467
0.064,9466
0.064,9465
0.064,9464
0.064,9463
0.064,9462
0.064,9461
0.064,9460
0.064,9459
0.064,9458
0.065,9457
0.065,9456
0.065,9455
0.065,9454
0.065,9453
0.065,9452
0.065,9451
0.065,9450
0.065,9449
0.065,9448
0.065,9447
0.065,9446
0.065,9445
0.065,9444
0.065,9443
0.065,9442
0.065,9441
0.065,9440
0.065,9439
0.065,9438
0.065,9437
0.065,9436
0.065,9435
0.065,9434
0.065,9433
0.065,9432
0.065,9431
0.065,9430
0.065,9429
0.065,9428
0.065,9427
0.065,9426
0.065,9425
0.065,9424
0.065,9423
0.065,9422
0.065,9421
0.065,9420
0.065,9419
0.065,9418
0.065,9417
0.065,9416
0.065,9415
0.065,9414
0.065,9413
0.065,9412
0.065,9411
0.065,9410
0.065,9409
0.065,9408
0.065,9407
0.065,9406
0.065,9405
0.065,9404
0.065,9403
0.065,9402
0.065,9401
0.065,9400
0.065,9399
0.065,9398
0.065,9397
0.066,9396
0.066,9395
0.066,9394
0.066,9393
0.066,9392
0.066,9391
0.066,9390
0.066,9389
0.066,9388
0.066,9387
0.066,9386
0.066,9385
0.066,9384
0.066,9383
0.066,9382
0.066,9381
0.066,9380
0.066,9379
0.066,9378
0.066,9377
0.066,9376
0.066,9375
0.066,9374
0.066,9373
0.066,9372
0.066,9371
0.066,9370
0.066,9369
0.066,9368
0.066,9367
0.066,9366
0.066,9365
0.066,9364
0.066,9363
0.066,9362
0.066,9361
0.066,9360
0.066,9359
0.066,9358
0.066,9357
0.066,9356
0.066,9355
0.066,9354
0.066,9353
0.066,9352
0.066,9351
0.066,9350
0.066,9349
0.066,9348
0.066,9347
0.066,9346
0.066,9345
0.066,9344
0.066,9343
0.066,9342
0.067,9341
0.067,9340
0.067,9339
0.067,9338
0.067,9337
0.067,9336
0.067,9335
0.067,9334
0.067,9333
0.067,9332
0.067,9331
0.067,9330
0.067,9329
0.067,9328
0.067,9327
0.067,9326
0.067,9325
0.067,9324
0.067,9323
0.067,9322
0.067,9321
0.067,9320
0.067,9319
0.067,9318
0.067,9317
0.067,9316
0.067,9315
0.067,9314
0.067,9313
0.067,9312
0.067,9311
0.067,9310
0.067,9309
0.067,9308
0.067,9307
0.067,9306
0.067,9305
0.067,9304
0.067,9303
0.067,9302
0.067,9301
0.067,9300
0.067,9299
0.067,9298
0.067,9297
0.067,9296
0.067,9295
0.067,9294
0.067,9293
0.067,9292
0.067,9291
0.067,9290
0.067,9289
0.067,9288
0.067,9287
0.067,9286
0.067,9285
0.067,9284
0.067,9283
0.068,9282
0.068,9281
0.068,9280
0.068,9279
0.068,9278
0.068,9277
0.068,9276
0.068,9275
0.068,9274
0.068,9273
0.068,9272
0.068,9271
0.068,9270
0.068,9269
0.068,9268
0.068,9267
0.068,9266
0.068,9265
0.068,9264
0.068,9263
0.068,9262
0.068,9261
0.068,9260
0.068,9259
0.068,9258
0.068,9257
0.068,9256
0.068,9255
0.068,9254
0.068,9253
0.068,9252
0.068,9251
0.068,9250
0.068,9249
0.068,9248
0.068,9247
0.068,9246
0.068,9245
0.068,9244
0.068,9243
0.068,9242
0.068,9241
0.068,9240
0.068,9239
0.068,9238
0.068,9237
0.068,9236
0.068,9235
0.068,9234
0.068,9233
0.068,9232
0.069,9231
0.069,9230
0.069,9229
0.069,9228
0.069,9227
0.069,9226
0.069,9225
0.069,9224
0.069,9223
0.069,9222
0.069,9221
0.069,9220
0.069,9219
0.069,9218
0.069,9217
0.069,9216
0.069,9215
0.069,9214
0.069,9213
0.069,9212
0.069,9211
0.069,9210
0.069,9209
0.069,9208
0.069,9207
0.069,9206
0.069,9205
0.069,9204
0.069,9203
0.069,9202
0.069,9201
0.069,9200
0.069,9199
0.069,9198
0.069,9197
0.069,9196
0.069,9195
0.069,9194
0.069,9193
0.069,9192
0.069,9191
0.069,9190
0.069,9189
0.069,9188
0.069,9187
0.069,9186
0.070,9185
0.070,9184
0.070,9183
0.070,9182
0.070,9181
0.070,9180
0.070,9179
0.070,9178
0.070,9177
0.070,9176
0.070,9175
0.070,9174
0.070,9173
0.070,9172
0.070,9171
0.070,9170
0.070,9169
0.070,9168
0.070,9167
0.070,9166
0.070,9165
0.070,9164
0.070,9163
0.070,9162
0.070,9161
0.070,9160
0.070,9159
0.070,9158
0.070,9157
0.070,9156
0.070,9155
0.070,9154
0.070,9153
0.070,9152
0.070,9151
0.070,9150
0.070,9149
0.070,9148
0.070,9147
0.070,9146
0.070,9145
0.070,9144
0.070,9143
0.070,9142
0.070,9141
0.070,9140
0.070,9139
0.070,9138
0.071,9137
0.071,9136
0.071,9135
0.071,9134
0.071,9133
0.071,9132
0.071,9131
0.071,9130
0.071,9129
0.071,9128
0.071,9127
0.071,9126
0.071,9125
0.071,9124
0.071,9123
0.071,9122
0.071,9121
0.071,9120
0.071,9119
0.071,9118
0.071,9117
0.071,9116
0.071,9115
0.071,9114
0.071,9113
0.071,9112
0.071,9111
0.071,9110
0.071,9109
0.071,9108
0.071,9107
0.071,9106
0.071,9105
0.071,9104
0.071,9103
0.071,9102
0.071,9101
0.071,9100
0.071,9099
0.071,9098
0.071,9097
0.071,9096
0.071,9095
0.071,9094
0.071,9093
0.071,9092
0.071,9091
0.071,9090
0.071,9089
0.071,9088
0.071,9087
0.071,9086
0.072,9085
0.072,9084
0.072,9083
0.072,9082
0.072,9081
0.072,9080
0.072,9079
0.072,9078
0.072,9077
0.072,9076
0.072,9075
0.072,9074
0.072,9073
0.072,9072
0.072,9071
0.072,9070
0.072,9069
0.072,9068
0.072,9067
0.072,9066
0.072,9065
0.072,9064
0.072,9063
0.072,9062
0.072,9061
0.072,9060
0.072,9059
0.072,9058
0.072,9057
0.072,9056
0.072,9055
0.072,9054
0.072,9053
0.072,9052
0.072,9051
0.072,9050
0.072,9049
0.072,9048
0.072,9047
0.072,9046
0.072,9045
0.072,9044
0.072,9043
0.072,9042
0.072,9041
0.072,9040
0.073,9039
0.073,9038
0.073,9037
0.073,9036
0.073,9035
0.073,9034
0.073,9033
0.073,9032
0.073,9031
0.073,9030
0.073,9029
0.073,9028
0.073,9027
0.073,9026
0.073,9025
0.073,9024
0.073,9023
0.073,9022
0.073,9021
0.073,9020
0.073,9019
0.073,9018
0.073,9017
0.073,9016
0.073,9015
0.073,9014
0.073,9013
0.073,9012
0.073,9011
0.073,9010
0.073,9009
0.073,9008
0.073,9007
0.073,9006
0.073,9005
0.073,9004
0.073,9003
0.073,9002
0.073,9001
0.073,9000
0.073,8999
0.074,8998
0.074,8997
0.074,8996
0.074,8995
0.074,8994
0.074,8993
0.074,8992
0.074,8991
0.074,8990
0.074,8989
0.074,8988
0.074,8987
0.074,8986
0.074,8985
0.074,8984
0.074,8983
0.074,8982
0.074,8981
0.074,8980
0.074,8979
0.074,8978
0.074,8977
0.074,8976
0.074,8975
0.074,8974
0.074,8973
0.074,8972
0.074,8971
0.074,8970
0.074,8969
0.074,8968
0.074,8967
0.074,8966
0.074,8965
0.074,8964
0.074,8963
0.075,8962
0.075,8961
0.075,8960
0.075,8959
0.075,8958
0.075,8957
0.075,8956
0.075,8955
0.075,8954
0.075,8953
0.075,8952
0.075,8951
0.075,8950
0.075,8949
0.075,8948
0.075,8947
0.075,8946
0.075,8945
0.075,8944
0.075,8943
0.075,8942
0.075,8941
0.075,8940
0.075,8939
0.075,8938
0.075,8937
0.075,8936
0.075,8935
0.075,8934
0.075,8933
0.075,8932
0.075,8931
0.076,8930
0.076,8929
0.076,8928
0.076,8927
0.076,8926
0.076,8925
0.076,8924
0.076,8923
0.076,8922
0.076,8921
0.076,8920
0.076,8919
0.076,8918
0.076,8917
0.076,8916
0.076,8915
0.076,8914
0.076,8913
0.076,8912
0.076,8911
0.076,8910
0.077,8909
0.077,8908
0.077,8907
0.077,8906
0.077,8905
0.077,8904
0.077,8903
0.077,8902
0.077,8901
0.077,8900
0.077,8899
0.077,8898
0.077,8897
0.077,8896
0.077,8895
0.077,8894
0.077,8893
0.077,8892
0.077,8891
0.077,8890
0.077,8889
0.077,8888
0.077,8887
0.077,8886
0.077,8885
0.077,8884
0.077,8883
0.077,8882
0.077,8881
0.078,8880
0.078,8879
0.078,8878
0.078,8877
0.078,8876
0.078,8875
0.078,8874
0.078,8873
0.078,8872
0.078,8871
0.078,8870
0.078,8869
0.078,8868
0.078,8867
0.078,8866
0.078,8865
0.078,8864
0.078,8863
0.078,8862
0.078,8861
0.078,8860
0.078,8859
0.078,8858
0.078,8857
0.078,8856
0.078,8855
0.078,8854
0.078,8853
0.078,8852
0.078,8851
0.078,8850
0.078,8849
0.078,8848
0.078,8847
0.078,8846
0.078,8845
0.078,8844
0.078,8843
0.078,8842
0.078,8841
0.078,8840
0.078,8839
0.078,8838
0.078,8837
0.078,8836
0.078,8835
0.078,8834
0.078,8833
0.078,8832
0.078,8831
0.078,8830
0.078,8829
0.078,8828
0.078,8827
0.078,8826
0.078,8825
0.078,8824
0.078,8823
0.079,8822
0.079,8821
0.079,8820
0.079,8819
0.079,8818
0.079,8817
0.079,8816
0.079,8815
0.080,8814
0.080,8813
0.080,8812
0.080,8811
0.080,8810
0.080,8809
0.080,8808
0.080,8807
0.080,8806
0.080,8805
0.080,8804
0.080,8803
0.080,8802
0.080,8801
0.080,8800
0.080,8799
0.080,8798
0.080,8797
0.080,8796
0.080,8795
0.080,8794
0.080,8793
0.080,8792
0.080,8791
0.080,8790
0.080,8789
0.080,8788
0.080,8787
0.080,8786
0.080,8785
0.080,8784
0.080,8783
0.080,8782
0.080,8781
0.080,8780
0.080,8779
0.080,8778
0.080,8777
0.080,8776
0.080,8775
0.080,8774
0.080,8773
0.080,8772
0.080,8771
0.080,8770
0.080,8769
0.080,8768
0.080,8767
0.080,8766
0.080,8765
0.080,8764
0.080,8763
0.080,8762
0.080,8761
0.080,8760
0.080,8759
0.080,8758
0.080,8757
0.081,8756
0.081,8755
0.081,8754
0.081,8753
0.081,8752
0.081,8751
0.081,8750
0.081,8749
0.081,8748
0.081,8747
0.081,8746
0.081,8745
0.081,8744
0.081,8743
0.081,8742
0.081,8741
0.081,8740
0.081,8739
0.081,8738
0.081,8737
0.081,8736
0.081,8735
0.081,8734
0.081,8733
0.081,8732
0.082,8731
0.082,8730
0.082,8729
0.082,8728
0.082,8727
0.082,8726
0.082,8725
0.082,8724
0.082,8723
0.082,8722
0.082,8721
0.082,8720
0.082,8719
0.082,8718
0.082,8717
0.082,8716
0.082,8715
0.082,8714
0.082,8713
0.082,8712
0.082,8711
0.082,8710
0.090,8709
0.090,8708
0.090,8707
0.090,8706
0.090,8705
0.090,8704
0.090,8703
0.090,8702
0.090,8701
0.090,8700
0.090,8699
0.090,8698
0.090,8697
0.090,8696
0.090,8695
0.094,8694
0.094,8693
0.094,8692
0.094,8691
0.095,8690
0.095,8689
0.095,8688
0.095,8687
0.095,8686
0.095,8685
0.095,8684
0.095,8683
0.095,8682
0.095,8681
0.095,8680
0.095,8679
0.095,8678
0.095,8677
0.095,8676
0.095,8675
0.095,8674
0.095,8673
0.095,8672
0.095,8671
0.095,8670
0.095,8669
0.095,8668
0.095,8667
0.095,8666
0.095,8665
0.095,8664
0.095,8663
0.095,8662
0.095,8661
0.095,8660
0.095,8659
0.095,8658
0.095,8657
0.095,8656
0.095,8655
0.095,8654
0.095,8653
0.095,8652
0.095,8651
0.095,8650
0.095,8649
0.095,8648
0.095,8647
0.095,8646
0.095,8645
0.095,8644
0.095,8643
0.095,8642
0.095,8641
0.095,8640
0.095,8639
0.095,8638
0.095,8637
0.095,8636
0.095,8635
0.095,8634
0.095,8633
0.095,8632
0.097,8631
0.097,8630
0.097,8629
0.097,8628
0.097,8627
0.097,8626
0.097,8625
0.097,8624
0.097,8623
0.097,8622
0.097,8621
0.097,8620
0.097,8619
0.098,8618
0.098,8617
0.098,8616
0.098,8615
0.098,8614
0.098,8613
0.098,8612
0.098,8611
0.098,8610
0.098,8609
0.098,8608
0.098,8607
0.098,8606
0.726,8605
0.726,8604
0.726,8603
0.726,8602
0.726,8601
0.726,8600
0.726,8599
0.726,8598
0.726,8597
0.726,8596
0.726,8595
0.726,8594
0.726,8593
0.726,8592
0.726,8591
0.726,8590
0.726,8589
0.726,8588
1.482,8587
1.482,8586
1.482,8585
1.482,8584
1.482,8583
1.482,8582
1.482,8581
1.482,8580
1.482,8579
1.482,8578
1.482,8577
1.482,8576
1.482,8575
1.482,8574
3.213,8573
4.505,8572
4.505,8571
4.505,8570
4.505,8569
4.505,8568
4.505,8567
4.505,8566
4.791,8565
4.791,8564
4.791,8563
4.791,8562
4.791,8561
4.791,8560
4.791,8559
4.791,8558
4.791,8557
4.791,8556
5.270,8555
5.270,8554
5.270,8553
5.270,8552
5.270,8551
5.270,8550
5.270,8549
5.331,8548
5.331,8547
5.331,8546
5.331,8545
5.331,8544
5.331,8543
5.331,8542
5.331,8541
5.331,8540
5.331,8539
5.331,8538
5.331,8537
5.331,8536
5.331,8535
5.331,8534
5.331,8533
5.331,8532
5.331,8531
5.331,8530
5.331,8529
5.331,8528
5.331,8527
5.331,8526
5.331,8525
5.331,8524
5.331,8523
5.331,8522
5.331,8521
5.331,8520
5.331,8519
5.331,8518
5.331,8517
5.331,8516
5.331,8515
6.141,8514
6.141,8513
6.141,8512
6.141,8511
6.141,8510
6.141,8509
6.141,8508
6.141,8507
6.141,8506
6.141,8505
6.141,8504
6.505,8503
6.505,8502
6.505,8501
6.505,8500
6.505,8499
6.523,8498
6.523,8497
6.523,8496
6.523,8495
6.523,8494
6.523,8493
6.523,8492
6.523,8491
6.523,8490
6.523,8489
6.523,8488
6.523,8487
6.523,8486
6.701,8485
6.701,8484
6.701,8483
6.701,8482
6.704,8481
6.704,8480
6.704,8479
6.739,8478
6.739,8477
6.739,8476
6.739,8475
6.739,8474
6.739,8473
6.741,8472
6.741,8471
6.741,8470
6.741,8469
6.741,8468
6.741,8467
6.741,8466
6.741,8465
6.741,8464
6.741,8463
6.741,8462
6.741,8461
6.741,8460
6.741,8459
6.741,8458
6.741,8457
6.741,8456
6.741,8455
6.741,8454
6.741,8453
6.741,8452
6.741,8451
6.741,8450
6.741,8449
6.741,8448
6.741,8447
6.741,8446
6.741,8445
6.741,8444
6.741,8443
6.741,8442
6.741,8441
6.741,8440
6.741,8439
6.741,8438
6.741,8437
6.741,8436
6.741,8435
6.741,8434
6.741,8433
6.741,8432
6.741,8431
6.741,8430
6.741,8429
6.741,8428
6.741,8427
6.741,8426
6.741,8425
6.741,8424
6.741,8423
6.741,8422
7.169,8421
7.193,8420
7.193,8419
7.193,8418
7.193,8417
7.193,8416
7.193,8415
7.245,8414
7.265,8413
7.265,8412
7.265,8411
7.265,8410
7.265,8409
7.265,8408
7.265,8407
7.265,8406
7.265,8405
7.265,8404
7.265,8403
7.286,8402
7.287,8401
7.287,8400
7.287,8399
7.287,8398
7.287,8397
7.287,8396
7.287,8395
7.287,8394
7.287,8393
7.287,8392
7.287,8391
7.287,8390
7.287,8389
7.287,8388
7.287,8387
7.287,8386
7.287,8385
7.403,8384
7.403,8383
7.403,8382
7.403,8381
7.403,8380
7.403,8379
7.403,8378
7.423,8377
7.423,8376
7.488,8375
7.488,8374
7.488,8373
7.488,8372
7.488,8371
7.488,8370
7.565,8369
7.587,8368
7.587,8367
7.587,8366
7.587,8365
7.587,8364
7.587,8363
7.587,8362
7.587,8361
7.628,8360
7.629,8359
7.629,8358
7.629,8357
7.629,8356
7.629,8355
7.629,8354
7.629,8353
7.629,8352
7.629,8351
7.629,8350
7.629,8349
7.629,8348
7.629,8347
7.629,8346
7.629,8345
7.629,8344
7.629,8343
7.629,8342
7.629,8341
7.629,8340
7.629,8339
7.629,8338
7.629,8337
7.629,8336
7.662,8335
7.735,8334
7.735,8333
7.735,8332
7.735,8331
7.735,8330
7.735,8329
7.748,8328
7.748,8327
7.766,8326
7.782,8325
7.782,8324
7.782,8323
7.782,8322
7.782,8321
7.782,8320
7.782,8319
7.782,8318
7.782,8317
7.798,8316
7.798,8315
7.798,8314
7.798,8313
7.798,8312
7.798,8311
7.798,8310
7.798,8309
7.817,8308
7.817,8307
7.817,8306
7.817,8305
7.817,8304
7.817,8303
7.817,8302
7.817,8301
7.817,8300
7.817,8299
7.817,8298
7.817,8297
7.817,8296
7.817,8295
7.817,8294
7.817,8293
7.817,8292
7.817,8291
7.817,8290
7.817,8289
7.817,8288
7.817,8287
7.817,8286
7.817,8285
7.817,8284
7.817,8283
7.910,8282
7.910,8281
7.910,8280
7.910,8279
7.910,8278
7.910,8277
7.952,8276
7.953,8275
7.953,8274
7.953,8273
7.953,8272
7.953,8271
7.957,8270
7.982,8269
7.982,8268
7.982,8267
7.982,8266
7.982,8265
7.983,8264
7.983,8263
7.983,8262
7.983,8261
7.983,8260
8.068,8259
8.068,8258
8.068,8257
8.068,8256
8.068,8255
8.068,8254
8.068,8253
8.068,8252
8.068,8251
8.068,8250
8.138,8249
8.138,8248
8.138,8247
8.138,8246
8.138,8245
8.138,8244
8.138,8243
8.138,8242
8.155,8241
8.162,8240
8.162,8239
8.162,8238
8.162,8237
8.162,8236
8.162,8235
8.162,8234
8.162,8233
8.162,8232
8.162,8231
8.162,8230
8.162,8229
8.162,8228
8.162,8227
8.162,8226
8.162,8225
8.162,8224
8.244,8223
8.244,8222
8.244,8221
8.244,8220
8.244,8219
8.244,8218
8.244,8217
8.244,8216
8.260,8215
8.260,8214
8.260,8213
8.260,8212
8.260,8211
8.261,8210
8.261,8209
8.291,8208
8.317,8207
8.317,8206
8.317,8205
8.317,8204
8.317,8203
8.317,8202
8.317,8201
8.317,8200
8.317,8199
8.317,8198
8.332,8197
8.332,8196
8.332,8195
8.332,8194
8.332,8193
8.332,8192
8.332,8191
8.332,8190
8.332,8189
8.332,8188
8.332,8187
8.332,8186
8.332,8185
8.332,8184
8.332,8183
8.332,8182
8.332,8181
8.332,8180
8.332,8179
8.332,8178
8.332,8177
8.332,8176
8.409,8175
8.409,8174
8.409,8173
8.409,8172
8.409,8171
8.409,8170
8.409,8169
8.409,8168
8.409,8167
8.409,8166
8.409,8165
8.409,8164
8.409,8163
8.409,8162
8.409,8161
8.409,8160
8.409,8159
8.409,8158
8.409,8157
8.409,8156
8.409,8155
8.409,8154
8.409,8153
8.409,8152
8.409,8151
8.409,8150
8.409,8149
8.409,8148
8.409,8147
8.409,8146
8.409,8145
8.409,8144
8.409,8143
8.409,8142
8.488,8141
8.488,8140
8.505,8139
8.505,8138
8.505,8137
8.506,8136
8.506,8135
8.506,8134
8.506,8133
8.506,8132
8.520,8131
8.525,8130
8.525,8129
8.525,8128
8.525,8127
8.529,8126
8.529,8125
8.529,8124
8.529,8123
8.529,8122
8.529,8121
8.530,8120
8.530,8119
8.530,8118
8.567,8117
8.567,8116
8.567,8115
8.567,8114
8.567,8113
8.567,8112
8.567,8111
8.567,8110
8.567,8109
8.567,8108
8.567,8107
8.567,8106
8.567,8105
8.567,8104
8.567,8103
8.567,8102
8.567,8101
8.567,8100
8.567,8099
8.567,8098
8.567,8097
8.567,8096
8.567,8095
8.650,8094
8.650,8093
8.683,8092
8.683,8091
8.683,8090
8.683,8089
8.685,8088
8.685,8087
8.685,8086
8.701,8085
8.701,8084
8.701,8083
8.701,8082
8.701,8081
8.701,8080
8.701,8079
8.701,8078
8.701,8077
8.701,8076
8.701,8075
8.701,8074
8.701,8073
8.701,8072
8.701,8071
8.701,8070
8.701,8069
8.701,8068
8.707,8067
8.707,8066
8.707,8065
8.707,8064
8.711,8063
8.711,8062
8.711,8061
8.711,8060
8.711,8059
8.711,8058
8.711,8057
8.791,8056
8.791,8055
8.791,8054
8.791,8053
8.792,8052
8.792,8051
8.792,8050
8.792,8049
8.792,8048
8.792,8047
8.792,8046
8.792,8045
8.792,8044
8.792,8043
8.804,8042
8.804,8041
8.804,8040
8.804,8039
8.804,8038
8.804,8037
8.804,8036
8.804,8035
8.804,8034
8.804,8033
8.804,8032
8.804,8031
8.811,8030
8.811,8029
8.811,8028
8.811,8027
8.811,8026
8.811,8025
8.811,8024
8.829,8023
8.854,8022
8.854,8021
8.854,8020
8.854,8019
8.854,8018
8.854,8017
8.874,8016
8.874,8015
8.874,8014
8.874,8013
8.874,8012
8.878,8011
8.878,8010
8.878,8009
8.878,8008
8.878,8007
8.878,8006
8.878,8005
8.878,8004
8.878,8003
8.878,8002
8.878,8001
8.878,8000
8.878,7999
8.878,7998
8.878,7997
8.878,7996
8.878,7995
8.878,7994
8.878,7993
8.878,7992
8.878,7991
8.878,7990
8.878,7989
8.878,7988
8.878,7987
8.878,7986
8.878,7985
8.878,7984
8.878,7983
8.878,7982
8.878,7981
8.878,7980
8.878,7979
8.878,7978
8.878,7977
8.878,7976
8.969,7975
8.969,7974
8.969,7973
8.969,7972
8.969,7971
8.969,7970
8.969,7969
8.969,7968
8.982,7967
8.982,7966
8.982,7965
8.982,7964
8.982,7963
8.982,7962
8.982,7961
8.983,7960
8.983,7959
8.983,7958
8.983,7957
8.983,7956
8.983,7955
8.983,7954
8.983,7953
8.983,7952
8.983,7951
8.983,7950
9.024,7949
9.024,7948
9.024,7947
9.024,7946
9.024,7945
9.024,7944
9.024,7943
9.070,7942
9.071,7941
9.071,7940
9.071,7939
9.071,7938
9.071,7937
9.071,7936
9.071,7935
9.071,7934
9.071,7933
9.071,7932
9.071,7931
9.071,7930
9.071,7929
9.071,7928
9.071,7927
9.085,7926
9.085,7925
9.085,7924
9.085,7923
9.085,7922
9.085,7921
9.085,7920
9.085,7919
9.085,7918
9.085,7917
9.085,7916
9.085,7915
9.085,7914
9.085,7913
9.085,7912
9.085,7911
9.085,7910
9.117,7909
9.117,7908
9.117,7907
9.117,7906
9.117,7905
9.117,7904
9.117,7903
9.117,7902
9.117,7901
9.117,7900
9.117,7899
9.117,7898
9.117,7897
9.117,7896
9.117,7895
9.117,7894
9.117,7893
9.117,7892
9.117,7891
9.117,7890
9.117,7889
9.117,7888
9.117,7887
9.117,7886
9.117,7885
9.117,7884
9.117,7883
9.117,7882
9.117,7881
9.117,7880
9.117,7879
9.117,7878
9.117,7877
9.117,7876
9.117,7875
9.224,7874
9.224,7873
9.224,7872
9.224,7871
9.224,7870
9.225,7869
9.225,7868
9.225,7867
9.248,7866
9.248,7865
9.248,7864
9.248,7863
9.248,7862
9.248,7861
9.248,7860
9.250,7859
9.250,7858
9.250,7857
9.250,7856
9.250,7855
9.251,7854
9.251,7853
9.251,7852
9.251,7851
9.251,7850
9.251,7849
9.251,7848
9.251,7847
9.251,7846
9.251,7845
9.251,7844
9.251,7843
9.251,7842
9.251,7841
9.352,7840
9.354,7839
9.354,7838
9.354,7837
9.354,7836
9.354,7835
9.354,7834
9.382,7833
9.382,7832
9.382,7831
9.382,7830
9.382,7829
9.382,7828
9.382,7827
9.382,7826
9.382,7825
9.382,7824
9.382,7823
9.382,7822
9.382,7821
9.382,7820
9.382,7819
9.382,7818
9.382,7817
9.382,7816
9.382,7815
9.382,7814
9.396,7813
9.397,7812
9.397,7811
9.397,7810
9.397,7809
9.397,7808
9.397,7807
9.405,7806
9.406,7805
9.406,7804
9.406,7803
9.406,7802
9.406,7801
9.406,7800
9.406,7799
9.406,7798
9.406,7797
9.426,7796
9.426,7795
9.426,7794
9.437,7793
9.437,7792
9.437,7791
9.437,7790
9.437,7789
9.437,7788
9.437,7787
9.437,7786
9.437,7785
9.440,7784
9.442,7783
9.442,7782
9.442,7781
9.442,7780
9.442,7779
9.448,7778
9.448,7777
9.448,7776
9.448,7775
9.459,7774
9.459,7773
9.459,7772
9.459,7771
9.460,7770
9.460,7769
9.460,7768
9.483,7767
9.483,7766
9.483,7765
9.483,7764
9.483,7763
9.483,7762
9.483,7761
9.483,7760
9.488,7759
9.488,7758
9.489,7757
9.489,7756
9.493,7755
9.493,7754
9.493,7753
9.493,7752
9.493,7751
9.494,7750
9.494,7749
9.494,7748
9.494,7747
9.494,7746
9.494,7745
9.494,7744
9.495,7743
9.495,7742
9.495,7741
9.495,7740
9.495,7739
9.495,7738
9.495,7737
9.495,7736
9.495,7735
9.495,7734
9.495,7733
9.528,7732
9.528,7731
9.528,7730
9.528,7729
9.537,7728
9.537,7727
9.537,7726
9.537,7725
9.537,7724
9.537,7723
9.537,7722
9.537,7721
9.537,7720
9.537,7719
9.537,7718
9.537,7717
9.537,7716
9.537,7715
9.537,7714
9.537,7713
9.537,7712
9.537,7711
9.537,7710
9.537,7709
9.537,7708
9.537,7707
9.537,7706
9.537,7705
9.537,7704
9.537,7703
9.603,7702
9.603,7701
9.603,7700
9.603,7699
9.603,7698
9.603,7697
9.621,7696
9.621,7695
9.627,7694
9.627,7693
9.627,7692
9.627,7691
9.627,7690
9.627,7689
9.627,7688
9.627,7687
9.641,7686
9.641,7685
9.645,7684
9.645,7683
9.645,7682
9.645,7681
9.645,7680
9.645,7679
9.650,7678
9.650,7677
9.650,7676
9.668,7675
9.668,7674
9.668,7673
9.668,7672
9.668,7671
9.669,7670
9.669,7669
9.669,7668
9.669,7667
9.669,7666
9.669,7665
9.669,7664
9.669,7663
9.669,7662
9.669,7661
9.670,7660
9.670,7659
9.670,7658
9.670,7657
9.670,7656
9.670,7655
9.670,7654
9.670,7653
9.670,7652
9.670,7651
9.670,7650
9.670,7649
9.670,7648
9.670,7647
9.670,7646
9.670,7645
9.670,7644
9.670,7643
9.713,7642
9.719,7641
9.756,7640
9.756,7639
9.756,7638
9.756,7637
9.756,7636
9.756,7635
9.756,7634
9.756,7633
9.756,7632
9.756,7631
9.756,7630
9.756,7629
9.756,7628
9.756,7627
9.756,7626
9.756,7625
9.756,7624
9.756,7623
9.756,7622
9.756,7621
9.756,7620
9.756,7619
9.756,7618
9.790,7617
9.790,7616
9.790,7615
9.808,7614
9.808,7613
9.814,7612
9.814,7611
9.815,7610
9.815,7609
9.817,7608
9.817,7607
9.817,7606
9.817,7605
9.817,7604
9.817,7603
9.817,7602
9.835,7601
9.835,7600
9.835,7599
9.835,7598
9.835,7597
9.835,7596
9.835,7595
9.835,7594
9.835,7593
9.835,7592
9.835,7591
9.835,7590
9.835,7589
9.859,7588
9.859,7587
9.859,7586
9.859,7585
9.859,7584
9.859,7583
9.860,7582
9.860,7581
9.863,7580
9.863,7579
9.863,7578
9.882,7577
9.891,7576
9.891,7575
9.891,7574
9.909,7573
9.911,7572
9.911,7571
9.911,7570
9.911,7569
9.911,7568
9.911,7567
9.911,7566
9.911,7565
9.911,7564
9.911,7563
9.911,7562
9.911,7561
9.912,7560
9.912,7559
9.912,7558
9.912,7557
9.912,7556
9.912,7555
9.912,7554
9.912,7553
9.930,7552
9.931,7551
9.931,7550
9.931,7549
9.931,7548
9.931,7547
9.931,7546
9.931,7545
9.931,7544
9.931,7543
9.931,7542
9.994,7541
10.010,7540
10.010,7539
10.010,7538
10.010,7537
10.018,7536
10.018,7535
10.019,7534
10.019,7533
10.019,7532
10.019,7531
10.019,7530
10.019,7529
10.019,7528
10.019,7527
10.019,7526
10.019,7525
10.019,7524
10.020,7523
10.020,7522
10.020,7521
10.020,7520
10.020,7519
10.028,7518
10.028,7517
10.028,7516
10.028,7515
10.028,7514
10.028,7513
10.028,7512
10.032,7511
10.032,7510
10.032,7509
10.032,7508
10.032,7507
10.032,7506
10.032,7505
10.032,7504
10.032,7503
10.032,7502
10.049,7501
10.049,7500
10.049,7499
10.049,7498
10.075,7497
10.075,7496
10.075,7495
10.076,7494
10.076,7493
10.076,7492
10.076,7491
10.076,7490
10.076,7489
10.076,7488
10.076,7487
10.076,7486
10.083,7485
10.083,7484
10.084,7483
10.084,7482
10.084,7481
10.084,7480
10.084,7479
10.084,7478
10.084,7477
10.102,7476
10.102,7475
10.128,7474
10.128,7473
10.129,7472
10.129,7471
10.129,7470
10.129,7469
10.129,7468
10.129,7467
10.129,7466
10.132,7465
10.132,7464
10.132,7463
10.132,7462
10.132,7461
10.132,7460
10.148,7459
10.148,7458
10.153,7457
10.153,7456
10.160,7455
10.161,7454
10.161,7453
10.161,7452
10.161,7451
10.161,7450
10.170,7449
10.170,7448
10.170,7447
10.173,7446
10.173,7445
10.173,7444
10.173,7443
10.173,7442
10.173,7441
10.173,7440
10.174,7439
10.174,7438
10.174,7437
10.185,7436
10.186,7435
10.191,7434
10.191,7433
10.191,7432
10.191,7431
10.192,7430
10.192,7429
10.192,7428
10.192,7427
10.212,7426
10.212,7425
10.212,7424
10.212,7423
10.219,7422
10.219,7421
10.220,7420
10.220,7419
10.220,7418
10.235,7417
10.273,7416
10.273,7415
10.273,7414
10.273,7413
10.279,7412
10.279,7411
10.279,7410
10.279,7409
10.279,7408
10.280,7407
10.280,7406
10.280,7405
10.285,7404
10.285,7403
10.285,7402
10.286,7401
10.286,7400
10.286,7399
10.286,7398
10.286,7397
10.286,7396
10.286,7395
10.286,7394
10.286,7393
10.303,7392
10.303,7391
10.303,7390
10.315,7389
10.315,7388
10.315,7387
10.316,7386
10.316,7385
10.316,7384
10.318,7383
10.318,7382
10.319,7381
10.319,7380
10.319,7379
10.319,7378
10.319,7377
10.319,7376
10.327,7375
10.327,7374
10.327,7373
10.327,7372
10.328,7371
10.328,7370
10.333,7369
10.333,7368
10.333,7367
10.333,7366
10.333,7365
10.333,7364
10.333,7363
10.333,7362
10.333,7361
10.334,7360
10.334,7359
10.340,7358
10.340,7357
10.340,7356
10.340,7355
10.340,7354
10.340,7353
10.366,7352
10.366,7351
10.366,7350
10.366,7349
10.366,7348
10.366,7347
10.383,7346
10.383,7345
10.383,7344
10.383,7343
10.383,7342
10.403,7341
10.403,7340
10.403,7339
10.411,7338
10.411,7337
10.416,7336
10.416,7335
10.416,7334
10.416,7333
10.416,7332
10.416,7331
10.416,7330
10.416,7329
10.416,7328
10.443,7327
10.443,7326
10.444,7325
10.444,7324
10.451,7323
10.451,7322
10.451,7321
10.458,7320
10.459,7319
10.459,7318
10.459,7317
10.503,7316
10.503,7315
10.503,7314
10.503,7313
10.503,7312
10.503,7311
10.503,7310
10.503,7309
10.504,7308
10.504,7307
10.576,7306
10.593,7305
10.594,7304
10.631,7303
10.631,7302
10.631,7301
10.631,7300
10.631,7299
10.631,7298
10.631,7297
10.642,7296
10.642,7295
10.642,7294
10.642,7293
10.663,7292
10.663,7291
10.663,7290
10.666,7289
10.666,7288
10.666,7287
10.692,7286
10.695,7285
10.698,7284
10.706,7283
10.706,7282
10.706,7281
10.706,7280
10.714,7279
10.714,7278
10.714,7277
10.714,7276
10.717,7275
10.723,7274
10.723,7273
10.736,7272
10.747,7271
10.747,7270
10.747,7269
10.747,7268
10.747,7267
10.780,7266
10.813,7265
10.813,7264
10.813,7263
10.817,7262
10.846,7261
10.846,7260
10.850,7259
10.850,7258
10.850,7257
10.850,7256
10.874,7255
10.874,7254
10.875,7253
10.894,7252
10.921,7251
10.921,7250
10.921,7249
10.921,7248
10.921,7247
10.971,7246
10.971,7245
10.971,7244
10.997,7243
11.008,7242
11.009,7241
11.015,7240
11.028,7239
11.028,7238
11.083,7237
11.083,7236
11.098,7235
11.123,7234
11.195,7233
11.230,7232
11.249,7231
11.295,7230
