0.028,11022
0.033,11021
0.033,11020
0.033,11019
0.033,11018
0.033,11017
0.033,11016
0.033,11015
0.033,11014
0.034,11013
0.034,11012
0.034,11011
0.034,11010
0.034,11009
0.034,11008
0.034,11007
0.034,11006
0.034,11005
0.034,11004
0.034,11003
0.035,11002
0.035,11001
0.035,11000
0.035,10999
0.035,10998
0.035,10997
0.035,10996
0.035,10995
0.035,10994
0.035,10993
0.035,10992
0.036,10991
0.036,10990
0.036,10989
0.036,10988
0.036,10987
0.036,10986
0.036,10985
0.036,10984
0.036,10983
0.036,10982
0.036,10981
0.037,10980
0.037,10979
0.037,10978
0.037,10977
0.037,10976
0.037,10975
0.037,10974
0.037,10973
0.037,10972
0.037,10971
0.038,10970
0.038,10969
0.038,10968
0.038,10967
0.038,10966
0.038,10965
0.038,10964
0.038,10963
0.038,10962
0.038,10961
0.038,10960
0.039,10959
0.039,10958
0.039,10957
0.039,10956
0.039,10955
0.039,10954
0.039,10953
0.039,10952
0.039,10951
0.039,10950
0.039,10949
0.039,10948
0.040,10947
0.040,10946
0.040,10945
0.040,10944
0.040,10943
0.040,10942
0.040,10941
0.040,10940
0.040,10939
0.040,10938
0.040,10937
0.041,10936
0.041,10935
0.041,10934
0.041,10933
0.041,10932
0.041,10931
0.041,10930
0.041,10929
0.041,10928
0.041,10927
0.041,10926
0.041,10925
0.041,10924
0.041,10923
0.041,10922
0.041,10921
0.041,10920
0.041,10919
0.041,10918
0.042,10917
0.042,10916
0.042,10915
0.042,10914
0.042,10913
0.042,10912
0.042,10911
0.042,10910
0.042,10909
0.042,10908
0.042,10907
0.042,10906
0.042,10905
0.042,10904
0.042,10903
0.042,10902
0.042,10901
0.042,10900
0.042,10899
0.043,10898
0.043,10897
0.043,10896
0.043,10895
0.043,10894
0.043,10893
0.043,10892
0.043,10891
0.043,10890
0.043,10889
0.043,10888
0.043,10887
0.043,10886
0.043,10885
0.043,10884
0.043,10883
0.044,10882
0.044,10881
0.044,10880
0.044,10879
0.044,10878
0.044,10877
0.044,10876
0.044,10875
0.044,10874
0.044,10873
0.044,10872
0.044,10871
0.044,10870
0.044,10869
0.044,10868
0.044,10867
0.044,10866
0.044,10865
0.044,10864
0.045,10863
0.045,10862
0.045,10861
0.045,10860
0.045,10859
0.045,10858
0.045,10857
0.045,10856
0.045,10855
0.045,10854
0.045,10853
0.045,10852
0.045,10851
0.045,10850
0.045,10849
0.045,10848
0.045,10847
0.045,10846
0.045,10845
0.046,10844
0.046,10843
0.046,10842
0.046,10841
0.046,10840
0.046,10839
0.046,10838
0.046,10837
0.046,10836
0.046,10835
0.046,10834
0.046,10833
0.046,10832
0.046,10831
0.046,10830
0.046,10829
0.046,10828
0.046,10827
0.046,10826
0.047,10825
0.047,10824
0.047,10823
0.047,10822
0.047,10821
0.047,10820
0.047,10819
0.047,10818
0.047,10817
0.047,10816
0.047,10815
0.047,10814
0.047,10813
0.047,10812
0.047,10811
0.047,10810
0.048,10809
0.048,10808
0.048,10807
0.048,10806
0.048,10805
0.048,10804
0.048,10803
0.048,10802
0.048,10801
0.048,10800
0.048,10799
0.048,10798
0.048,10797
0.049,10796
0.049,10795
0.049,10794
0.049,10793
0.049,10792
0.049,10791
0.049,10790
0.049,10789
0.049,10788
0.049,10787
0.049,10786
0.049,10785
0.049,10784
0.049,10783
0.049,10782
0.050,10781
0.050,10780
0.050,10779
0.050,10778
0.050,10777
0.050,10776
0.050,10775
0.050,10774
0.050,10773
0.050,10772
0.050,10771
0.050,10770
0.050,10769
0.050,10768
0.050,10767
0.051,10766
0.051,10765
0.051,10764
0.051,10763
0.051,10762
0.051,10761
0.051,10760
0.051,10759
0.051,10758
0.051,10757
0.051,10756
0.051,10755
0.051,10754
0.051,10753
0.052,10752
0.052,10751
0.052,10750
0.052,10749
0.052,10748
0.052,10747
0.052,10746
0.052,10745
0.052,10744
0.052,10743
0.052,10742
0.052,10741
0.052,10740
0.052,10739
0.052,10738
0.053,10737
0.053,10736
0.053,10735
0.053,10734
0.053,10733
0.053,10732
0.053,10731
0.053,10730
0.053,10729
0.053,10728
0.053,10727
0.053,10726
0.053,10725
0.053,10724
0.053,10723
0.054,10722
0.054,10721
0.054,10720
0.054,10719
0.054,10718
0.054,10717
0.054,10716
0.054,10715
0.054,10714
0.054,10713
0.054,10712
0.054,10711
0.054,10710
0.054,10709
0.054,10708
0.055,10707
0.055,10706
0.055,10705
0.055,10704
0.055,10703
0.055,10702
0.055,10701
0.055,10700
0.055,10699
0.055,10698
0.055,10697
0.055,10696
0.055,10695
0.055,10694
0.055,10693
0.055,10692
0.056,10691
0.056,10690
0.056,10689
0.056,10688
0.056,10687
0.056,10686
0.056,10685
0.056,10684
0.056,10683
0.056,10682
0.056,10681
0.056,10680
0.056,10679
0.056,10678
0.056,10677
0.056,10676
0.057,10675
0.057,10674
0.057,10673
0.057,10672
0.057,10671
0.057,10670
0.057,10669
0.057,10668
0.057,10667
0.057,10666
0.057,10665
0.057,10664
0.057,10663
0.057,10662
0.057,10661
0.057,10660
0.057,10659
0.057,10658
0.057,10657
0.058,10656
0.058,10655
0.058,10654
0.058,10653
0.058,10652
0.058,10651
0.058,10650
0.058,10649
0.058,10648
0.058,10647
0.058,10646
0.058,10645
0.058,10644
0.058,10643
0.058,10642
0.058,10641
0.058,10640
0.058,10639
0.060,10638
0.060,10637
0.060,10636
0.061,10635
0.061,10634
0.061,10633
0.061,10632
0.061,10631
0.061,10630
0.061,10629
0.061,10628
0.061,10627
0.061,10626
0.061,10625
0.061,10624
0.061,10623
0.061,10622
0.061,10621
0.061,10620
0.061,10619
0.061,10618
0.061,10617
0.061,10616
0.062,10615
0.062,10614
0.062,10613
0.062,10612
0.062,10611
0.062,10610
0.062,10609
0.062,10608
0.062,10607
0.062,10606
0.062,10605
0.062,10604
0.062,10603
0.062,10602
0.062,10601
0.062,10600
0.062,10599
0.062,10598
0.062,10597
0.063,10596
0.063,10595
0.063,10594
0.063,10593
0.063,10592
0.063,10591
0.063,10590
0.063,10589
0.063,10588
0.063,10587
0.063,10586
0.063,10585
0.063,10584
0.063,10583
0.063,10582
0.063,10581
0.063,10580
0.063,10579
0.063,10578
0.063,10577
0.064,10576
0.064,10575
0.064,10574
0.064,10573
0.064,10572
0.064,10571
0.064,10570
0.064,10569
0.064,10568
0.064,10567
0.064,10566
0.064,10565
0.064,10564
0.064,10563
0.064,10562
0.064,10561
0.064,10560
0.064,10559
0.064,10558
0.064,10557
0.064,10556
0.064,10555
0.065,10554
0.065,10553
0.065,10552
0.065,10551
0.065,10550
0.065,10549
0.065,10548
0.065,10547
0.065,10546
0.065,10545
0.065,10544
0.065,10543
0.065,10542
0.065,10541
0.065,10540
0.065,10539
0.065,10538
0.065,10537
0.065,10536
0.065,10535
0.065,10534
0.066,10533
0.066,10532
0.066,10531
0.066,10530
0.066,10529
0.066,10528
0.066,10527
0.066,10526
0.066,10525
0.066,10524
0.066,10523
0.066,10522
0.066,10521
0.066,10520
0.066,10519
0.066,10518
0.066,10517
0.066,10516
0.066,10515
0.066,10514
0.066,10513
0.067,10512
0.067,10511
0.067,10510
0.067,10509
0.067,10508
0.067,10507
0.067,10506
0.067,10505
0.067,10504
0.067,10503
0.067,10502
0.067,10501
0.067,10500
0.067,10499
0.067,10498
0.067,10497
0.067,10496
0.067,10495
0.067,10494
0.067,10493
0.067,10492
0.067,10491
0.068,10490
0.068,10489
0.068,10488
0.068,10487
0.068,10486
0.068,10485
0.068,10484
0.068,10483
0.068,10482
0.068,10481
0.068,10480
0.068,10479
0.068,10478
0.068,10477
0.068,10476
0.068,10475
0.068,10474
0.068,10473
0.068,10472
0.068,10471
0.068,10470
0.068,10469
0.068,10468
0.068,10467
0.069,10466
0.069,10465
0.069,10464
0.069,10463
0.069,10462
0.069,10461
0.069,10460
0.069,10459
0.069,10458
0.069,10457
0.069,10456
0.069,10455
0.069,10454
0.069,10453
0.069,10452
0.069,10451
0.069,10450
0.069,10449
0.069,10448
0.069,10447
0.069,10446
0.069,10445
0.069,10444
0.069,10443
0.070,10442
0.072,10441
0.072,10440
0.072,10439
0.072,10438
0.072,10437
0.072,10436
0.072,10435
0.072,10434
0.072,10433
0.072,10432
0.072,10431
0.072,10430
0.072,10429
0.072,10428
0.072,10427
0.072,10426
0.072,10425
0.073,10424
0.073,10423
0.073,10422
0.073,10421
0.073,10420
0.073,10419
0.073,10418
0.073,10417
0.073,10416
0.073,10415
0.073,10414
0.073,10413
0.073,10412
0.073,10411
0.073,10410
0.073,10409
0.073,10408
0.073,10407
0.073,10406
0.073,10405
0.073,10404
0.073,10403
0.073,10402
0.073,10401
0.073,10400
0.073,10399
0.073,10398
0.073,10397
0.073,10396
0.073,10395
0.073,10394
0.073,10393
0.073,10392
0.073,10391
0.073,10390
0.073,10389
0.074,10388
0.074,10387
0.074,10386
0.074,10385
0.074,10384
0.074,10383
0.074,10382
0.074,10381
0.074,10380
0.074,10379
0.074,10378
0.074,10377
0.074,10376
0.074,10375
0.074,10374
0.074,10373
0.074,10372
0.074,10371
0.074,10370
0.074,10369
0.074,10368
0.074,10367
0.074,10366
0.074,10365
0.074,10364
0.074,10363
0.074,10362
0.074,10361
0.074,10360
0.074,10359
0.074,10358
0.074,10357
0.074,10356
0.074,10355
0.074,10354
0.074,10353
0.074,10352
0.075,10351
0.075,10350
0.075,10349
0.075,10348
0.075,10347
0.075,10346
0.075,10345
0.075,10344
0.075,10343
0.075,10342
0.075,10341
0.075,10340
0.075,10339
0.075,10338
0.075,10337
0.075,10336
0.075,10335
0.075,10334
0.075,10333
0.075,10332
0.075,10331
0.075,10330
0.075,10329
0.075,10328
0.075,10327
0.075,10326
0.075,10325
0.076,10324
0.076,10323
0.076,10322
0.076,10321
0.076,10320
0.076,10319
0.076,10318
0.076,10317
0.076,10316
0.076,10315
0.076,10314
0.076,10313
0.076,10312
0.076,10311
0.076,10310
0.076,10309
0.076,10308
0.076,10307
0.076,10306
0.076,10305
0.076,10304
0.076,10303
0.076,10302
0.076,10301
0.076,10300
0.076,10299
0.076,10298
0.076,10297
0.076,10296
0.076,10295
0.076,10294
0.076,10293
0.077,10292
0.077,10291
0.077,10290
0.077,10289
0.077,10288
0.077,10287
0.077,10286
0.077,10285
0.077,10284
0.077,10283
0.077,10282
0.077,10281
0.077,10280
0.077,10279
0.077,10278
0.077,10277
0.077,10276
0.077,10275
0.077,10274
0.077,10273
0.077,10272
0.077,10271
0.077,10270
0.077,10269
0.077,10268
0.078,10267
0.078,10266
0.078,10265
0.078,10264
0.078,10263
0.078,10262
0.078,10261
0.078,10260
0.078,10259
0.078,10258
0.078,10257
0.078,10256
0.082,10255
0.082,10254
0.082,10253
0.082,10252
0.082,10251
0.082,10250
0.082,10249
0.082,10248
0.082,10247
0.082,10246
0.082,10245
0.082,10244
0.082,10243
0.082,10242
0.082,10241
0.082,10240
0.082,10239
0.082,10238
0.082,10237
0.082,10236
0.082,10235
0.082,10234
0.082,10233
0.082,10232
0.082,10231
0.082,10230
0.082,10229
0.082,10228
0.082,10227
0.082,10226
0.082,10225
0.082,10224
0.082,10223
0.082,10222
0.082,10221
0.082,10220
0.082,10219
0.082,10218
0.082,10217
0.082,10216
0.082,10215
0.082,10214
0.082,10213
0.082,10212
0.082,10211
0.082,10210
0.082,10209
0.082,10208
0.083,10207
0.083,10206
0.083,10205
0.083,10204
0.083,10203
0.083,10202
0.083,10201
0.083,10200
0.083,10199
0.083,10198
0.083,10197
0.083,10196
0.083,10195
0.083,10194
0.083,10193
0.083,10192
0.083,10191
0.083,10190
0.083,10189
0.083,10188
0.083,10187
0.083,10186
0.083,10185
0.083,10184
0.083,10183
0.083,10182
0.083,10181
0.083,10180
0.083,10179
0.083,10178
0.083,10177
0.083,10176
0.083,10175
0.083,10174
0.083,10173
0.083,10172
0.083,10171
0.083,10170
0.083,10169
0.083,10168
0.083,10167
0.083,10166
0.083,10165
0.083,10164
0.083,10163
0.083,10162
0.083,10161
0.083,10160
0.083,10159
0.083,10158
0.083,10157
0.083,10156
0.083,10155
0.083,10154
0.083,10153
0.083,10152
0.083,10151
0.083,10150
0.083,10149
0.083,10148
0.083,10147
0.083,10146
0.083,10145
0.083,10144
0.083,10143
0.083,10142
0.083,10141
0.083,10140
0.083,10139
0.083,10138
0.083,10137
0.083,10136
0.083,10135
0.083,10134
0.083,10133
0.083,10132
0.083,10131
0.083,10130
0.084,10129
0.084,10128
0.084,10127
0.084,10126
0.084,10125
0.084,10124
0.084,10123
0.084,10122
0.084,10121
0.084,10120
0.084,10119
0.084,10118
0.084,10117
0.084,10116
0.084,10115
0.084,10114
0.084,10113
0.084,10112
0.084,10111
0.084,10110
0.084,10109
0.084,10108
0.084,10107
0.084,10106
0.084,10105
0.084,10104
0.084,10103
0.084,10102
0.084,10101
0.084,10100
0.084,10099
0.084,10098
0.084,10097
0.084,10096
0.084,10095
0.084,10094
0.084,10093
0.084,10092
0.084,10091
0.084,10090
0.084,10089
0.084,10088
0.084,10087
0.084,10086
0.084,10085
0.084,10084
0.084,10083
0.084,10082
0.084,10081
0.084,10080
0.084,10079
0.084,10078
0.084,10077
0.084,10076
0.084,10075
0.084,10074
0.084,10073
0.084,10072
0.084,10071
0.084,10070
0.084,10069
0.084,10068
0.084,10067
0.084,10066
0.084,10065
0.084,10064
0.084,10063
0.084,10062
0.084,10061
0.084,10060
0.084,10059
0.084,10058
0.084,10057
0.084,10056
0.084,10055
0.084,10054
0.084,10053
0.084,10052
0.085,10051
0.085,10050
0.085,10049
0.085,10048
0.085,10047
0.085,10046
0.085,10045
0.085,10044
0.085,10043
0.085,10042
0.085,10041
0.085,10040
0.085,10039
0.085,10038
0.085,10037
0.085,10036
0.085,10035
0.085,10034
0.085,10033
0.085,10032
0.085,10031
0.085,10030
0.085,10029
0.085,10028
0.085,10027
0.085,10026
0.085,10025
0.085,10024
0.085,10023
0.085,10022
0.085,10021
0.085,10020
0.085,10019
0.085,10018
0.085,10017
0.085,10016
0.085,10015
0.085,10014
0.085,10013
0.085,10012
0.085,10011
0.085,10010
0.085,10009
0.085,10008
0.085,10007
0.085,10006
0.085,10005
0.085,10004
0.085,10003
0.085,10002
0.085,10001
0.085,10000
0.085,9999
0.085,9998
0.085,9997
0.085,9996
0.085,9995
0.085,9994
0.085,9993
0.085,9992
0.085,9991
0.085,9990
0.085,9989
0.085,9988
0.085,9987
0.085,9986
0.085,9985
0.085,9984
0.085,9983
0.085,9982
0.085,9981
0.085,9980
0.085,9979
0.085,9978
0.085,9977
0.085,9976
0.085,9975
0.085,9974
0.086,9973
0.086,9972
0.086,9971
0.086,9970
0.086,9969
0.086,9968
0.086,9967
0.086,9966
0.086,9965
0.086,9964
0.086,9963
0.086,9962
0.086,9961
0.086,9960
0.086,9959
0.086,9958
0.086,9957
0.086,9956
0.086,9955
0.086,9954
0.086,9953
0.086,9952
0.086,9951
0.086,9950
0.086,9949
0.086,9948
0.086,9947
0.086,9946
0.086,9945
0.086,9944
0.086,9943
0.086,9942
0.086,9941
0.086,9940
0.086,9939
0.086,9938
0.086,9937
0.086,9936
0.086,9935
0.086,9934
0.086,9933
0.086,9932
0.086,9931
0.086,9930
0.086,9929
0.086,9928
0.086,9927
0.086,9926
0.086,9925
0.086,9924
0.086,9923
0.086,9922
0.086,9921
0.086,9920
0.086,9919
0.086,9918
0.086,9917
0.086,9916
0.086,9915
0.086,9914
0.086,9913
0.086,9912
0.086,9911
0.086,9910
0.086,9909
0.086,9908
0.086,9907
0.086,9906
0.086,9905
0.087,9904
0.087,9903
0.087,9902
0.087,9901
0.087,9900
0.087,9899
0.087,9898
0.087,9897
0.087,9896
0.087,9895
0.087,9894
0.087,9893
0.087,9892
0.087,9891
0.087,9890
0.087,9889
0.087,9888
0.087,9887
0.087,9886
0.087,9885
0.087,9884
0.087,9883
0.087,9882
0.087,9881
0.087,9880
0.087,9879
0.087,9878
0.087,9877
0.087,9876
0.087,9875
0.087,9874
0.087,9873
0.087,9872
0.087,9871
0.087,9870
0.087,9869
0.087,9868
0.087,9867
0.087,9866
0.087,9865
0.087,9864
0.088,9863
0.088,9862
0.088,9861
0.088,9860
0.088,9859
0.088,9858
0.088,9857
0.088,9856
0.088,9855
0.088,9854
0.088,9853
0.088,9852
0.088,9851
0.088,9850
0.088,9849
0.088,9848
0.088,9847
0.088,9846
0.088,9845
0.088,9844
0.088,9843
0.088,9842
0.088,9841
0.088,9840
0.088,9839
0.088,9838
0.088,9837
0.088,9836
0.088,9835
0.088,9834
0.088,9833
0.088,9832
0.088,9831
0.088,9830
0.088,9829
0.088,9828
0.088,9827
0.088,9826
0.088,9825
0.088,9824
0.088,9823
0.088,9822
0.088,9821
0.088,9820
0.089,9819
0.089,9818
0.089,9817
0.089,9816
0.089,9815
0.089,9814
0.089,9813
0.089,9812
0.089,9811
0.089,9810
0.089,9809
0.089,9808
0.089,9807
0.089,9806
0.089,9805
0.089,9804
0.089,9803
0.089,9802
0.089,9801
0.089,9800
0.089,9799
0.089,9798
0.089,9797
0.089,9796
0.089,9795
0.089,9794
0.089,9793
0.089,9792
0.089,9791
0.089,9790
0.089,9789
0.089,9788
0.089,9787
0.089,9786
0.089,9785
0.089,9784
0.089,9783
0.089,9782
0.089,9781
0.089,9780
0.089,9779
0.089,9778
0.089,9777
0.089,9776
0.089,9775
0.089,9774
0.089,9773
0.089,9772
0.089,9771
0.090,9770
0.090,9769
0.090,9768
0.090,9767
0.090,9766
0.090,9765
0.090,9764
0.090,9763
0.090,9762
0.090,9761
0.090,9760
0.090,9759
0.090,9758
0.090,9757
0.090,9756
0.090,9755
0.090,9754
0.090,9753
0.090,9752
0.090,9751
0.090,9750
0.090,9749
0.090,9748
0.090,9747
0.090,9746
0.090,9745
0.090,9744
0.090,9743
0.090,9742
0.090,9741
0.090,9740
0.090,9739
0.090,9738
0.090,9737
0.090,9736
0.090,9735
0.090,9734
0.090,9733
0.090,9732
0.090,9731
0.090,9730
0.090,9729
0.090,9728
0.090,9727
0.090,9726
0.090,9725
0.090,9724
0.090,9723
0.090,9722
0.090,9721
0.090,9720
0.091,9719
0.091,9718
0.091,9717
0.091,9716
0.091,9715
0.091,9714
0.091,9713
0.091,9712
0.091,9711
0.091,9710
0.091,9709
0.091,9708
0.091,9707
0.091,9706
0.091,9705
0.091,9704
0.091,9703
0.091,9702
0.091,9701
0.091,9700
0.091,9699
0.091,9698
0.091,9697
0.091,9696
0.091,9695
0.091,9694
0.091,9693
0.091,9692
0.091,9691
0.091,9690
0.091,9689
0.091,9688
0.091,9687
0.091,9686
0.091,9685
0.091,9684
0.091,9683
0.091,9682
0.091,9681
0.091,9680
0.091,9679
0.091,9678
0.091,9677
0.091,9676
0.091,9675
0.091,9674
0.091,9673
0.091,9672
0.091,9671
0.091,9670
0.091,9669
0.091,9668
0.091,9667
0.092,9666
0.092,9665
0.092,9664
0.092,9663
0.092,9662
0.092,9661
0.092,9660
0.092,9659
0.092,9658
0.092,9657
0.092,9656
0.092,9655
0.092,9654
0.092,9653
0.092,9652
0.092,9651
0.092,9650
0.092,9649
0.092,9648
0.092,9647
0.092,9646
0.092,9645
0.092,9644
0.092,9643
0.092,9642
0.092,9641
0.092,9640
0.092,9639
0.092,9638
0.092,9637
0.092,9636
0.092,9635
0.092,9634
0.092,9633
0.092,9632
0.092,9631
0.092,9630
0.092,9629
0.092,9628
0.092,9627
0.092,9626
0.093,9625
0.093,9624
0.093,9623
0.093,9622
0.093,9621
0.093,9620
0.093,9619
0.093,9618
0.093,9617
0.093,9616
0.093,9615
0.093,9614
0.093,9613
0.093,9612
0.093,9611
0.093,9610
0.093,9609
0.093,9608
0.093,9607
0.093,9606
0.093,9605
0.093,9604
0.093,9603
0.093,9602
0.093,9601
0.093,9600
0.093,9599
0.093,9598
0.093,9597
0.093,9596
0.093,9595
0.093,9594
0.093,9593
0.093,9592
0.093,9591
0.093,9590
0.093,9589
0.093,9588
0.093,9587
0.093,9586
0.093,9585
0.093,9584
0.093,9583
0.093,9582
0.093,9581
0.093,9580
0.093,9579
0.093,9578
0.093,9577
0.093,9576
0.093,9575
0.093,9574
0.093,9573
0.093,9572
0.093,9571
0.093,9570
0.093,9569
0.093,9568
0.093,9567
0.093,9566
0.093,9565
0.093,9564
0.094,9563
0.094,9562
0.094,9561
0.094,9560
0.094,9559
0.094,9558
0.094,9557
0.094,9556
0.094,9555
0.094,9554
0.094,9553
0.094,9552
0.094,9551
0.094,9550
0.094,9549
0.094,9548
0.094,9547
0.094,9546
0.094,9545
0.094,9544
0.094,9543
0.094,9542
0.094,9541
0.094,9540
0.094,9539
0.094,9538
0.094,9537
0.094,9536
0.094,9535
0.094,9534
0.094,9533
0.094,9532
0.094,9531
0.094,9530
0.094,9529
0.094,9528
0.094,9527
0.094,9526
0.094,9525
0.094,9524
0.094,9523
0.094,9522
0.094,9521
0.094,9520
0.094,9519
0.094,9518
0.094,9517
0.094,9516
0.094,9515
0.094,9514
0.094,9513
0.094,9512
0.094,9511
0.094,9510
0.094,9509
0.094,9508
0.094,9507
0.094,9506
0.094,9505
0.094,9504
0.094,9503
0.094,9502
0.094,9501
0.094,9500
0.094,9499
0.094,9498
0.094,9497
0.094,9496
0.094,9495
0.094,9494
0.094,9493
0.094,9492
0.094,9491
0.095,9490
0.095,9489
0.095,9488
0.095,9487
0.095,9486
0.095,9485
0.095,9484
0.095,9483
0.095,9482
0.095,9481
0.095,9480
0.095,9479
0.095,9478
0.095,9477
0.095,9476
0.095,9475
0.095,9474
0.095,9473
0.095,9472
0.095,9471
0.095,9470
0.095,9469
0.095,9468
0.095,9467
0.095,9466
0.095,9465
0.095,9464
0.095,9463
0.095,9462
0.095,9461
0.095,9460
0.095,9459
0.095,9458
0.095,9457
0.095,9456
0.095,9455
0.095,9454
0.095,9453
0.095,9452
0.095,9451
0.095,9450
0.095,9449
0.095,9448
0.095,9447
0.095,9446
0.095,9445
0.095,9444
0.095,9443
0.095,9442
0.095,9441
0.095,9440
0.095,9439
0.095,9438
0.095,9437
0.095,9436
0.095,9435
0.095,9434
0.095,9433
0.095,9432
0.095,9431
0.095,9430
0.095,9429
0.095,9428
0.095,9427
0.095,9426
0.095,9425
0.095,9424
0.095,9423
0.095,9422
0.095,9421
0.095,9420
0.095,9419
0.095,9418
0.095,9417
0.096,9416
0.096,9415
0.096,9414
0.096,9413
0.096,9412
0.096,9411
0.096,9410
0.096,9409
0.096,9408
0.096,9407
0.096,9406
0.096,9405
0.096,9404
0.096,9403
0.096,9402
0.096,9401
0.096,9400
0.096,9399
0.096,9398
0.096,9397
0.096,9396
0.096,9395
0.096,9394
0.096,9393
0.096,9392
0.096,9391
0.096,9390
0.096,9389
0.096,9388
0.096,9387
0.096,9386
0.096,9385
0.096,9384
0.096,9383
0.096,9382
0.096,9381
0.096,9380
0.096,9379
0.096,9378
0.096,9377
0.096,9376
0.096,9375
0.096,9374
0.096,9373
0.096,9372
0.096,9371
0.096,9370
0.096,9369
0.096,9368
0.096,9367
0.096,9366
0.096,9365
0.096,9364
0.096,9363
0.096,9362
0.096,9361
0.096,9360
0.096,9359
0.096,9358
0.096,9357
0.096,9356
0.096,9355
0.096,9354
0.096,9353
0.096,9352
0.096,9351
0.096,9350
0.096,9349
0.096,9348
0.096,9347
0.096,9346
0.096,9345
0.096,9344
0.096,9343
0.096,9342
0.096,9341
0.096,9340
0.096,9339
0.096,9338
0.096,9337
0.097,9336
0.097,9335
0.097,9334
0.097,9333
0.097,9332
0.097,9331
0.097,9330
0.097,9329
0.097,9328
0.097,9327
0.097,9326
0.097,9325
0.097,9324
0.097,9323
0.097,9322
0.097,9321
0.097,9320
0.097,9319
0.097,9318
0.097,9317
0.097,9316
0.097,9315
0.097,9314
0.097,9313
0.097,9312
0.097,9311
0.097,9310
0.097,9309
0.097,9308
0.097,9307
0.097,9306
0.097,9305
0.097,9304
0.097,9303
0.097,9302
0.097,9301
0.097,9300
0.097,9299
0.097,9298
0.097,9297
0.097,9296
0.097,9295
0.097,9294
0.097,9293
0.097,9292
0.097,9291
0.097,9290
0.097,9289
0.097,9288
0.097,9287
0.097,9286
0.097,9285
0.097,9284
0.097,9283
0.097,9282
0.097,9281
0.097,9280
0.097,9279
0.097,9278
0.097,9277
0.097,9276
0.097,9275
0.097,9274
0.097,9273
0.097,9272
0.097,9271
0.097,9270
0.097,9269
0.097,9268
0.097,9267
0.097,9266
0.097,9265
0.097,9264
0.097,9263
0.097,9262
0.097,9261
0.097,9260
0.097,9259
0.097,9258
0.097,9257
0.097,9256
0.098,9255
0.098,9254
0.098,9253
0.098,9252
0.098,9251
0.098,9250
0.098,9249
0.098,9248
0.098,9247
0.098,9246
0.098,9245
0.098,9244
0.098,9243
0.098,9242
0.098,9241
0.098,9240
0.098,9239
0.098,9238
0.098,9237
0.098,9236
0.098,9235
0.098,9234
0.098,9233
0.098,9232
0.098,9231
0.098,9230
0.098,9229
0.098,9228
0.099,9227
0.099,9226
0.099,9225
0.099,9224
0.099,9223
0.099,9222
0.099,9221
0.099,9220
0.099,9219
0.099,9218
0.099,9217
0.099,9216
0.099,9215
0.099,9214
0.099,9213
0.099,9212
0.099,9211
0.099,9210
0.099,9209
0.099,9208
0.099,9207
0.099,9206
0.099,9205
0.099,9204
0.099,9203
0.099,9202
0.099,9201
0.099,9200
0.099,9199
0.099,9198
0.099,9197
0.099,9196
0.099,9195
0.099,9194
0.099,9193
0.099,9192
0.099,9191
0.099,9190
0.099,9189
0.099,9188
0.099,9187
0.099,9186
0.099,9185
0.099,9184
0.099,9183
0.099,9182
0.099,9181
0.099,9180
0.099,9179
0.099,9178
0.099,9177
0.099,9176
0.099,9175
0.099,9174
0.099,9173
0.099,9172
0.099,9171
0.099,9170
0.099,9169
0.099,9168
0.099,9167
0.099,9166
0.099,9165
0.099,9164
0.099,9163
0.099,9162
0.099,9161
0.099,9160
0.099,9159
0.099,9158
0.099,9157
0.099,9156
0.099,9155
0.099,9154
0.099,9153
0.099,9152
0.099,9151
0.099,9150
0.099,9149
0.099,9148
0.099,9147
0.099,9146
0.099,9145
0.099,9144
0.099,9143
0.100,9142
0.100,9141
0.100,9140
0.100,9139
0.100,9138
0.100,9137
0.100,9136
0.100,9135
0.100,9134
0.100,9133
0.100,9132
0.100,9131
0.100,9130
0.100,9129
0.100,9128
0.100,9127
0.100,9126
0.100,9125
0.100,9124
0.100,9123
0.100,9122
0.100,9121
0.100,9120
0.100,9119
0.100,9118
0.100,9117
0.100,9116
0.100,9115
0.100,9114
0.100,9113
0.100,9112
0.100,9111
0.100,9110
0.100,9109
0.100,9108
0.100,9107
0.100,9106
0.100,9105
0.100,9104
0.100,9103
0.100,9102
0.100,9101
0.100,9100
0.100,9099
0.100,9098
0.100,9097
0.100,9096
0.100,9095
0.100,9094
0.100,9093
0.100,9092
0.100,9091
0.100,9090
0.100,9089
0.100,9088
0.100,9087
0.100,9086
0.100,9085
0.100,9084
0.100,9083
0.100,9082
0.100,9081
0.100,9080
0.100,9079
0.100,9078
0.100,9077
0.100,9076
0.100,9075
0.100,9074
0.100,9073
0.100,9072
0.100,9071
0.100,9070
0.100,9069
0.100,9068
0.100,9067
0.100,9066
0.100,9065
0.100,9064
0.100,9063
0.100,9062
0.100,9061
0.100,9060
0.101,9059
0.101,9058
0.101,9057
0.101,9056
0.101,9055
0.101,9054
0.101,9053
0.101,9052
0.101,9051
0.101,9050
0.101,9049
0.101,9048
0.101,9047
0.101,9046
0.101,9045
0.101,9044
0.101,9043
0.101,9042
0.101,9041
0.101,9040
0.101,9039
0.101,9038
0.101,9037
0.101,9036
0.101,9035
0.101,9034
0.101,9033
0.101,9032
0.101,9031
0.101,9030
0.101,9029
0.101,9028
0.101,9027
0.101,9026
0.101,9025
0.101,9024
0.101,9023
0.101,9022
0.101,9021
0.101,9020
0.101,9019
0.101,9018
0.101,9017
0.101,9016
0.101,9015
0.101,9014
0.101,9013
0.101,9012
0.101,9011
0.101,9010
0.101,9009
0.101,9008
0.101,9007
0.101,9006
0.101,9005
0.101,9004
0.101,9003
0.101,9002
0.101,9001
0.101,9000
0.101,8999
0.101,8998
0.101,8997
0.101,8996
0.101,8995
0.101,8994
0.101,8993
0.101,8992
0.101,8991
0.101,8990
0.101,8989
0.101,8988
0.101,8987
0.101,8986
0.101,8985
0.101,8984
0.101,8983
0.101,8982
0.101,8981
0.101,8980
0.101,8979
0.101,8978
0.101,8977
0.102,8976
0.102,8975
0.102,8974
0.102,8973
0.102,8972
0.102,8971
0.102,8970
0.102,8969
0.102,8968
0.102,8967
0.102,8966
0.102,8965
0.102,8964
0.102,8963
0.102,8962
0.102,8961
0.102,8960
0.102,8959
0.102,8958
0.102,8957
0.102,8956
0.102,8955
0.102,8954
0.102,8953
0.102,8952
0.102,8951
0.102,8950
0.102,8949
0.102,8948
0.102,8947
0.102,8946
0.102,8945
0.102,8944
0.102,8943
0.102,8942
0.102,8941
0.102,8940
0.102,8939
0.102,8938
0.102,8937
0.102,8936
0.102,8935
0.102,8934
0.102,8933
0.102,8932
0.102,8931
0.102,8930
0.102,8929
0.102,8928
0.102,8927
0.102,8926
0.102,8925
0.102,8924
0.102,8923
0.102,8922
0.102,8921
0.102,8920
0.102,8919
0.102,8918
0.102,8917
0.102,8916
0.102,8915
0.102,8914
0.102,8913
0.102,8912
0.102,8911
0.102,8910
0.102,8909
0.102,8908
0.102,8907
0.102,8906
0.102,8905
0.102,8904
0.102,8903
0.102,8902
0.102,8901
0.102,8900
0.102,8899
0.102,8898
0.102,8897
0.102,8896
0.102,8895
0.102,8894
0.102,8893
0.103,8892
0.103,8891
0.103,8890
0.103,8889
0.103,8888
0.103,8887
0.103,8886
0.103,8885
0.103,8884
0.103,8883
0.103,8882
0.103,8881
0.103,8880
0.103,8879
0.103,8878
0.103,8877
0.103,8876
0.103,8875
0.103,8874
0.103,8873
0.103,8872
0.103,8871
0.103,8870
0.103,8869
0.103,8868
0.103,8867
0.103,8866
0.103,8865
0.103,8864
0.103,8863
0.103,8862
0.103,8861
0.103,8860
0.103,8859
0.103,8858
0.103,8857
0.103,8856
0.103,8855
0.103,8854
0.103,8853
0.103,8852
0.103,8851
0.103,8850
0.103,8849
0.103,8848
0.103,8847
0.103,8846
0.103,8845
0.103,8844
0.103,8843
0.103,8842
0.103,8841
0.103,8840
0.103,8839
0.103,8838
0.103,8837
0.103,8836
0.103,8835
0.103,8834
0.103,8833
0.103,8832
0.103,8831
0.103,8830
0.103,8829
0.103,8828
0.103,8827
0.103,8826
0.103,8825
0.103,8824
0.104,8823
0.104,8822
0.104,8821
0.104,8820
0.104,8819
0.104,8818
0.104,8817
0.104,8816
0.104,8815
0.104,8814
0.104,8813
0.104,8812
0.104,8811
0.104,8810
0.104,8809
0.104,8808
0.104,8807
0.104,8806
0.104,8805
0.104,8804
0.104,8803
0.104,8802
0.104,8801
0.104,8800
0.104,8799
0.104,8798
0.104,8797
0.104,8796
0.104,8795
0.104,8794
0.104,8793
0.104,8792
0.104,8791
0.104,8790
0.104,8789
0.104,8788
0.104,8787
0.104,8786
0.104,8785
0.104,8784
0.104,8783
0.104,8782
0.104,8781
0.104,8780
0.104,8779
0.104,8778
0.104,8777
0.104,8776
0.104,8775
0.104,8774
0.104,8773
0.104,8772
0.104,8771
0.104,8770
0.104,8769
0.104,8768
0.104,8767
0.104,8766
0.104,8765
0.104,8764
0.104,8763
0.104,8762
0.104,8761
0.104,8760
0.104,8759
0.104,8758
0.104,8757
0.104,8756
0.104,8755
0.104,8754
0.104,8753
0.104,8752
0.104,8751
0.104,8750
0.104,8749
0.104,8748
0.104,8747
0.104,8746
0.104,8745
0.104,8744
0.104,8743
0.104,8742
0.104,8741
0.104,8740
0.104,8739
0.104,8738
0.104,8737
0.104,8736
0.104,8735
0.104,8734
0.104,8733
0.105,8732
0.105,8731
0.105,8730
0.105,8729
0.105,8728
0.105,8727
0.105,8726
0.105,8725
0.105,8724
0.105,8723
0.105,8722
0.105,8721
0.105,8720
0.105,8719
0.105,8718
0.105,8717
0.105,8716
0.105,8715
0.105,8714
0.105,8713
0.105,8712
0.105,8711
0.105,8710
0.105,8709
0.105,8708
0.105,8707
0.105,8706
0.105,8705
0.105,8704
0.105,8703
0.105,8702
0.105,8701
0.105,8700
0.105,8699
0.105,8698
0.105,8697
0.105,8696
0.105,8695
0.105,8694
0.105,8693
0.105,8692
0.105,8691
0.105,8690
0.105,8689
0.105,8688
0.105,8687
0.105,8686
0.105,8685
0.105,8684
0.105,8683
0.105,8682
0.105,8681
0.105,8680
0.105,8679
0.105,8678
0.105,8677
0.105,8676
0.105,8675
0.105,8674
0.105,8673
0.105,8672
0.105,8671
0.105,8670
0.105,8669
0.105,8668
0.105,8667
0.105,8666
0.105,8665
0.105,8664
0.105,8663
0.105,8662
0.105,8661
0.105,8660
0.105,8659
0.105,8658
0.105,8657
0.105,8656
0.105,8655
0.105,8654
0.105,8653
0.105,8652
0.105,8651
0.105,8650
0.105,8649
0.105,8648
0.105,8647
0.105,8646
0.105,8645
0.105,8644
0.105,8643
0.106,8642
0.106,8641
0.106,8640
0.106,8639
0.106,8638
0.106,8637
0.106,8636
0.106,8635
0.106,8634
0.106,8633
0.106,8632
0.106,8631
0.106,8630
0.106,8629
0.106,8628
0.106,8627
0.106,8626
0.106,8625
0.106,8624
0.106,8623
0.106,8622
0.106,8621
0.106,8620
0.106,8619
0.106,8618
0.106,8617
0.106,8616
0.106,8615
0.106,8614
0.106,8613
0.106,8612
0.106,8611
0.106,8610
0.106,8609
0.106,8608
0.106,8607
0.106,8606
0.107,8605
0.107,8604
0.107,8603
0.107,8602
0.107,8601
0.107,8600
0.107,8599
0.107,8598
0.107,8597
0.107,8596
0.107,8595
0.107,8594
0.107,8593
0.107,8592
0.107,8591
0.107,8590
0.107,8589
0.107,8588
0.107,8587
0.107,8586
0.107,8585
0.107,8584
0.107,8583
0.107,8582
0.107,8581
0.107,8580
0.107,8579
0.107,8578
0.107,8577
0.107,8576
0.107,8575
0.107,8574
0.107,8573
0.107,8572
0.107,8571
0.107,8570
0.107,8569
0.107,8568
0.107,8567
0.107,8566
0.107,8565
0.107,8564
0.107,8563
0.107,8562
0.107,8561
0.107,8560
0.107,8559
0.107,8558
0.107,8557
0.107,8556
0.107,8555
0.107,8554
0.107,8553
0.107,8552
0.107,8551
0.107,8550
0.107,8549
0.107,8548
0.107,8547
0.107,8546
0.107,8545
0.107,8544
0.107,8543
0.107,8542
0.107,8541
0.107,8540
0.107,8539
0.107,8538
0.107,8537
0.107,8536
0.107,8535
0.107,8534
0.107,8533
0.107,8532
0.107,8531
0.107,8530
0.107,8529
0.107,8528
0.107,8527
0.107,8526
0.107,8525
0.107,8524
0.107,8523
0.107,8522
0.107,8521
0.107,8520
0.108,8519
0.108,8518
0.108,8517
0.108,8516
0.108,8515
0.108,8514
0.108,8513
0.108,8512
0.108,8511
0.108,8510
0.108,8509
0.108,8508
0.108,8507
0.108,8506
0.108,8505
0.108,8504
0.108,8503
0.108,8502
0.108,8501
0.108,8500
0.108,8499
0.108,8498
0.108,8497
0.108,8496
0.108,8495
0.108,8494
0.108,8493
0.108,8492
0.108,8491
0.108,8490
0.108,8489
0.108,8488
0.108,8487
0.108,8486
0.108,8485
0.108,8484
0.108,8483
0.108,8482
0.108,8481
0.108,8480
0.108,8479
0.108,8478
0.108,8477
0.108,8476
0.108,8475
0.108,8474
0.108,8473
0.108,8472
0.108,8471
0.108,8470
0.108,8469
0.108,8468
0.108,8467
0.108,8466
0.108,8465
0.108,8464
0.108,8463
0.108,8462
0.108,8461
0.108,8460
0.108,8459
0.108,8458
0.108,8457
0.108,8456
0.108,8455
0.108,8454
0.108,8453
0.108,8452
0.108,8451
0.108,8450
0.108,8449
0.109,8448
0.109,8447
0.109,8446
0.109,8445
0.109,8444
0.109,8443
0.109,8442
0.109,8441
0.109,8440
0.109,8439
0.109,8438
0.109,8437
0.109,8436
0.109,8435
0.109,8434
0.109,8433
0.109,8432
0.109,8431
0.109,8430
0.109,8429
0.109,8428
0.109,8427
0.109,8426
0.109,8425
0.109,8424
0.109,8423
0.109,8422
0.109,8421
0.109,8420
0.109,8419
0.109,8418
0.109,8417
0.109,8416
0.109,8415
0.109,8414
0.109,8413
0.109,8412
0.109,8411
0.109,8410
0.109,8409
0.109,8408
0.109,8407
0.109,8406
0.109,8405
0.109,8404
0.109,8403
0.109,8402
0.109,8401
0.109,8400
0.109,8399
0.109,8398
0.109,8397
0.109,8396
0.109,8395
0.109,8394
0.109,8393
0.109,8392
0.109,8391
0.109,8390
0.109,8389
0.109,8388
0.109,8387
0.109,8386
0.109,8385
0.109,8384
0.109,8383
0.109,8382
0.109,8381
0.109,8380
0.109,8379
0.109,8378
0.109,8377
0.109,8376
0.109,8375
0.109,8374
0.109,8373
0.109,8372
0.109,8371
0.109,8370
0.109,8369
0.109,8368
0.109,8367
0.109,8366
0.109,8365
0.109,8364
0.109,8363
0.109,8362
0.109,8361
0.109,8360
0.109,8359
0.109,8358
0.110,8357
0.110,8356
0.110,8355
0.111,8354
0.111,8353
0.111,8352
0.111,8351
0.111,8350
0.111,8349
0.111,8348
0.111,8347
0.111,8346
0.111,8345
0.111,8344
0.111,8343
0.111,8342
0.111,8341
0.111,8340
0.111,8339
0.112,8338
0.112,8337
0.112,8336
0.112,8335
0.112,8334
0.112,8333
0.112,8332
0.112,8331
0.112,8330
0.112,8329
0.112,8328
0.112,8327
0.112,8326
0.112,8325
0.112,8324
0.112,8323
0.112,8322
0.112,8321
0.112,8320
0.112,8319
0.112,8318
0.112,8317
0.112,8316
0.112,8315
0.112,8314
0.112,8313
0.112,8312
0.112,8311
0.112,8310
0.112,8309
0.112,8308
0.112,8307
0.112,8306
0.112,8305
0.112,8304
0.112,8303
0.112,8302
0.112,8301
0.112,8300
0.112,8299
0.112,8298
0.112,8297
0.112,8296
0.112,8295
0.112,8294
0.113,8293
0.113,8292
0.113,8291
0.113,8290
0.113,8289
0.113,8288
0.113,8287
0.113,8286
0.113,8285
0.113,8284
0.113,8283
0.113,8282
0.113,8281
0.113,8280
0.113,8279
0.113,8278
0.113,8277
0.113,8276
0.113,8275
0.113,8274
0.113,8273
0.113,8272
0.113,8271
0.113,8270
0.113,8269
0.113,8268
0.113,8267
0.113,8266
0.113,8265
0.113,8264
0.113,8263
0.113,8262
0.113,8261
0.113,8260
0.113,8259
0.113,8258
0.113,8257
0.113,8256
0.113,8255
0.113,8254
0.113,8253
0.113,8252
0.113,8251
0.113,8250
0.113,8249
0.113,8248
0.113,8247
0.113,8246
0.113,8245
0.113,8244
0.113,8243
0.113,8242
0.113,8241
0.113,8240
0.113,8239
0.113,8238
0.113,8237
0.113,8236
0.113,8235
0.113,8234
0.113,8233
0.113,8232
0.113,8231
0.113,8230
0.113,8229
0.113,8228
0.113,8227
0.113,8226
0.113,8225
0.113,8224
0.113,8223
0.113,8222
0.113,8221
0.113,8220
0.113,8219
0.113,8218
0.113,8217
0.113,8216
0.113,8215
0.113,8214
0.113,8213
0.113,8212
0.113,8211
0.113,8210
0.113,8209
0.113,8208
0.113,8207
0.113,8206
0.113,8205
0.113,8204
0.113,8203
0.113,8202
0.113,8201
0.113,8200
0.113,8199
0.113,8198
0.113,8197
0.113,8196
0.113,8195
0.113,8194
0.113,8193
0.113,8192
0.113,8191
0.113,8190
0.113,8189
0.113,8188
0.113,8187
0.113,8186
0.113,8185
0.113,8184
0.113,8183
0.113,8182
0.113,8181
0.113,8180
0.113,8179
0.113,8178
0.113,8177
0.113,8176
0.113,8175
0.114,8174
0.114,8173
0.114,8172
0.114,8171
0.114,8170
0.114,8169
0.114,8168
0.114,8167
0.114,8166
0.114,8165
0.114,8164
0.114,8163
0.114,8162
0.114,8161
0.114,8160
0.114,8159
0.114,8158
0.114,8157
0.114,8156
0.114,8155
0.114,8154
0.114,8153
0.114,8152
0.114,8151
0.114,8150
0.114,8149
0.114,8148
0.114,8147
0.114,8146
0.114,8145
0.114,8144
0.114,8143
0.114,8142
0.114,8141
0.114,8140
0.114,8139
0.114,8138
0.114,8137
0.114,8136
0.114,8135
0.114,8134
0.114,8133
0.114,8132
0.114,8131
0.114,8130
0.114,8129
0.114,8128
0.114,8127
0.114,8126
0.114,8125
0.114,8124
0.114,8123
0.114,8122
0.114,8121
0.114,8120
0.114,8119
0.114,8118
0.114,8117
0.114,8116
0.114,8115
0.114,8114
0.114,8113
0.114,8112
0.114,8111
0.114,8110
0.114,8109
0.114,8108
0.114,8107
0.114,8106
0.114,8105
0.115,8104
0.115,8103
0.115,8102
0.115,8101
0.115,8100
0.115,8099
0.115,8098
0.115,8097
0.115,8096
0.115,8095
0.115,8094
0.115,8093
0.115,8092
0.115,8091
0.115,8090
0.115,8089
0.115,8088
0.115,8087
0.115,8086
0.115,8085
0.115,8084
0.115,8083
0.115,8082
0.115,8081
0.115,8080
0.115,8079
0.115,8078
0.115,8077
0.115,8076
0.115,8075
0.115,8074
0.115,8073
0.115,8072
0.115,8071
0.115,8070
0.115,8069
0.115,8068
0.115,8067
0.115,8066
0.115,8065
0.115,8064
0.115,8063
0.115,8062
0.115,8061
0.115,8060
0.115,8059
0.115,8058
0.115,8057
0.115,8056
0.115,8055
0.115,8054
0.115,8053
0.115,8052
0.115,8051
0.115,8050
0.115,8049
0.115,8048
0.115,8047
0.115,8046
0.115,8045
0.115,8044
0.115,8043
0.115,8042
0.115,8041
0.115,8040
0.115,8039
0.115,8038
0.115,8037
0.115,8036
0.115,8035
0.115,8034
0.115,8033
0.115,8032
0.115,8031
0.116,8030
0.116,8029
0.116,8028
0.116,8027
0.116,8026
0.116,8025
0.116,8024
0.116,8023
0.116,8022
0.116,8021
0.116,8020
0.116,8019
0.116,8018
0.116,8017
0.116,8016
0.116,8015
0.116,8014
0.116,8013
0.116,8012
0.116,8011
0.116,8010
0.116,8009
0.116,8008
0.116,8007
0.116,8006
0.116,8005
0.116,8004
0.116,8003
0.116,8002
0.116,8001
0.116,8000
0.116,7999
0.116,7998
0.116,7997
0.116,7996
0.116,7995
0.116,7994
0.116,7993
0.116,7992
0.116,7991
0.116,7990
0.116,7989
0.116,7988
0.116,7987
0.116,7986
0.116,7985
0.116,7984
0.116,7983
0.116,7982
0.116,7981
0.116,7980
0.116,7979
0.116,7978
0.116,7977
0.116,7976
0.116,7975
0.116,7974
0.116,7973
0.116,7972
0.116,7971
0.116,7970
0.116,7969
0.116,7968
0.116,7967
0.116,7966
0.116,7965
0.116,7964
0.116,7963
0.116,7962
0.116,7961
0.116,7960
0.116,7959
0.116,7958
0.116,7957
0.116,7956
0.116,7955
0.116,7954
0.116,7953
0.116,7952
0.116,7951
0.116,7950
0.116,7949
0.116,7948
0.116,7947
0.116,7946
0.116,7945
0.116,7944
0.116,7943
0.116,7942
0.116,7941
0.116,7940
0.117,7939
0.117,7938
0.117,7937
0.117,7936
0.117,7935
0.117,7934
0.117,7933
0.117,7932
0.117,7931
0.117,7930
0.117,7929
0.117,7928
0.117,7927
0.117,7926
0.117,7925
0.117,7924
0.117,7923
0.117,7922
0.117,7921
0.117,7920
0.117,7919
0.117,7918
0.117,7917
0.117,7916
0.117,7915
0.117,7914
0.117,7913
0.117,7912
0.117,7911
0.117,7910
0.117,7909
0.117,7908
0.117,7907
0.117,7906
0.117,7905
0.117,7904
0.117,7903
0.117,7902
0.117,7901
0.117,7900
0.117,7899
0.117,7898
0.117,7897
0.117,7896
0.117,7895
0.117,7894
0.117,7893
0.117,7892
0.117,7891
0.117,7890
0.117,7889
0.117,7888
0.117,7887
0.117,7886
0.117,7885
0.117,7884
0.117,7883
0.117,7882
0.117,7881
0.117,7880
0.117,7879
0.117,7878
0.117,7877
0.117,7876
0.117,7875
0.117,7874
0.117,7873
0.117,7872
0.117,7871
0.117,7870
0.117,7869
0.117,7868
0.117,7867
0.118,7866
0.118,7865
0.118,7864
0.118,7863
0.118,7862
0.118,7861
0.118,7860
0.118,7859
0.118,7858
0.118,7857
0.118,7856
0.118,7855
0.118,7854
0.118,7853
0.118,7852
0.118,7851
0.118,7850
0.118,7849
0.118,7848
0.118,7847
0.118,7846
0.118,7845
0.118,7844
0.118,7843
0.118,7842
0.118,7841
0.118,7840
0.118,7839
0.118,7838
0.118,7837
0.118,7836
0.118,7835
0.118,7834
0.118,7833
0.118,7832
0.118,7831
0.118,7830
0.118,7829
0.118,7828
0.118,7827
0.118,7826
0.118,7825
0.118,7824
0.118,7823
0.118,7822
0.118,7821
0.118,7820
0.118,7819
0.118,7818
0.118,7817
0.118,7816
0.118,7815
0.118,7814
0.118,7813
0.118,7812
0.118,7811
0.118,7810
0.118,7809
0.118,7808
0.118,7807
0.118,7806
0.118,7805
0.118,7804
0.118,7803
0.118,7802
0.118,7801
0.118,7800
0.118,7799
0.118,7798
0.118,7797
0.118,7796
0.118,7795
0.118,7794
0.118,7793
0.118,7792
0.118,7791
0.118,7790
0.118,7789
0.118,7788
0.118,7787
0.118,7786
0.118,7785
0.118,7784
0.118,7783
0.118,7782
0.119,7781
0.119,7780
0.119,7779
0.119,7778
0.119,7777
0.119,7776
0.119,7775
0.119,7774
0.119,7773
0.119,7772
0.119,7771
0.119,7770
0.119,7769
0.119,7768
0.119,7767
0.119,7766
0.120,7765
0.120,7764
0.120,7763
0.120,7762
0.120,7761
0.120,7760
0.120,7759
0.120,7758
0.120,7757
0.120,7756
0.120,7755
0.120,7754
0.120,7753
0.120,7752
0.120,7751
0.120,7750
0.120,7749
0.120,7748
0.120,7747
0.120,7746
0.120,7745
0.120,7744
0.120,7743
0.120,7742
0.120,7741
0.120,7740
0.120,7739
0.120,7738
0.120,7737
0.120,7736
0.120,7735
0.120,7734
0.120,7733
0.120,7732
0.120,7731
0.120,7730
0.120,7729
0.120,7728
0.120,7727
0.120,7726
0.120,7725
0.121,7724
0.121,7723
0.121,7722
0.121,7721
0.121,7720
0.121,7719
0.121,7718
0.121,7717
0.121,7716
0.121,7715
0.121,7714
0.121,7713
0.121,7712
0.121,7711
0.121,7710
0.121,7709
0.121,7708
0.121,7707
0.121,7706
0.121,7705
0.121,7704
0.121,7703
0.121,7702
0.121,7701
0.121,7700
0.121,7699
0.121,7698
0.121,7697
0.121,7696
0.121,7695
0.121,7694
0.121,7693
0.121,7692
0.121,7691
0.121,7690
0.121,7689
0.121,7688
0.121,7687
0.121,7686
0.121,7685
0.121,7684
0.121,7683
0.121,7682
0.121,7681
0.121,7680
0.121,7679
0.121,7678
0.121,7677
0.121,7676
0.121,7675
0.121,7674
0.121,7673
0.121,7672
0.121,7671
0.121,7670
0.121,7669
0.121,7668
0.121,7667
0.121,7666
0.121,7665
0.121,7664
0.121,7663
0.121,7662
0.121,7661
0.121,7660
0.121,7659
0.121,7658
0.121,7657
0.121,7656
0.121,7655
0.121,7654
0.121,7653
0.121,7652
0.121,7651
0.121,7650
0.121,7649
0.121,7648
0.121,7647
0.121,7646
0.121,7645
0.121,7644
0.121,7643
0.121,7642
0.121,7641
0.121,7640
0.121,7639
0.121,7638
0.121,7637
0.121,7636
0.121,7635
0.121,7634
0.121,7633
0.121,7632
0.121,7631
0.121,7630
0.121,7629
0.121,7628
0.121,7627
0.121,7626
0.121,7625
0.121,7624
0.121,7623
0.121,7622
0.121,7621
0.121,7620
0.121,7619
0.121,7618
0.121,7617
0.121,7616
0.121,7615
0.121,7614
0.121,7613
0.121,7612
0.121,7611
0.121,7610
0.121,7609
0.121,7608
0.121,7607
0.121,7606
0.121,7605
0.121,7604
0.121,7603
0.121,7602
0.121,7601
0.121,7600
0.121,7599
0.121,7598
0.121,7597
0.121,7596
0.121,7595
0.121,7594
0.121,7593
0.121,7592
0.121,7591
0.121,7590
0.121,7589
0.121,7588
0.121,7587
0.121,7586
0.121,7585
0.121,7584
0.121,7583
0.121,7582
0.121,7581
0.121,7580
0.122,7579
0.122,7578
0.122,7577
0.122,7576
0.122,7575
0.122,7574
0.122,7573
0.122,7572
0.122,7571
0.122,7570
0.122,7569
0.122,7568
0.122,7567
0.122,7566
0.122,7565
0.122,7564
0.122,7563
0.122,7562
0.122,7561
0.122,7560
0.122,7559
0.122,7558
0.122,7557
0.122,7556
0.122,7555
0.122,7554
0.122,7553
0.122,7552
0.122,7551
0.122,7550
0.122,7549
0.122,7548
0.122,7547
0.122,7546
0.122,7545
0.122,7544
0.122,7543
0.122,7542
0.122,7541
0.122,7540
0.122,7539
0.122,7538
0.122,7537
0.122,7536
0.122,7535
0.122,7534
0.122,7533
0.122,7532
0.122,7531
0.122,7530
0.122,7529
0.122,7528
0.122,7527
0.122,7526
0.122,7525
0.122,7524
0.122,7523
0.122,7522
0.122,7521
0.122,7520
0.122,7519
0.122,7518
0.122,7517
0.122,7516
0.122,7515
0.122,7514
0.122,7513
0.122,7512
0.122,7511
0.122,7510
0.122,7509
0.122,7508
0.122,7507
0.122,7506
0.122,7505
0.122,7504
0.122,7503
0.122,7502
0.122,7501
0.122,7500
0.122,7499
0.122,7498
0.122,7497
0.122,7496
0.122,7495
0.122,7494
0.122,7493
0.122,7492
0.122,7491
0.122,7490
0.122,7489
0.122,7488
0.122,7487
0.122,7486
0.122,7485
0.122,7484
0.122,7483
0.122,7482
0.122,7481
0.122,7480
0.122,7479
0.122,7478
0.122,7477
0.122,7476
0.122,7475
0.122,7474
0.122,7473
0.122,7472
0.122,7471
0.122,7470
0.122,7469
0.123,7468
0.123,7467
0.123,7466
0.123,7465
0.123,7464
0.123,7463
0.123,7462
0.123,7461
0.123,7460
0.123,7459
0.123,7458
0.123,7457
0.123,7456
0.123,7455
0.123,7454
0.123,7453
0.123,7452
0.123,7451
0.123,7450
0.123,7449
0.123,7448
0.123,7447
0.123,7446
0.123,7445
0.123,7444
0.123,7443
0.123,7442
0.123,7441
0.123,7440
0.123,7439
0.123,7438
0.123,7437
0.123,7436
0.123,7435
0.123,7434
0.123,7433
0.123,7432
0.123,7431
0.123,7430
0.123,7429
0.123,7428
0.123,7427
0.123,7426
0.123,7425
0.123,7424
0.123,7423
0.123,7422
0.123,7421
0.123,7420
0.123,7419
0.123,7418
0.123,7417
0.123,7416
0.123,7415
0.124,7414
0.124,7413
0.124,7412
0.124,7411
0.124,7410
0.124,7409
0.124,7408
0.124,7407
0.124,7406
0.124,7405
0.124,7404
0.124,7403
0.124,7402
0.124,7401
0.124,7400
0.124,7399
0.124,7398
0.124,7397
0.124,7396
0.124,7395
0.124,7394
0.124,7393
0.124,7392
0.124,7391
0.124,7390
0.124,7389
0.124,7388
0.124,7387
0.124,7386
0.124,7385
0.124,7384
0.124,7383
0.124,7382
0.124,7381
0.124,7380
0.124,7379
0.124,7378
0.124,7377
0.124,7376
0.124,7375
0.124,7374
0.124,7373
0.124,7372
0.124,7371
0.124,7370
0.124,7369
0.124,7368
0.124,7367
0.124,7366
0.124,7365
0.124,7364
0.124,7363
0.124,7362
0.124,7361
0.124,7360
0.124,7359
0.124,7358
0.124,7357
0.124,7356
0.124,7355
0.124,7354
0.124,7353
0.124,7352
0.124,7351
0.124,7350
0.124,7349
0.124,7348
0.124,7347
0.124,7346
0.124,7345
0.124,7344
0.125,7343
0.125,7342
0.125,7341
0.125,7340
0.125,7339
0.125,7338
0.125,7337
0.125,7336
0.125,7335
0.125,7334
0.125,7333
0.125,7332
0.125,7331
0.125,7330
0.125,7329
0.125,7328
0.125,7327
0.125,7326
0.125,7325
0.125,7324
0.125,7323
0.125,7322
0.125,7321
0.125,7320
0.125,7319
0.125,7318
0.125,7317
0.125,7316
0.125,7315
0.125,7314
0.125,7313
0.125,7312
0.125,7311
0.125,7310
0.126,7309
0.127,7308
0.128,7307
0.128,7306
0.128,7305
0.128,7304
0.128,7303
0.128,7302
0.128,7301
0.128,7300
0.129,7299
0.129,7298
0.129,7297
0.129,7296
0.129,7295
0.129,7294
0.129,7293
0.129,7292
0.129,7291
0.129,7290
0.129,7289
0.129,7288
0.129,7287
0.129,7286
0.129,7285
0.129,7284
0.129,7283
0.129,7282
0.129,7281
0.129,7280
0.129,7279
0.129,7278
0.129,7277
0.129,7276
0.129,7275
0.129,7274
0.129,7273
0.129,7272
0.129,7271
0.129,7270
0.129,7269
0.129,7268
0.129,7267
0.129,7266
0.129,7265
0.129,7264
0.129,7263
0.129,7262
0.129,7261
0.129,7260
0.129,7259
0.129,7258
0.129,7257
0.129,7256
0.129,7255
0.129,7254
0.129,7253
0.129,7252
0.129,7251
0.129,7250
0.129,7249
0.129,7248
0.129,7247
0.129,7246
0.129,7245
0.129,7244
0.129,7243
0.129,7242
0.129,7241
0.129,7240
